#! /c/Source/iverilog-install/bin/vvp
:ivl_version "12.0 (devel)" "(s20150603-1539-g2693dd32b)";
:ivl_delay_selection "TYPICAL";
:vpi_time_precision + 0;
:vpi_module "C:\iverilog\lib\ivl\system.vpi";
:vpi_module "C:\iverilog\lib\ivl\vhdl_sys.vpi";
:vpi_module "C:\iverilog\lib\ivl\vhdl_textio.vpi";
:vpi_module "C:\iverilog\lib\ivl\v2005_math.vpi";
:vpi_module "C:\iverilog\lib\ivl\va_math.vpi";
S_000001f89aa62ad0 .scope module, "Data_memory" "Data_memory" 2 1;
 .timescale 0 0;
    .port_info 0 /INPUT 1 "Write_EN";
    .port_info 1 /INPUT 1 "Read_EN";
    .port_info 2 /INPUT 8 "WD";
    .port_info 3 /INPUT 8 "A";
    .port_info 4 /INPUT 1 "CLK";
    .port_info 5 /INPUT 1 "RST";
    .port_info 6 /OUTPUT 8 "RD";
o000001f89aa96fd8 .functor BUFZ 8, C4<zzzzzzzz>; HiZ drive
v000001f89aa63200_0 .net "A", 7 0, o000001f89aa96fd8;  0 drivers
o000001f89aa97008 .functor BUFZ 1, C4<z>; HiZ drive
v000001f89aa62c60_0 .net "CLK", 0 0, o000001f89aa97008;  0 drivers
v000001f89aa62d00 .array "MEM", 255 0, 7 0;
v000001f89aa62da0_0 .var "RD", 7 0;
o000001f89aa97068 .functor BUFZ 1, C4<z>; HiZ drive
v000001f89aa4bdb0_0 .net "RST", 0 0, o000001f89aa97068;  0 drivers
o000001f89aa97098 .functor BUFZ 1, C4<z>; HiZ drive
v000001f89aa4be50_0 .net "Read_EN", 0 0, o000001f89aa97098;  0 drivers
o000001f89aa970c8 .functor BUFZ 8, C4<zzzzzzzz>; HiZ drive
v000001f89aa4bef0_0 .net "WD", 7 0, o000001f89aa970c8;  0 drivers
o000001f89aa970f8 .functor BUFZ 1, C4<z>; HiZ drive
v000001f89aadbc40_0 .net "Write_EN", 0 0, o000001f89aa970f8;  0 drivers
v000001f89aadbce0_0 .var/i "i", 31 0;
E_000001f89aa4ce30/0 .event negedge, v000001f89aa4bdb0_0;
E_000001f89aa4ce30/1 .event posedge, v000001f89aa62c60_0;
E_000001f89aa4ce30 .event/or E_000001f89aa4ce30/0, E_000001f89aa4ce30/1;
    .scope S_000001f89aa62ad0;
T_0 ;
    %wait E_000001f89aa4ce30;
    %load/vec4 v000001f89aa4bdb0_0;
    %nor/r;
    %flag_set/vec4 8;
    %jmp/0xz  T_0.0, 8;
    %pushi/vec4 0, 0, 32;
    %store/vec4 v000001f89aadbce0_0, 0, 32;
T_0.2 ;
    %load/vec4 v000001f89aadbce0_0;
    %cmpi/s 255, 0, 32;
    %flag_or 5, 4;
    %jmp/0xz T_0.3, 5;
    %pushi/vec4 0, 0, 8;
    %ix/getv/s 3, v000001f89aadbce0_0;
    %ix/load 4, 0, 0; Constant delay
    %assign/vec4/a/d v000001f89aa62d00, 0, 4;
    %load/vec4 v000001f89aadbce0_0;
    %addi 1, 0, 32;
    %store/vec4 v000001f89aadbce0_0, 0, 32;
    %jmp T_0.2;
T_0.3 ;
    %pushi/vec4 0, 0, 8;
    %assign/vec4 v000001f89aa62da0_0, 0;
    %jmp T_0.1;
T_0.0 ;
    %load/vec4 v000001f89aadbc40_0;
    %flag_set/vec4 8;
    %jmp/0xz  T_0.4, 8;
    %load/vec4 v000001f89aa4bef0_0;
    %load/vec4 v000001f89aa63200_0;
    %pad/u 10;
    %ix/vec4 3;
    %ix/load 4, 0, 0; Constant delay
    %assign/vec4/a/d v000001f89aa62d00, 0, 4;
T_0.4 ;
    %load/vec4 v000001f89aa4be50_0;
    %flag_set/vec4 8;
    %jmp/0xz  T_0.6, 8;
    %load/vec4 v000001f89aa63200_0;
    %pad/u 10;
    %ix/vec4 4;
    %load/vec4a v000001f89aa62d00, 4;
    %assign/vec4 v000001f89aa62da0_0, 0;
T_0.6 ;
T_0.1 ;
    %jmp T_0;
    .thread T_0;
# The file index is used to find the file name in the following table.
:file_names 3;
    "N/A";
    "<interactive>";
    "Data_memory.v";
