#! /c/Source/iverilog-install/bin/vvp
:ivl_version "12.0 (devel)" "(s20150603-1539-g2693dd32b)";
:ivl_delay_selection "TYPICAL";
:vpi_time_precision + 0;
:vpi_module "C:\iverilog\lib\ivl\system.vpi";
:vpi_module "C:\iverilog\lib\ivl\vhdl_sys.vpi";
:vpi_module "C:\iverilog\lib\ivl\vhdl_textio.vpi";
:vpi_module "C:\iverilog\lib\ivl\v2005_math.vpi";
:vpi_module "C:\iverilog\lib\ivl\va_math.vpi";
S_000002cd8cae9ff0 .scope module, "Instruction_memory" "Instruction_memory" 2 1;
 .timescale 0 0;
    .port_info 0 /INPUT 8 "A";
    .port_info 1 /INPUT 1 "CLK";
    .port_info 2 /INPUT 1 "RST";
    .port_info 3 /OUTPUT 8 "RD";
    .port_info 4 /OUTPUT 8 "M0";
    .port_info 5 /OUTPUT 8 "M1";
L_000002cd8cb02dc0 .functor BUFZ 8, L_000002cd8cb34a30, C4<00000000>, C4<00000000>, C4<00000000>;
v000002cd8caea490_0 .array/port v000002cd8caea490, 0;
L_000002cd8cb34b70 .functor BUFZ 8, v000002cd8caea490_0, C4<00000000>, C4<00000000>, C4<00000000>;
v000002cd8caea490_1 .array/port v000002cd8caea490, 1;
L_000002cd8cb34be0 .functor BUFZ 8, v000002cd8caea490_1, C4<00000000>, C4<00000000>, C4<00000000>;
o000002cd8cb36fd8 .functor BUFZ 8, C4<zzzzzzzz>; HiZ drive
v000002cd8cb03350_0 .net "A", 7 0, o000002cd8cb36fd8;  0 drivers
o000002cd8cb37008 .functor BUFZ 1, C4<z>; HiZ drive
v000002cd8caea180_0 .net "CLK", 0 0, o000002cd8cb37008;  0 drivers
v000002cd8caea350_0 .net "M0", 7 0, L_000002cd8cb34b70;  1 drivers
v000002cd8caea3f0_0 .net "M1", 7 0, L_000002cd8cb34be0;  1 drivers
v000002cd8caea490 .array "MEM", 255 0, 7 0;
v000002cd8caebd30_0 .net "RD", 7 0, L_000002cd8cb02dc0;  1 drivers
o000002cd8cb3a0c8 .functor BUFZ 1, C4<z>; HiZ drive
v000002cd8caebdd0_0 .net "RST", 0 0, o000002cd8cb3a0c8;  0 drivers
v000002cd8caebe70_0 .net *"_ivl_0", 7 0, L_000002cd8cb34a30;  1 drivers
v000002cd8caebf10_0 .net *"_ivl_2", 9 0, L_000002cd8cb34ad0;  1 drivers
L_000002cd8cb7e068 .functor BUFT 1, C4<00>, C4<0>, C4<0>, C4<0>;
v000002cd8cb348f0_0 .net *"_ivl_5", 1 0, L_000002cd8cb7e068;  1 drivers
v000002cd8cb34990_0 .var/i "i", 31 0;
E_000002cd8caecb70/0 .event negedge, v000002cd8caebdd0_0;
E_000002cd8caecb70/1 .event posedge, v000002cd8caea180_0;
E_000002cd8caecb70 .event/or E_000002cd8caecb70/0, E_000002cd8caecb70/1;
L_000002cd8cb34a30 .array/port v000002cd8caea490, L_000002cd8cb34ad0;
L_000002cd8cb34ad0 .concat [ 8 2 0 0], o000002cd8cb36fd8, L_000002cd8cb7e068;
    .scope S_000002cd8cae9ff0;
T_0 ;
    %wait E_000002cd8caecb70;
    %load/vec4 v000002cd8caebdd0_0;
    %nor/r;
    %flag_set/vec4 8;
    %jmp/0xz  T_0.0, 8;
    %pushi/vec4 0, 0, 32;
    %store/vec4 v000002cd8cb34990_0, 0, 32;
T_0.2 ;
    %load/vec4 v000002cd8cb34990_0;
    %cmpi/s 255, 0, 32;
    %flag_or 5, 4;
    %jmp/0xz T_0.3, 5;
    %pushi/vec4 0, 0, 8;
    %ix/getv/s 3, v000002cd8cb34990_0;
    %ix/load 4, 0, 0; Constant delay
    %assign/vec4/a/d v000002cd8caea490, 0, 4;
    %load/vec4 v000002cd8cb34990_0;
    %addi 1, 0, 32;
    %store/vec4 v000002cd8cb34990_0, 0, 32;
    %jmp T_0.2;
T_0.3 ;
T_0.0 ;
    %jmp T_0;
    .thread T_0;
# The file index is used to find the file name in the following table.
:file_names 3;
    "N/A";
    "<interactive>";
    "Instruction_memory.v";
