#! /c/Source/iverilog-install/bin/vvp
:ivl_version "12.0 (devel)" "(s20150603-1539-g2693dd32b)";
:ivl_delay_selection "TYPICAL";
:vpi_time_precision + 0;
:vpi_module "C:\iverilog\lib\ivl\system.vpi";
:vpi_module "C:\iverilog\lib\ivl\vhdl_sys.vpi";
:vpi_module "C:\iverilog\lib\ivl\vhdl_textio.vpi";
:vpi_module "C:\iverilog\lib\ivl\v2005_math.vpi";
:vpi_module "C:\iverilog\lib\ivl\va_math.vpi";
S_00000196c4b7bc70 .scope module, "Memory" "Memory" 2 1;
 .timescale 0 0;
    .port_info 0 /INPUT 1 "Write_EN";
    .port_info 1 /INPUT 1 "Read_EN";
    .port_info 2 /INPUT 8 "Write_D";
    .port_info 3 /INPUT 8 "Address";
    .port_info 4 /INPUT 1 "CLK";
    .port_info 5 /INPUT 1 "RST";
    .port_info 6 /OUTPUT 8 "Read_D";
P_00000196c4b92f70 .param/l "Depth" 0 2 2, C4<00000000000000000000000100000000>;
P_00000196c4b92fa8 .param/l "Width" 0 2 2, C4<00000000000000000000000000001000>;
o00000196c4bc6f98 .functor BUFZ 8, C4<zzzzzzzz>; HiZ drive
v00000196c4b930a0_0 .net "Address", 7 0, o00000196c4bc6f98;  0 drivers
o00000196c4bc6fc8 .functor BUFZ 1, C4<z>; HiZ drive
v00000196c4b7be00_0 .net "CLK", 0 0, o00000196c4bc6fc8;  0 drivers
v00000196c4b7bea0 .array "MEM", 255 0, 7 0;
o00000196c4bc6ff8 .functor BUFZ 1, C4<z>; HiZ drive
v00000196c4b7bf40_0 .net "RST", 0 0, o00000196c4bc6ff8;  0 drivers
v00000196c4bc4c10_0 .net "Read_D", 7 0, L_00000196c4c0eda0;  1 drivers
o00000196c4bc7058 .functor BUFZ 1, C4<z>; HiZ drive
v00000196c4bc4cb0_0 .net "Read_EN", 0 0, o00000196c4bc7058;  0 drivers
o00000196c4bc7088 .functor BUFZ 8, C4<zzzzzzzz>; HiZ drive
v00000196c4bc4d50_0 .net "Write_D", 7 0, o00000196c4bc7088;  0 drivers
o00000196c4bc70b8 .functor BUFZ 1, C4<z>; HiZ drive
v00000196c4bc4df0_0 .net "Write_EN", 0 0, o00000196c4bc70b8;  0 drivers
v00000196c4bc4e90_0 .net *"_ivl_0", 7 0, L_00000196c4c0ec60;  1 drivers
v00000196c4c0e030_0 .net *"_ivl_2", 9 0, L_00000196c4c0ebc0;  1 drivers
L_00000196c4c0f188 .functor BUFT 1, C4<00>, C4<0>, C4<0>, C4<0>;
v00000196c4c0e0d0_0 .net *"_ivl_5", 1 0, L_00000196c4c0f188;  1 drivers
L_00000196c4c0f1d0 .functor BUFT 1, C4<00000000>, C4<0>, C4<0>, C4<0>;
v00000196c4c0f0c0_0 .net/2u *"_ivl_6", 7 0, L_00000196c4c0f1d0;  1 drivers
v00000196c4c0e6c0_0 .var/i "i", 31 0;
E_00000196c4b7adf0/0 .event negedge, v00000196c4b7bf40_0;
E_00000196c4b7adf0/1 .event posedge, v00000196c4b7be00_0;
E_00000196c4b7adf0 .event/or E_00000196c4b7adf0/0, E_00000196c4b7adf0/1;
L_00000196c4c0ec60 .array/port v00000196c4b7bea0, L_00000196c4c0ebc0;
L_00000196c4c0ebc0 .concat [ 8 2 0 0], o00000196c4bc6f98, L_00000196c4c0f188;
L_00000196c4c0eda0 .functor MUXZ 8, L_00000196c4c0f1d0, L_00000196c4c0ec60, o00000196c4bc7058, C4<>;
    .scope S_00000196c4b7bc70;
T_0 ;
    %wait E_00000196c4b7adf0;
    %load/vec4 v00000196c4b7bf40_0;
    %nor/r;
    %flag_set/vec4 8;
    %jmp/0xz  T_0.0, 8;
    %pushi/vec4 0, 0, 32;
    %store/vec4 v00000196c4c0e6c0_0, 0, 32;
T_0.2 ;
    %load/vec4 v00000196c4c0e6c0_0;
    %cmpi/u 255, 0, 32;
    %flag_or 5, 4;
    %jmp/0xz T_0.3, 5;
    %pushi/vec4 0, 0, 8;
    %ix/getv/s 3, v00000196c4c0e6c0_0;
    %ix/load 4, 0, 0; Constant delay
    %assign/vec4/a/d v00000196c4b7bea0, 0, 4;
    %load/vec4 v00000196c4c0e6c0_0;
    %addi 1, 0, 32;
    %store/vec4 v00000196c4c0e6c0_0, 0, 32;
    %jmp T_0.2;
T_0.3 ;
    %jmp T_0.1;
T_0.0 ;
    %load/vec4 v00000196c4bc4df0_0;
    %flag_set/vec4 8;
    %jmp/0xz  T_0.4, 8;
    %load/vec4 v00000196c4bc4d50_0;
    %load/vec4 v00000196c4b930a0_0;
    %pad/u 10;
    %ix/vec4 3;
    %ix/load 4, 0, 0; Constant delay
    %assign/vec4/a/d v00000196c4b7bea0, 0, 4;
T_0.4 ;
T_0.1 ;
    %jmp T_0;
    .thread T_0;
# The file index is used to find the file name in the following table.
:file_names 3;
    "N/A";
    "<interactive>";
    "Memory.v";
