#! /c/Source/iverilog-install/bin/vvp
:ivl_version "12.0 (devel)" "(s20150603-1539-g2693dd32b)";
:ivl_delay_selection "TYPICAL";
:vpi_time_precision + 0;
:vpi_module "C:\iverilog\lib\ivl\system.vpi";
:vpi_module "C:\iverilog\lib\ivl\vhdl_sys.vpi";
:vpi_module "C:\iverilog\lib\ivl\vhdl_textio.vpi";
:vpi_module "C:\iverilog\lib\ivl\v2005_math.vpi";
:vpi_module "C:\iverilog\lib\ivl\va_math.vpi";
S_00000274d3f52c40 .scope module, "data_sampling" "data_sampling" 2 1;
 .timescale 0 0;
    .port_info 0 /INPUT 1 "CLK";
    .port_info 1 /INPUT 1 "RST";
    .port_info 2 /INPUT 1 "data_sample_enable";
    .port_info 3 /INPUT 1 "RX_IN";
    .port_info 4 /INPUT 6 "prescale";
    .port_info 5 /INPUT 6 "edge_cnt";
    .port_info 6 /OUTPUT 1 "sampled_bit";
o00000274d3f86fd8 .functor BUFZ 1, C4<z>; HiZ drive
v00000274d3f53190_0 .net "CLK", 0 0, o00000274d3f86fd8;  0 drivers
o00000274d3f87008 .functor BUFZ 1, C4<z>; HiZ drive
v00000274d3f52dd0_0 .net "RST", 0 0, o00000274d3f87008;  0 drivers
o00000274d3f87038 .functor BUFZ 1, C4<z>; HiZ drive
v00000274d3f52e70_0 .net "RX_IN", 0 0, o00000274d3f87038;  0 drivers
o00000274d3f87068 .functor BUFZ 1, C4<z>; HiZ drive
v00000274d3f52f10_0 .net "data_sample_enable", 0 0, o00000274d3f87068;  0 drivers
o00000274d3f87098 .functor BUFZ 6, C4<zzzzzz>; HiZ drive
v00000274d3f3bca0_0 .net "edge_cnt", 5 0, o00000274d3f87098;  0 drivers
o00000274d3f870c8 .functor BUFZ 6, C4<zzzzzz>; HiZ drive
v00000274d3f3bd40_0 .net "prescale", 5 0, o00000274d3f870c8;  0 drivers
v00000274d3f3bde0_0 .var "sample1", 0 0;
v00000274d3f3be80_0 .var "sample2", 0 0;
v00000274d3f3bf20_0 .var "sample3", 0 0;
v00000274d3f83250_0 .var "sampled_bit", 0 0;
E_00000274d3f3a7b0/0 .event negedge, v00000274d3f52dd0_0;
E_00000274d3f3a7b0/1 .event posedge, v00000274d3f53190_0;
E_00000274d3f3a7b0 .event/or E_00000274d3f3a7b0/0, E_00000274d3f3a7b0/1;
    .scope S_00000274d3f52c40;
T_0 ;
    %wait E_00000274d3f3a7b0;
    %load/vec4 v00000274d3f52dd0_0;
    %nor/r;
    %flag_set/vec4 8;
    %jmp/0xz  T_0.0, 8;
    %pushi/vec4 1, 0, 1;
    %assign/vec4 v00000274d3f3bde0_0, 0;
    %pushi/vec4 1, 0, 1;
    %assign/vec4 v00000274d3f3be80_0, 0;
    %pushi/vec4 1, 0, 1;
    %assign/vec4 v00000274d3f3bf20_0, 0;
    %pushi/vec4 1, 0, 1;
    %assign/vec4 v00000274d3f83250_0, 0;
    %jmp T_0.1;
T_0.0 ;
    %load/vec4 v00000274d3f52f10_0;
    %flag_set/vec4 8;
    %jmp/0xz  T_0.2, 8;
    %load/vec4 v00000274d3f3bca0_0;
    %pad/u 32;
    %load/vec4 v00000274d3f3bd40_0;
    %pad/u 32;
    %ix/load 4, 1, 0;
    %flag_set/imm 4, 0;
    %shiftr 4;
    %subi 1, 0, 32;
    %cmp/e;
    %jmp/0xz  T_0.4, 4;
    %load/vec4 v00000274d3f52e70_0;
    %assign/vec4 v00000274d3f3bde0_0, 0;
T_0.4 ;
    %load/vec4 v00000274d3f3bca0_0;
    %load/vec4 v00000274d3f3bd40_0;
    %ix/load 4, 1, 0;
    %flag_set/imm 4, 0;
    %shiftr 4;
    %cmp/e;
    %jmp/0xz  T_0.6, 4;
    %load/vec4 v00000274d3f52e70_0;
    %assign/vec4 v00000274d3f3be80_0, 0;
T_0.6 ;
    %load/vec4 v00000274d3f3bca0_0;
    %pad/u 32;
    %load/vec4 v00000274d3f3bd40_0;
    %pad/u 32;
    %ix/load 4, 1, 0;
    %flag_set/imm 4, 0;
    %shiftr 4;
    %addi 1, 0, 32;
    %cmp/e;
    %jmp/0xz  T_0.8, 4;
    %load/vec4 v00000274d3f52e70_0;
    %assign/vec4 v00000274d3f3bf20_0, 0;
    %load/vec4 v00000274d3f3bde0_0;
    %flag_set/vec4 9;
    %flag_get/vec4 9;
    %jmp/0 T_0.12, 9;
    %load/vec4 v00000274d3f3be80_0;
    %and;
T_0.12;
    %flag_set/vec4 8;
    %jmp/1 T_0.11, 8;
    %load/vec4 v00000274d3f3be80_0;
    %flag_set/vec4 10;
    %flag_get/vec4 10;
    %jmp/0 T_0.13, 10;
    %load/vec4 v00000274d3f3bf20_0;
    %and;
T_0.13;
    %flag_set/vec4 9;
    %flag_or 8, 9;
T_0.11;
    %flag_get/vec4 8;
    %jmp/1 T_0.10, 8;
    %load/vec4 v00000274d3f3bde0_0;
    %flag_set/vec4 8;
    %flag_get/vec4 8;
    %jmp/0 T_0.14, 8;
    %load/vec4 v00000274d3f3bf20_0;
    %and;
T_0.14;
    %or;
T_0.10;
    %assign/vec4 v00000274d3f83250_0, 0;
T_0.8 ;
T_0.2 ;
T_0.1 ;
    %jmp T_0;
    .thread T_0;
# The file index is used to find the file name in the following table.
:file_names 3;
    "N/A";
    "<interactive>";
    "data_sampling.v";
