#! /c/Source/iverilog-install/bin/vvp
:ivl_version "12.0 (devel)" "(s20150603-1539-g2693dd32b)";
:ivl_delay_selection "TYPICAL";
:vpi_time_precision + 0;
:vpi_module "C:\iverilog\lib\ivl\system.vpi";
:vpi_module "C:\iverilog\lib\ivl\vhdl_sys.vpi";
:vpi_module "C:\iverilog\lib\ivl\vhdl_textio.vpi";
:vpi_module "C:\iverilog\lib\ivl\v2005_math.vpi";
:vpi_module "C:\iverilog\lib\ivl\va_math.vpi";
S_000001af503f2c40 .scope module, "deserializer" "deserializer" 2 1;
 .timescale 0 0;
    .port_info 0 /INPUT 1 "CLK";
    .port_info 1 /INPUT 1 "RST";
    .port_info 2 /INPUT 1 "sampled_bit";
    .port_info 3 /INPUT 1 "deserializer_enable";
    .port_info 4 /INPUT 4 "bit_cnt";
    .port_info 5 /OUTPUT 8 "P_DATA";
o000001af50426fd8 .functor BUFZ 1, C4<z>; HiZ drive
v000001af503f3190_0 .net "CLK", 0 0, o000001af50426fd8;  0 drivers
v000001af503f2dd0_0 .var "P_DATA", 7 0;
o000001af50427038 .functor BUFZ 1, C4<z>; HiZ drive
v000001af503f2e70_0 .net "RST", 0 0, o000001af50427038;  0 drivers
o000001af50427068 .functor BUFZ 4, C4<zzzz>; HiZ drive
v000001af503f2f10_0 .net "bit_cnt", 3 0, o000001af50427068;  0 drivers
o000001af50427098 .functor BUFZ 1, C4<z>; HiZ drive
v000001af503dbcf0_0 .net "deserializer_enable", 0 0, o000001af50427098;  0 drivers
o000001af504270c8 .functor BUFZ 1, C4<z>; HiZ drive
v000001af503dbd90_0 .net "sampled_bit", 0 0, o000001af504270c8;  0 drivers
E_000001af503dcd30/0 .event negedge, v000001af503f2e70_0;
E_000001af503dcd30/1 .event posedge, v000001af503f3190_0;
E_000001af503dcd30 .event/or E_000001af503dcd30/0, E_000001af503dcd30/1;
    .scope S_000001af503f2c40;
T_0 ;
    %wait E_000001af503dcd30;
    %load/vec4 v000001af503f2e70_0;
    %nor/r;
    %flag_set/vec4 8;
    %jmp/0xz  T_0.0, 8;
    %pushi/vec4 0, 0, 8;
    %assign/vec4 v000001af503f2dd0_0, 0;
    %jmp T_0.1;
T_0.0 ;
    %load/vec4 v000001af503dbcf0_0;
    %flag_set/vec4 9;
    %flag_get/vec4 9;
    %jmp/0 T_0.4, 9;
    %load/vec4 v000001af503f2f10_0;
    %cmpi/u 8, 0, 4;
    %flag_get/vec4 4;
    %flag_get/vec4 5;
    %or;
    %and;
T_0.4;
    %flag_set/vec4 8;
    %jmp/0xz  T_0.2, 8;
    %load/vec4 v000001af503dbd90_0;
    %ix/load 5, 0, 0;
    %load/vec4 v000001af503f2f10_0;
    %pad/u 32;
    %subi 1, 0, 32;
    %ix/vec4 4;
    %assign/vec4/off/d v000001af503f2dd0_0, 4, 5;
T_0.2 ;
T_0.1 ;
    %jmp T_0;
    .thread T_0;
# The file index is used to find the file name in the following table.
:file_names 3;
    "N/A";
    "<interactive>";
    "deserializer.v";
