#! /c/Source/iverilog-install/bin/vvp
:ivl_version "12.0 (devel)" "(s20150603-1539-g2693dd32b)";
:ivl_delay_selection "TYPICAL";
:vpi_time_precision - 12;
:vpi_module "C:\iverilog\lib\ivl\system.vpi";
:vpi_module "C:\iverilog\lib\ivl\vhdl_sys.vpi";
:vpi_module "C:\iverilog\lib\ivl\vhdl_textio.vpi";
:vpi_module "C:\iverilog\lib\ivl\v2005_math.vpi";
:vpi_module "C:\iverilog\lib\ivl\va_math.vpi";
S_0000025c7c8aab60 .scope module, "tb_deserializer" "tb_deserializer" 2 4;
 .timescale -9 -12;
v0000025c7c8b4220_0 .var "CLK", 0 0;
v0000025c7c8b42c0_0 .net "P_DATA", 7 0, v0000025c7c8b3f00_0;  1 drivers
v0000025c7c8b4360_0 .var "RST", 0 0;
v0000025c7c90fff0_0 .var "bit_cnt", 3 0;
v0000025c7c910630_0 .var "deserializer_enable", 0 0;
v0000025c7c90fd70_0 .var "sampled_bit", 0 0;
v0000025c7c90fb90_0 .var "send_byte", 7 0;
S_0000025c7c8a8510 .scope function.vec4.s8, "reverse_bits" "reverse_bits" 2 31, 2 31 0, S_0000025c7c8aab60;
 .timescale -9 -12;
v0000025c7c8831d0_0 .var "data_in", 7 0;
v0000025c7c8beb30_0 .var/i "i", 31 0;
; Variable reverse_bits is vec4 return value of scope S_0000025c7c8a8510
TD_tb_deserializer.reverse_bits ;
    %pushi/vec4 0, 0, 32;
    %store/vec4 v0000025c7c8beb30_0, 0, 32;
T_0.0 ;
    %load/vec4 v0000025c7c8beb30_0;
    %cmpi/s 8, 0, 32;
    %jmp/0xz T_0.1, 5;
    %load/vec4 v0000025c7c8831d0_0;
    %pushi/vec4 7, 0, 32;
    %load/vec4 v0000025c7c8beb30_0;
    %sub;
    %part/s 1;
    %ix/getv/s 4, v0000025c7c8beb30_0;
    %ret/vec4 0, 4, 1; Assign to reverse_bits (store_vec4_to_lval)
    %load/vec4 v0000025c7c8beb30_0;
    %addi 1, 0, 32;
    %store/vec4 v0000025c7c8beb30_0, 0, 32;
    %jmp T_0.0;
T_0.1 ;
    %end;
S_0000025c7c882b70 .scope task, "send_bit" "send_bit" 2 40, 2 40 0, S_0000025c7c8aab60;
 .timescale -9 -12;
v0000025c7c8a86a0_0 .var "bit_number", 3 0;
v0000025c7c882d00_0 .var "bit_val", 0 0;
E_0000025c7c8aee30 .event posedge, v0000025c7c882f30_0;
TD_tb_deserializer.send_bit ;
    %load/vec4 v0000025c7c882d00_0;
    %store/vec4 v0000025c7c90fd70_0, 0, 1;
    %load/vec4 v0000025c7c8a86a0_0;
    %store/vec4 v0000025c7c90fff0_0, 0, 4;
    %pushi/vec4 1, 0, 1;
    %store/vec4 v0000025c7c910630_0, 0, 1;
    %wait E_0000025c7c8aee30;
    %pushi/vec4 0, 0, 1;
    %store/vec4 v0000025c7c910630_0, 0, 1;
    %wait E_0000025c7c8aee30;
    %vpi_call 2 48 "$display", "Time=%0t | bit_cnt=%0d | Sent Bit=%b | Current P_DATA=%b", $time, v0000025c7c8a86a0_0, v0000025c7c882d00_0, v0000025c7c8b42c0_0 {0 0 0};
    %end;
S_0000025c7c882da0 .scope module, "uut" "deserializer" 2 14, 3 1 0, S_0000025c7c8aab60;
 .timescale 0 0;
    .port_info 0 /INPUT 1 "CLK";
    .port_info 1 /INPUT 1 "RST";
    .port_info 2 /INPUT 1 "sampled_bit";
    .port_info 3 /INPUT 1 "deserializer_enable";
    .port_info 4 /INPUT 4 "bit_cnt";
    .port_info 5 /OUTPUT 8 "P_DATA";
v0000025c7c882f30_0 .net "CLK", 0 0, v0000025c7c8b4220_0;  1 drivers
v0000025c7c8b3f00_0 .var "P_DATA", 7 0;
v0000025c7c8b3fa0_0 .net "RST", 0 0, v0000025c7c8b4360_0;  1 drivers
v0000025c7c8b4040_0 .net "bit_cnt", 3 0, v0000025c7c90fff0_0;  1 drivers
v0000025c7c8b40e0_0 .net "deserializer_enable", 0 0, v0000025c7c910630_0;  1 drivers
v0000025c7c8b4180_0 .net "sampled_bit", 0 0, v0000025c7c90fd70_0;  1 drivers
E_0000025c7c8aeeb0/0 .event negedge, v0000025c7c8b3fa0_0;
E_0000025c7c8aeeb0/1 .event posedge, v0000025c7c882f30_0;
E_0000025c7c8aeeb0 .event/or E_0000025c7c8aeeb0/0, E_0000025c7c8aeeb0/1;
    .scope S_0000025c7c882da0;
T_2 ;
    %wait E_0000025c7c8aeeb0;
    %load/vec4 v0000025c7c8b3fa0_0;
    %nor/r;
    %flag_set/vec4 8;
    %jmp/0xz  T_2.0, 8;
    %pushi/vec4 0, 0, 8;
    %assign/vec4 v0000025c7c8b3f00_0, 0;
    %jmp T_2.1;
T_2.0 ;
    %load/vec4 v0000025c7c8b40e0_0;
    %flag_set/vec4 9;
    %flag_get/vec4 9;
    %jmp/0 T_2.4, 9;
    %load/vec4 v0000025c7c8b4040_0;
    %cmpi/u 8, 0, 4;
    %flag_get/vec4 4;
    %flag_get/vec4 5;
    %or;
    %and;
T_2.4;
    %flag_set/vec4 8;
    %jmp/0xz  T_2.2, 8;
    %load/vec4 v0000025c7c8b4180_0;
    %ix/load 5, 0, 0;
    %load/vec4 v0000025c7c8b4040_0;
    %pad/u 32;
    %subi 1, 0, 32;
    %ix/vec4 4;
    %assign/vec4/off/d v0000025c7c8b3f00_0, 4, 5;
T_2.2 ;
T_2.1 ;
    %jmp T_2;
    .thread T_2;
    .scope S_0000025c7c8aab60;
T_3 ;
    %pushi/vec4 0, 0, 1;
    %store/vec4 v0000025c7c8b4220_0, 0, 1;
    %end;
    .thread T_3;
    .scope S_0000025c7c8aab60;
T_4 ;
    %delay 10000, 0;
    %load/vec4 v0000025c7c8b4220_0;
    %inv;
    %store/vec4 v0000025c7c8b4220_0, 0, 1;
    %jmp T_4;
    .thread T_4;
    .scope S_0000025c7c8aab60;
T_5 ;
    %pushi/vec4 0, 0, 1;
    %store/vec4 v0000025c7c90fd70_0, 0, 1;
    %pushi/vec4 0, 0, 1;
    %store/vec4 v0000025c7c910630_0, 0, 1;
    %pushi/vec4 0, 0, 4;
    %store/vec4 v0000025c7c90fff0_0, 0, 4;
    %pushi/vec4 0, 0, 1;
    %store/vec4 v0000025c7c8b4360_0, 0, 1;
    %pushi/vec4 2, 0, 32;
T_5.0 %dup/vec4;
    %pushi/vec4 0, 0, 32;
    %cmp/s;
    %jmp/1xz T_5.1, 5;
    %jmp/1 T_5.1, 4;
    %pushi/vec4 1, 0, 32;
    %sub;
    %wait E_0000025c7c8aee30;
    %jmp T_5.0;
T_5.1 ;
    %pop/vec4 1;
    %pushi/vec4 1, 0, 1;
    %store/vec4 v0000025c7c8b4360_0, 0, 1;
    %pushi/vec4 151, 0, 8;
    %store/vec4 v0000025c7c90fb90_0, 0, 8;
    %vpi_call 2 68 "$display", "=== Starting Deserializer Test ===" {0 0 0};
    %vpi_call 2 69 "$display", "Byte to send (parallel)   = %b", v0000025c7c90fb90_0 {0 0 0};
    %vpi_call 2 70 "$display", "Bits will be sent LSB\342\206\222MSB = %b %b %b %b %b %b %b %b", &PV<v0000025c7c90fb90_0, 0, 1>, &PV<v0000025c7c90fb90_0, 1, 1>, &PV<v0000025c7c90fb90_0, 2, 1>, &PV<v0000025c7c90fb90_0, 3, 1>, &PV<v0000025c7c90fb90_0, 4, 1>, &PV<v0000025c7c90fb90_0, 5, 1>, &PV<v0000025c7c90fb90_0, 6, 1>, &PV<v0000025c7c90fb90_0, 7, 1> {0 0 0};
    %load/vec4 v0000025c7c90fb90_0;
    %parti/s 1, 0, 2;
    %store/vec4 v0000025c7c882d00_0, 0, 1;
    %pushi/vec4 1, 0, 4;
    %store/vec4 v0000025c7c8a86a0_0, 0, 4;
    %fork TD_tb_deserializer.send_bit, S_0000025c7c882b70;
    %join;
    %load/vec4 v0000025c7c90fb90_0;
    %parti/s 1, 1, 2;
    %store/vec4 v0000025c7c882d00_0, 0, 1;
    %pushi/vec4 2, 0, 4;
    %store/vec4 v0000025c7c8a86a0_0, 0, 4;
    %fork TD_tb_deserializer.send_bit, S_0000025c7c882b70;
    %join;
    %load/vec4 v0000025c7c90fb90_0;
    %parti/s 1, 2, 3;
    %store/vec4 v0000025c7c882d00_0, 0, 1;
    %pushi/vec4 3, 0, 4;
    %store/vec4 v0000025c7c8a86a0_0, 0, 4;
    %fork TD_tb_deserializer.send_bit, S_0000025c7c882b70;
    %join;
    %load/vec4 v0000025c7c90fb90_0;
    %parti/s 1, 3, 3;
    %store/vec4 v0000025c7c882d00_0, 0, 1;
    %pushi/vec4 4, 0, 4;
    %store/vec4 v0000025c7c8a86a0_0, 0, 4;
    %fork TD_tb_deserializer.send_bit, S_0000025c7c882b70;
    %join;
    %load/vec4 v0000025c7c90fb90_0;
    %parti/s 1, 4, 4;
    %store/vec4 v0000025c7c882d00_0, 0, 1;
    %pushi/vec4 5, 0, 4;
    %store/vec4 v0000025c7c8a86a0_0, 0, 4;
    %fork TD_tb_deserializer.send_bit, S_0000025c7c882b70;
    %join;
    %load/vec4 v0000025c7c90fb90_0;
    %parti/s 1, 5, 4;
    %store/vec4 v0000025c7c882d00_0, 0, 1;
    %pushi/vec4 6, 0, 4;
    %store/vec4 v0000025c7c8a86a0_0, 0, 4;
    %fork TD_tb_deserializer.send_bit, S_0000025c7c882b70;
    %join;
    %load/vec4 v0000025c7c90fb90_0;
    %parti/s 1, 6, 4;
    %store/vec4 v0000025c7c882d00_0, 0, 1;
    %pushi/vec4 7, 0, 4;
    %store/vec4 v0000025c7c8a86a0_0, 0, 4;
    %fork TD_tb_deserializer.send_bit, S_0000025c7c882b70;
    %join;
    %load/vec4 v0000025c7c90fb90_0;
    %parti/s 1, 7, 4;
    %store/vec4 v0000025c7c882d00_0, 0, 1;
    %pushi/vec4 8, 0, 4;
    %store/vec4 v0000025c7c8a86a0_0, 0, 4;
    %fork TD_tb_deserializer.send_bit, S_0000025c7c882b70;
    %join;
    %vpi_call 2 85 "$display", "Final Parallel Data (MSB\342\206\222LSB) = %b", v0000025c7c8b42c0_0 {0 0 0};
    %load/vec4 v0000025c7c8b42c0_0;
    %store/vec4 v0000025c7c8831d0_0, 0, 8;
    %callf/vec4 TD_tb_deserializer.reverse_bits, S_0000025c7c8a8510;
    %vpi_call 2 86 "$display", "Output as sent  (LSB\342\206\222MSB)     = %b", S<0,vec4,u8> {1 0 0};
    %vpi_call 2 87 "$display", "Expected Output (LSB\342\206\222MSB)     = %b", v0000025c7c90fb90_0 {0 0 0};
    %vpi_call 2 89 "$display", "=== Test Finished ===" {0 0 0};
    %vpi_call 2 90 "$finish" {0 0 0};
    %end;
    .thread T_5;
# The file index is used to find the file name in the following table.
:file_names 4;
    "N/A";
    "<interactive>";
    "deserializer_tb.v";
    "./deserializer.v";
