#! /c/Source/iverilog-install/bin/vvp
:ivl_version "12.0 (devel)" "(s20150603-1539-g2693dd32b)";
:ivl_delay_selection "TYPICAL";
:vpi_time_precision + 0;
:vpi_module "C:\iverilog\lib\ivl\system.vpi";
:vpi_module "C:\iverilog\lib\ivl\vhdl_sys.vpi";
:vpi_module "C:\iverilog\lib\ivl\vhdl_textio.vpi";
:vpi_module "C:\iverilog\lib\ivl\v2005_math.vpi";
:vpi_module "C:\iverilog\lib\ivl\va_math.vpi";
S_0000026aecbd2b30 .scope module, "edge_bit_counter" "edge_bit_counter" 2 1;
 .timescale 0 0;
    .port_info 0 /INPUT 1 "CLK";
    .port_info 1 /INPUT 1 "RST";
    .port_info 2 /INPUT 1 "enable";
    .port_info 3 /INPUT 6 "prescale";
    .port_info 4 /OUTPUT 4 "bit_cnt";
    .port_info 5 /OUTPUT 6 "edge_cnt";
o0000026aecc06fb8 .functor BUFZ 1, C4<z>; HiZ drive
v0000026aecbd3190_0 .net "CLK", 0 0, o0000026aecc06fb8;  0 drivers
o0000026aecc06fe8 .functor BUFZ 1, C4<z>; HiZ drive
v0000026aecbbbeb0_0 .net "RST", 0 0, o0000026aecc06fe8;  0 drivers
v0000026aecbd2cc0_0 .var "bit_cnt", 3 0;
v0000026aecbd2d60_0 .var "edge_cnt", 5 0;
o0000026aecc07078 .functor BUFZ 1, C4<z>; HiZ drive
v0000026aecbd2e00_0 .net "enable", 0 0, o0000026aecc07078;  0 drivers
o0000026aecc070a8 .functor BUFZ 6, C4<zzzzzz>; HiZ drive
v0000026aecbd2ea0_0 .net "prescale", 5 0, o0000026aecc070a8;  0 drivers
E_0000026aecbbc830/0 .event negedge, v0000026aecbbbeb0_0;
E_0000026aecbbc830/1 .event posedge, v0000026aecbd3190_0;
E_0000026aecbbc830 .event/or E_0000026aecbbc830/0, E_0000026aecbbc830/1;
    .scope S_0000026aecbd2b30;
T_0 ;
    %wait E_0000026aecbbc830;
    %load/vec4 v0000026aecbbbeb0_0;
    %nor/r;
    %flag_set/vec4 8;
    %jmp/0xz  T_0.0, 8;
    %pushi/vec4 0, 0, 6;
    %assign/vec4 v0000026aecbd2d60_0, 0;
    %jmp T_0.1;
T_0.0 ;
    %load/vec4 v0000026aecbd2e00_0;
    %flag_set/vec4 8;
    %jmp/0xz  T_0.2, 8;
    %load/vec4 v0000026aecbd2d60_0;
    %pad/u 32;
    %load/vec4 v0000026aecbd2ea0_0;
    %pad/u 32;
    %subi 1, 0, 32;
    %cmp/e;
    %jmp/0xz  T_0.4, 4;
    %pushi/vec4 0, 0, 6;
    %assign/vec4 v0000026aecbd2d60_0, 0;
    %jmp T_0.5;
T_0.4 ;
    %load/vec4 v0000026aecbd2d60_0;
    %addi 1, 0, 6;
    %assign/vec4 v0000026aecbd2d60_0, 0;
T_0.5 ;
T_0.2 ;
T_0.1 ;
    %jmp T_0;
    .thread T_0;
    .scope S_0000026aecbd2b30;
T_1 ;
    %wait E_0000026aecbbc830;
    %load/vec4 v0000026aecbbbeb0_0;
    %nor/r;
    %flag_set/vec4 8;
    %jmp/0xz  T_1.0, 8;
    %pushi/vec4 0, 0, 4;
    %assign/vec4 v0000026aecbd2cc0_0, 0;
    %jmp T_1.1;
T_1.0 ;
    %load/vec4 v0000026aecbd2e00_0;
    %flag_set/vec4 8;
    %jmp/0xz  T_1.2, 8;
    %load/vec4 v0000026aecbd2d60_0;
    %pad/u 32;
    %load/vec4 v0000026aecbd2ea0_0;
    %pad/u 32;
    %subi 1, 0, 32;
    %cmp/e;
    %jmp/0xz  T_1.4, 4;
    %load/vec4 v0000026aecbd2cc0_0;
    %addi 1, 0, 4;
    %assign/vec4 v0000026aecbd2cc0_0, 0;
T_1.4 ;
T_1.2 ;
T_1.1 ;
    %jmp T_1;
    .thread T_1;
# The file index is used to find the file name in the following table.
:file_names 3;
    "N/A";
    "<interactive>";
    "edge_bit_counter.v";
