#! /c/Source/iverilog-install/bin/vvp
:ivl_version "12.0 (devel)" "(s20150603-1539-g2693dd32b)";
:ivl_delay_selection "TYPICAL";
:vpi_time_precision + 0;
:vpi_module "C:\iverilog\lib\ivl\system.vpi";
:vpi_module "C:\iverilog\lib\ivl\vhdl_sys.vpi";
:vpi_module "C:\iverilog\lib\ivl\vhdl_textio.vpi";
:vpi_module "C:\iverilog\lib\ivl\v2005_math.vpi";
:vpi_module "C:\iverilog\lib\ivl\va_math.vpi";
S_000002a765382b30 .scope module, "FSM" "FSM" 2 1;
 .timescale 0 0;
    .port_info 0 /INPUT 1 "CLK";
    .port_info 1 /INPUT 1 "RST";
    .port_info 2 /INPUT 1 "RX_IN";
    .port_info 3 /INPUT 6 "edge_cnt";
    .port_info 4 /INPUT 4 "bit_cnt";
    .port_info 5 /INPUT 1 "stop_error";
    .port_info 6 /INPUT 1 "start_glitch";
    .port_info 7 /INPUT 1 "parity_error";
    .port_info 8 /INPUT 1 "PAR_EN";
    .port_info 9 /INPUT 1 "prescale";
    .port_info 10 /OUTPUT 1 "data_sample_enable";
    .port_info 11 /OUTPUT 1 "enable";
    .port_info 12 /OUTPUT 1 "deserializer_enable";
    .port_info 13 /OUTPUT 1 "data_valid";
    .port_info 14 /OUTPUT 1 "stop_checker_enable";
    .port_info 15 /OUTPUT 1 "start_checker_enable";
    .port_info 16 /OUTPUT 1 "parity_checker_enable";
    .port_info 17 /OUTPUT 1 "reset_counters";
P_000002a765382cc0 .param/l "Data_bits" 1 2 33, C4<0001000>;
P_000002a765382cf8 .param/l "Data_valid" 1 2 36, C4<1000000>;
P_000002a765382d30 .param/l "Idle" 1 2 30, C4<0000001>;
P_000002a765382d68 .param/l "Parity_bit_check" 1 2 35, C4<0100000>;
P_000002a765382da0 .param/l "Start_bit_check" 1 2 32, C4<0000100>;
P_000002a765382dd8 .param/l "Stop_bit_check" 1 2 34, C4<0010000>;
o000002a7653c5fd8 .functor BUFZ 1, C4<z>; HiZ drive
v000002a7652fec10_0 .net "CLK", 0 0, o000002a7653c5fd8;  0 drivers
v000002a7652fbee0_0 .var "Current_state", 6 0;
v000002a7653b4a50_0 .var "Next_state", 6 0;
o000002a7653c6068 .functor BUFZ 1, C4<z>; HiZ drive
v000002a7653b4af0_0 .net "PAR_EN", 0 0, o000002a7653c6068;  0 drivers
o000002a7653c6098 .functor BUFZ 1, C4<z>; HiZ drive
v000002a7653b4b90_0 .net "RST", 0 0, o000002a7653c6098;  0 drivers
o000002a7653c60c8 .functor BUFZ 1, C4<z>; HiZ drive
v000002a7653b4c30_0 .net "RX_IN", 0 0, o000002a7653c60c8;  0 drivers
o000002a7653c60f8 .functor BUFZ 4, C4<zzzz>; HiZ drive
v000002a76540cc50_0 .net "bit_cnt", 3 0, o000002a7653c60f8;  0 drivers
v000002a76540ccf0_0 .var "data_sample_enable", 0 0;
v000002a76540cd90_0 .var "data_valid", 0 0;
v000002a76540ce30_0 .var "deserializer_enable", 0 0;
o000002a7653c61b8 .functor BUFZ 6, C4<zzzzzz>; HiZ drive
v000002a76540ced0_0 .net "edge_cnt", 5 0, o000002a7653c61b8;  0 drivers
v000002a76540cf70_0 .var "enable", 0 0;
v000002a76540d7e0_0 .var "parity_checker_enable", 0 0;
o000002a7653c6248 .functor BUFZ 1, C4<z>; HiZ drive
v000002a76540d1a0_0 .net "parity_error", 0 0, o000002a7653c6248;  0 drivers
o000002a7653c6278 .functor BUFZ 1, C4<z>; HiZ drive
v000002a76540dce0_0 .net "prescale", 0 0, o000002a7653c6278;  0 drivers
v000002a76540df60_0 .var "reset_counters", 0 0;
v000002a76540d060_0 .var "start_checker_enable", 0 0;
o000002a7653c6308 .functor BUFZ 1, C4<z>; HiZ drive
v000002a76540d600_0 .net "start_glitch", 0 0, o000002a7653c6308;  0 drivers
v000002a76540d380_0 .var "stop_checker_enable", 0 0;
o000002a7653c6368 .functor BUFZ 1, C4<z>; HiZ drive
v000002a76540d240_0 .net "stop_error", 0 0, o000002a7653c6368;  0 drivers
E_000002a7652fb5e0 .event anyedge, v000002a7652fbee0_0;
E_000002a7652fafa0/0 .event anyedge, v000002a7652fbee0_0, v000002a7653b4c30_0, v000002a76540ced0_0, v000002a76540dce0_0;
E_000002a7652fafa0/1 .event anyedge, v000002a76540d600_0, v000002a76540cc50_0, v000002a7653b4af0_0, v000002a76540d240_0;
E_000002a7652fafa0/2 .event anyedge, v000002a76540d1a0_0;
E_000002a7652fafa0 .event/or E_000002a7652fafa0/0, E_000002a7652fafa0/1, E_000002a7652fafa0/2;
E_000002a7652fb860/0 .event negedge, v000002a7653b4b90_0;
E_000002a7652fb860/1 .event posedge, v000002a7652fec10_0;
E_000002a7652fb860 .event/or E_000002a7652fb860/0, E_000002a7652fb860/1;
    .scope S_000002a765382b30;
T_0 ;
    %wait E_000002a7652fb860;
    %load/vec4 v000002a7653b4b90_0;
    %nor/r;
    %flag_set/vec4 8;
    %jmp/0xz  T_0.0, 8;
    %pushi/vec4 1, 0, 7;
    %assign/vec4 v000002a7652fbee0_0, 0;
    %jmp T_0.1;
T_0.0 ;
    %load/vec4 v000002a7653b4a50_0;
    %assign/vec4 v000002a7652fbee0_0, 0;
T_0.1 ;
    %jmp T_0;
    .thread T_0;
    .scope S_000002a765382b30;
T_1 ;
    %wait E_000002a7652fafa0;
    %load/vec4 v000002a7652fbee0_0;
    %dup/vec4;
    %pushi/vec4 1, 0, 7;
    %cmp/u;
    %jmp/1 T_1.0, 6;
    %dup/vec4;
    %pushi/vec4 4, 0, 7;
    %cmp/u;
    %jmp/1 T_1.1, 6;
    %dup/vec4;
    %pushi/vec4 8, 0, 7;
    %cmp/u;
    %jmp/1 T_1.2, 6;
    %dup/vec4;
    %pushi/vec4 16, 0, 7;
    %cmp/u;
    %jmp/1 T_1.3, 6;
    %dup/vec4;
    %pushi/vec4 32, 0, 7;
    %cmp/u;
    %jmp/1 T_1.4, 6;
    %dup/vec4;
    %pushi/vec4 64, 0, 7;
    %cmp/u;
    %jmp/1 T_1.5, 6;
    %pushi/vec4 1, 0, 7;
    %store/vec4 v000002a7653b4a50_0, 0, 7;
    %jmp T_1.7;
T_1.0 ;
    %load/vec4 v000002a7653b4c30_0;
    %pad/u 32;
    %cmpi/e 0, 0, 32;
    %jmp/0xz  T_1.8, 4;
    %pushi/vec4 4, 0, 7;
    %store/vec4 v000002a7653b4a50_0, 0, 7;
    %jmp T_1.9;
T_1.8 ;
    %pushi/vec4 1, 0, 7;
    %store/vec4 v000002a7653b4a50_0, 0, 7;
T_1.9 ;
    %jmp T_1.7;
T_1.1 ;
    %load/vec4 v000002a76540ced0_0;
    %pad/u 32;
    %load/vec4 v000002a76540dce0_0;
    %pad/u 32;
    %subi 1, 0, 32;
    %cmp/e;
    %jmp/0xz  T_1.10, 4;
    %load/vec4 v000002a76540d600_0;
    %nor/r;
    %flag_set/vec4 8;
    %jmp/0xz  T_1.12, 8;
    %pushi/vec4 8, 0, 7;
    %store/vec4 v000002a7653b4a50_0, 0, 7;
    %jmp T_1.13;
T_1.12 ;
    %pushi/vec4 1, 0, 7;
    %store/vec4 v000002a7653b4a50_0, 0, 7;
T_1.13 ;
    %jmp T_1.11;
T_1.10 ;
    %pushi/vec4 4, 0, 7;
    %store/vec4 v000002a7653b4a50_0, 0, 7;
T_1.11 ;
    %jmp T_1.7;
T_1.2 ;
    %load/vec4 v000002a76540cc50_0;
    %pad/u 32;
    %cmpi/u 1, 0, 32;
    %flag_inv 5; GE is !LT
    %flag_get/vec4 5;
    %jmp/0 T_1.16, 5;
    %load/vec4 v000002a76540cc50_0;
    %pad/u 32;
    %cmpi/u 8, 0, 32;
    %flag_get/vec4 4;
    %flag_get/vec4 5;
    %or;
    %and;
T_1.16;
    %flag_set/vec4 8;
    %jmp/0xz  T_1.14, 8;
    %load/vec4 v000002a7653b4af0_0;
    %flag_set/vec4 8;
    %jmp/0xz  T_1.17, 8;
    %pushi/vec4 32, 0, 7;
    %store/vec4 v000002a7653b4a50_0, 0, 7;
    %jmp T_1.18;
T_1.17 ;
    %pushi/vec4 16, 0, 7;
    %store/vec4 v000002a7653b4a50_0, 0, 7;
T_1.18 ;
    %jmp T_1.15;
T_1.14 ;
    %pushi/vec4 8, 0, 7;
    %store/vec4 v000002a7653b4a50_0, 0, 7;
T_1.15 ;
    %jmp T_1.7;
T_1.3 ;
    %load/vec4 v000002a76540d240_0;
    %nor/r;
    %flag_set/vec4 8;
    %jmp/0xz  T_1.19, 8;
    %pushi/vec4 64, 0, 7;
    %store/vec4 v000002a7653b4a50_0, 0, 7;
    %jmp T_1.20;
T_1.19 ;
    %pushi/vec4 1, 0, 7;
    %store/vec4 v000002a7653b4a50_0, 0, 7;
T_1.20 ;
    %jmp T_1.7;
T_1.4 ;
    %load/vec4 v000002a76540cc50_0;
    %pad/u 32;
    %cmpi/e 9, 0, 32;
    %jmp/0xz  T_1.21, 4;
    %load/vec4 v000002a76540d1a0_0;
    %nor/r;
    %flag_set/vec4 8;
    %jmp/0xz  T_1.23, 8;
    %pushi/vec4 16, 0, 7;
    %store/vec4 v000002a7653b4a50_0, 0, 7;
    %jmp T_1.24;
T_1.23 ;
    %pushi/vec4 1, 0, 7;
    %store/vec4 v000002a7653b4a50_0, 0, 7;
T_1.24 ;
    %jmp T_1.22;
T_1.21 ;
    %pushi/vec4 1, 0, 7;
    %store/vec4 v000002a7653b4a50_0, 0, 7;
T_1.22 ;
    %jmp T_1.7;
T_1.5 ;
    %load/vec4 v000002a7653b4c30_0;
    %pad/u 32;
    %cmpi/e 0, 0, 32;
    %jmp/0xz  T_1.25, 4;
    %pushi/vec4 4, 0, 7;
    %store/vec4 v000002a7653b4a50_0, 0, 7;
    %jmp T_1.26;
T_1.25 ;
    %pushi/vec4 1, 0, 7;
    %store/vec4 v000002a7653b4a50_0, 0, 7;
T_1.26 ;
    %jmp T_1.7;
T_1.7 ;
    %pop/vec4 1;
    %jmp T_1;
    .thread T_1, $push;
    .scope S_000002a765382b30;
T_2 ;
    %wait E_000002a7652fb5e0;
    %pushi/vec4 0, 0, 1;
    %store/vec4 v000002a76540ccf0_0, 0, 1;
    %pushi/vec4 0, 0, 1;
    %store/vec4 v000002a76540cf70_0, 0, 1;
    %pushi/vec4 0, 0, 1;
    %store/vec4 v000002a76540ce30_0, 0, 1;
    %pushi/vec4 0, 0, 1;
    %store/vec4 v000002a76540cd90_0, 0, 1;
    %pushi/vec4 0, 0, 1;
    %store/vec4 v000002a76540d380_0, 0, 1;
    %pushi/vec4 0, 0, 1;
    %store/vec4 v000002a76540d060_0, 0, 1;
    %pushi/vec4 0, 0, 1;
    %store/vec4 v000002a76540d7e0_0, 0, 1;
    %pushi/vec4 0, 0, 1;
    %store/vec4 v000002a76540df60_0, 0, 1;
    %load/vec4 v000002a7652fbee0_0;
    %dup/vec4;
    %pushi/vec4 1, 0, 7;
    %cmp/u;
    %jmp/1 T_2.0, 6;
    %dup/vec4;
    %pushi/vec4 4, 0, 7;
    %cmp/u;
    %jmp/1 T_2.1, 6;
    %dup/vec4;
    %pushi/vec4 8, 0, 7;
    %cmp/u;
    %jmp/1 T_2.2, 6;
    %dup/vec4;
    %pushi/vec4 16, 0, 7;
    %cmp/u;
    %jmp/1 T_2.3, 6;
    %dup/vec4;
    %pushi/vec4 32, 0, 7;
    %cmp/u;
    %jmp/1 T_2.4, 6;
    %dup/vec4;
    %pushi/vec4 64, 0, 7;
    %cmp/u;
    %jmp/1 T_2.5, 6;
    %jmp T_2.7;
T_2.0 ;
    %pushi/vec4 1, 0, 1;
    %store/vec4 v000002a76540df60_0, 0, 1;
    %pushi/vec4 1, 0, 1;
    %store/vec4 v000002a76540cf70_0, 0, 1;
    %jmp T_2.7;
T_2.1 ;
    %pushi/vec4 1, 0, 1;
    %store/vec4 v000002a76540d060_0, 0, 1;
    %jmp T_2.7;
T_2.2 ;
    %pushi/vec4 1, 0, 1;
    %store/vec4 v000002a76540ce30_0, 0, 1;
    %jmp T_2.7;
T_2.3 ;
    %pushi/vec4 1, 0, 1;
    %store/vec4 v000002a76540d380_0, 0, 1;
    %jmp T_2.7;
T_2.4 ;
    %pushi/vec4 1, 0, 1;
    %store/vec4 v000002a76540d7e0_0, 0, 1;
    %jmp T_2.7;
T_2.5 ;
    %pushi/vec4 1, 0, 1;
    %store/vec4 v000002a76540cd90_0, 0, 1;
    %jmp T_2.7;
T_2.7 ;
    %pop/vec4 1;
    %jmp T_2;
    .thread T_2, $push;
# The file index is used to find the file name in the following table.
:file_names 3;
    "N/A";
    "<interactive>";
    "FSM.v";
