#! /c/Source/iverilog-install/bin/vvp
:ivl_version "12.0 (devel)" "(s20150603-1539-g2693dd32b)";
:ivl_delay_selection "TYPICAL";
:vpi_time_precision + 0;
:vpi_module "C:\iverilog\lib\ivl\system.vpi";
:vpi_module "C:\iverilog\lib\ivl\vhdl_sys.vpi";
:vpi_module "C:\iverilog\lib\ivl\vhdl_textio.vpi";
:vpi_module "C:\iverilog\lib\ivl\v2005_math.vpi";
:vpi_module "C:\iverilog\lib\ivl\va_math.vpi";
S_0000019f50f12c40 .scope module, "parity_checker" "parity_checker" 2 1;
 .timescale 0 0;
    .port_info 0 /INPUT 1 "CLK";
    .port_info 1 /INPUT 1 "RST";
    .port_info 2 /INPUT 1 "PAR_TYP";
    .port_info 3 /INPUT 1 "parity_checker_enable";
    .port_info 4 /INPUT 4 "bit_cnt";
    .port_info 5 /INPUT 1 "sampled_data";
    .port_info 6 /OUTPUT 1 "parity_err";
o0000019f50f47fd8 .functor BUFZ 1, C4<z>; HiZ drive
v0000019f50f13190_0 .net "CLK", 0 0, o0000019f50f47fd8;  0 drivers
o0000019f50f48008 .functor BUFZ 1, C4<z>; HiZ drive
v0000019f50f12dd0_0 .net "PAR_TYP", 0 0, o0000019f50f48008;  0 drivers
v0000019f50f12e70_0 .var "P_flag", 0 0;
o0000019f50f48068 .functor BUFZ 1, C4<z>; HiZ drive
v0000019f50f12f10_0 .net "RST", 0 0, o0000019f50f48068;  0 drivers
o0000019f50f48098 .functor BUFZ 4, C4<zzzz>; HiZ drive
v0000019f50f8cc40_0 .net "bit_cnt", 3 0, o0000019f50f48098;  0 drivers
v0000019f50f8cce0_0 .var "data", 7 0;
o0000019f50f480f8 .functor BUFZ 1, C4<z>; HiZ drive
v0000019f50f8cd80_0 .net "parity_checker_enable", 0 0, o0000019f50f480f8;  0 drivers
v0000019f50f8ce20_0 .var "parity_err", 0 0;
o0000019f50f48158 .functor BUFZ 1, C4<z>; HiZ drive
v0000019f50f8cec0_0 .net "sampled_data", 0 0, o0000019f50f48158;  0 drivers
E_0000019f5104a8b0/0 .event negedge, v0000019f50f12f10_0;
E_0000019f5104a8b0/1 .event posedge, v0000019f50f13190_0;
E_0000019f5104a8b0 .event/or E_0000019f5104a8b0/0, E_0000019f5104a8b0/1;
    .scope S_0000019f50f12c40;
T_0 ;
    %wait E_0000019f5104a8b0;
    %load/vec4 v0000019f50f12f10_0;
    %nor/r;
    %flag_set/vec4 8;
    %jmp/0xz  T_0.0, 8;
    %pushi/vec4 0, 0, 8;
    %assign/vec4 v0000019f50f8cce0_0, 0;
    %pushi/vec4 0, 0, 1;
    %assign/vec4 v0000019f50f8ce20_0, 0;
    %pushi/vec4 0, 0, 1;
    %assign/vec4 v0000019f50f12e70_0, 0;
    %jmp T_0.1;
T_0.0 ;
    %load/vec4 v0000019f50f8cd80_0;
    %flag_set/vec4 8;
    %jmp/0xz  T_0.2, 8;
    %load/vec4 v0000019f50f8cc40_0;
    %cmpi/u 1, 0, 4;
    %flag_inv 5; GE is !LT
    %flag_get/vec4 5;
    %jmp/0 T_0.6, 5;
    %load/vec4 v0000019f50f8cc40_0;
    %cmpi/u 8, 0, 4;
    %flag_get/vec4 4;
    %flag_get/vec4 5;
    %or;
    %and;
T_0.6;
    %flag_set/vec4 8;
    %jmp/0xz  T_0.4, 8;
    %load/vec4 v0000019f50f8cec0_0;
    %ix/load 5, 0, 0;
    %load/vec4 v0000019f50f8cc40_0;
    %pad/u 32;
    %subi 1, 0, 32;
    %ix/vec4 4;
    %assign/vec4/off/d v0000019f50f8cce0_0, 4, 5;
T_0.4 ;
    %load/vec4 v0000019f50f8cc40_0;
    %cmpi/e 8, 0, 4;
    %jmp/0xz  T_0.7, 4;
    %load/vec4 v0000019f50f8cce0_0;
    %parti/s 7, 0, 2;
    %load/vec4 v0000019f50f8cec0_0;
    %concat/vec4; draw_concat_vec4
    %xor/r;
    %assign/vec4 v0000019f50f12e70_0, 0;
T_0.7 ;
    %load/vec4 v0000019f50f8cc40_0;
    %cmpi/e 9, 0, 4;
    %jmp/0xz  T_0.9, 4;
    %load/vec4 v0000019f50f12dd0_0;
    %flag_set/vec4 8;
    %jmp/0xz  T_0.11, 8;
    %load/vec4 v0000019f50f12e70_0;
    %nor/r;
    %load/vec4 v0000019f50f8cec0_0;
    %cmp/e;
    %jmp/0xz  T_0.13, 4;
    %pushi/vec4 0, 0, 1;
    %assign/vec4 v0000019f50f8ce20_0, 0;
    %jmp T_0.14;
T_0.13 ;
    %pushi/vec4 1, 0, 1;
    %assign/vec4 v0000019f50f8ce20_0, 0;
T_0.14 ;
T_0.11 ;
    %load/vec4 v0000019f50f12dd0_0;
    %nor/r;
    %flag_set/vec4 8;
    %jmp/0xz  T_0.15, 8;
    %load/vec4 v0000019f50f12e70_0;
    %load/vec4 v0000019f50f8cec0_0;
    %cmp/e;
    %jmp/0xz  T_0.17, 4;
    %pushi/vec4 0, 0, 1;
    %assign/vec4 v0000019f50f8ce20_0, 0;
    %jmp T_0.18;
T_0.17 ;
    %pushi/vec4 1, 0, 1;
    %assign/vec4 v0000019f50f8ce20_0, 0;
T_0.18 ;
T_0.15 ;
T_0.9 ;
T_0.2 ;
T_0.1 ;
    %jmp T_0;
    .thread T_0;
# The file index is used to find the file name in the following table.
:file_names 3;
    "N/A";
    "<interactive>";
    "parity_check.v";
