#! /c/Source/iverilog-install/bin/vvp
:ivl_version "12.0 (devel)" "(s20150603-1539-g2693dd32b)";
:ivl_delay_selection "TYPICAL";
:vpi_time_precision - 12;
:vpi_module "C:\iverilog\lib\ivl\system.vpi";
:vpi_module "C:\iverilog\lib\ivl\vhdl_sys.vpi";
:vpi_module "C:\iverilog\lib\ivl\vhdl_textio.vpi";
:vpi_module "C:\iverilog\lib\ivl\v2005_math.vpi";
:vpi_module "C:\iverilog\lib\ivl\va_math.vpi";
S_00000224385fa9f0 .scope module, "tb_parity_checker" "tb_parity_checker" 2 4;
 .timescale -9 -12;
v000002243856a870_0 .var "CLK", 0 0;
v000002243856a910_0 .var "PAR_TYP", 0 0;
v000002243856a9b0_0 .var "RST", 0 0;
v000002243856ba30_0 .var "bit_cnt", 3 0;
v000002243856b2b0_0 .var "parity_checker_enable", 0 0;
v000002243856b7b0_0 .net "parity_err", 0 0, v0000022438514b90_0;  1 drivers
v000002243856bdf0_0 .var "sampled_data", 0 0;
S_0000022438517570 .scope task, "send_bit" "send_bit" 2 30, 2 30 0, S_00000224385fa9f0;
 .timescale -9 -12;
v00000224384e31d0_0 .var "bit_number", 3 0;
v00000224384e2f70_0 .var "bit_val", 0 0;
E_0000022438505df0 .event posedge, v00000224384e33f0_0;
TD_tb_parity_checker.send_bit ;
    %wait E_0000022438505df0;
    %load/vec4 v00000224384e31d0_0;
    %store/vec4 v000002243856ba30_0, 0, 4;
    %load/vec4 v00000224384e2f70_0;
    %store/vec4 v000002243856bdf0_0, 0, 1;
    %pushi/vec4 1, 0, 1;
    %store/vec4 v000002243856b2b0_0, 0, 1;
    %wait E_0000022438505df0;
    %vpi_call 2 37 "$display", "T=%0t ns | bit_cnt=%0d | sampled_data=%b | parity_err=%b", $time, v00000224384e31d0_0, v00000224384e2f70_0, v000002243856b7b0_0 {0 0 0};
    %end;
S_0000022438517700 .scope module, "uut" "parity_checker" 2 15, 3 1 0, S_00000224385fa9f0;
 .timescale 0 0;
    .port_info 0 /INPUT 1 "CLK";
    .port_info 1 /INPUT 1 "RST";
    .port_info 2 /INPUT 1 "PAR_TYP";
    .port_info 3 /INPUT 1 "parity_checker_enable";
    .port_info 4 /INPUT 4 "bit_cnt";
    .port_info 5 /INPUT 1 "sampled_data";
    .port_info 6 /OUTPUT 1 "parity_err";
v00000224384e33f0_0 .net "CLK", 0 0, v000002243856a870_0;  1 drivers
v00000224385fbee0_0 .net "PAR_TYP", 0 0, v000002243856a910_0;  1 drivers
v00000224385fab80_0 .var "P_flag", 0 0;
v0000022438517890_0 .net "RST", 0 0, v000002243856a9b0_0;  1 drivers
v0000022438517930_0 .net "bit_cnt", 3 0, v000002243856ba30_0;  1 drivers
v0000022438514a50_0 .var "data", 7 0;
v0000022438514af0_0 .net "parity_checker_enable", 0 0, v000002243856b2b0_0;  1 drivers
v0000022438514b90_0 .var "parity_err", 0 0;
v0000022438514c30_0 .net "sampled_data", 0 0, v000002243856bdf0_0;  1 drivers
E_0000022438506230/0 .event negedge, v0000022438517890_0;
E_0000022438506230/1 .event posedge, v00000224384e33f0_0;
E_0000022438506230 .event/or E_0000022438506230/0, E_0000022438506230/1;
    .scope S_0000022438517700;
T_1 ;
    %wait E_0000022438506230;
    %load/vec4 v0000022438517890_0;
    %nor/r;
    %flag_set/vec4 8;
    %jmp/0xz  T_1.0, 8;
    %pushi/vec4 0, 0, 8;
    %assign/vec4 v0000022438514a50_0, 0;
    %pushi/vec4 0, 0, 1;
    %assign/vec4 v0000022438514b90_0, 0;
    %pushi/vec4 0, 0, 1;
    %assign/vec4 v00000224385fab80_0, 0;
    %jmp T_1.1;
T_1.0 ;
    %load/vec4 v0000022438514af0_0;
    %flag_set/vec4 8;
    %jmp/0xz  T_1.2, 8;
    %load/vec4 v0000022438517930_0;
    %cmpi/u 1, 0, 4;
    %flag_inv 5; GE is !LT
    %flag_get/vec4 5;
    %jmp/0 T_1.6, 5;
    %load/vec4 v0000022438517930_0;
    %cmpi/u 8, 0, 4;
    %flag_get/vec4 4;
    %flag_get/vec4 5;
    %or;
    %and;
T_1.6;
    %flag_set/vec4 8;
    %jmp/0xz  T_1.4, 8;
    %load/vec4 v0000022438514c30_0;
    %ix/load 5, 0, 0;
    %load/vec4 v0000022438517930_0;
    %pad/u 32;
    %subi 1, 0, 32;
    %ix/vec4 4;
    %assign/vec4/off/d v0000022438514a50_0, 4, 5;
T_1.4 ;
    %load/vec4 v0000022438517930_0;
    %cmpi/e 8, 0, 4;
    %jmp/0xz  T_1.7, 4;
    %load/vec4 v0000022438514a50_0;
    %parti/s 7, 0, 2;
    %load/vec4 v0000022438514c30_0;
    %concat/vec4; draw_concat_vec4
    %xor/r;
    %assign/vec4 v00000224385fab80_0, 0;
T_1.7 ;
    %load/vec4 v0000022438517930_0;
    %cmpi/e 9, 0, 4;
    %jmp/0xz  T_1.9, 4;
    %load/vec4 v00000224385fbee0_0;
    %flag_set/vec4 8;
    %jmp/0xz  T_1.11, 8;
    %load/vec4 v00000224385fab80_0;
    %nor/r;
    %load/vec4 v0000022438514c30_0;
    %cmp/e;
    %jmp/0xz  T_1.13, 4;
    %pushi/vec4 0, 0, 1;
    %assign/vec4 v0000022438514b90_0, 0;
    %jmp T_1.14;
T_1.13 ;
    %pushi/vec4 1, 0, 1;
    %assign/vec4 v0000022438514b90_0, 0;
T_1.14 ;
T_1.11 ;
    %load/vec4 v00000224385fbee0_0;
    %nor/r;
    %flag_set/vec4 8;
    %jmp/0xz  T_1.15, 8;
    %load/vec4 v00000224385fab80_0;
    %load/vec4 v0000022438514c30_0;
    %cmp/e;
    %jmp/0xz  T_1.17, 4;
    %pushi/vec4 0, 0, 1;
    %assign/vec4 v0000022438514b90_0, 0;
    %jmp T_1.18;
T_1.17 ;
    %pushi/vec4 1, 0, 1;
    %assign/vec4 v0000022438514b90_0, 0;
T_1.18 ;
T_1.15 ;
T_1.9 ;
T_1.2 ;
T_1.1 ;
    %jmp T_1;
    .thread T_1;
    .scope S_00000224385fa9f0;
T_2 ;
    %pushi/vec4 0, 0, 1;
    %store/vec4 v000002243856a870_0, 0, 1;
    %end;
    .thread T_2;
    .scope S_00000224385fa9f0;
T_3 ;
    %delay 5000, 0;
    %load/vec4 v000002243856a870_0;
    %inv;
    %store/vec4 v000002243856a870_0, 0, 1;
    %jmp T_3;
    .thread T_3;
    .scope S_00000224385fa9f0;
T_4 ;
    %pushi/vec4 0, 0, 1;
    %store/vec4 v000002243856a9b0_0, 0, 1;
    %pushi/vec4 0, 0, 1;
    %store/vec4 v000002243856b2b0_0, 0, 1;
    %pushi/vec4 0, 0, 4;
    %store/vec4 v000002243856ba30_0, 0, 4;
    %pushi/vec4 1, 0, 1;
    %store/vec4 v000002243856bdf0_0, 0, 1;
    %pushi/vec4 0, 0, 1;
    %store/vec4 v000002243856a910_0, 0, 1;
    %delay 20000, 0;
    %pushi/vec4 1, 0, 1;
    %store/vec4 v000002243856a9b0_0, 0, 1;
    %vpi_call 2 57 "$display", "=== Sending frame ===" {0 0 0};
    %pushi/vec4 0, 0, 4;
    %store/vec4 v00000224384e31d0_0, 0, 4;
    %pushi/vec4 0, 0, 1;
    %store/vec4 v00000224384e2f70_0, 0, 1;
    %fork TD_tb_parity_checker.send_bit, S_0000022438517570;
    %join;
    %pushi/vec4 1, 0, 4;
    %store/vec4 v00000224384e31d0_0, 0, 4;
    %pushi/vec4 1, 0, 1;
    %store/vec4 v00000224384e2f70_0, 0, 1;
    %fork TD_tb_parity_checker.send_bit, S_0000022438517570;
    %join;
    %pushi/vec4 2, 0, 4;
    %store/vec4 v00000224384e31d0_0, 0, 4;
    %pushi/vec4 1, 0, 1;
    %store/vec4 v00000224384e2f70_0, 0, 1;
    %fork TD_tb_parity_checker.send_bit, S_0000022438517570;
    %join;
    %pushi/vec4 3, 0, 4;
    %store/vec4 v00000224384e31d0_0, 0, 4;
    %pushi/vec4 0, 0, 1;
    %store/vec4 v00000224384e2f70_0, 0, 1;
    %fork TD_tb_parity_checker.send_bit, S_0000022438517570;
    %join;
    %pushi/vec4 4, 0, 4;
    %store/vec4 v00000224384e31d0_0, 0, 4;
    %pushi/vec4 0, 0, 1;
    %store/vec4 v00000224384e2f70_0, 0, 1;
    %fork TD_tb_parity_checker.send_bit, S_0000022438517570;
    %join;
    %pushi/vec4 5, 0, 4;
    %store/vec4 v00000224384e31d0_0, 0, 4;
    %pushi/vec4 1, 0, 1;
    %store/vec4 v00000224384e2f70_0, 0, 1;
    %fork TD_tb_parity_checker.send_bit, S_0000022438517570;
    %join;
    %pushi/vec4 6, 0, 4;
    %store/vec4 v00000224384e31d0_0, 0, 4;
    %pushi/vec4 1, 0, 1;
    %store/vec4 v00000224384e2f70_0, 0, 1;
    %fork TD_tb_parity_checker.send_bit, S_0000022438517570;
    %join;
    %pushi/vec4 7, 0, 4;
    %store/vec4 v00000224384e31d0_0, 0, 4;
    %pushi/vec4 0, 0, 1;
    %store/vec4 v00000224384e2f70_0, 0, 1;
    %fork TD_tb_parity_checker.send_bit, S_0000022438517570;
    %join;
    %pushi/vec4 8, 0, 4;
    %store/vec4 v00000224384e31d0_0, 0, 4;
    %pushi/vec4 1, 0, 1;
    %store/vec4 v00000224384e2f70_0, 0, 1;
    %fork TD_tb_parity_checker.send_bit, S_0000022438517570;
    %join;
    %pushi/vec4 9, 0, 4;
    %store/vec4 v00000224384e31d0_0, 0, 4;
    %pushi/vec4 1, 0, 1;
    %store/vec4 v00000224384e2f70_0, 0, 1;
    %fork TD_tb_parity_checker.send_bit, S_0000022438517570;
    %join;
    %pushi/vec4 10, 0, 4;
    %store/vec4 v00000224384e31d0_0, 0, 4;
    %pushi/vec4 1, 0, 1;
    %store/vec4 v00000224384e2f70_0, 0, 1;
    %fork TD_tb_parity_checker.send_bit, S_0000022438517570;
    %join;
    %vpi_call 2 79 "$display", "=== Test finished ===" {0 0 0};
    %vpi_call 2 80 "$finish" {0 0 0};
    %end;
    .thread T_4;
# The file index is used to find the file name in the following table.
:file_names 4;
    "N/A";
    "<interactive>";
    "parity_check_tb.v";
    "./parity_checker.v";
