#! /c/Source/iverilog-install/bin/vvp
:ivl_version "12.0 (devel)" "(s20150603-1539-g2693dd32b)";
:ivl_delay_selection "TYPICAL";
:vpi_time_precision + 0;
:vpi_module "C:\iverilog\lib\ivl\system.vpi";
:vpi_module "C:\iverilog\lib\ivl\vhdl_sys.vpi";
:vpi_module "C:\iverilog\lib\ivl\vhdl_textio.vpi";
:vpi_module "C:\iverilog\lib\ivl\v2005_math.vpi";
:vpi_module "C:\iverilog\lib\ivl\va_math.vpi";
S_000001bd5d0f2c40 .scope module, "stop_checker" "stop_checker" 2 1;
 .timescale 0 0;
    .port_info 0 /INPUT 1 "CLK";
    .port_info 1 /INPUT 1 "RST";
    .port_info 2 /INPUT 1 "stop_checker_enable";
    .port_info 3 /INPUT 1 "sampled_bit";
    .port_info 4 /OUTPUT 1 "stop_error";
o000001bd5d126fa8 .functor BUFZ 1, C4<z>; HiZ drive
v000001bd5d0f2dd0_0 .net "CLK", 0 0, o000001bd5d126fa8;  0 drivers
o000001bd5d126fd8 .functor BUFZ 1, C4<z>; HiZ drive
v000001bd5d0f2e70_0 .net "RST", 0 0, o000001bd5d126fd8;  0 drivers
o000001bd5d127008 .functor BUFZ 1, C4<z>; HiZ drive
v000001bd5d0f2f10_0 .net "sampled_bit", 0 0, o000001bd5d127008;  0 drivers
o000001bd5d127038 .functor BUFZ 1, C4<z>; HiZ drive
v000001bd5d0de6d0_0 .net "stop_checker_enable", 0 0, o000001bd5d127038;  0 drivers
v000001bd5d0de770_0 .var "stop_error", 0 0;
E_000001bd5d0d9500/0 .event negedge, v000001bd5d0f2e70_0;
E_000001bd5d0d9500/1 .event posedge, v000001bd5d0f2dd0_0;
E_000001bd5d0d9500 .event/or E_000001bd5d0d9500/0, E_000001bd5d0d9500/1;
    .scope S_000001bd5d0f2c40;
T_0 ;
    %wait E_000001bd5d0d9500;
    %load/vec4 v000001bd5d0f2e70_0;
    %nor/r;
    %flag_set/vec4 8;
    %jmp/0xz  T_0.0, 8;
    %pushi/vec4 0, 0, 1;
    %assign/vec4 v000001bd5d0de770_0, 0;
    %jmp T_0.1;
T_0.0 ;
    %load/vec4 v000001bd5d0de6d0_0;
    %flag_set/vec4 8;
    %jmp/0xz  T_0.2, 8;
    %load/vec4 v000001bd5d0f2f10_0;
    %pad/u 32;
    %cmpi/e 1, 0, 32;
    %jmp/0xz  T_0.4, 4;
    %pushi/vec4 0, 0, 1;
    %assign/vec4 v000001bd5d0de770_0, 0;
    %jmp T_0.5;
T_0.4 ;
    %pushi/vec4 1, 0, 1;
    %assign/vec4 v000001bd5d0de770_0, 0;
T_0.5 ;
T_0.2 ;
T_0.1 ;
    %jmp T_0;
    .thread T_0;
# The file index is used to find the file name in the following table.
:file_names 3;
    "N/A";
    "<interactive>";
    "stop_checker.v";
