#! /c/Source/iverilog-install/bin/vvp
:ivl_version "12.0 (devel)" "(s20150603-1539-g2693dd32b)";
:ivl_delay_selection "TYPICAL";
:vpi_time_precision - 9;
:vpi_module "C:\iverilog\lib\ivl\system.vpi";
:vpi_module "C:\iverilog\lib\ivl\vhdl_sys.vpi";
:vpi_module "C:\iverilog\lib\ivl\vhdl_textio.vpi";
:vpi_module "C:\iverilog\lib\ivl\v2005_math.vpi";
:vpi_module "C:\iverilog\lib\ivl\va_math.vpi";
S_000002e399ce4370 .scope module, "UART_RX_tb" "UART_RX_tb" 2 16;
 .timescale -6 -9;
v000002e399db4890_0 .var "CLK_tb", 0 0;
v000002e399db56f0_0 .var/real "Clock_period", 0 0;
v000002e399db4110_0 .var "PAR_EN_tb", 0 0;
v000002e399db4610_0 .var "PAR_TYP_tb", 0 0;
v000002e399db46b0_0 .net "P_DATA_tb", 7 0, v000002e399d9d1b0_0;  1 drivers
v000002e399db5d30_0 .var "RST_tb", 0 0;
v000002e399db51f0_0 .var "RX_IN_tb", 0 0;
v000002e399db4930_0 .var/real "RX_frequnecy", 0 0;
v000002e399db5bf0_0 .var/real "TX_frequency", 0 0;
v000002e399db4cf0_0 .net "data_valid_tb", 0 0, v000002e399d3c910_0;  1 drivers
v000002e399db4750_0 .var/i "i", 31 0;
v000002e399db4f70_0 .var "prescale_tb", 5 0;
S_000002e399cfbe30 .scope module, "UART1" "UART_RX" 2 212, 3 9 0, S_000002e399ce4370;
 .timescale 0 0;
    .port_info 0 /INPUT 1 "CLK";
    .port_info 1 /INPUT 1 "RST";
    .port_info 2 /INPUT 1 "RX_IN";
    .port_info 3 /INPUT 6 "prescale";
    .port_info 4 /INPUT 1 "PAR_EN";
    .port_info 5 /INPUT 1 "PAR_TYP";
    .port_info 6 /OUTPUT 8 "P_DATA";
    .port_info 7 /OUTPUT 1 "data_valid";
v000002e399d9c2b0_0 .net "CLK", 0 0, v000002e399db4890_0;  1 drivers
v000002e399d9c530_0 .net "PAR_EN", 0 0, v000002e399db4110_0;  1 drivers
v000002e399d9c8f0_0 .net "PAR_TYP", 0 0, v000002e399db4610_0;  1 drivers
v000002e399d9c490_0 .net "P_DATA", 7 0, v000002e399d9d1b0_0;  alias, 1 drivers
v000002e399d9ca30_0 .net "RST", 0 0, v000002e399db5d30_0;  1 drivers
v000002e399d9cad0_0 .net "RX_IN", 0 0, v000002e399db51f0_0;  1 drivers
v000002e399d9cb70_0 .net "bit_cnt_internal", 3 0, v000002e399d9b9f0_0;  1 drivers
v000002e399d9cd50_0 .net "data_sample_enable_internal", 0 0, v000002e399d3ce10_0;  1 drivers
v000002e399d9cdf0_0 .net "data_valid", 0 0, v000002e399d3c910_0;  alias, 1 drivers
v000002e399db4250_0 .net "deserializer_enable_internal", 0 0, v000002e399d3c7d0_0;  1 drivers
v000002e399db42f0_0 .net "edge_cnt_counter_internal", 5 0, v000002e399d9c7b0_0;  1 drivers
v000002e399db53d0_0 .net "enable_internal", 0 0, v000002e399d3c050_0;  1 drivers
o000002e399d58418 .functor BUFZ 1, C4<z>; HiZ drive
v000002e399db5650_0 .net "parity_checker_enable", 0 0, o000002e399d58418;  0 drivers
v000002e399db4bb0_0 .net "parity_checker_enable_internal", 0 0, v000002e399d3ceb0_0;  1 drivers
v000002e399db41b0_0 .net "parity_error_internal", 0 0, v000002e399d9b950_0;  1 drivers
v000002e399db5fb0_0 .net "prescale", 5 0, v000002e399db4f70_0;  1 drivers
v000002e399db5ab0_0 .net "reset_counters_internal", 0 0, v000002e399d3c9b0_0;  1 drivers
v000002e399db5830_0 .net "sampled_bit_internal", 0 0, v000002e399d9d430_0;  1 drivers
v000002e399db4390_0 .net "start_checker_enable_internal", 0 0, v000002e399d3caf0_0;  1 drivers
v000002e399db4430_0 .net "start_glitch_internal", 0 0, v000002e399d9be50_0;  1 drivers
v000002e399db44d0_0 .net "stop_checker_enable_internal", 0 0, v000002e399d3c370_0;  1 drivers
v000002e399db5b50_0 .net "stop_error_internal", 0 0, v000002e399d9c210_0;  1 drivers
S_000002e399cfbfc0 .scope module, "FSM1" "FSM" 3 99, 4 1 0, S_000002e399cfbe30;
 .timescale 0 0;
    .port_info 0 /INPUT 1 "CLK";
    .port_info 1 /INPUT 1 "RST";
    .port_info 2 /INPUT 1 "RX_IN";
    .port_info 3 /INPUT 6 "edge_cnt";
    .port_info 4 /INPUT 4 "bit_cnt";
    .port_info 5 /INPUT 6 "prescale";
    .port_info 6 /INPUT 1 "stop_error";
    .port_info 7 /INPUT 1 "start_glitch";
    .port_info 8 /INPUT 1 "parity_error";
    .port_info 9 /INPUT 1 "PAR_EN";
    .port_info 10 /OUTPUT 1 "data_sample_enable";
    .port_info 11 /OUTPUT 1 "enable";
    .port_info 12 /OUTPUT 1 "deserializer_enable";
    .port_info 13 /OUTPUT 1 "data_valid";
    .port_info 14 /OUTPUT 1 "stop_checker_enable";
    .port_info 15 /OUTPUT 1 "start_checker_enable";
    .port_info 16 /OUTPUT 1 "parity_checker_enable";
    .port_info 17 /OUTPUT 1 "reset_counters";
P_000002e399cfc150 .param/l "Data_bits" 1 4 32, C4<000100>;
P_000002e399cfc188 .param/l "Data_valid" 1 4 35, C4<100000>;
P_000002e399cfc1c0 .param/l "Idle" 1 4 30, C4<000001>;
P_000002e399cfc1f8 .param/l "Parity_bit_check" 1 4 33, C4<001000>;
P_000002e399cfc230 .param/l "Start_bit_check" 1 4 31, C4<000010>;
P_000002e399cfc268 .param/l "Stop_bit_check" 1 4 34, C4<010000>;
v000002e399d3cd70_0 .net "CLK", 0 0, v000002e399db4890_0;  alias, 1 drivers
v000002e399d3c730_0 .var "Current_state", 5 0;
v000002e399d3c0f0_0 .var "Next_state", 5 0;
v000002e399d3c870_0 .net "PAR_EN", 0 0, v000002e399db4110_0;  alias, 1 drivers
v000002e399d3c190_0 .net "RST", 0 0, v000002e399db5d30_0;  alias, 1 drivers
v000002e399d3ca50_0 .net "RX_IN", 0 0, v000002e399db51f0_0;  alias, 1 drivers
v000002e399d3c230_0 .net "bit_cnt", 3 0, v000002e399d9b9f0_0;  alias, 1 drivers
v000002e399d3ce10_0 .var "data_sample_enable", 0 0;
v000002e399d3c910_0 .var "data_valid", 0 0;
v000002e399d3c7d0_0 .var "deserializer_enable", 0 0;
v000002e399d3c4b0_0 .net "edge_cnt", 5 0, v000002e399d9c7b0_0;  alias, 1 drivers
v000002e399d3c050_0 .var "enable", 0 0;
v000002e399d3ceb0_0 .var "parity_checker_enable", 0 0;
v000002e399d3cf50_0 .net "parity_error", 0 0, v000002e399d9b950_0;  alias, 1 drivers
v000002e399d3c2d0_0 .net "prescale", 5 0, v000002e399db4f70_0;  alias, 1 drivers
v000002e399d3c9b0_0 .var "reset_counters", 0 0;
v000002e399d3caf0_0 .var "start_checker_enable", 0 0;
v000002e399d3ccd0_0 .net "start_glitch", 0 0, v000002e399d9be50_0;  alias, 1 drivers
v000002e399d3c370_0 .var "stop_checker_enable", 0 0;
v000002e399d3c410_0 .net "stop_error", 0 0, v000002e399d9c210_0;  alias, 1 drivers
E_000002e399d51ee0 .event anyedge, v000002e399d3c730_0;
E_000002e399d51e60/0 .event anyedge, v000002e399d3c730_0, v000002e399d3ca50_0, v000002e399d3c4b0_0, v000002e399d3c2d0_0;
E_000002e399d51e60/1 .event anyedge, v000002e399d3ccd0_0, v000002e399d3c230_0, v000002e399d3c870_0, v000002e399d3cf50_0;
E_000002e399d51e60/2 .event anyedge, v000002e399d3c410_0;
E_000002e399d51e60 .event/or E_000002e399d51e60/0, E_000002e399d51e60/1, E_000002e399d51e60/2;
E_000002e399d51ba0/0 .event negedge, v000002e399d3c190_0;
E_000002e399d51ba0/1 .event posedge, v000002e399d3cd70_0;
E_000002e399d51ba0 .event/or E_000002e399d51ba0/0, E_000002e399d51ba0/1;
S_000002e399cf1200 .scope module, "d" "deserializer" 3 60, 5 1 0, S_000002e399cfbe30;
 .timescale 0 0;
    .port_info 0 /INPUT 1 "CLK";
    .port_info 1 /INPUT 1 "RST";
    .port_info 2 /INPUT 1 "sampled_bit";
    .port_info 3 /INPUT 1 "deserializer_enable";
    .port_info 4 /INPUT 4 "bit_cnt";
    .port_info 5 /OUTPUT 8 "P_DATA";
v000002e399d3c690_0 .net "CLK", 0 0, v000002e399db4890_0;  alias, 1 drivers
v000002e399d9d1b0_0 .var "P_DATA", 7 0;
v000002e399d9c5d0_0 .net "RST", 0 0, v000002e399db5d30_0;  alias, 1 drivers
v000002e399d9ce90_0 .net "bit_cnt", 3 0, v000002e399d9b9f0_0;  alias, 1 drivers
v000002e399d9cf30_0 .net "deserializer_enable", 0 0, v000002e399d3c7d0_0;  alias, 1 drivers
v000002e399d9c850_0 .net "sampled_bit", 0 0, v000002e399d9d430_0;  alias, 1 drivers
S_000002e399cf1390 .scope module, "ds" "data_sampling" 3 49, 6 1 0, S_000002e399cfbe30;
 .timescale 0 0;
    .port_info 0 /INPUT 1 "CLK";
    .port_info 1 /INPUT 1 "RST";
    .port_info 2 /INPUT 1 "data_sample_enable";
    .port_info 3 /INPUT 1 "RX_IN";
    .port_info 4 /INPUT 6 "prescale";
    .port_info 5 /INPUT 6 "edge_cnt";
    .port_info 6 /OUTPUT 1 "sampled_bit";
v000002e399d9d390_0 .net "CLK", 0 0, v000002e399db4890_0;  alias, 1 drivers
v000002e399d9d2f0_0 .net "RST", 0 0, v000002e399db5d30_0;  alias, 1 drivers
v000002e399d9bdb0_0 .net "RX_IN", 0 0, v000002e399db51f0_0;  alias, 1 drivers
v000002e399d9d6b0_0 .net "data_sample_enable", 0 0, v000002e399d3ce10_0;  alias, 1 drivers
v000002e399d9d250_0 .net "edge_cnt", 5 0, v000002e399d9c7b0_0;  alias, 1 drivers
v000002e399d9cfd0_0 .net "prescale", 5 0, v000002e399db4f70_0;  alias, 1 drivers
v000002e399d9c670_0 .var "sample1", 0 0;
v000002e399d9c710_0 .var "sample2", 0 0;
v000002e399d9c990_0 .var "sample3", 0 0;
v000002e399d9d430_0 .var "sampled_bit", 0 0;
S_000002e399cebf10 .scope module, "ebc" "edge_bit_counter" 3 38, 7 1 0, S_000002e399cfbe30;
 .timescale 0 0;
    .port_info 0 /INPUT 1 "CLK";
    .port_info 1 /INPUT 1 "RST";
    .port_info 2 /INPUT 1 "reset_counters";
    .port_info 3 /INPUT 1 "enable";
    .port_info 4 /INPUT 6 "prescale";
    .port_info 5 /OUTPUT 4 "bit_cnt";
    .port_info 6 /OUTPUT 6 "edge_cnt";
v000002e399d9d4d0_0 .net "CLK", 0 0, v000002e399db4890_0;  alias, 1 drivers
v000002e399d9d570_0 .net "RST", 0 0, v000002e399db5d30_0;  alias, 1 drivers
v000002e399d9b9f0_0 .var "bit_cnt", 3 0;
v000002e399d9c7b0_0 .var "edge_cnt", 5 0;
v000002e399d9d610_0 .net "enable", 0 0, v000002e399d3c050_0;  alias, 1 drivers
v000002e399d9bf90_0 .net "prescale", 5 0, v000002e399db4f70_0;  alias, 1 drivers
v000002e399d9cc10_0 .net "reset_counters", 0 0, v000002e399d3c9b0_0;  alias, 1 drivers
S_000002e399cec0a0 .scope module, "pc" "parity_checker" 3 70, 8 1 0, S_000002e399cfbe30;
 .timescale 0 0;
    .port_info 0 /INPUT 1 "CLK";
    .port_info 1 /INPUT 1 "RST";
    .port_info 2 /INPUT 1 "PAR_TYP";
    .port_info 3 /INPUT 1 "parity_checker_enable";
    .port_info 4 /INPUT 4 "bit_cnt";
    .port_info 5 /INPUT 1 "sampled_bit";
    .port_info 6 /OUTPUT 1 "parity_error";
v000002e399d9d070_0 .net "CLK", 0 0, v000002e399db4890_0;  alias, 1 drivers
v000002e399d9c0d0_0 .net "PAR_TYP", 0 0, v000002e399db4610_0;  alias, 1 drivers
v000002e399d9d750_0 .var "P_flag", 0 0;
v000002e399d9b8b0_0 .net "RST", 0 0, v000002e399db5d30_0;  alias, 1 drivers
v000002e399d9c030_0 .net "bit_cnt", 3 0, v000002e399d9b9f0_0;  alias, 1 drivers
v000002e399d9d110_0 .var "data", 7 0;
v000002e399d9bbd0_0 .net "parity_checker_enable", 0 0, o000002e399d58418;  alias, 0 drivers
v000002e399d9b950_0 .var "parity_error", 0 0;
v000002e399d9ba90_0 .net "sampled_bit", 0 0, v000002e399d9d430_0;  alias, 1 drivers
S_000002e399c9e8d0 .scope module, "start" "start_checker" 3 81, 9 1 0, S_000002e399cfbe30;
 .timescale 0 0;
    .port_info 0 /INPUT 1 "CLK";
    .port_info 1 /INPUT 1 "RST";
    .port_info 2 /INPUT 1 "start_checker_enable";
    .port_info 3 /INPUT 1 "sampled_bit";
    .port_info 4 /OUTPUT 1 "start_glitch";
v000002e399d9bb30_0 .net "CLK", 0 0, v000002e399db4890_0;  alias, 1 drivers
v000002e399d9bc70_0 .net "RST", 0 0, v000002e399db5d30_0;  alias, 1 drivers
v000002e399d9c170_0 .net "sampled_bit", 0 0, v000002e399d9d430_0;  alias, 1 drivers
v000002e399d9bd10_0 .net "start_checker_enable", 0 0, v000002e399d3caf0_0;  alias, 1 drivers
v000002e399d9be50_0 .var "start_glitch", 0 0;
S_000002e399c9ea60 .scope module, "stop" "stop_checker" 3 90, 10 1 0, S_000002e399cfbe30;
 .timescale 0 0;
    .port_info 0 /INPUT 1 "CLK";
    .port_info 1 /INPUT 1 "RST";
    .port_info 2 /INPUT 1 "stop_checker_enable";
    .port_info 3 /INPUT 1 "sampled_bit";
    .port_info 4 /OUTPUT 1 "stop_error";
v000002e399d9bef0_0 .net "CLK", 0 0, v000002e399db4890_0;  alias, 1 drivers
v000002e399d9c350_0 .net "RST", 0 0, v000002e399db5d30_0;  alias, 1 drivers
v000002e399d9ccb0_0 .net "sampled_bit", 0 0, v000002e399d9d430_0;  alias, 1 drivers
v000002e399d9c3f0_0 .net "stop_checker_enable", 0 0, v000002e399d3c370_0;  alias, 1 drivers
v000002e399d9c210_0 .var "stop_error", 0 0;
S_000002e399d16dd0 .scope task, "check_output" "check_output" 2 199, 2 199 0, S_000002e399ce4370;
 .timescale -6 -9;
v000002e399db4570_0 .var "data", 7 0;
v000002e399db5dd0_0 .var "parity_bit", 0 0;
v000002e399db4d90_0 .var "parity_enable", 0 0;
TD_UART_RX_tb.check_output ;
    %load/vec4 v000002e399db46b0_0;
    %load/vec4 v000002e399db4570_0;
    %cmp/e;
    %jmp/0xz  T_0.0, 4;
    %vpi_call 2 203 "$display", "The data is received correctly" {0 0 0};
    %jmp T_0.1;
T_0.0 ;
    %vpi_call 2 206 "$display", "The received data is %0h ,while the expected data to be received is %0h ", v000002e399db4570_0, v000002e399db46b0_0 {0 0 0};
T_0.1 ;
    %end;
S_000002e399d16f60 .scope task, "frame" "frame" 2 165, 2 165 0, S_000002e399ce4370;
 .timescale -6 -9;
v000002e399db50b0_0 .var "data", 7 0;
v000002e399db55b0_0 .var "parity_bit", 0 0;
v000002e399db5f10_0 .var "parity_enable", 0 0;
v000002e399db5470_0 .var "parity_type", 0 0;
TD_UART_RX_tb.frame ;
    %pushi/vec4 1, 0, 1;
    %store/vec4 v000002e399db51f0_0, 0, 1;
    %load/vec4 v000002e399db4f70_0;
T_1.2 %dup/vec4;
    %pushi/vec4 0, 0, 6;
    %cmp/u;
    %jmp/1 T_1.3, 4;
    %pushi/vec4 1, 0, 6;
    %sub;
    %load/real v000002e399db56f0_0;
    %pushi/real 2097152000, 4075; load=1000.00
    %mul/wr;
    %cvt/vr 64;
    %muli 1, 0, 64;
    %ix/vec4 4;
    %delayx 4;
    %jmp T_1.2;
T_1.3 ;
    %pop/vec4 1;
    %pushi/vec4 0, 0, 1;
    %store/vec4 v000002e399db51f0_0, 0, 1;
    %load/vec4 v000002e399db4f70_0;
T_1.4 %dup/vec4;
    %pushi/vec4 0, 0, 6;
    %cmp/u;
    %jmp/1 T_1.5, 4;
    %pushi/vec4 1, 0, 6;
    %sub;
    %load/real v000002e399db56f0_0;
    %pushi/real 2097152000, 4075; load=1000.00
    %mul/wr;
    %cvt/vr 64;
    %muli 1, 0, 64;
    %ix/vec4 4;
    %delayx 4;
    %jmp T_1.4;
T_1.5 ;
    %pop/vec4 1;
    %pushi/vec4 0, 0, 32;
    %store/vec4 v000002e399db4750_0, 0, 32;
T_1.6 ;
    %load/vec4 v000002e399db4750_0;
    %cmpi/s 7, 0, 32;
    %flag_or 5, 4;
    %jmp/0xz T_1.7, 5;
    %load/vec4 v000002e399db50b0_0;
    %load/vec4 v000002e399db4750_0;
    %part/s 1;
    %store/vec4 v000002e399db51f0_0, 0, 1;
    %load/vec4 v000002e399db4f70_0;
T_1.8 %dup/vec4;
    %pushi/vec4 0, 0, 6;
    %cmp/u;
    %jmp/1 T_1.9, 4;
    %pushi/vec4 1, 0, 6;
    %sub;
    %load/real v000002e399db56f0_0;
    %pushi/real 2097152000, 4075; load=1000.00
    %mul/wr;
    %cvt/vr 64;
    %muli 1, 0, 64;
    %ix/vec4 4;
    %delayx 4;
    %jmp T_1.8;
T_1.9 ;
    %pop/vec4 1;
    %load/vec4 v000002e399db4750_0;
    %addi 1, 0, 32;
    %store/vec4 v000002e399db4750_0, 0, 32;
    %jmp T_1.6;
T_1.7 ;
    %load/vec4 v000002e399db5f10_0;
    %flag_set/vec4 8;
    %jmp/0xz  T_1.10, 8;
    %load/vec4 v000002e399db5470_0;
    %flag_set/vec4 8;
    %jmp/0xz  T_1.12, 8;
    %load/vec4 v000002e399db50b0_0;
    %xor/r;
    %inv;
    %store/vec4 v000002e399db55b0_0, 0, 1;
    %jmp T_1.13;
T_1.12 ;
    %load/vec4 v000002e399db50b0_0;
    %xor/r;
    %store/vec4 v000002e399db55b0_0, 0, 1;
T_1.13 ;
    %load/vec4 v000002e399db55b0_0;
    %store/vec4 v000002e399db51f0_0, 0, 1;
    %load/vec4 v000002e399db4f70_0;
T_1.14 %dup/vec4;
    %pushi/vec4 0, 0, 6;
    %cmp/u;
    %jmp/1 T_1.15, 4;
    %pushi/vec4 1, 0, 6;
    %sub;
    %load/real v000002e399db56f0_0;
    %pushi/real 2097152000, 4075; load=1000.00
    %mul/wr;
    %cvt/vr 64;
    %muli 1, 0, 64;
    %ix/vec4 4;
    %delayx 4;
    %jmp T_1.14;
T_1.15 ;
    %pop/vec4 1;
T_1.10 ;
    %pushi/vec4 1, 0, 1;
    %store/vec4 v000002e399db51f0_0, 0, 1;
    %load/vec4 v000002e399db4f70_0;
T_1.16 %dup/vec4;
    %pushi/vec4 0, 0, 6;
    %cmp/u;
    %jmp/1 T_1.17, 4;
    %pushi/vec4 1, 0, 6;
    %sub;
    %load/real v000002e399db56f0_0;
    %pushi/real 2097152000, 4075; load=1000.00
    %mul/wr;
    %cvt/vr 64;
    %muli 1, 0, 64;
    %ix/vec4 4;
    %delayx 4;
    %jmp T_1.16;
T_1.17 ;
    %pop/vec4 1;
    %end;
S_000002e399d0e2c0 .scope task, "initialize" "initialize" 2 144, 2 144 0, S_000002e399ce4370;
 .timescale -6 -9;
TD_UART_RX_tb.initialize ;
    %pushi/vec4 1, 0, 1;
    %store/vec4 v000002e399db51f0_0, 0, 1;
    %pushi/vec4 1, 0, 1;
    %store/vec4 v000002e399db5d30_0, 0, 1;
    %pushi/vec4 1, 0, 6;
    %store/vec4 v000002e399db4f70_0, 0, 6;
    %pushi/vec4 0, 0, 1;
    %store/vec4 v000002e399db4110_0, 0, 1;
    %pushi/vec4 0, 0, 1;
    %store/vec4 v000002e399db4610_0, 0, 1;
    %fork TD_UART_RX_tb.reset, S_000002e399d0e450;
    %join;
    %end;
S_000002e399d0e450 .scope task, "reset" "reset" 2 135, 2 135 0, S_000002e399ce4370;
 .timescale -6 -9;
TD_UART_RX_tb.reset ;
    %pushi/vec4 0, 0, 1;
    %store/vec4 v000002e399db5d30_0, 0, 1;
    %load/vec4 v000002e399db4f70_0;
T_3.18 %dup/vec4;
    %pushi/vec4 0, 0, 6;
    %cmp/u;
    %jmp/1 T_3.19, 4;
    %pushi/vec4 1, 0, 6;
    %sub;
    %load/real v000002e399db56f0_0;
    %pushi/real 2097152000, 4075; load=1000.00
    %mul/wr;
    %cvt/vr 64;
    %muli 1, 0, 64;
    %ix/vec4 4;
    %delayx 4;
    %jmp T_3.18;
T_3.19 ;
    %pop/vec4 1;
    %pushi/vec4 1, 0, 1;
    %store/vec4 v000002e399db5d30_0, 0, 1;
    %load/vec4 v000002e399db4f70_0;
T_3.20 %dup/vec4;
    %pushi/vec4 0, 0, 6;
    %cmp/u;
    %jmp/1 T_3.21, 4;
    %pushi/vec4 1, 0, 6;
    %sub;
    %load/real v000002e399db56f0_0;
    %pushi/real 2097152000, 4075; load=1000.00
    %mul/wr;
    %cvt/vr 64;
    %muli 1, 0, 64;
    %ix/vec4 4;
    %delayx 4;
    %jmp T_3.20;
T_3.21 ;
    %pop/vec4 1;
    %end;
S_000002e399cfc330 .scope task, "set_prescale" "set_prescale" 2 155, 2 155 0, S_000002e399ce4370;
 .timescale -6 -9;
v000002e399db5c90_0 .var "parity_enable", 0 0;
v000002e399db5510_0 .var "parity_type", 0 0;
v000002e399db4ed0_0 .var "ps", 5 0;
TD_UART_RX_tb.set_prescale ;
    %load/vec4 v000002e399db4ed0_0;
    %store/vec4 v000002e399db4f70_0, 0, 6;
    %load/vec4 v000002e399db5c90_0;
    %store/vec4 v000002e399db4110_0, 0, 1;
    %load/vec4 v000002e399db5510_0;
    %store/vec4 v000002e399db4610_0, 0, 1;
    %load/real v000002e399db5bf0_0;
    %load/vec4 v000002e399db4ed0_0;
    %cvt/rv;
    %mul/wr;
    %store/real v000002e399db4930_0;
    %pushi/real 1073741824, 4066; load=1.00000
    %load/real v000002e399db4930_0;
    %div/wr;
    %pushi/real 2048000000, 4085; load=1.00000e+06
    %mul/wr;
    %store/real v000002e399db56f0_0;
    %end;
    .scope S_000002e399cebf10;
T_5 ;
    %wait E_000002e399d51ba0;
    %load/vec4 v000002e399d9d570_0;
    %nor/r;
    %load/vec4 v000002e399d9cc10_0;
    %or;
    %flag_set/vec4 8;
    %jmp/0xz  T_5.0, 8;
    %pushi/vec4 0, 0, 6;
    %assign/vec4 v000002e399d9c7b0_0, 0;
    %jmp T_5.1;
T_5.0 ;
    %load/vec4 v000002e399d9d610_0;
    %flag_set/vec4 8;
    %jmp/0xz  T_5.2, 8;
    %load/vec4 v000002e399d9c7b0_0;
    %pad/u 32;
    %load/vec4 v000002e399d9bf90_0;
    %pad/u 32;
    %subi 1, 0, 32;
    %cmp/e;
    %jmp/0xz  T_5.4, 4;
    %pushi/vec4 0, 0, 6;
    %assign/vec4 v000002e399d9c7b0_0, 0;
    %jmp T_5.5;
T_5.4 ;
    %load/vec4 v000002e399d9c7b0_0;
    %addi 1, 0, 6;
    %assign/vec4 v000002e399d9c7b0_0, 0;
T_5.5 ;
T_5.2 ;
T_5.1 ;
    %jmp T_5;
    .thread T_5;
    .scope S_000002e399cebf10;
T_6 ;
    %wait E_000002e399d51ba0;
    %load/vec4 v000002e399d9d570_0;
    %nor/r;
    %load/vec4 v000002e399d9cc10_0;
    %or;
    %flag_set/vec4 8;
    %jmp/0xz  T_6.0, 8;
    %pushi/vec4 0, 0, 4;
    %assign/vec4 v000002e399d9b9f0_0, 0;
    %jmp T_6.1;
T_6.0 ;
    %load/vec4 v000002e399d9d610_0;
    %flag_set/vec4 8;
    %jmp/0xz  T_6.2, 8;
    %load/vec4 v000002e399d9c7b0_0;
    %pad/u 32;
    %load/vec4 v000002e399d9bf90_0;
    %pad/u 32;
    %subi 1, 0, 32;
    %cmp/e;
    %jmp/0xz  T_6.4, 4;
    %load/vec4 v000002e399d9b9f0_0;
    %addi 1, 0, 4;
    %assign/vec4 v000002e399d9b9f0_0, 0;
T_6.4 ;
T_6.2 ;
T_6.1 ;
    %jmp T_6;
    .thread T_6;
    .scope S_000002e399cf1390;
T_7 ;
    %wait E_000002e399d51ba0;
    %load/vec4 v000002e399d9d2f0_0;
    %nor/r;
    %flag_set/vec4 8;
    %jmp/0xz  T_7.0, 8;
    %pushi/vec4 1, 0, 1;
    %assign/vec4 v000002e399d9c670_0, 0;
    %pushi/vec4 1, 0, 1;
    %assign/vec4 v000002e399d9c710_0, 0;
    %pushi/vec4 1, 0, 1;
    %assign/vec4 v000002e399d9c990_0, 0;
    %pushi/vec4 1, 0, 1;
    %assign/vec4 v000002e399d9d430_0, 0;
    %jmp T_7.1;
T_7.0 ;
    %load/vec4 v000002e399d9d6b0_0;
    %flag_set/vec4 8;
    %jmp/0xz  T_7.2, 8;
    %load/vec4 v000002e399d9d250_0;
    %pad/u 32;
    %load/vec4 v000002e399d9cfd0_0;
    %pad/u 32;
    %ix/load 4, 1, 0;
    %flag_set/imm 4, 0;
    %shiftr 4;
    %subi 1, 0, 32;
    %cmp/e;
    %jmp/0xz  T_7.4, 4;
    %load/vec4 v000002e399d9bdb0_0;
    %assign/vec4 v000002e399d9c670_0, 0;
T_7.4 ;
    %load/vec4 v000002e399d9d250_0;
    %load/vec4 v000002e399d9cfd0_0;
    %ix/load 4, 1, 0;
    %flag_set/imm 4, 0;
    %shiftr 4;
    %cmp/e;
    %jmp/0xz  T_7.6, 4;
    %load/vec4 v000002e399d9bdb0_0;
    %assign/vec4 v000002e399d9c710_0, 0;
T_7.6 ;
    %load/vec4 v000002e399d9d250_0;
    %pad/u 32;
    %load/vec4 v000002e399d9cfd0_0;
    %pad/u 32;
    %ix/load 4, 1, 0;
    %flag_set/imm 4, 0;
    %shiftr 4;
    %addi 1, 0, 32;
    %cmp/e;
    %jmp/0xz  T_7.8, 4;
    %load/vec4 v000002e399d9bdb0_0;
    %assign/vec4 v000002e399d9c990_0, 0;
    %load/vec4 v000002e399d9c670_0;
    %flag_set/vec4 9;
    %flag_get/vec4 9;
    %jmp/0 T_7.12, 9;
    %load/vec4 v000002e399d9c710_0;
    %and;
T_7.12;
    %flag_set/vec4 8;
    %jmp/1 T_7.11, 8;
    %load/vec4 v000002e399d9c710_0;
    %flag_set/vec4 10;
    %flag_get/vec4 10;
    %jmp/0 T_7.13, 10;
    %load/vec4 v000002e399d9c990_0;
    %and;
T_7.13;
    %flag_set/vec4 9;
    %flag_or 8, 9;
T_7.11;
    %flag_get/vec4 8;
    %jmp/1 T_7.10, 8;
    %load/vec4 v000002e399d9c670_0;
    %flag_set/vec4 8;
    %flag_get/vec4 8;
    %jmp/0 T_7.14, 8;
    %load/vec4 v000002e399d9c990_0;
    %and;
T_7.14;
    %or;
T_7.10;
    %assign/vec4 v000002e399d9d430_0, 0;
T_7.8 ;
T_7.2 ;
T_7.1 ;
    %jmp T_7;
    .thread T_7;
    .scope S_000002e399cf1200;
T_8 ;
    %wait E_000002e399d51ba0;
    %load/vec4 v000002e399d9c5d0_0;
    %nor/r;
    %flag_set/vec4 8;
    %jmp/0xz  T_8.0, 8;
    %pushi/vec4 0, 0, 8;
    %assign/vec4 v000002e399d9d1b0_0, 0;
    %jmp T_8.1;
T_8.0 ;
    %load/vec4 v000002e399d9cf30_0;
    %flag_set/vec4 9;
    %flag_get/vec4 9;
    %jmp/0 T_8.4, 9;
    %load/vec4 v000002e399d9ce90_0;
    %cmpi/u 8, 0, 4;
    %flag_get/vec4 4;
    %flag_get/vec4 5;
    %or;
    %and;
T_8.4;
    %flag_set/vec4 8;
    %jmp/0xz  T_8.2, 8;
    %load/vec4 v000002e399d9c850_0;
    %ix/load 5, 0, 0;
    %load/vec4 v000002e399d9ce90_0;
    %pad/u 32;
    %subi 1, 0, 32;
    %ix/vec4 4;
    %assign/vec4/off/d v000002e399d9d1b0_0, 4, 5;
T_8.2 ;
T_8.1 ;
    %jmp T_8;
    .thread T_8;
    .scope S_000002e399cec0a0;
T_9 ;
    %wait E_000002e399d51ba0;
    %load/vec4 v000002e399d9b8b0_0;
    %nor/r;
    %flag_set/vec4 8;
    %jmp/0xz  T_9.0, 8;
    %pushi/vec4 0, 0, 8;
    %assign/vec4 v000002e399d9d110_0, 0;
    %pushi/vec4 0, 0, 1;
    %assign/vec4 v000002e399d9b950_0, 0;
    %pushi/vec4 0, 0, 1;
    %assign/vec4 v000002e399d9d750_0, 0;
    %jmp T_9.1;
T_9.0 ;
    %load/vec4 v000002e399d9bbd0_0;
    %flag_set/vec4 8;
    %jmp/0xz  T_9.2, 8;
    %load/vec4 v000002e399d9c030_0;
    %cmpi/u 1, 0, 4;
    %flag_inv 5; GE is !LT
    %flag_get/vec4 5;
    %jmp/0 T_9.6, 5;
    %load/vec4 v000002e399d9c030_0;
    %cmpi/u 8, 0, 4;
    %flag_get/vec4 4;
    %flag_get/vec4 5;
    %or;
    %and;
T_9.6;
    %flag_set/vec4 8;
    %jmp/0xz  T_9.4, 8;
    %load/vec4 v000002e399d9ba90_0;
    %ix/load 5, 0, 0;
    %load/vec4 v000002e399d9c030_0;
    %pad/u 32;
    %subi 1, 0, 32;
    %ix/vec4 4;
    %assign/vec4/off/d v000002e399d9d110_0, 4, 5;
T_9.4 ;
    %load/vec4 v000002e399d9c030_0;
    %cmpi/e 8, 0, 4;
    %jmp/0xz  T_9.7, 4;
    %load/vec4 v000002e399d9d110_0;
    %parti/s 7, 0, 2;
    %load/vec4 v000002e399d9ba90_0;
    %concat/vec4; draw_concat_vec4
    %xor/r;
    %assign/vec4 v000002e399d9d750_0, 0;
T_9.7 ;
    %load/vec4 v000002e399d9c030_0;
    %cmpi/e 9, 0, 4;
    %jmp/0xz  T_9.9, 4;
    %load/vec4 v000002e399d9c0d0_0;
    %flag_set/vec4 8;
    %jmp/0xz  T_9.11, 8;
    %load/vec4 v000002e399d9d750_0;
    %nor/r;
    %load/vec4 v000002e399d9ba90_0;
    %cmp/e;
    %jmp/0xz  T_9.13, 4;
    %pushi/vec4 0, 0, 1;
    %assign/vec4 v000002e399d9b950_0, 0;
    %jmp T_9.14;
T_9.13 ;
    %pushi/vec4 1, 0, 1;
    %assign/vec4 v000002e399d9b950_0, 0;
T_9.14 ;
T_9.11 ;
    %load/vec4 v000002e399d9c0d0_0;
    %nor/r;
    %flag_set/vec4 8;
    %jmp/0xz  T_9.15, 8;
    %load/vec4 v000002e399d9d750_0;
    %load/vec4 v000002e399d9ba90_0;
    %cmp/e;
    %jmp/0xz  T_9.17, 4;
    %pushi/vec4 0, 0, 1;
    %assign/vec4 v000002e399d9b950_0, 0;
    %jmp T_9.18;
T_9.17 ;
    %pushi/vec4 1, 0, 1;
    %assign/vec4 v000002e399d9b950_0, 0;
T_9.18 ;
T_9.15 ;
T_9.9 ;
T_9.2 ;
T_9.1 ;
    %jmp T_9;
    .thread T_9;
    .scope S_000002e399c9e8d0;
T_10 ;
    %wait E_000002e399d51ba0;
    %load/vec4 v000002e399d9bc70_0;
    %nor/r;
    %flag_set/vec4 8;
    %jmp/0xz  T_10.0, 8;
    %pushi/vec4 0, 0, 1;
    %assign/vec4 v000002e399d9be50_0, 0;
    %jmp T_10.1;
T_10.0 ;
    %load/vec4 v000002e399d9bd10_0;
    %flag_set/vec4 8;
    %jmp/0xz  T_10.2, 8;
    %load/vec4 v000002e399d9c170_0;
    %pad/u 32;
    %cmpi/e 0, 0, 32;
    %jmp/0xz  T_10.4, 4;
    %pushi/vec4 0, 0, 1;
    %assign/vec4 v000002e399d9be50_0, 0;
    %jmp T_10.5;
T_10.4 ;
    %pushi/vec4 1, 0, 1;
    %assign/vec4 v000002e399d9be50_0, 0;
T_10.5 ;
T_10.2 ;
T_10.1 ;
    %jmp T_10;
    .thread T_10;
    .scope S_000002e399c9ea60;
T_11 ;
    %wait E_000002e399d51ba0;
    %load/vec4 v000002e399d9c350_0;
    %nor/r;
    %flag_set/vec4 8;
    %jmp/0xz  T_11.0, 8;
    %pushi/vec4 0, 0, 1;
    %assign/vec4 v000002e399d9c210_0, 0;
    %jmp T_11.1;
T_11.0 ;
    %load/vec4 v000002e399d9c3f0_0;
    %flag_set/vec4 8;
    %jmp/0xz  T_11.2, 8;
    %load/vec4 v000002e399d9ccb0_0;
    %pad/u 32;
    %cmpi/e 1, 0, 32;
    %jmp/0xz  T_11.4, 4;
    %pushi/vec4 0, 0, 1;
    %assign/vec4 v000002e399d9c210_0, 0;
    %jmp T_11.5;
T_11.4 ;
    %pushi/vec4 1, 0, 1;
    %assign/vec4 v000002e399d9c210_0, 0;
T_11.5 ;
T_11.2 ;
T_11.1 ;
    %jmp T_11;
    .thread T_11;
    .scope S_000002e399cfbfc0;
T_12 ;
    %wait E_000002e399d51ba0;
    %load/vec4 v000002e399d3c190_0;
    %nor/r;
    %flag_set/vec4 8;
    %jmp/0xz  T_12.0, 8;
    %pushi/vec4 1, 0, 6;
    %assign/vec4 v000002e399d3c730_0, 0;
    %jmp T_12.1;
T_12.0 ;
    %load/vec4 v000002e399d3c0f0_0;
    %assign/vec4 v000002e399d3c730_0, 0;
T_12.1 ;
    %jmp T_12;
    .thread T_12;
    .scope S_000002e399cfbfc0;
T_13 ;
    %wait E_000002e399d51e60;
    %load/vec4 v000002e399d3c730_0;
    %dup/vec4;
    %pushi/vec4 1, 0, 6;
    %cmp/u;
    %jmp/1 T_13.0, 6;
    %dup/vec4;
    %pushi/vec4 2, 0, 6;
    %cmp/u;
    %jmp/1 T_13.1, 6;
    %dup/vec4;
    %pushi/vec4 4, 0, 6;
    %cmp/u;
    %jmp/1 T_13.2, 6;
    %dup/vec4;
    %pushi/vec4 8, 0, 6;
    %cmp/u;
    %jmp/1 T_13.3, 6;
    %dup/vec4;
    %pushi/vec4 16, 0, 6;
    %cmp/u;
    %jmp/1 T_13.4, 6;
    %dup/vec4;
    %pushi/vec4 32, 0, 6;
    %cmp/u;
    %jmp/1 T_13.5, 6;
    %pushi/vec4 1, 0, 6;
    %store/vec4 v000002e399d3c0f0_0, 0, 6;
    %jmp T_13.7;
T_13.0 ;
    %load/vec4 v000002e399d3ca50_0;
    %pad/u 32;
    %cmpi/e 0, 0, 32;
    %jmp/0xz  T_13.8, 4;
    %pushi/vec4 2, 0, 6;
    %store/vec4 v000002e399d3c0f0_0, 0, 6;
    %jmp T_13.9;
T_13.8 ;
    %pushi/vec4 1, 0, 6;
    %store/vec4 v000002e399d3c0f0_0, 0, 6;
T_13.9 ;
    %jmp T_13.7;
T_13.1 ;
    %load/vec4 v000002e399d3c4b0_0;
    %pad/u 32;
    %load/vec4 v000002e399d3c2d0_0;
    %pad/u 32;
    %subi 1, 0, 32;
    %cmp/e;
    %jmp/0xz  T_13.10, 4;
    %load/vec4 v000002e399d3ccd0_0;
    %nor/r;
    %flag_set/vec4 8;
    %jmp/0xz  T_13.12, 8;
    %pushi/vec4 4, 0, 6;
    %store/vec4 v000002e399d3c0f0_0, 0, 6;
    %jmp T_13.13;
T_13.12 ;
    %pushi/vec4 1, 0, 6;
    %store/vec4 v000002e399d3c0f0_0, 0, 6;
T_13.13 ;
    %jmp T_13.11;
T_13.10 ;
    %pushi/vec4 2, 0, 6;
    %store/vec4 v000002e399d3c0f0_0, 0, 6;
T_13.11 ;
    %jmp T_13.7;
T_13.2 ;
    %load/vec4 v000002e399d3c230_0;
    %pad/u 32;
    %cmpi/u 1, 0, 32;
    %flag_inv 5; GE is !LT
    %flag_get/vec4 5;
    %jmp/0 T_13.16, 5;
    %load/vec4 v000002e399d3c230_0;
    %pad/u 32;
    %cmpi/u 8, 0, 32;
    %flag_get/vec4 4;
    %flag_get/vec4 5;
    %or;
    %and;
T_13.16;
    %flag_set/vec4 8;
    %jmp/0xz  T_13.14, 8;
    %pushi/vec4 4, 0, 6;
    %store/vec4 v000002e399d3c0f0_0, 0, 6;
    %jmp T_13.15;
T_13.14 ;
    %load/vec4 v000002e399d3c870_0;
    %flag_set/vec4 8;
    %jmp/0xz  T_13.17, 8;
    %pushi/vec4 8, 0, 6;
    %store/vec4 v000002e399d3c0f0_0, 0, 6;
    %jmp T_13.18;
T_13.17 ;
    %pushi/vec4 16, 0, 6;
    %store/vec4 v000002e399d3c0f0_0, 0, 6;
T_13.18 ;
T_13.15 ;
    %jmp T_13.7;
T_13.3 ;
    %load/vec4 v000002e399d3c4b0_0;
    %pad/u 32;
    %load/vec4 v000002e399d3c2d0_0;
    %pad/u 32;
    %subi 1, 0, 32;
    %cmp/e;
    %jmp/0xz  T_13.19, 4;
    %load/vec4 v000002e399d3cf50_0;
    %nor/r;
    %flag_set/vec4 8;
    %jmp/0xz  T_13.21, 8;
    %pushi/vec4 16, 0, 6;
    %store/vec4 v000002e399d3c0f0_0, 0, 6;
    %jmp T_13.22;
T_13.21 ;
    %pushi/vec4 1, 0, 6;
    %store/vec4 v000002e399d3c0f0_0, 0, 6;
T_13.22 ;
    %jmp T_13.20;
T_13.19 ;
    %pushi/vec4 8, 0, 6;
    %store/vec4 v000002e399d3c0f0_0, 0, 6;
T_13.20 ;
    %jmp T_13.7;
T_13.4 ;
    %load/vec4 v000002e399d3c4b0_0;
    %pad/u 32;
    %load/vec4 v000002e399d3c2d0_0;
    %pad/u 32;
    %subi 1, 0, 32;
    %cmp/e;
    %jmp/0xz  T_13.23, 4;
    %load/vec4 v000002e399d3c410_0;
    %nor/r;
    %flag_set/vec4 8;
    %jmp/0xz  T_13.25, 8;
    %pushi/vec4 32, 0, 6;
    %store/vec4 v000002e399d3c0f0_0, 0, 6;
    %jmp T_13.26;
T_13.25 ;
    %pushi/vec4 1, 0, 6;
    %store/vec4 v000002e399d3c0f0_0, 0, 6;
T_13.26 ;
    %jmp T_13.24;
T_13.23 ;
    %pushi/vec4 16, 0, 6;
    %store/vec4 v000002e399d3c0f0_0, 0, 6;
T_13.24 ;
    %jmp T_13.7;
T_13.5 ;
    %load/vec4 v000002e399d3c4b0_0;
    %pad/u 32;
    %load/vec4 v000002e399d3c2d0_0;
    %pad/u 32;
    %subi 1, 0, 32;
    %cmp/e;
    %jmp/0xz  T_13.27, 4;
    %load/vec4 v000002e399d3ca50_0;
    %pad/u 32;
    %cmpi/e 0, 0, 32;
    %jmp/0xz  T_13.29, 4;
    %pushi/vec4 2, 0, 6;
    %store/vec4 v000002e399d3c0f0_0, 0, 6;
    %jmp T_13.30;
T_13.29 ;
    %pushi/vec4 1, 0, 6;
    %store/vec4 v000002e399d3c0f0_0, 0, 6;
T_13.30 ;
    %jmp T_13.28;
T_13.27 ;
    %pushi/vec4 32, 0, 6;
    %store/vec4 v000002e399d3c0f0_0, 0, 6;
T_13.28 ;
    %jmp T_13.7;
T_13.7 ;
    %pop/vec4 1;
    %jmp T_13;
    .thread T_13, $push;
    .scope S_000002e399cfbfc0;
T_14 ;
    %wait E_000002e399d51ee0;
    %pushi/vec4 0, 0, 1;
    %store/vec4 v000002e399d3ce10_0, 0, 1;
    %pushi/vec4 0, 0, 1;
    %store/vec4 v000002e399d3c050_0, 0, 1;
    %pushi/vec4 0, 0, 1;
    %store/vec4 v000002e399d3c7d0_0, 0, 1;
    %pushi/vec4 0, 0, 1;
    %store/vec4 v000002e399d3c910_0, 0, 1;
    %pushi/vec4 0, 0, 1;
    %store/vec4 v000002e399d3c370_0, 0, 1;
    %pushi/vec4 0, 0, 1;
    %store/vec4 v000002e399d3caf0_0, 0, 1;
    %pushi/vec4 0, 0, 1;
    %store/vec4 v000002e399d3ceb0_0, 0, 1;
    %pushi/vec4 0, 0, 1;
    %store/vec4 v000002e399d3c9b0_0, 0, 1;
    %load/vec4 v000002e399d3c730_0;
    %dup/vec4;
    %pushi/vec4 1, 0, 6;
    %cmp/u;
    %jmp/1 T_14.0, 6;
    %dup/vec4;
    %pushi/vec4 2, 0, 6;
    %cmp/u;
    %jmp/1 T_14.1, 6;
    %dup/vec4;
    %pushi/vec4 4, 0, 6;
    %cmp/u;
    %jmp/1 T_14.2, 6;
    %dup/vec4;
    %pushi/vec4 8, 0, 6;
    %cmp/u;
    %jmp/1 T_14.3, 6;
    %dup/vec4;
    %pushi/vec4 16, 0, 6;
    %cmp/u;
    %jmp/1 T_14.4, 6;
    %dup/vec4;
    %pushi/vec4 32, 0, 6;
    %cmp/u;
    %jmp/1 T_14.5, 6;
    %jmp T_14.7;
T_14.0 ;
    %pushi/vec4 1, 0, 1;
    %store/vec4 v000002e399d3c9b0_0, 0, 1;
    %jmp T_14.7;
T_14.1 ;
    %pushi/vec4 1, 0, 1;
    %store/vec4 v000002e399d3caf0_0, 0, 1;
    %pushi/vec4 1, 0, 1;
    %store/vec4 v000002e399d3ce10_0, 0, 1;
    %pushi/vec4 1, 0, 1;
    %store/vec4 v000002e399d3c050_0, 0, 1;
    %jmp T_14.7;
T_14.2 ;
    %pushi/vec4 1, 0, 1;
    %store/vec4 v000002e399d3c050_0, 0, 1;
    %pushi/vec4 1, 0, 1;
    %store/vec4 v000002e399d3ce10_0, 0, 1;
    %pushi/vec4 1, 0, 1;
    %store/vec4 v000002e399d3c7d0_0, 0, 1;
    %jmp T_14.7;
T_14.3 ;
    %pushi/vec4 1, 0, 1;
    %store/vec4 v000002e399d3c050_0, 0, 1;
    %pushi/vec4 1, 0, 1;
    %store/vec4 v000002e399d3ce10_0, 0, 1;
    %pushi/vec4 1, 0, 1;
    %store/vec4 v000002e399d3ceb0_0, 0, 1;
    %jmp T_14.7;
T_14.4 ;
    %pushi/vec4 1, 0, 1;
    %store/vec4 v000002e399d3c050_0, 0, 1;
    %pushi/vec4 1, 0, 1;
    %store/vec4 v000002e399d3ce10_0, 0, 1;
    %pushi/vec4 1, 0, 1;
    %store/vec4 v000002e399d3c370_0, 0, 1;
    %jmp T_14.7;
T_14.5 ;
    %pushi/vec4 1, 0, 1;
    %store/vec4 v000002e399d3c910_0, 0, 1;
    %pushi/vec4 1, 0, 1;
    %store/vec4 v000002e399d3c9b0_0, 0, 1;
    %jmp T_14.7;
T_14.7 ;
    %pop/vec4 1;
    %jmp T_14;
    .thread T_14, $push;
    .scope S_000002e399ce4370;
T_15 ;
    %pushi/real 1887436800, 4082; load=115200.
    %store/real v000002e399db5bf0_0;
    %end;
    .thread T_15;
    .scope S_000002e399ce4370;
T_16 ;
    %pushi/vec4 0, 0, 1;
    %store/vec4 v000002e399db4890_0, 0, 1;
    %load/real v000002e399db56f0_0;
    %pushi/real 1073741824, 4067; load=2.00000
    %div/wr;
    %pushi/real 2097152000, 4075; load=1000.00
    %mul/wr;
    %cvt/vr 64;
    %muli 1, 0, 64;
    %ix/vec4 4;
    %delayx 4;
    %pushi/vec4 1, 0, 1;
    %store/vec4 v000002e399db4890_0, 0, 1;
    %load/real v000002e399db56f0_0;
    %pushi/real 1073741824, 4067; load=2.00000
    %div/wr;
    %pushi/real 2097152000, 4075; load=1000.00
    %mul/wr;
    %cvt/vr 64;
    %muli 1, 0, 64;
    %ix/vec4 4;
    %delayx 4;
    %jmp T_16;
    .thread T_16;
    .scope S_000002e399ce4370;
T_17 ;
    %vpi_call 2 50 "$dumpfile", "UART_RX.vcd" {0 0 0};
    %vpi_call 2 51 "$dumpvars" {0 0 0};
    %fork TD_UART_RX_tb.initialize, S_000002e399d0e2c0;
    %join;
    %vpi_call 2 56 "$display", "Test case 1 :Prescale=8 with parity enable=0 " {0 0 0};
    %pushi/vec4 8, 0, 6;
    %store/vec4 v000002e399db4ed0_0, 0, 6;
    %pushi/vec4 0, 0, 1;
    %store/vec4 v000002e399db5c90_0, 0, 1;
    %pushi/vec4 0, 0, 1;
    %store/vec4 v000002e399db5510_0, 0, 1;
    %fork TD_UART_RX_tb.set_prescale, S_000002e399cfc330;
    %join;
    %pushi/vec4 171, 0, 8;
    %store/vec4 v000002e399db50b0_0, 0, 8;
    %pushi/vec4 0, 0, 1;
    %store/vec4 v000002e399db5f10_0, 0, 1;
    %pushi/vec4 0, 0, 1;
    %store/vec4 v000002e399db5470_0, 0, 1;
    %fork TD_UART_RX_tb.frame, S_000002e399d16f60;
    %join;
    %pushi/vec4 171, 0, 8;
    %store/vec4 v000002e399db4570_0, 0, 8;
    %pushi/vec4 0, 0, 1;
    %store/vec4 v000002e399db4d90_0, 0, 1;
    %pushi/vec4 0, 0, 1;
    %store/vec4 v000002e399db5dd0_0, 0, 1;
    %fork TD_UART_RX_tb.check_output, S_000002e399d16dd0;
    %join;
    %load/vec4 v000002e399db4f70_0;
T_17.0 %dup/vec4;
    %pushi/vec4 0, 0, 6;
    %cmp/u;
    %jmp/1 T_17.1, 4;
    %pushi/vec4 1, 0, 6;
    %sub;
    %load/real v000002e399db56f0_0;
    %pushi/real 2097152000, 4075; load=1000.00
    %mul/wr;
    %cvt/vr 64;
    %muli 1, 0, 64;
    %ix/vec4 4;
    %delayx 4;
    %jmp T_17.0;
T_17.1 ;
    %pop/vec4 1;
    %fork TD_UART_RX_tb.reset, S_000002e399d0e450;
    %join;
    %load/vec4 v000002e399db4f70_0;
T_17.2 %dup/vec4;
    %pushi/vec4 0, 0, 6;
    %cmp/u;
    %jmp/1 T_17.3, 4;
    %pushi/vec4 1, 0, 6;
    %sub;
    %load/real v000002e399db56f0_0;
    %pushi/real 2097152000, 4075; load=1000.00
    %mul/wr;
    %cvt/vr 64;
    %muli 1, 0, 64;
    %ix/vec4 4;
    %delayx 4;
    %jmp T_17.2;
T_17.3 ;
    %pop/vec4 1;
    %vpi_call 2 64 "$display", "Test case 2 :Prescale=8 with parity enable=1 and the type of the parity is even parity " {0 0 0};
    %pushi/vec4 8, 0, 6;
    %store/vec4 v000002e399db4ed0_0, 0, 6;
    %pushi/vec4 1, 0, 1;
    %store/vec4 v000002e399db5c90_0, 0, 1;
    %pushi/vec4 0, 0, 1;
    %store/vec4 v000002e399db5510_0, 0, 1;
    %fork TD_UART_RX_tb.set_prescale, S_000002e399cfc330;
    %join;
    %pushi/vec4 171, 0, 8;
    %store/vec4 v000002e399db50b0_0, 0, 8;
    %pushi/vec4 1, 0, 1;
    %store/vec4 v000002e399db5f10_0, 0, 1;
    %pushi/vec4 0, 0, 1;
    %store/vec4 v000002e399db5470_0, 0, 1;
    %fork TD_UART_RX_tb.frame, S_000002e399d16f60;
    %join;
    %pushi/vec4 171, 0, 8;
    %store/vec4 v000002e399db4570_0, 0, 8;
    %pushi/vec4 1, 0, 1;
    %store/vec4 v000002e399db4d90_0, 0, 1;
    %pushi/vec4 0, 0, 1;
    %store/vec4 v000002e399db5dd0_0, 0, 1;
    %fork TD_UART_RX_tb.check_output, S_000002e399d16dd0;
    %join;
    %load/vec4 v000002e399db4f70_0;
T_17.4 %dup/vec4;
    %pushi/vec4 0, 0, 6;
    %cmp/u;
    %jmp/1 T_17.5, 4;
    %pushi/vec4 1, 0, 6;
    %sub;
    %load/real v000002e399db56f0_0;
    %pushi/real 2097152000, 4075; load=1000.00
    %mul/wr;
    %cvt/vr 64;
    %muli 1, 0, 64;
    %ix/vec4 4;
    %delayx 4;
    %jmp T_17.4;
T_17.5 ;
    %pop/vec4 1;
    %fork TD_UART_RX_tb.reset, S_000002e399d0e450;
    %join;
    %load/vec4 v000002e399db4f70_0;
T_17.6 %dup/vec4;
    %pushi/vec4 0, 0, 6;
    %cmp/u;
    %jmp/1 T_17.7, 4;
    %pushi/vec4 1, 0, 6;
    %sub;
    %load/real v000002e399db56f0_0;
    %pushi/real 2097152000, 4075; load=1000.00
    %mul/wr;
    %cvt/vr 64;
    %muli 1, 0, 64;
    %ix/vec4 4;
    %delayx 4;
    %jmp T_17.6;
T_17.7 ;
    %pop/vec4 1;
    %vpi_call 2 72 "$display", "Test case 3 :Prescale=8 with parity enable=1 and the type of the parity is odd parity " {0 0 0};
    %pushi/vec4 8, 0, 6;
    %store/vec4 v000002e399db4ed0_0, 0, 6;
    %pushi/vec4 1, 0, 1;
    %store/vec4 v000002e399db5c90_0, 0, 1;
    %pushi/vec4 1, 0, 1;
    %store/vec4 v000002e399db5510_0, 0, 1;
    %fork TD_UART_RX_tb.set_prescale, S_000002e399cfc330;
    %join;
    %pushi/vec4 171, 0, 8;
    %store/vec4 v000002e399db50b0_0, 0, 8;
    %pushi/vec4 1, 0, 1;
    %store/vec4 v000002e399db5f10_0, 0, 1;
    %pushi/vec4 1, 0, 1;
    %store/vec4 v000002e399db5470_0, 0, 1;
    %fork TD_UART_RX_tb.frame, S_000002e399d16f60;
    %join;
    %pushi/vec4 171, 0, 8;
    %store/vec4 v000002e399db4570_0, 0, 8;
    %pushi/vec4 1, 0, 1;
    %store/vec4 v000002e399db4d90_0, 0, 1;
    %pushi/vec4 1, 0, 1;
    %store/vec4 v000002e399db5dd0_0, 0, 1;
    %fork TD_UART_RX_tb.check_output, S_000002e399d16dd0;
    %join;
    %load/vec4 v000002e399db4f70_0;
T_17.8 %dup/vec4;
    %pushi/vec4 0, 0, 6;
    %cmp/u;
    %jmp/1 T_17.9, 4;
    %pushi/vec4 1, 0, 6;
    %sub;
    %load/real v000002e399db56f0_0;
    %pushi/real 2097152000, 4075; load=1000.00
    %mul/wr;
    %cvt/vr 64;
    %muli 1, 0, 64;
    %ix/vec4 4;
    %delayx 4;
    %jmp T_17.8;
T_17.9 ;
    %pop/vec4 1;
    %fork TD_UART_RX_tb.reset, S_000002e399d0e450;
    %join;
    %load/vec4 v000002e399db4f70_0;
T_17.10 %dup/vec4;
    %pushi/vec4 0, 0, 6;
    %cmp/u;
    %jmp/1 T_17.11, 4;
    %pushi/vec4 1, 0, 6;
    %sub;
    %load/real v000002e399db56f0_0;
    %pushi/real 2097152000, 4075; load=1000.00
    %mul/wr;
    %cvt/vr 64;
    %muli 1, 0, 64;
    %ix/vec4 4;
    %delayx 4;
    %jmp T_17.10;
T_17.11 ;
    %pop/vec4 1;
    %vpi_call 2 80 "$display", "Test case 4 :Prescale=16 with parity enable=0 " {0 0 0};
    %pushi/vec4 16, 0, 6;
    %store/vec4 v000002e399db4ed0_0, 0, 6;
    %pushi/vec4 0, 0, 1;
    %store/vec4 v000002e399db5c90_0, 0, 1;
    %pushi/vec4 0, 0, 1;
    %store/vec4 v000002e399db5510_0, 0, 1;
    %fork TD_UART_RX_tb.set_prescale, S_000002e399cfc330;
    %join;
    %pushi/vec4 205, 0, 8;
    %store/vec4 v000002e399db50b0_0, 0, 8;
    %pushi/vec4 0, 0, 1;
    %store/vec4 v000002e399db5f10_0, 0, 1;
    %pushi/vec4 0, 0, 1;
    %store/vec4 v000002e399db5470_0, 0, 1;
    %fork TD_UART_RX_tb.frame, S_000002e399d16f60;
    %join;
    %pushi/vec4 205, 0, 8;
    %store/vec4 v000002e399db4570_0, 0, 8;
    %pushi/vec4 0, 0, 1;
    %store/vec4 v000002e399db4d90_0, 0, 1;
    %pushi/vec4 0, 0, 1;
    %store/vec4 v000002e399db5dd0_0, 0, 1;
    %fork TD_UART_RX_tb.check_output, S_000002e399d16dd0;
    %join;
    %load/vec4 v000002e399db4f70_0;
T_17.12 %dup/vec4;
    %pushi/vec4 0, 0, 6;
    %cmp/u;
    %jmp/1 T_17.13, 4;
    %pushi/vec4 1, 0, 6;
    %sub;
    %load/real v000002e399db56f0_0;
    %pushi/real 2097152000, 4075; load=1000.00
    %mul/wr;
    %cvt/vr 64;
    %muli 1, 0, 64;
    %ix/vec4 4;
    %delayx 4;
    %jmp T_17.12;
T_17.13 ;
    %pop/vec4 1;
    %fork TD_UART_RX_tb.reset, S_000002e399d0e450;
    %join;
    %load/vec4 v000002e399db4f70_0;
T_17.14 %dup/vec4;
    %pushi/vec4 0, 0, 6;
    %cmp/u;
    %jmp/1 T_17.15, 4;
    %pushi/vec4 1, 0, 6;
    %sub;
    %load/real v000002e399db56f0_0;
    %pushi/real 2097152000, 4075; load=1000.00
    %mul/wr;
    %cvt/vr 64;
    %muli 1, 0, 64;
    %ix/vec4 4;
    %delayx 4;
    %jmp T_17.14;
T_17.15 ;
    %pop/vec4 1;
    %vpi_call 2 88 "$display", "Test case 5 :Prescale=16 with parity enable=1 and the type of the parity is even parity " {0 0 0};
    %pushi/vec4 16, 0, 6;
    %store/vec4 v000002e399db4ed0_0, 0, 6;
    %pushi/vec4 1, 0, 1;
    %store/vec4 v000002e399db5c90_0, 0, 1;
    %pushi/vec4 0, 0, 1;
    %store/vec4 v000002e399db5510_0, 0, 1;
    %fork TD_UART_RX_tb.set_prescale, S_000002e399cfc330;
    %join;
    %pushi/vec4 205, 0, 8;
    %store/vec4 v000002e399db50b0_0, 0, 8;
    %pushi/vec4 1, 0, 1;
    %store/vec4 v000002e399db5f10_0, 0, 1;
    %pushi/vec4 0, 0, 1;
    %store/vec4 v000002e399db5470_0, 0, 1;
    %fork TD_UART_RX_tb.frame, S_000002e399d16f60;
    %join;
    %pushi/vec4 205, 0, 8;
    %store/vec4 v000002e399db4570_0, 0, 8;
    %pushi/vec4 1, 0, 1;
    %store/vec4 v000002e399db4d90_0, 0, 1;
    %pushi/vec4 0, 0, 1;
    %store/vec4 v000002e399db5dd0_0, 0, 1;
    %fork TD_UART_RX_tb.check_output, S_000002e399d16dd0;
    %join;
    %load/vec4 v000002e399db4f70_0;
T_17.16 %dup/vec4;
    %pushi/vec4 0, 0, 6;
    %cmp/u;
    %jmp/1 T_17.17, 4;
    %pushi/vec4 1, 0, 6;
    %sub;
    %load/real v000002e399db56f0_0;
    %pushi/real 2097152000, 4075; load=1000.00
    %mul/wr;
    %cvt/vr 64;
    %muli 1, 0, 64;
    %ix/vec4 4;
    %delayx 4;
    %jmp T_17.16;
T_17.17 ;
    %pop/vec4 1;
    %fork TD_UART_RX_tb.reset, S_000002e399d0e450;
    %join;
    %load/vec4 v000002e399db4f70_0;
T_17.18 %dup/vec4;
    %pushi/vec4 0, 0, 6;
    %cmp/u;
    %jmp/1 T_17.19, 4;
    %pushi/vec4 1, 0, 6;
    %sub;
    %load/real v000002e399db56f0_0;
    %pushi/real 2097152000, 4075; load=1000.00
    %mul/wr;
    %cvt/vr 64;
    %muli 1, 0, 64;
    %ix/vec4 4;
    %delayx 4;
    %jmp T_17.18;
T_17.19 ;
    %pop/vec4 1;
    %vpi_call 2 96 "$display", "Test case 6 :Prescale=16 with parity enable=1 and the type of the parity is odd parity " {0 0 0};
    %pushi/vec4 16, 0, 6;
    %store/vec4 v000002e399db4ed0_0, 0, 6;
    %pushi/vec4 1, 0, 1;
    %store/vec4 v000002e399db5c90_0, 0, 1;
    %pushi/vec4 1, 0, 1;
    %store/vec4 v000002e399db5510_0, 0, 1;
    %fork TD_UART_RX_tb.set_prescale, S_000002e399cfc330;
    %join;
    %pushi/vec4 205, 0, 8;
    %store/vec4 v000002e399db50b0_0, 0, 8;
    %pushi/vec4 1, 0, 1;
    %store/vec4 v000002e399db5f10_0, 0, 1;
    %pushi/vec4 1, 0, 1;
    %store/vec4 v000002e399db5470_0, 0, 1;
    %fork TD_UART_RX_tb.frame, S_000002e399d16f60;
    %join;
    %pushi/vec4 205, 0, 8;
    %store/vec4 v000002e399db4570_0, 0, 8;
    %pushi/vec4 1, 0, 1;
    %store/vec4 v000002e399db4d90_0, 0, 1;
    %pushi/vec4 1, 0, 1;
    %store/vec4 v000002e399db5dd0_0, 0, 1;
    %fork TD_UART_RX_tb.check_output, S_000002e399d16dd0;
    %join;
    %load/vec4 v000002e399db4f70_0;
T_17.20 %dup/vec4;
    %pushi/vec4 0, 0, 6;
    %cmp/u;
    %jmp/1 T_17.21, 4;
    %pushi/vec4 1, 0, 6;
    %sub;
    %load/real v000002e399db56f0_0;
    %pushi/real 2097152000, 4075; load=1000.00
    %mul/wr;
    %cvt/vr 64;
    %muli 1, 0, 64;
    %ix/vec4 4;
    %delayx 4;
    %jmp T_17.20;
T_17.21 ;
    %pop/vec4 1;
    %fork TD_UART_RX_tb.reset, S_000002e399d0e450;
    %join;
    %load/vec4 v000002e399db4f70_0;
T_17.22 %dup/vec4;
    %pushi/vec4 0, 0, 6;
    %cmp/u;
    %jmp/1 T_17.23, 4;
    %pushi/vec4 1, 0, 6;
    %sub;
    %load/real v000002e399db56f0_0;
    %pushi/real 2097152000, 4075; load=1000.00
    %mul/wr;
    %cvt/vr 64;
    %muli 1, 0, 64;
    %ix/vec4 4;
    %delayx 4;
    %jmp T_17.22;
T_17.23 ;
    %pop/vec4 1;
    %vpi_call 2 104 "$display", "Test case 7 :Prescale=32 with parity enable=0 " {0 0 0};
    %pushi/vec4 32, 0, 6;
    %store/vec4 v000002e399db4ed0_0, 0, 6;
    %pushi/vec4 0, 0, 1;
    %store/vec4 v000002e399db5c90_0, 0, 1;
    %pushi/vec4 0, 0, 1;
    %store/vec4 v000002e399db5510_0, 0, 1;
    %fork TD_UART_RX_tb.set_prescale, S_000002e399cfc330;
    %join;
    %pushi/vec4 239, 0, 8;
    %store/vec4 v000002e399db50b0_0, 0, 8;
    %pushi/vec4 0, 0, 1;
    %store/vec4 v000002e399db5f10_0, 0, 1;
    %pushi/vec4 0, 0, 1;
    %store/vec4 v000002e399db5470_0, 0, 1;
    %fork TD_UART_RX_tb.frame, S_000002e399d16f60;
    %join;
    %pushi/vec4 239, 0, 8;
    %store/vec4 v000002e399db4570_0, 0, 8;
    %pushi/vec4 0, 0, 1;
    %store/vec4 v000002e399db4d90_0, 0, 1;
    %pushi/vec4 0, 0, 1;
    %store/vec4 v000002e399db5dd0_0, 0, 1;
    %fork TD_UART_RX_tb.check_output, S_000002e399d16dd0;
    %join;
    %load/vec4 v000002e399db4f70_0;
T_17.24 %dup/vec4;
    %pushi/vec4 0, 0, 6;
    %cmp/u;
    %jmp/1 T_17.25, 4;
    %pushi/vec4 1, 0, 6;
    %sub;
    %load/real v000002e399db56f0_0;
    %pushi/real 2097152000, 4075; load=1000.00
    %mul/wr;
    %cvt/vr 64;
    %muli 1, 0, 64;
    %ix/vec4 4;
    %delayx 4;
    %jmp T_17.24;
T_17.25 ;
    %pop/vec4 1;
    %fork TD_UART_RX_tb.reset, S_000002e399d0e450;
    %join;
    %load/vec4 v000002e399db4f70_0;
T_17.26 %dup/vec4;
    %pushi/vec4 0, 0, 6;
    %cmp/u;
    %jmp/1 T_17.27, 4;
    %pushi/vec4 1, 0, 6;
    %sub;
    %load/real v000002e399db56f0_0;
    %pushi/real 2097152000, 4075; load=1000.00
    %mul/wr;
    %cvt/vr 64;
    %muli 1, 0, 64;
    %ix/vec4 4;
    %delayx 4;
    %jmp T_17.26;
T_17.27 ;
    %pop/vec4 1;
    %vpi_call 2 112 "$display", "Test case 8 :Prescale=32 with parity enable=1 and the type of the parity is even parity " {0 0 0};
    %pushi/vec4 32, 0, 6;
    %store/vec4 v000002e399db4ed0_0, 0, 6;
    %pushi/vec4 1, 0, 1;
    %store/vec4 v000002e399db5c90_0, 0, 1;
    %pushi/vec4 0, 0, 1;
    %store/vec4 v000002e399db5510_0, 0, 1;
    %fork TD_UART_RX_tb.set_prescale, S_000002e399cfc330;
    %join;
    %pushi/vec4 239, 0, 8;
    %store/vec4 v000002e399db50b0_0, 0, 8;
    %pushi/vec4 1, 0, 1;
    %store/vec4 v000002e399db5f10_0, 0, 1;
    %pushi/vec4 0, 0, 1;
    %store/vec4 v000002e399db5470_0, 0, 1;
    %fork TD_UART_RX_tb.frame, S_000002e399d16f60;
    %join;
    %pushi/vec4 239, 0, 8;
    %store/vec4 v000002e399db4570_0, 0, 8;
    %pushi/vec4 1, 0, 1;
    %store/vec4 v000002e399db4d90_0, 0, 1;
    %pushi/vec4 0, 0, 1;
    %store/vec4 v000002e399db5dd0_0, 0, 1;
    %fork TD_UART_RX_tb.check_output, S_000002e399d16dd0;
    %join;
    %load/vec4 v000002e399db4f70_0;
T_17.28 %dup/vec4;
    %pushi/vec4 0, 0, 6;
    %cmp/u;
    %jmp/1 T_17.29, 4;
    %pushi/vec4 1, 0, 6;
    %sub;
    %load/real v000002e399db56f0_0;
    %pushi/real 2097152000, 4075; load=1000.00
    %mul/wr;
    %cvt/vr 64;
    %muli 1, 0, 64;
    %ix/vec4 4;
    %delayx 4;
    %jmp T_17.28;
T_17.29 ;
    %pop/vec4 1;
    %fork TD_UART_RX_tb.reset, S_000002e399d0e450;
    %join;
    %load/vec4 v000002e399db4f70_0;
T_17.30 %dup/vec4;
    %pushi/vec4 0, 0, 6;
    %cmp/u;
    %jmp/1 T_17.31, 4;
    %pushi/vec4 1, 0, 6;
    %sub;
    %load/real v000002e399db56f0_0;
    %pushi/real 2097152000, 4075; load=1000.00
    %mul/wr;
    %cvt/vr 64;
    %muli 1, 0, 64;
    %ix/vec4 4;
    %delayx 4;
    %jmp T_17.30;
T_17.31 ;
    %pop/vec4 1;
    %vpi_call 2 120 "$display", "Test case 9 :Prescale=32 with parity enable=1 and the type of the parity is odd parity " {0 0 0};
    %pushi/vec4 32, 0, 6;
    %store/vec4 v000002e399db4ed0_0, 0, 6;
    %pushi/vec4 1, 0, 1;
    %store/vec4 v000002e399db5c90_0, 0, 1;
    %pushi/vec4 1, 0, 1;
    %store/vec4 v000002e399db5510_0, 0, 1;
    %fork TD_UART_RX_tb.set_prescale, S_000002e399cfc330;
    %join;
    %pushi/vec4 239, 0, 8;
    %store/vec4 v000002e399db50b0_0, 0, 8;
    %pushi/vec4 1, 0, 1;
    %store/vec4 v000002e399db5f10_0, 0, 1;
    %pushi/vec4 1, 0, 1;
    %store/vec4 v000002e399db5470_0, 0, 1;
    %fork TD_UART_RX_tb.frame, S_000002e399d16f60;
    %join;
    %pushi/vec4 239, 0, 8;
    %store/vec4 v000002e399db4570_0, 0, 8;
    %pushi/vec4 1, 0, 1;
    %store/vec4 v000002e399db4d90_0, 0, 1;
    %pushi/vec4 1, 0, 1;
    %store/vec4 v000002e399db5dd0_0, 0, 1;
    %fork TD_UART_RX_tb.check_output, S_000002e399d16dd0;
    %join;
    %load/vec4 v000002e399db4f70_0;
T_17.32 %dup/vec4;
    %pushi/vec4 0, 0, 6;
    %cmp/u;
    %jmp/1 T_17.33, 4;
    %pushi/vec4 1, 0, 6;
    %sub;
    %load/real v000002e399db56f0_0;
    %pushi/real 2097152000, 4075; load=1000.00
    %mul/wr;
    %cvt/vr 64;
    %muli 1, 0, 64;
    %ix/vec4 4;
    %delayx 4;
    %jmp T_17.32;
T_17.33 ;
    %pop/vec4 1;
    %fork TD_UART_RX_tb.reset, S_000002e399d0e450;
    %join;
    %load/vec4 v000002e399db4f70_0;
T_17.34 %dup/vec4;
    %pushi/vec4 0, 0, 6;
    %cmp/u;
    %jmp/1 T_17.35, 4;
    %pushi/vec4 1, 0, 6;
    %sub;
    %load/real v000002e399db56f0_0;
    %pushi/real 2097152000, 4075; load=1000.00
    %mul/wr;
    %cvt/vr 64;
    %muli 1, 0, 64;
    %ix/vec4 4;
    %delayx 4;
    %jmp T_17.34;
T_17.35 ;
    %pop/vec4 1;
    %vpi_call 2 128 "$finish" {0 0 0};
    %end;
    .thread T_17;
# The file index is used to find the file name in the following table.
:file_names 11;
    "N/A";
    "<interactive>";
    "UART_RX_tb.v";
    "./UART_RX.v";
    "./FSM.v";
    "./deserializer.v";
    "./data_sampling.v";
    "./edge_bit_counter.v";
    "./parity_checker.v";
    "./start_checker.v";
    "./stop_checker.v";
