#! /c/Source/iverilog-install/bin/vvp
:ivl_version "12.0 (devel)" "(s20150603-1539-g2693dd32b)";
:ivl_delay_selection "TYPICAL";
:vpi_time_precision + 0;
:vpi_module "C:\iverilog\lib\ivl\system.vpi";
:vpi_module "C:\iverilog\lib\ivl\vhdl_sys.vpi";
:vpi_module "C:\iverilog\lib\ivl\vhdl_textio.vpi";
:vpi_module "C:\iverilog\lib\ivl\v2005_math.vpi";
:vpi_module "C:\iverilog\lib\ivl\va_math.vpi";
S_000001bbb9d39da0 .scope module, "UART_TX" "UART_TX" 2 5;
 .timescale 0 0;
    .port_info 0 /INPUT 8 "TX_P_DATA";
    .port_info 1 /INPUT 1 "Data_valid";
    .port_info 2 /INPUT 1 "PAR_EN";
    .port_info 3 /INPUT 1 "PAR_TYP";
    .port_info 4 /INPUT 1 "CLK";
    .port_info 5 /INPUT 1 "RST";
    .port_info 6 /OUTPUT 1 "TX_OUT";
    .port_info 7 /OUTPUT 1 "busy";
P_000001bbb9d2e690 .param/l "Data_width" 0 2 6, +C4<00000000000000000000000000001000>;
o000001bbb9d51fb8 .functor BUFZ 1, C4<z>; HiZ drive
v000001bbb9da02c0_0 .net "CLK", 0 0, o000001bbb9d51fb8;  0 drivers
o000001bbb9d52018 .functor BUFZ 1, C4<z>; HiZ drive
v000001bbb9da0720_0 .net "Data_valid", 0 0, o000001bbb9d52018;  0 drivers
o000001bbb9d52078 .functor BUFZ 1, C4<z>; HiZ drive
v000001bbb9d9fb40_0 .net "PAR_EN", 0 0, o000001bbb9d52078;  0 drivers
o000001bbb9d52468 .functor BUFZ 1, C4<z>; HiZ drive
v000001bbb9d9f8c0_0 .net "PAR_TYP", 0 0, o000001bbb9d52468;  0 drivers
o000001bbb9d520a8 .functor BUFZ 1, C4<z>; HiZ drive
v000001bbb9d9fbe0_0 .net "RST", 0 0, o000001bbb9d520a8;  0 drivers
v000001bbb9d9ff00_0 .net "TX_OUT", 0 0, v000001bbb9d3bff0_0;  1 drivers
o000001bbb9d52498 .functor BUFZ 8, C4<zzzzzzzz>; HiZ drive
v000001bbb9da0400_0 .net "TX_P_DATA", 7 0, o000001bbb9d52498;  0 drivers
v000001bbb9d9ffa0_0 .net "busy", 0 0, v000001bbb9d49520_0;  1 drivers
v000001bbb9da19b0_0 .net "mux_sel_internal", 1 0, v000001bbb9d495c0_0;  1 drivers
v000001bbb9da0ab0_0 .net "par_bit_internal", 0 0, v000001bbb9da0180_0;  1 drivers
v000001bbb9da1c30_0 .net "ser_data_internal", 0 0, v000001bbb9d9faa0_0;  1 drivers
v000001bbb9da2450_0 .net "ser_done_internal", 0 0, v000001bbb9da0680_0;  1 drivers
v000001bbb9da0dd0_0 .net "ser_en_internal", 0 0, v000001bbb9d3bdc0_0;  1 drivers
S_000001bbb9d39f30 .scope module, "FSM1" "FSM" 2 51, 3 1 0, S_000001bbb9d39da0;
 .timescale 0 0;
    .port_info 0 /INPUT 1 "Data_valid";
    .port_info 1 /INPUT 1 "PAR_EN";
    .port_info 2 /INPUT 1 "ser_done";
    .port_info 3 /INPUT 1 "CLK";
    .port_info 4 /INPUT 1 "RST";
    .port_info 5 /OUTPUT 2 "mux_sel";
    .port_info 6 /OUTPUT 1 "ser_en";
    .port_info 7 /OUTPUT 1 "busy";
P_000001bbb9d271f0 .param/l "Idle" 1 3 21, C4<00001>;
P_000001bbb9d27228 .param/l "Parity_Bit" 1 3 24, C4<01000>;
P_000001bbb9d27260 .param/l "Send_data" 1 3 23, C4<00100>;
P_000001bbb9d27298 .param/l "Start_bit" 1 3 22, C4<00010>;
P_000001bbb9d272d0 .param/l "Stop_bit" 1 3 25, C4<10000>;
v000001bbb9d3a0c0_0 .net "CLK", 0 0, o000001bbb9d51fb8;  alias, 0 drivers
v000001bbb9d3a160_0 .var "Current_state", 4 0;
v000001bbb9d492a0_0 .net "Data_valid", 0 0, o000001bbb9d52018;  alias, 0 drivers
v000001bbb9d49340_0 .var "Next_state", 4 0;
v000001bbb9d493e0_0 .net "PAR_EN", 0 0, o000001bbb9d52078;  alias, 0 drivers
v000001bbb9d49480_0 .net "RST", 0 0, o000001bbb9d520a8;  alias, 0 drivers
v000001bbb9d49520_0 .var "busy", 0 0;
v000001bbb9d495c0_0 .var "mux_sel", 1 0;
v000001bbb9d49660_0 .net "ser_done", 0 0, v000001bbb9da0680_0;  alias, 1 drivers
v000001bbb9d3bdc0_0 .var "ser_en", 0 0;
E_000001bbb9d2e8d0 .event anyedge, v000001bbb9d3a160_0;
E_000001bbb9d2eb10 .event anyedge, v000001bbb9d3a160_0, v000001bbb9d492a0_0, v000001bbb9d49660_0, v000001bbb9d493e0_0;
E_000001bbb9d2ef10/0 .event negedge, v000001bbb9d49480_0;
E_000001bbb9d2ef10/1 .event posedge, v000001bbb9d3a0c0_0;
E_000001bbb9d2ef10 .event/or E_000001bbb9d2ef10/0, E_000001bbb9d2ef10/1;
S_000001bbb9d3be60 .scope module, "M1" "MUX" 2 64, 4 1 0, S_000001bbb9d39da0;
 .timescale 0 0;
    .port_info 0 /INPUT 2 "mux_sel";
    .port_info 1 /INPUT 1 "ser_data";
    .port_info 2 /INPUT 1 "par_bit";
    .port_info 3 /OUTPUT 1 "MUX_OUT";
v000001bbb9d3bff0_0 .var "MUX_OUT", 0 0;
v000001bbb9d9f960_0 .net "mux_sel", 1 0, v000001bbb9d495c0_0;  alias, 1 drivers
v000001bbb9da0540_0 .net "par_bit", 0 0, v000001bbb9da0180_0;  alias, 1 drivers
v000001bbb9da0220_0 .net "ser_data", 0 0, v000001bbb9d9faa0_0;  alias, 1 drivers
E_000001bbb9d2ef50 .event anyedge, v000001bbb9d495c0_0, v000001bbb9da0220_0, v000001bbb9da0540_0;
S_000001bbb9d3c090 .scope module, "P1" "parity_calc" 2 43, 5 1 0, S_000001bbb9d39da0;
 .timescale 0 0;
    .port_info 0 /INPUT 8 "P_DATA";
    .port_info 1 /INPUT 1 "PAR_TYP";
    .port_info 2 /OUTPUT 1 "par_bit";
P_000001bbb9d2e050 .param/l "Data_width" 0 5 2, +C4<00000000000000000000000000001000>;
L_000001bbb9d4e790 .functor BUFZ 8, o000001bbb9d52498, C4<00000000>, C4<00000000>, C4<00000000>;
v000001bbb9da05e0_0 .net "PAR_TYP", 0 0, o000001bbb9d52468;  alias, 0 drivers
v000001bbb9da0040_0 .net "P_DATA", 7 0, o000001bbb9d52498;  alias, 0 drivers
v000001bbb9da04a0_0 .net "P_DATA_ioslated", 7 0, L_000001bbb9d4e790;  1 drivers
v000001bbb9da07c0_0 .net "P_flag", 0 0, L_000001bbb9da1d70;  1 drivers
v000001bbb9da0180_0 .var "par_bit", 0 0;
E_000001bbb9d2ec10 .event anyedge, v000001bbb9da05e0_0, v000001bbb9da07c0_0;
L_000001bbb9da1d70 .reduce/xor L_000001bbb9d4e790;
S_000001bbb9d02b70 .scope module, "S1" "serializer" 2 31, 6 1 0, S_000001bbb9d39da0;
 .timescale 0 0;
    .port_info 0 /INPUT 8 "P_DATA";
    .port_info 1 /INPUT 1 "ser_en";
    .port_info 2 /INPUT 1 "CLK";
    .port_info 3 /INPUT 1 "RST";
    .port_info 4 /OUTPUT 1 "ser_data";
    .port_info 5 /OUTPUT 1 "ser_done";
P_000001bbb9d2e810 .param/l "Data_width" 0 6 2, +C4<00000000000000000000000000001000>;
v000001bbb9d9fdc0_0 .net "CLK", 0 0, o000001bbb9d51fb8;  alias, 0 drivers
v000001bbb9d9fc80_0 .net "P_DATA", 7 0, o000001bbb9d52498;  alias, 0 drivers
v000001bbb9da0360_0 .var "P_DATA_ioslated", 7 0;
v000001bbb9d9fa00_0 .net "RST", 0 0, o000001bbb9d520a8;  alias, 0 drivers
v000001bbb9d9fd20_0 .var "counter", 3 0;
v000001bbb9da00e0_0 .var "ready", 0 0;
v000001bbb9d9faa0_0 .var "ser_data", 0 0;
v000001bbb9da0680_0 .var "ser_done", 0 0;
v000001bbb9d9fe60_0 .net "ser_en", 0 0, v000001bbb9d3bdc0_0;  alias, 1 drivers
    .scope S_000001bbb9d02b70;
T_0 ;
    %wait E_000001bbb9d2ef10;
    %load/vec4 v000001bbb9d9fa00_0;
    %nor/r;
    %flag_set/vec4 8;
    %jmp/0xz  T_0.0, 8;
    %pushi/vec4 0, 0, 1;
    %assign/vec4 v000001bbb9d9faa0_0, 0;
    %pushi/vec4 0, 0, 1;
    %assign/vec4 v000001bbb9da0680_0, 0;
    %pushi/vec4 0, 0, 8;
    %assign/vec4 v000001bbb9da0360_0, 0;
    %pushi/vec4 0, 0, 4;
    %assign/vec4 v000001bbb9d9fd20_0, 0;
    %pushi/vec4 0, 0, 1;
    %assign/vec4 v000001bbb9da00e0_0, 0;
    %jmp T_0.1;
T_0.0 ;
    %load/vec4 v000001bbb9da00e0_0;
    %nor/r;
    %flag_set/vec4 9;
    %flag_get/vec4 9;
    %jmp/0 T_0.4, 9;
    %load/vec4 v000001bbb9d9fe60_0;
    %and;
T_0.4;
    %flag_set/vec4 8;
    %jmp/0xz  T_0.2, 8;
    %pushi/vec4 0, 0, 4;
    %assign/vec4 v000001bbb9d9fd20_0, 0;
    %load/vec4 v000001bbb9d9fc80_0;
    %assign/vec4 v000001bbb9da0360_0, 0;
    %pushi/vec4 1, 0, 1;
    %assign/vec4 v000001bbb9da00e0_0, 0;
    %pushi/vec4 0, 0, 1;
    %assign/vec4 v000001bbb9da0680_0, 0;
    %jmp T_0.3;
T_0.2 ;
    %load/vec4 v000001bbb9da00e0_0;
    %flag_set/vec4 8;
    %jmp/0xz  T_0.5, 8;
    %load/vec4 v000001bbb9d9fd20_0;
    %pad/u 32;
    %cmpi/u 7, 0, 32;
    %flag_or 5, 4;
    %jmp/0xz  T_0.7, 5;
    %load/vec4 v000001bbb9da0360_0;
    %parti/s 1, 0, 2;
    %assign/vec4 v000001bbb9d9faa0_0, 0;
    %load/vec4 v000001bbb9da0360_0;
    %ix/load 4, 1, 0;
    %flag_set/imm 4, 0;
    %shiftr 4;
    %assign/vec4 v000001bbb9da0360_0, 0;
    %load/vec4 v000001bbb9d9fd20_0;
    %addi 1, 0, 4;
    %assign/vec4 v000001bbb9d9fd20_0, 0;
    %pushi/vec4 0, 0, 1;
    %assign/vec4 v000001bbb9da0680_0, 0;
T_0.7 ;
    %load/vec4 v000001bbb9d9fd20_0;
    %pad/u 32;
    %cmpi/e 7, 0, 32;
    %jmp/0xz  T_0.9, 4;
    %pushi/vec4 1, 0, 1;
    %assign/vec4 v000001bbb9da0680_0, 0;
    %pushi/vec4 0, 0, 1;
    %assign/vec4 v000001bbb9da00e0_0, 0;
    %load/vec4 v000001bbb9d9fd20_0;
    %addi 1, 0, 4;
    %assign/vec4 v000001bbb9d9fd20_0, 0;
T_0.9 ;
T_0.5 ;
T_0.3 ;
T_0.1 ;
    %jmp T_0;
    .thread T_0;
    .scope S_000001bbb9d3c090;
T_1 ;
    %wait E_000001bbb9d2ec10;
    %load/vec4 v000001bbb9da05e0_0;
    %flag_set/vec4 8;
    %jmp/0xz  T_1.0, 8;
    %load/vec4 v000001bbb9da07c0_0;
    %nor/r;
    %store/vec4 v000001bbb9da0180_0, 0, 1;
    %jmp T_1.1;
T_1.0 ;
    %load/vec4 v000001bbb9da07c0_0;
    %store/vec4 v000001bbb9da0180_0, 0, 1;
T_1.1 ;
    %jmp T_1;
    .thread T_1, $push;
    .scope S_000001bbb9d39f30;
T_2 ;
    %wait E_000001bbb9d2ef10;
    %load/vec4 v000001bbb9d49480_0;
    %nor/r;
    %flag_set/vec4 8;
    %jmp/0xz  T_2.0, 8;
    %pushi/vec4 1, 0, 5;
    %assign/vec4 v000001bbb9d3a160_0, 0;
    %jmp T_2.1;
T_2.0 ;
    %load/vec4 v000001bbb9d49340_0;
    %assign/vec4 v000001bbb9d3a160_0, 0;
T_2.1 ;
    %jmp T_2;
    .thread T_2;
    .scope S_000001bbb9d39f30;
T_3 ;
    %wait E_000001bbb9d2eb10;
    %load/vec4 v000001bbb9d3a160_0;
    %dup/vec4;
    %pushi/vec4 1, 0, 5;
    %cmp/u;
    %jmp/1 T_3.0, 6;
    %dup/vec4;
    %pushi/vec4 2, 0, 5;
    %cmp/u;
    %jmp/1 T_3.1, 6;
    %dup/vec4;
    %pushi/vec4 4, 0, 5;
    %cmp/u;
    %jmp/1 T_3.2, 6;
    %dup/vec4;
    %pushi/vec4 8, 0, 5;
    %cmp/u;
    %jmp/1 T_3.3, 6;
    %dup/vec4;
    %pushi/vec4 16, 0, 5;
    %cmp/u;
    %jmp/1 T_3.4, 6;
    %pushi/vec4 1, 0, 5;
    %store/vec4 v000001bbb9d49340_0, 0, 5;
    %jmp T_3.6;
T_3.0 ;
    %load/vec4 v000001bbb9d492a0_0;
    %flag_set/vec4 8;
    %jmp/0xz  T_3.7, 8;
    %pushi/vec4 2, 0, 5;
    %store/vec4 v000001bbb9d49340_0, 0, 5;
    %jmp T_3.8;
T_3.7 ;
    %pushi/vec4 1, 0, 5;
    %store/vec4 v000001bbb9d49340_0, 0, 5;
T_3.8 ;
    %jmp T_3.6;
T_3.1 ;
    %pushi/vec4 4, 0, 5;
    %store/vec4 v000001bbb9d49340_0, 0, 5;
    %jmp T_3.6;
T_3.2 ;
    %load/vec4 v000001bbb9d49660_0;
    %flag_set/vec4 8;
    %jmp/0xz  T_3.9, 8;
    %load/vec4 v000001bbb9d493e0_0;
    %flag_set/vec4 8;
    %jmp/0xz  T_3.11, 8;
    %pushi/vec4 8, 0, 5;
    %store/vec4 v000001bbb9d49340_0, 0, 5;
    %jmp T_3.12;
T_3.11 ;
    %pushi/vec4 16, 0, 5;
    %store/vec4 v000001bbb9d49340_0, 0, 5;
T_3.12 ;
    %jmp T_3.10;
T_3.9 ;
    %pushi/vec4 4, 0, 5;
    %store/vec4 v000001bbb9d49340_0, 0, 5;
T_3.10 ;
    %jmp T_3.6;
T_3.3 ;
    %pushi/vec4 16, 0, 5;
    %store/vec4 v000001bbb9d49340_0, 0, 5;
    %jmp T_3.6;
T_3.4 ;
    %pushi/vec4 1, 0, 5;
    %store/vec4 v000001bbb9d49340_0, 0, 5;
    %jmp T_3.6;
T_3.6 ;
    %pop/vec4 1;
    %jmp T_3;
    .thread T_3, $push;
    .scope S_000001bbb9d39f30;
T_4 ;
    %wait E_000001bbb9d2e8d0;
    %pushi/vec4 0, 0, 1;
    %store/vec4 v000001bbb9d3bdc0_0, 0, 1;
    %pushi/vec4 0, 0, 1;
    %store/vec4 v000001bbb9d49520_0, 0, 1;
    %pushi/vec4 1, 0, 2;
    %store/vec4 v000001bbb9d495c0_0, 0, 2;
    %load/vec4 v000001bbb9d3a160_0;
    %dup/vec4;
    %pushi/vec4 1, 0, 5;
    %cmp/u;
    %jmp/1 T_4.0, 6;
    %dup/vec4;
    %pushi/vec4 2, 0, 5;
    %cmp/u;
    %jmp/1 T_4.1, 6;
    %dup/vec4;
    %pushi/vec4 4, 0, 5;
    %cmp/u;
    %jmp/1 T_4.2, 6;
    %dup/vec4;
    %pushi/vec4 8, 0, 5;
    %cmp/u;
    %jmp/1 T_4.3, 6;
    %dup/vec4;
    %pushi/vec4 16, 0, 5;
    %cmp/u;
    %jmp/1 T_4.4, 6;
    %pushi/vec4 0, 0, 1;
    %store/vec4 v000001bbb9d49520_0, 0, 1;
    %pushi/vec4 1, 0, 2;
    %store/vec4 v000001bbb9d495c0_0, 0, 2;
    %pushi/vec4 0, 0, 1;
    %store/vec4 v000001bbb9d3bdc0_0, 0, 1;
    %jmp T_4.6;
T_4.0 ;
    %pushi/vec4 0, 0, 1;
    %store/vec4 v000001bbb9d49520_0, 0, 1;
    %pushi/vec4 1, 0, 2;
    %store/vec4 v000001bbb9d495c0_0, 0, 2;
    %pushi/vec4 0, 0, 1;
    %store/vec4 v000001bbb9d3bdc0_0, 0, 1;
    %jmp T_4.6;
T_4.1 ;
    %pushi/vec4 0, 0, 1;
    %store/vec4 v000001bbb9d49520_0, 0, 1;
    %pushi/vec4 1, 0, 2;
    %store/vec4 v000001bbb9d495c0_0, 0, 2;
    %pushi/vec4 1, 0, 1;
    %store/vec4 v000001bbb9d3bdc0_0, 0, 1;
    %jmp T_4.6;
T_4.2 ;
    %pushi/vec4 1, 0, 1;
    %store/vec4 v000001bbb9d49520_0, 0, 1;
    %pushi/vec4 2, 0, 2;
    %store/vec4 v000001bbb9d495c0_0, 0, 2;
    %pushi/vec4 1, 0, 1;
    %store/vec4 v000001bbb9d3bdc0_0, 0, 1;
    %jmp T_4.6;
T_4.3 ;
    %pushi/vec4 1, 0, 1;
    %store/vec4 v000001bbb9d49520_0, 0, 1;
    %pushi/vec4 3, 0, 2;
    %store/vec4 v000001bbb9d495c0_0, 0, 2;
    %pushi/vec4 0, 0, 1;
    %store/vec4 v000001bbb9d3bdc0_0, 0, 1;
    %jmp T_4.6;
T_4.4 ;
    %pushi/vec4 1, 0, 1;
    %store/vec4 v000001bbb9d49520_0, 0, 1;
    %pushi/vec4 1, 0, 2;
    %store/vec4 v000001bbb9d495c0_0, 0, 2;
    %pushi/vec4 0, 0, 1;
    %store/vec4 v000001bbb9d3bdc0_0, 0, 1;
    %jmp T_4.6;
T_4.6 ;
    %pop/vec4 1;
    %jmp T_4;
    .thread T_4, $push;
    .scope S_000001bbb9d3be60;
T_5 ;
    %wait E_000001bbb9d2ef50;
    %load/vec4 v000001bbb9d9f960_0;
    %dup/vec4;
    %pushi/vec4 0, 0, 2;
    %cmp/u;
    %jmp/1 T_5.0, 6;
    %dup/vec4;
    %pushi/vec4 1, 0, 2;
    %cmp/u;
    %jmp/1 T_5.1, 6;
    %dup/vec4;
    %pushi/vec4 2, 0, 2;
    %cmp/u;
    %jmp/1 T_5.2, 6;
    %dup/vec4;
    %pushi/vec4 3, 0, 2;
    %cmp/u;
    %jmp/1 T_5.3, 6;
    %jmp T_5.4;
T_5.0 ;
    %pushi/vec4 0, 0, 1;
    %store/vec4 v000001bbb9d3bff0_0, 0, 1;
    %jmp T_5.4;
T_5.1 ;
    %pushi/vec4 1, 0, 1;
    %store/vec4 v000001bbb9d3bff0_0, 0, 1;
    %jmp T_5.4;
T_5.2 ;
    %load/vec4 v000001bbb9da0220_0;
    %store/vec4 v000001bbb9d3bff0_0, 0, 1;
    %jmp T_5.4;
T_5.3 ;
    %load/vec4 v000001bbb9da0540_0;
    %store/vec4 v000001bbb9d3bff0_0, 0, 1;
    %jmp T_5.4;
T_5.4 ;
    %pop/vec4 1;
    %jmp T_5;
    .thread T_5, $push;
# The file index is used to find the file name in the following table.
:file_names 7;
    "N/A";
    "<interactive>";
    "UART_TX.v";
    "./FSM.v";
    "./MUX.v";
    "./parity_calc.v";
    "./serializer.v";
