#! /c/Source/iverilog-install/bin/vvp
:ivl_version "12.0 (devel)" "(s20150603-1539-g2693dd32b)";
:ivl_delay_selection "TYPICAL";
:vpi_time_precision - 12;
:vpi_module "C:\iverilog\lib\ivl\system.vpi";
:vpi_module "C:\iverilog\lib\ivl\vhdl_sys.vpi";
:vpi_module "C:\iverilog\lib\ivl\vhdl_textio.vpi";
:vpi_module "C:\iverilog\lib\ivl\v2005_math.vpi";
:vpi_module "C:\iverilog\lib\ivl\va_math.vpi";
S_0000015294c5fc80 .scope module, "UART_TX_tb" "UART_TX_tb" 2 3;
 .timescale -9 -12;
P_0000015294b69fc0 .param/l "Data_width" 0 2 5, +C4<00000000000000000000000000001000>;
P_0000015294b69ff8 .param/l "clock_period" 0 2 7, +C4<00000000000000000000000000001010>;
v0000015294cb03a0_0 .var "CLK_tb", 0 0;
v0000015294cafe00_0 .var "PAR_EN_tb", 0 0;
v0000015294cafea0_0 .var "PAR_TYP_tb", 0 0;
v0000015294caf360_0 .var "RST_tb", 0 0;
v0000015294caf720_0 .var "TX_Data_valid_tb", 0 0;
v0000015294cb0ee0_0 .net "TX_OUT_tb", 0 0, v0000015294c5e530_0;  1 drivers
v0000015294cb0940_0 .var "TX_P_DATA_tb", 7 0;
v0000015294cafa40_0 .net "busy_tb", 0 0, v0000015294c5ea30_0;  1 drivers
v0000015294caf4a0_0 .var/i "i", 31 0;
E_0000015294c56000 .event negedge, v0000015294c5efd0_0;
S_0000015294c5fe10 .scope module, "DUT" "UART_TX" 2 176, 3 5 0, S_0000015294c5fc80;
 .timescale 0 0;
    .port_info 0 /INPUT 8 "TX_P_DATA";
    .port_info 1 /INPUT 1 "TX_Data_valid";
    .port_info 2 /INPUT 1 "PAR_EN";
    .port_info 3 /INPUT 1 "PAR_TYP";
    .port_info 4 /INPUT 1 "CLK";
    .port_info 5 /INPUT 1 "RST";
    .port_info 6 /OUTPUT 1 "TX_OUT";
    .port_info 7 /OUTPUT 1 "busy";
P_0000015294c56380 .param/l "Data_width" 0 3 6, +C4<00000000000000000000000000001000>;
v0000015294cb0b20_0 .net "CLK", 0 0, v0000015294cb03a0_0;  1 drivers
v0000015294cb0bc0_0 .net "PAR_EN", 0 0, v0000015294cafe00_0;  1 drivers
v0000015294cb0760_0 .net "PAR_TYP", 0 0, v0000015294cafea0_0;  1 drivers
v0000015294cb06c0_0 .net "RST", 0 0, v0000015294caf360_0;  1 drivers
v0000015294cb0120_0 .net "TX_Data_valid", 0 0, v0000015294caf720_0;  1 drivers
v0000015294cb0300_0 .net "TX_OUT", 0 0, v0000015294c5e530_0;  alias, 1 drivers
v0000015294caf2c0_0 .net "TX_P_DATA", 7 0, v0000015294cb0940_0;  1 drivers
v0000015294caf860_0 .net "busy", 0 0, v0000015294c5ea30_0;  alias, 1 drivers
v0000015294cb04e0_0 .net "mux_sel_internal", 1 0, v0000015294c5eb70_0;  1 drivers
v0000015294cb0800_0 .net "par_bit_internal", 0 0, v0000015294c5ed50_0;  1 drivers
v0000015294cb0c60_0 .net "ser_data_internal", 0 0, v0000015294cafcc0_0;  1 drivers
v0000015294cb0440_0 .net "ser_done_internal", 0 0, v0000015294cb01c0_0;  1 drivers
v0000015294cafd60_0 .net "ser_en_internal", 0 0, v0000015294c5ef30_0;  1 drivers
S_0000015294c57e90 .scope module, "FSM1" "FSM" 3 51, 4 1 0, S_0000015294c5fe10;
 .timescale 0 0;
    .port_info 0 /INPUT 1 "Data_valid";
    .port_info 1 /INPUT 1 "PAR_EN";
    .port_info 2 /INPUT 1 "ser_done";
    .port_info 3 /INPUT 1 "CLK";
    .port_info 4 /INPUT 1 "RST";
    .port_info 5 /OUTPUT 2 "mux_sel";
    .port_info 6 /OUTPUT 1 "ser_en";
    .port_info 7 /OUTPUT 1 "busy";
P_0000015294c1ae10 .param/l "Idle" 1 4 21, C4<00001>;
P_0000015294c1ae48 .param/l "Parity_Bit" 1 4 24, C4<01000>;
P_0000015294c1ae80 .param/l "Send_data" 1 4 23, C4<00100>;
P_0000015294c1aeb8 .param/l "Start_bit" 1 4 22, C4<00010>;
P_0000015294c1aef0 .param/l "Stop_bit" 1 4 25, C4<10000>;
v0000015294c5efd0_0 .net "CLK", 0 0, v0000015294cb03a0_0;  alias, 1 drivers
v0000015294c5f070_0 .var "Current_state", 4 0;
v0000015294c5ec10_0 .net "Data_valid", 0 0, v0000015294caf720_0;  alias, 1 drivers
v0000015294c5ee90_0 .var "Next_state", 4 0;
v0000015294c5ead0_0 .net "PAR_EN", 0 0, v0000015294cafe00_0;  alias, 1 drivers
v0000015294c5f110_0 .net "RST", 0 0, v0000015294caf360_0;  alias, 1 drivers
v0000015294c5ea30_0 .var "busy", 0 0;
v0000015294c5eb70_0 .var "mux_sel", 1 0;
v0000015294c5f2f0_0 .net "ser_done", 0 0, v0000015294cb01c0_0;  alias, 1 drivers
v0000015294c5ef30_0 .var "ser_en", 0 0;
E_0000015294c55c80 .event anyedge, v0000015294c5f070_0;
E_0000015294c55cc0 .event anyedge, v0000015294c5f070_0, v0000015294c5ec10_0, v0000015294c5f2f0_0, v0000015294c5ead0_0;
E_0000015294c565c0/0 .event negedge, v0000015294c5f110_0;
E_0000015294c565c0/1 .event posedge, v0000015294c5efd0_0;
E_0000015294c565c0 .event/or E_0000015294c565c0/0, E_0000015294c565c0/1;
S_0000015294c58020 .scope module, "M1" "MUX" 3 64, 5 1 0, S_0000015294c5fe10;
 .timescale 0 0;
    .port_info 0 /INPUT 2 "mux_sel";
    .port_info 1 /INPUT 1 "ser_data";
    .port_info 2 /INPUT 1 "par_bit";
    .port_info 3 /OUTPUT 1 "MUX_OUT";
v0000015294c5e530_0 .var "MUX_OUT", 0 0;
v0000015294c5ecb0_0 .net "mux_sel", 1 0, v0000015294c5eb70_0;  alias, 1 drivers
v0000015294c5e710_0 .net "par_bit", 0 0, v0000015294c5ed50_0;  alias, 1 drivers
v0000015294c5e990_0 .net "ser_data", 0 0, v0000015294cafcc0_0;  alias, 1 drivers
E_0000015294c55d00 .event anyedge, v0000015294c5eb70_0, v0000015294c5e990_0, v0000015294c5e710_0;
S_0000015294c410e0 .scope module, "P1" "parity_calc" 3 43, 6 1 0, S_0000015294c5fe10;
 .timescale 0 0;
    .port_info 0 /INPUT 8 "P_DATA";
    .port_info 1 /INPUT 1 "PAR_TYP";
    .port_info 2 /OUTPUT 1 "par_bit";
P_0000015294c55d80 .param/l "Data_width" 0 6 2, +C4<00000000000000000000000000001000>;
L_0000015294c4fc20 .functor BUFZ 8, v0000015294cb0940_0, C4<00000000>, C4<00000000>, C4<00000000>;
v0000015294c5f250_0 .net "PAR_TYP", 0 0, v0000015294cafea0_0;  alias, 1 drivers
v0000015294c5edf0_0 .net "P_DATA", 7 0, v0000015294cb0940_0;  alias, 1 drivers
v0000015294c5f1b0_0 .net "P_DATA_ioslated", 7 0, L_0000015294c4fc20;  1 drivers
v0000015294c5e490_0 .net "P_flag", 0 0, L_0000015294caff40;  1 drivers
v0000015294c5ed50_0 .var "par_bit", 0 0;
E_0000015294c55e80 .event anyedge, v0000015294c5f250_0, v0000015294c5e490_0;
L_0000015294caff40 .reduce/xor L_0000015294c4fc20;
S_0000015294c41270 .scope module, "S1" "serializer" 3 31, 7 1 0, S_0000015294c5fe10;
 .timescale 0 0;
    .port_info 0 /INPUT 8 "P_DATA";
    .port_info 1 /INPUT 1 "ser_en";
    .port_info 2 /INPUT 1 "CLK";
    .port_info 3 /INPUT 1 "RST";
    .port_info 4 /OUTPUT 1 "ser_data";
    .port_info 5 /OUTPUT 1 "ser_done";
P_0000015294c56080 .param/l "Data_width" 0 7 2, +C4<00000000000000000000000000001000>;
v0000015294c5e5d0_0 .net "CLK", 0 0, v0000015294cb03a0_0;  alias, 1 drivers
v0000015294c5e670_0 .net "P_DATA", 7 0, v0000015294cb0940_0;  alias, 1 drivers
v0000015294c5e7b0_0 .var "P_DATA_ioslated", 7 0;
v0000015294c5e850_0 .net "RST", 0 0, v0000015294caf360_0;  alias, 1 drivers
v0000015294c5e8f0_0 .var "counter", 3 0;
v0000015294cb0620_0 .var "ready", 0 0;
v0000015294cafcc0_0 .var "ser_data", 0 0;
v0000015294cb01c0_0 .var "ser_done", 0 0;
v0000015294cb0580_0 .net "ser_en", 0 0, v0000015294c5ef30_0;  alias, 1 drivers
S_0000015294c3abc0 .scope task, "check_TX" "check_TX" 2 124, 2 124 0, S_0000015294c5fc80;
 .timescale -9 -12;
v0000015294cb0d00_0 .var "data", 7 0;
v0000015294cb0260_0 .var "is_parity_ok", 0 0;
TD_UART_TX_tb.check_TX ;
    %delay 10000, 0;
    %pushi/vec4 0, 0, 32;
    %store/vec4 v0000015294caf4a0_0, 0, 32;
T_0.0 ;
    %load/vec4 v0000015294caf4a0_0;
    %cmpi/s 7, 0, 32;
    %flag_or 5, 4;
    %jmp/0xz T_0.1, 5;
    %delay 10000, 0;
    %load/vec4 v0000015294cb0ee0_0;
    %load/vec4 v0000015294cb0d00_0;
    %load/vec4 v0000015294caf4a0_0;
    %part/s 1;
    %cmp/ne;
    %jmp/0xz  T_0.2, 4;
    %vpi_call 2 136 "$display", "The value of the %0d'th bit is incorrect, number=%b ,expected=%b", v0000015294caf4a0_0, v0000015294cb0ee0_0, &PV<v0000015294cb0d00_0, v0000015294caf4a0_0, 1> {0 0 0};
    %vpi_call 2 137 "$display", "the busy is %b", v0000015294cafa40_0 {0 0 0};
T_0.2 ;
    %load/vec4 v0000015294caf4a0_0;
    %addi 1, 0, 32;
    %store/vec4 v0000015294caf4a0_0, 0, 32;
    %jmp T_0.0;
T_0.1 ;
    %load/vec4 v0000015294cafe00_0;
    %flag_set/vec4 8;
    %jmp/0xz  T_0.4, 8;
    %delay 10000, 0;
    %fork TD_UART_TX_tb.parity_checker, S_0000015294c2bf50;
    %join;
    %load/vec4 v0000015294cb08a0_0;
    %store/vec4 v0000015294cb0260_0, 0, 1;
    %load/vec4 v0000015294cb0260_0;
    %nor/r;
    %flag_set/vec4 8;
    %jmp/0xz  T_0.6, 8;
    %vpi_call 2 146 "$display", "The value of the parity bit is incorect " {0 0 0};
T_0.6 ;
T_0.4 ;
    %delay 10000, 0;
    %load/vec4 v0000015294cb0ee0_0;
    %nor/r;
    %flag_set/vec4 8;
    %jmp/0xz  T_0.8, 8;
    %vpi_call 2 150 "$display", "The value of the stop bit is incorrect" {0 0 0};
T_0.8 ;
    %vpi_call 2 152 "$display", "Your test case has passed successfully" {0 0 0};
    %end;
S_0000015294c3ad50 .scope task, "do_operation" "do_operation" 2 112, 2 112 0, S_0000015294c5fc80;
 .timescale -9 -12;
v0000015294caf180_0 .var "data", 7 0;
v0000015294cb0da0_0 .var "parity_enable", 0 0;
v0000015294caf400_0 .var "parity_type", 0 0;
E_0000015294c56180 .event posedge, v0000015294c5efd0_0;
TD_UART_TX_tb.do_operation ;
    %wait E_0000015294c56180;
    %load/vec4 v0000015294caf180_0;
    %store/vec4 v0000015294cb0940_0, 0, 8;
    %pushi/vec4 1, 0, 1;
    %store/vec4 v0000015294caf720_0, 0, 1;
    %load/vec4 v0000015294cb0da0_0;
    %store/vec4 v0000015294cafe00_0, 0, 1;
    %load/vec4 v0000015294caf400_0;
    %store/vec4 v0000015294cafea0_0, 0, 1;
    %wait E_0000015294c56180;
    %pushi/vec4 0, 0, 1;
    %store/vec4 v0000015294caf720_0, 0, 1;
    %end;
S_0000015294c2bdc0 .scope task, "initialization" "initialization" 2 92, 2 92 0, S_0000015294c5fc80;
 .timescale -9 -12;
TD_UART_TX_tb.initialization ;
    %pushi/vec4 0, 0, 1;
    %store/vec4 v0000015294caf360_0, 0, 1;
    %pushi/vec4 0, 0, 8;
    %store/vec4 v0000015294cb0940_0, 0, 8;
    %pushi/vec4 0, 0, 1;
    %store/vec4 v0000015294caf720_0, 0, 1;
    %pushi/vec4 0, 0, 1;
    %store/vec4 v0000015294cafe00_0, 0, 1;
    %pushi/vec4 0, 0, 1;
    %store/vec4 v0000015294cafea0_0, 0, 1;
    %fork TD_UART_TX_tb.reset, S_0000015294bf2bb0;
    %join;
    %end;
S_0000015294c2bf50 .scope task, "parity_checker" "parity_checker" 2 156, 2 156 0, S_0000015294c5fc80;
 .timescale -9 -12;
v0000015294cafc20_0 .var "expected_parity", 0 0;
v0000015294cb08a0_0 .var "valid", 0 0;
TD_UART_TX_tb.parity_checker ;
    %load/vec4 v0000015294cb0940_0;
    %xor/r;
    %store/vec4 v0000015294cafc20_0, 0, 1;
    %load/vec4 v0000015294cafea0_0;
    %flag_set/vec4 8;
    %jmp/0xz  T_3.10, 8;
    %load/vec4 v0000015294cb0ee0_0;
    %load/vec4 v0000015294cafc20_0;
    %inv;
    %cmp/e;
    %jmp/0xz  T_3.12, 4;
    %pushi/vec4 1, 0, 1;
    %store/vec4 v0000015294cb08a0_0, 0, 1;
    %jmp T_3.13;
T_3.12 ;
    %pushi/vec4 0, 0, 1;
    %store/vec4 v0000015294cb08a0_0, 0, 1;
T_3.13 ;
    %jmp T_3.11;
T_3.10 ;
    %load/vec4 v0000015294cb0ee0_0;
    %load/vec4 v0000015294cafc20_0;
    %cmp/e;
    %jmp/0xz  T_3.14, 4;
    %pushi/vec4 1, 0, 1;
    %store/vec4 v0000015294cb08a0_0, 0, 1;
    %jmp T_3.15;
T_3.14 ;
    %pushi/vec4 0, 0, 1;
    %store/vec4 v0000015294cb08a0_0, 0, 1;
T_3.15 ;
T_3.11 ;
    %end;
S_0000015294bf2bb0 .scope task, "reset" "reset" 2 103, 2 103 0, S_0000015294c5fc80;
 .timescale -9 -12;
TD_UART_TX_tb.reset ;
    %pushi/vec4 0, 0, 1;
    %store/vec4 v0000015294caf360_0, 0, 1;
    %delay 10000, 0;
    %pushi/vec4 1, 0, 1;
    %store/vec4 v0000015294caf360_0, 0, 1;
    %delay 10000, 0;
    %end;
    .scope S_0000015294c41270;
T_5 ;
    %wait E_0000015294c565c0;
    %load/vec4 v0000015294c5e850_0;
    %nor/r;
    %flag_set/vec4 8;
    %jmp/0xz  T_5.0, 8;
    %pushi/vec4 0, 0, 1;
    %assign/vec4 v0000015294cafcc0_0, 0;
    %pushi/vec4 0, 0, 1;
    %assign/vec4 v0000015294cb01c0_0, 0;
    %pushi/vec4 0, 0, 8;
    %assign/vec4 v0000015294c5e7b0_0, 0;
    %pushi/vec4 0, 0, 4;
    %assign/vec4 v0000015294c5e8f0_0, 0;
    %pushi/vec4 0, 0, 1;
    %assign/vec4 v0000015294cb0620_0, 0;
    %jmp T_5.1;
T_5.0 ;
    %load/vec4 v0000015294cb0620_0;
    %nor/r;
    %flag_set/vec4 9;
    %flag_get/vec4 9;
    %jmp/0 T_5.4, 9;
    %load/vec4 v0000015294cb0580_0;
    %and;
T_5.4;
    %flag_set/vec4 8;
    %jmp/0xz  T_5.2, 8;
    %pushi/vec4 0, 0, 4;
    %assign/vec4 v0000015294c5e8f0_0, 0;
    %load/vec4 v0000015294c5e670_0;
    %assign/vec4 v0000015294c5e7b0_0, 0;
    %pushi/vec4 1, 0, 1;
    %assign/vec4 v0000015294cb0620_0, 0;
    %pushi/vec4 0, 0, 1;
    %assign/vec4 v0000015294cb01c0_0, 0;
    %jmp T_5.3;
T_5.2 ;
    %load/vec4 v0000015294cb0620_0;
    %flag_set/vec4 8;
    %jmp/0xz  T_5.5, 8;
    %load/vec4 v0000015294c5e8f0_0;
    %pad/u 32;
    %cmpi/u 7, 0, 32;
    %flag_or 5, 4;
    %jmp/0xz  T_5.7, 5;
    %load/vec4 v0000015294c5e7b0_0;
    %parti/s 1, 0, 2;
    %assign/vec4 v0000015294cafcc0_0, 0;
    %load/vec4 v0000015294c5e7b0_0;
    %ix/load 4, 1, 0;
    %flag_set/imm 4, 0;
    %shiftr 4;
    %assign/vec4 v0000015294c5e7b0_0, 0;
    %load/vec4 v0000015294c5e8f0_0;
    %addi 1, 0, 4;
    %assign/vec4 v0000015294c5e8f0_0, 0;
    %pushi/vec4 0, 0, 1;
    %assign/vec4 v0000015294cb01c0_0, 0;
T_5.7 ;
    %load/vec4 v0000015294c5e8f0_0;
    %pad/u 32;
    %cmpi/e 7, 0, 32;
    %jmp/0xz  T_5.9, 4;
    %pushi/vec4 1, 0, 1;
    %assign/vec4 v0000015294cb01c0_0, 0;
    %pushi/vec4 0, 0, 1;
    %assign/vec4 v0000015294cb0620_0, 0;
    %load/vec4 v0000015294c5e8f0_0;
    %addi 1, 0, 4;
    %assign/vec4 v0000015294c5e8f0_0, 0;
T_5.9 ;
T_5.5 ;
T_5.3 ;
T_5.1 ;
    %jmp T_5;
    .thread T_5;
    .scope S_0000015294c410e0;
T_6 ;
    %wait E_0000015294c55e80;
    %load/vec4 v0000015294c5f250_0;
    %flag_set/vec4 8;
    %jmp/0xz  T_6.0, 8;
    %load/vec4 v0000015294c5e490_0;
    %nor/r;
    %store/vec4 v0000015294c5ed50_0, 0, 1;
    %jmp T_6.1;
T_6.0 ;
    %load/vec4 v0000015294c5e490_0;
    %store/vec4 v0000015294c5ed50_0, 0, 1;
T_6.1 ;
    %jmp T_6;
    .thread T_6, $push;
    .scope S_0000015294c57e90;
T_7 ;
    %wait E_0000015294c565c0;
    %load/vec4 v0000015294c5f110_0;
    %nor/r;
    %flag_set/vec4 8;
    %jmp/0xz  T_7.0, 8;
    %pushi/vec4 1, 0, 5;
    %assign/vec4 v0000015294c5f070_0, 0;
    %jmp T_7.1;
T_7.0 ;
    %load/vec4 v0000015294c5ee90_0;
    %assign/vec4 v0000015294c5f070_0, 0;
T_7.1 ;
    %jmp T_7;
    .thread T_7;
    .scope S_0000015294c57e90;
T_8 ;
    %wait E_0000015294c55cc0;
    %load/vec4 v0000015294c5f070_0;
    %dup/vec4;
    %pushi/vec4 1, 0, 5;
    %cmp/u;
    %jmp/1 T_8.0, 6;
    %dup/vec4;
    %pushi/vec4 2, 0, 5;
    %cmp/u;
    %jmp/1 T_8.1, 6;
    %dup/vec4;
    %pushi/vec4 4, 0, 5;
    %cmp/u;
    %jmp/1 T_8.2, 6;
    %dup/vec4;
    %pushi/vec4 8, 0, 5;
    %cmp/u;
    %jmp/1 T_8.3, 6;
    %dup/vec4;
    %pushi/vec4 16, 0, 5;
    %cmp/u;
    %jmp/1 T_8.4, 6;
    %pushi/vec4 1, 0, 5;
    %store/vec4 v0000015294c5ee90_0, 0, 5;
    %jmp T_8.6;
T_8.0 ;
    %load/vec4 v0000015294c5ec10_0;
    %flag_set/vec4 8;
    %jmp/0xz  T_8.7, 8;
    %pushi/vec4 2, 0, 5;
    %store/vec4 v0000015294c5ee90_0, 0, 5;
    %jmp T_8.8;
T_8.7 ;
    %pushi/vec4 1, 0, 5;
    %store/vec4 v0000015294c5ee90_0, 0, 5;
T_8.8 ;
    %jmp T_8.6;
T_8.1 ;
    %pushi/vec4 4, 0, 5;
    %store/vec4 v0000015294c5ee90_0, 0, 5;
    %jmp T_8.6;
T_8.2 ;
    %load/vec4 v0000015294c5f2f0_0;
    %flag_set/vec4 8;
    %jmp/0xz  T_8.9, 8;
    %load/vec4 v0000015294c5ead0_0;
    %flag_set/vec4 8;
    %jmp/0xz  T_8.11, 8;
    %pushi/vec4 8, 0, 5;
    %store/vec4 v0000015294c5ee90_0, 0, 5;
    %jmp T_8.12;
T_8.11 ;
    %pushi/vec4 16, 0, 5;
    %store/vec4 v0000015294c5ee90_0, 0, 5;
T_8.12 ;
    %jmp T_8.10;
T_8.9 ;
    %pushi/vec4 4, 0, 5;
    %store/vec4 v0000015294c5ee90_0, 0, 5;
T_8.10 ;
    %jmp T_8.6;
T_8.3 ;
    %pushi/vec4 16, 0, 5;
    %store/vec4 v0000015294c5ee90_0, 0, 5;
    %jmp T_8.6;
T_8.4 ;
    %pushi/vec4 1, 0, 5;
    %store/vec4 v0000015294c5ee90_0, 0, 5;
    %jmp T_8.6;
T_8.6 ;
    %pop/vec4 1;
    %jmp T_8;
    .thread T_8, $push;
    .scope S_0000015294c57e90;
T_9 ;
    %wait E_0000015294c55c80;
    %pushi/vec4 0, 0, 1;
    %store/vec4 v0000015294c5ef30_0, 0, 1;
    %pushi/vec4 0, 0, 1;
    %store/vec4 v0000015294c5ea30_0, 0, 1;
    %pushi/vec4 1, 0, 2;
    %store/vec4 v0000015294c5eb70_0, 0, 2;
    %load/vec4 v0000015294c5f070_0;
    %dup/vec4;
    %pushi/vec4 1, 0, 5;
    %cmp/u;
    %jmp/1 T_9.0, 6;
    %dup/vec4;
    %pushi/vec4 2, 0, 5;
    %cmp/u;
    %jmp/1 T_9.1, 6;
    %dup/vec4;
    %pushi/vec4 4, 0, 5;
    %cmp/u;
    %jmp/1 T_9.2, 6;
    %dup/vec4;
    %pushi/vec4 8, 0, 5;
    %cmp/u;
    %jmp/1 T_9.3, 6;
    %dup/vec4;
    %pushi/vec4 16, 0, 5;
    %cmp/u;
    %jmp/1 T_9.4, 6;
    %pushi/vec4 0, 0, 1;
    %store/vec4 v0000015294c5ea30_0, 0, 1;
    %pushi/vec4 1, 0, 2;
    %store/vec4 v0000015294c5eb70_0, 0, 2;
    %pushi/vec4 0, 0, 1;
    %store/vec4 v0000015294c5ef30_0, 0, 1;
    %jmp T_9.6;
T_9.0 ;
    %pushi/vec4 0, 0, 1;
    %store/vec4 v0000015294c5ea30_0, 0, 1;
    %pushi/vec4 1, 0, 2;
    %store/vec4 v0000015294c5eb70_0, 0, 2;
    %pushi/vec4 0, 0, 1;
    %store/vec4 v0000015294c5ef30_0, 0, 1;
    %jmp T_9.6;
T_9.1 ;
    %pushi/vec4 0, 0, 1;
    %store/vec4 v0000015294c5ea30_0, 0, 1;
    %pushi/vec4 1, 0, 2;
    %store/vec4 v0000015294c5eb70_0, 0, 2;
    %pushi/vec4 1, 0, 1;
    %store/vec4 v0000015294c5ef30_0, 0, 1;
    %jmp T_9.6;
T_9.2 ;
    %pushi/vec4 1, 0, 1;
    %store/vec4 v0000015294c5ea30_0, 0, 1;
    %pushi/vec4 2, 0, 2;
    %store/vec4 v0000015294c5eb70_0, 0, 2;
    %pushi/vec4 1, 0, 1;
    %store/vec4 v0000015294c5ef30_0, 0, 1;
    %jmp T_9.6;
T_9.3 ;
    %pushi/vec4 1, 0, 1;
    %store/vec4 v0000015294c5ea30_0, 0, 1;
    %pushi/vec4 3, 0, 2;
    %store/vec4 v0000015294c5eb70_0, 0, 2;
    %pushi/vec4 0, 0, 1;
    %store/vec4 v0000015294c5ef30_0, 0, 1;
    %jmp T_9.6;
T_9.4 ;
    %pushi/vec4 1, 0, 1;
    %store/vec4 v0000015294c5ea30_0, 0, 1;
    %pushi/vec4 1, 0, 2;
    %store/vec4 v0000015294c5eb70_0, 0, 2;
    %pushi/vec4 0, 0, 1;
    %store/vec4 v0000015294c5ef30_0, 0, 1;
    %jmp T_9.6;
T_9.6 ;
    %pop/vec4 1;
    %jmp T_9;
    .thread T_9, $push;
    .scope S_0000015294c58020;
T_10 ;
    %wait E_0000015294c55d00;
    %load/vec4 v0000015294c5ecb0_0;
    %dup/vec4;
    %pushi/vec4 0, 0, 2;
    %cmp/u;
    %jmp/1 T_10.0, 6;
    %dup/vec4;
    %pushi/vec4 1, 0, 2;
    %cmp/u;
    %jmp/1 T_10.1, 6;
    %dup/vec4;
    %pushi/vec4 2, 0, 2;
    %cmp/u;
    %jmp/1 T_10.2, 6;
    %dup/vec4;
    %pushi/vec4 3, 0, 2;
    %cmp/u;
    %jmp/1 T_10.3, 6;
    %jmp T_10.4;
T_10.0 ;
    %pushi/vec4 0, 0, 1;
    %store/vec4 v0000015294c5e530_0, 0, 1;
    %jmp T_10.4;
T_10.1 ;
    %pushi/vec4 1, 0, 1;
    %store/vec4 v0000015294c5e530_0, 0, 1;
    %jmp T_10.4;
T_10.2 ;
    %load/vec4 v0000015294c5e990_0;
    %store/vec4 v0000015294c5e530_0, 0, 1;
    %jmp T_10.4;
T_10.3 ;
    %load/vec4 v0000015294c5e710_0;
    %store/vec4 v0000015294c5e530_0, 0, 1;
    %jmp T_10.4;
T_10.4 ;
    %pop/vec4 1;
    %jmp T_10;
    .thread T_10, $push;
    .scope S_0000015294c5fc80;
T_11 ;
    %pushi/vec4 0, 0, 1;
    %store/vec4 v0000015294cb03a0_0, 0, 1;
    %delay 5000, 0;
    %pushi/vec4 1, 0, 1;
    %store/vec4 v0000015294cb03a0_0, 0, 1;
    %delay 5000, 0;
    %jmp T_11;
    .thread T_11;
    .scope S_0000015294c5fc80;
T_12 ;
    %vpi_call 2 31 "$dumpfile", "UART_TX.vcd" {0 0 0};
    %vpi_call 2 32 "$dumpvars" {0 0 0};
    %fork TD_UART_TX_tb.initialization, S_0000015294c2bdc0;
    %join;
    %vpi_call 2 35 "$display", "Test case 1: inputting all zeros" {0 0 0};
    %wait E_0000015294c56000;
    %pushi/vec4 0, 0, 8;
    %store/vec4 v0000015294caf180_0, 0, 8;
    %pushi/vec4 0, 0, 1;
    %store/vec4 v0000015294cb0da0_0, 0, 1;
    %pushi/vec4 0, 0, 1;
    %store/vec4 v0000015294caf400_0, 0, 1;
    %fork TD_UART_TX_tb.do_operation, S_0000015294c3ad50;
    %join;
    %delay 10000, 0;
    %pushi/vec4 0, 0, 8;
    %store/vec4 v0000015294cb0d00_0, 0, 8;
    %fork TD_UART_TX_tb.check_TX, S_0000015294c3abc0;
    %join;
    %delay 10000, 0;
    %fork TD_UART_TX_tb.reset, S_0000015294bf2bb0;
    %join;
    %vpi_call 2 44 "$display", "Test case 2: inputting all ones" {0 0 0};
    %wait E_0000015294c56000;
    %pushi/vec4 255, 0, 8;
    %store/vec4 v0000015294caf180_0, 0, 8;
    %pushi/vec4 0, 0, 1;
    %store/vec4 v0000015294cb0da0_0, 0, 1;
    %pushi/vec4 0, 0, 1;
    %store/vec4 v0000015294caf400_0, 0, 1;
    %fork TD_UART_TX_tb.do_operation, S_0000015294c3ad50;
    %join;
    %delay 10000, 0;
    %pushi/vec4 255, 0, 8;
    %store/vec4 v0000015294cb0d00_0, 0, 8;
    %fork TD_UART_TX_tb.check_TX, S_0000015294c3abc0;
    %join;
    %delay 10000, 0;
    %fork TD_UART_TX_tb.reset, S_0000015294bf2bb0;
    %join;
    %vpi_call 2 53 "$display", "Test case 3: Checking if the serializer outputs the LSB first " {0 0 0};
    %wait E_0000015294c56000;
    %pushi/vec4 1, 0, 8;
    %store/vec4 v0000015294caf180_0, 0, 8;
    %pushi/vec4 0, 0, 1;
    %store/vec4 v0000015294cb0da0_0, 0, 1;
    %pushi/vec4 0, 0, 1;
    %store/vec4 v0000015294caf400_0, 0, 1;
    %fork TD_UART_TX_tb.do_operation, S_0000015294c3ad50;
    %join;
    %delay 10000, 0;
    %pushi/vec4 1, 0, 8;
    %store/vec4 v0000015294cb0d00_0, 0, 8;
    %fork TD_UART_TX_tb.check_TX, S_0000015294c3abc0;
    %join;
    %delay 10000, 0;
    %fork TD_UART_TX_tb.reset, S_0000015294bf2bb0;
    %join;
    %vpi_call 2 63 "$display", "Test case 4: inputting a number with the parity enable off" {0 0 0};
    %wait E_0000015294c56000;
    %pushi/vec4 171, 0, 8;
    %store/vec4 v0000015294caf180_0, 0, 8;
    %pushi/vec4 0, 0, 1;
    %store/vec4 v0000015294cb0da0_0, 0, 1;
    %pushi/vec4 0, 0, 1;
    %store/vec4 v0000015294caf400_0, 0, 1;
    %fork TD_UART_TX_tb.do_operation, S_0000015294c3ad50;
    %join;
    %delay 10000, 0;
    %pushi/vec4 171, 0, 8;
    %store/vec4 v0000015294cb0d00_0, 0, 8;
    %fork TD_UART_TX_tb.check_TX, S_0000015294c3abc0;
    %join;
    %delay 10000, 0;
    %fork TD_UART_TX_tb.reset, S_0000015294bf2bb0;
    %join;
    %vpi_call 2 72 "$display", "Test case 5: inputting a number with the parity enable on (even parity)" {0 0 0};
    %wait E_0000015294c56000;
    %pushi/vec4 72, 0, 8;
    %store/vec4 v0000015294caf180_0, 0, 8;
    %pushi/vec4 1, 0, 1;
    %store/vec4 v0000015294cb0da0_0, 0, 1;
    %pushi/vec4 0, 0, 1;
    %store/vec4 v0000015294caf400_0, 0, 1;
    %fork TD_UART_TX_tb.do_operation, S_0000015294c3ad50;
    %join;
    %delay 10000, 0;
    %pushi/vec4 72, 0, 8;
    %store/vec4 v0000015294cb0d00_0, 0, 8;
    %fork TD_UART_TX_tb.check_TX, S_0000015294c3abc0;
    %join;
    %fork TD_UART_TX_tb.reset, S_0000015294bf2bb0;
    %join;
    %vpi_call 2 80 "$display", "Test case 6: inputting a number with the parity enable on (odd parity)" {0 0 0};
    %wait E_0000015294c56000;
    %pushi/vec4 72, 0, 8;
    %store/vec4 v0000015294caf180_0, 0, 8;
    %pushi/vec4 1, 0, 1;
    %store/vec4 v0000015294cb0da0_0, 0, 1;
    %pushi/vec4 1, 0, 1;
    %store/vec4 v0000015294caf400_0, 0, 1;
    %fork TD_UART_TX_tb.do_operation, S_0000015294c3ad50;
    %join;
    %delay 10000, 0;
    %pushi/vec4 72, 0, 8;
    %store/vec4 v0000015294cb0d00_0, 0, 8;
    %fork TD_UART_TX_tb.check_TX, S_0000015294c3abc0;
    %join;
    %fork TD_UART_TX_tb.reset, S_0000015294bf2bb0;
    %join;
    %vpi_call 2 88 "$finish" {0 0 0};
    %end;
    .thread T_12;
# The file index is used to find the file name in the following table.
:file_names 8;
    "N/A";
    "<interactive>";
    "UART_TX_tb.v";
    "./UART_TX.v";
    "./FSM.v";
    "./MUX.v";
    "./parity_calc.v";
    "./serializer.v";
