#! /c/Source/iverilog-install/bin/vvp
:ivl_version "12.0 (devel)" "(s20150603-1539-g2693dd32b)";
:ivl_delay_selection "TYPICAL";
:vpi_time_precision + 0;
:vpi_module "C:\iverilog\lib\ivl\system.vpi";
:vpi_module "C:\iverilog\lib\ivl\vhdl_sys.vpi";
:vpi_module "C:\iverilog\lib\ivl\vhdl_textio.vpi";
:vpi_module "C:\iverilog\lib\ivl\v2005_math.vpi";
:vpi_module "C:\iverilog\lib\ivl\va_math.vpi";
S_0000022cb5b84b30 .scope module, "ALU" "ALU" 2 7;
 .timescale 0 0;
    .port_info 0 /INPUT 8 "A";
    .port_info 1 /INPUT 8 "B";
    .port_info 2 /INPUT 4 "ALU_FUN";
    .port_info 3 /INPUT 1 "CLK";
    .port_info 4 /INPUT 1 "RST";
    .port_info 5 /INPUT 1 "ALU_EN";
    .port_info 6 /OUTPUT 8 "ALU_OUT";
    .port_info 7 /OUTPUT 1 "OUT_VALID";
P_0000022cb5c58f20 .param/l "Input_data_width" 0 2 8, C4<00000000000000000000000000001000>;
P_0000022cb5c58f58 .param/l "Output_data_width" 0 2 8, C4<00000000000000000000000000001000>;
o0000022cb5bb3808 .functor BUFZ 8, C4<zzzzzzzz>; HiZ drive
v0000022cb5c07970_0 .net "A", 7 0, o0000022cb5bb3808;  0 drivers
o0000022cb5bb3ce8 .functor BUFZ 1, C4<z>; HiZ drive
v0000022cb5c05f30_0 .net "ALU_EN", 0 0, o0000022cb5bb3ce8;  0 drivers
o0000022cb5bb4408 .functor BUFZ 4, C4<zzzz>; HiZ drive
v0000022cb5c06f70_0 .net "ALU_FUN", 3 0, o0000022cb5bb4408;  0 drivers
v0000022cb5c06610_0 .net "ALU_OUT", 7 0, v0000022cb5bb29c0_0;  1 drivers
v0000022cb5c06750_0 .net "Arith_Enable_internal", 0 0, v0000022cb5c062f0_0;  1 drivers
v0000022cb5c07150_0 .net "Arith_Flag_internal", 0 0, v0000022cb5bb2c40_0;  1 drivers
v0000022cb5c06930_0 .net/s "Arith_out_internal", 7 0, v0000022cb5bb2a60_0;  1 drivers
o0000022cb5bb38c8 .functor BUFZ 8, C4<zzzzzzzz>; HiZ drive
v0000022cb5c07a10_0 .net "B", 7 0, o0000022cb5bb38c8;  0 drivers
o0000022cb5bb38f8 .functor BUFZ 1, C4<z>; HiZ drive
v0000022cb5c05fd0_0 .net "CLK", 0 0, o0000022cb5bb38f8;  0 drivers
v0000022cb5c067f0_0 .net "CMP_Enable_internal", 0 0, v0000022cb5c06e30_0;  1 drivers
v0000022cb5c06890_0 .net "CMP_Flag_internal", 0 0, v0000022cb5bb2e20_0;  1 drivers
v0000022cb5c075b0_0 .net "CMP_out_internal", 7 0, v0000022cb5bb3000_0;  1 drivers
v0000022cb5c07010_0 .net "Logic_Enable_internal", 0 0, v0000022cb5c06cf0_0;  1 drivers
v0000022cb5c07830_0 .net "Logic_Flag_internal", 0 0, v0000022cb5c07790_0;  1 drivers
v0000022cb5c07d30_0 .net "Logic_out_internal", 7 0, v0000022cb5c07290_0;  1 drivers
v0000022cb5c070b0_0 .net "OUT_VALID", 0 0, v0000022cb5c06ed0_0;  1 drivers
o0000022cb5bb3928 .functor BUFZ 1, C4<z>; HiZ drive
v0000022cb5c06110_0 .net "RST", 0 0, o0000022cb5bb3928;  0 drivers
v0000022cb5c061b0_0 .net "Shift_Enable_internal", 0 0, v0000022cb5c07ab0_0;  1 drivers
v0000022cb5c06250_0 .net "Shift_Flag_internal", 0 0, v0000022cb5c07330_0;  1 drivers
v0000022cb5c069d0_0 .net "Shift_out_internal", 7 0, v0000022cb5c064d0_0;  1 drivers
L_0000022cb5c06b10 .part o0000022cb5bb4408, 2, 2;
L_0000022cb5c06bb0 .part o0000022cb5bb4408, 0, 2;
L_0000022cb5c06c50 .part o0000022cb5bb4408, 0, 2;
L_0000022cb5c071f0 .part o0000022cb5bb4408, 0, 2;
L_0000022cb5c095b0 .part o0000022cb5bb4408, 0, 2;
L_0000022cb5c0a5f0 .part o0000022cb5bb4408, 2, 2;
L_0000022cb5c09970 .part o0000022cb5bb4408, 2, 2;
S_0000022cb5b8e2a0 .scope module, "ALU_OUT_MUX" "MUX" 2 106, 3 1 0, S_0000022cb5b84b30;
 .timescale 0 0;
    .port_info 0 /INPUT 8 "In0";
    .port_info 1 /INPUT 8 "In1";
    .port_info 2 /INPUT 8 "In2";
    .port_info 3 /INPUT 8 "In3";
    .port_info 4 /INPUT 2 "Sel";
    .port_info 5 /OUTPUT 8 "Out";
P_0000022cb5b7e3f0 .param/l "Output_data_width" 0 3 2, C4<00000000000000000000000000001000>;
v0000022cb5bb31e0_0 .net/s "In0", 7 0, v0000022cb5bb2a60_0;  alias, 1 drivers
v0000022cb5bb2600_0 .net "In1", 7 0, v0000022cb5c07290_0;  alias, 1 drivers
v0000022cb5bb30a0_0 .net "In2", 7 0, v0000022cb5bb3000_0;  alias, 1 drivers
v0000022cb5bb3140_0 .net "In3", 7 0, v0000022cb5c064d0_0;  alias, 1 drivers
v0000022cb5bb29c0_0 .var "Out", 7 0;
v0000022cb5bb2f60_0 .net "Sel", 1 0, L_0000022cb5c0a5f0;  1 drivers
E_0000022cb5b7e170/0 .event anyedge, v0000022cb5bb2f60_0, v0000022cb5bb31e0_0, v0000022cb5bb2600_0, v0000022cb5bb30a0_0;
E_0000022cb5b7e170/1 .event anyedge, v0000022cb5bb3140_0;
E_0000022cb5b7e170 .event/or E_0000022cb5b7e170/0, E_0000022cb5b7e170/1;
S_0000022cb5b8e430 .scope module, "ARU1" "ARITHMATIC_UNIT" 2 54, 4 1 0, S_0000022cb5b84b30;
 .timescale 0 0;
    .port_info 0 /INPUT 8 "A";
    .port_info 1 /INPUT 8 "B";
    .port_info 2 /INPUT 2 "ALU_FUN";
    .port_info 3 /INPUT 1 "CLK";
    .port_info 4 /INPUT 1 "RST";
    .port_info 5 /INPUT 1 "Arith_Enable";
    .port_info 6 /OUTPUT 8 "Arith_OUT";
    .port_info 7 /OUTPUT 1 "Arith_Flag";
P_0000022cb5b8e5c0 .param/l "ADD" 1 4 19, C4<00>;
P_0000022cb5b8e5f8 .param/l "DIV" 1 4 22, C4<11>;
P_0000022cb5b8e630 .param/l "Input_data_width" 0 4 2, C4<00000000000000000000000000001000>;
P_0000022cb5b8e668 .param/l "MUL" 1 4 21, C4<10>;
P_0000022cb5b8e6a0 .param/l "Output_data_width" 0 4 2, C4<00000000000000000000000000001000>;
P_0000022cb5b8e6d8 .param/l "SUB" 1 4 20, C4<01>;
v0000022cb5bb2740_0 .net "A", 7 0, o0000022cb5bb3808;  alias, 0 drivers
v0000022cb5bb27e0_0 .net "ALU_FUN", 1 0, L_0000022cb5c06bb0;  1 drivers
v0000022cb5bb3280_0 .net "Arith_Enable", 0 0, v0000022cb5c062f0_0;  alias, 1 drivers
v0000022cb5bb2c40_0 .var "Arith_Flag", 0 0;
v0000022cb5bb2a60_0 .var "Arith_OUT", 7 0;
v0000022cb5bb2b00_0 .net "B", 7 0, o0000022cb5bb38c8;  alias, 0 drivers
v0000022cb5bb3320_0 .net "CLK", 0 0, o0000022cb5bb38f8;  alias, 0 drivers
v0000022cb5bb2920_0 .net "RST", 0 0, o0000022cb5bb3928;  alias, 0 drivers
E_0000022cb5b7e7f0/0 .event negedge, v0000022cb5bb2920_0;
E_0000022cb5b7e7f0/1 .event posedge, v0000022cb5bb3320_0;
E_0000022cb5b7e7f0 .event/or E_0000022cb5b7e7f0/0, E_0000022cb5b7e7f0/1;
S_0000022cb5b88990 .scope module, "CMPU1" "CMP_UNIT" 2 80, 5 1 0, S_0000022cb5b84b30;
 .timescale 0 0;
    .port_info 0 /INPUT 8 "A";
    .port_info 1 /INPUT 8 "B";
    .port_info 2 /INPUT 2 "ALU_FUN";
    .port_info 3 /INPUT 1 "CLK";
    .port_info 4 /INPUT 1 "RST";
    .port_info 5 /INPUT 1 "CMP_Enable";
    .port_info 6 /OUTPUT 8 "CMP_OUT";
    .port_info 7 /OUTPUT 1 "CMP_Flag";
P_0000022cb5b88b20 .param/l "CMPEQ" 1 5 19, C4<01>;
P_0000022cb5b88b58 .param/l "CMPG" 1 5 20, C4<10>;
P_0000022cb5b88b90 .param/l "CMPL" 1 5 21, C4<11>;
P_0000022cb5b88bc8 .param/l "Input_data_width" 0 5 1, C4<00000000000000000000000000001000>;
P_0000022cb5b88c00 .param/l "NOP" 1 5 18, C4<00>;
P_0000022cb5b88c38 .param/l "Output_data_width" 0 5 1, C4<00000000000000000000000000001000>;
v0000022cb5bb2ba0_0 .net "A", 7 0, o0000022cb5bb3808;  alias, 0 drivers
v0000022cb5bb2ec0_0 .net "ALU_FUN", 1 0, L_0000022cb5c071f0;  1 drivers
v0000022cb5bb2d80_0 .net "B", 7 0, o0000022cb5bb38c8;  alias, 0 drivers
v0000022cb5bb2ce0_0 .net "CLK", 0 0, o0000022cb5bb38f8;  alias, 0 drivers
v0000022cb5bb26a0_0 .net "CMP_Enable", 0 0, v0000022cb5c06e30_0;  alias, 1 drivers
v0000022cb5bb2e20_0 .var "CMP_Flag", 0 0;
v0000022cb5bb3000_0 .var "CMP_OUT", 7 0;
v0000022cb5bb2880_0 .net "RST", 0 0, o0000022cb5bb3928;  alias, 0 drivers
S_0000022cb5b88c80 .scope module, "D1" "Decoder" 2 43, 6 1 0, S_0000022cb5b84b30;
 .timescale 0 0;
    .port_info 0 /INPUT 2 "ALU_FUN";
    .port_info 1 /INPUT 1 "ALU_EN";
    .port_info 2 /OUTPUT 1 "Arith_Enable";
    .port_info 3 /OUTPUT 1 "Logic_Enable";
    .port_info 4 /OUTPUT 1 "CMP_Enable";
    .port_info 5 /OUTPUT 1 "Shift_Enable";
P_0000022cb5b82520 .param/l "Arith" 1 6 16, C4<00>;
P_0000022cb5b82558 .param/l "CMP" 1 6 18, C4<10>;
P_0000022cb5b82590 .param/l "Logic" 1 6 17, C4<01>;
P_0000022cb5b825c8 .param/l "Shift" 1 6 19, C4<11>;
v0000022cb5bb33c0_0 .net "ALU_EN", 0 0, o0000022cb5bb3ce8;  alias, 0 drivers
v0000022cb5bb3460_0 .net "ALU_FUN", 1 0, L_0000022cb5c06b10;  1 drivers
v0000022cb5c062f0_0 .var "Arith_Enable", 0 0;
v0000022cb5c06e30_0 .var "CMP_Enable", 0 0;
v0000022cb5c06cf0_0 .var "Logic_Enable", 0 0;
v0000022cb5c07ab0_0 .var "Shift_Enable", 0 0;
E_0000022cb5b7eaf0 .event anyedge, v0000022cb5bb33c0_0, v0000022cb5bb3460_0;
S_0000022cb5b9a940 .scope module, "LU1" "LOGIC_UNIT" 2 67, 7 1 0, S_0000022cb5b84b30;
 .timescale 0 0;
    .port_info 0 /INPUT 8 "A";
    .port_info 1 /INPUT 8 "B";
    .port_info 2 /INPUT 2 "ALU_FUN";
    .port_info 3 /INPUT 1 "CLK";
    .port_info 4 /INPUT 1 "RST";
    .port_info 5 /INPUT 1 "Logic_Enable";
    .port_info 6 /OUTPUT 8 "Logic_OUT";
    .port_info 7 /OUTPUT 1 "Logic_Flag";
P_0000022cb5b9aad0 .param/l "AND" 1 7 18, C4<00>;
P_0000022cb5b9ab08 .param/l "Input_data_width" 0 7 1, C4<00000000000000000000000000001000>;
P_0000022cb5b9ab40 .param/l "NAND" 1 7 20, C4<10>;
P_0000022cb5b9ab78 .param/l "NOR" 1 7 21, C4<11>;
P_0000022cb5b9abb0 .param/l "OR" 1 7 19, C4<01>;
P_0000022cb5b9abe8 .param/l "Output_data_width" 0 7 1, C4<00000000000000000000000000001000>;
v0000022cb5c07dd0_0 .net "A", 7 0, o0000022cb5bb3808;  alias, 0 drivers
v0000022cb5c073d0_0 .net "ALU_FUN", 1 0, L_0000022cb5c06c50;  1 drivers
v0000022cb5c07470_0 .net "B", 7 0, o0000022cb5bb38c8;  alias, 0 drivers
v0000022cb5c07510_0 .net "CLK", 0 0, o0000022cb5bb38f8;  alias, 0 drivers
v0000022cb5c076f0_0 .net "Logic_Enable", 0 0, v0000022cb5c06cf0_0;  alias, 1 drivers
v0000022cb5c07790_0 .var "Logic_Flag", 0 0;
v0000022cb5c07290_0 .var "Logic_OUT", 7 0;
v0000022cb5c07650_0 .net "RST", 0 0, o0000022cb5bb3928;  alias, 0 drivers
S_0000022cb5b9ac30 .scope module, "OUT_VALID_MUX" "MUX" 2 117, 3 1 0, S_0000022cb5b84b30;
 .timescale 0 0;
    .port_info 0 /INPUT 1 "In0";
    .port_info 1 /INPUT 1 "In1";
    .port_info 2 /INPUT 1 "In2";
    .port_info 3 /INPUT 1 "In3";
    .port_info 4 /INPUT 2 "Sel";
    .port_info 5 /OUTPUT 1 "Out";
P_0000022cb5b7e8f0 .param/l "Output_data_width" 0 3 2, +C4<00000000000000000000000000000001>;
v0000022cb5c066b0_0 .net/s "In0", 0 0, v0000022cb5bb2c40_0;  alias, 1 drivers
v0000022cb5c06070_0 .net "In1", 0 0, v0000022cb5c07790_0;  alias, 1 drivers
v0000022cb5c06a70_0 .net "In2", 0 0, v0000022cb5bb2e20_0;  alias, 1 drivers
v0000022cb5c07b50_0 .net "In3", 0 0, v0000022cb5c07330_0;  alias, 1 drivers
v0000022cb5c06ed0_0 .var "Out", 0 0;
v0000022cb5c06570_0 .net "Sel", 1 0, L_0000022cb5c09970;  1 drivers
E_0000022cb5b7ed30/0 .event anyedge, v0000022cb5c06570_0, v0000022cb5bb2c40_0, v0000022cb5c07790_0, v0000022cb5bb2e20_0;
E_0000022cb5b7ed30/1 .event anyedge, v0000022cb5c07b50_0;
E_0000022cb5b7ed30 .event/or E_0000022cb5b7ed30/0, E_0000022cb5b7ed30/1;
S_0000022cb5b94ca0 .scope module, "SHU1" "SHIFT_UNIT" 2 93, 8 1 0, S_0000022cb5b84b30;
 .timescale 0 0;
    .port_info 0 /INPUT 8 "A";
    .port_info 1 /INPUT 8 "B";
    .port_info 2 /INPUT 2 "ALU_FUN";
    .port_info 3 /INPUT 1 "CLK";
    .port_info 4 /INPUT 1 "RST";
    .port_info 5 /INPUT 1 "Shift_Enable";
    .port_info 6 /OUTPUT 8 "Shift_OUT";
    .port_info 7 /OUTPUT 1 "Shift_Flag";
P_0000022cb5b94e30 .param/l "Input_data_width" 0 8 1, C4<00000000000000000000000000001000>;
P_0000022cb5b94e68 .param/l "Output_data_width" 0 8 1, C4<00000000000000000000000000001000>;
P_0000022cb5b94ea0 .param/l "SHLA" 1 8 19, C4<01>;
P_0000022cb5b94ed8 .param/l "SHLB" 1 8 21, C4<11>;
P_0000022cb5b94f10 .param/l "SHRA" 1 8 18, C4<00>;
P_0000022cb5b94f48 .param/l "SHRB" 1 8 20, C4<10>;
v0000022cb5c06d90_0 .net "A", 7 0, o0000022cb5bb3808;  alias, 0 drivers
v0000022cb5c06390_0 .net "ALU_FUN", 1 0, L_0000022cb5c095b0;  1 drivers
v0000022cb5c07bf0_0 .net "B", 7 0, o0000022cb5bb38c8;  alias, 0 drivers
v0000022cb5c078d0_0 .net "CLK", 0 0, o0000022cb5bb38f8;  alias, 0 drivers
v0000022cb5c06430_0 .net "RST", 0 0, o0000022cb5bb3928;  alias, 0 drivers
v0000022cb5c07c90_0 .net "Shift_Enable", 0 0, v0000022cb5c07ab0_0;  alias, 1 drivers
v0000022cb5c07330_0 .var "Shift_Flag", 0 0;
v0000022cb5c064d0_0 .var "Shift_OUT", 7 0;
    .scope S_0000022cb5b88c80;
T_0 ;
    %wait E_0000022cb5b7eaf0;
    %load/vec4 v0000022cb5bb33c0_0;
    %flag_set/vec4 8;
    %jmp/0xz  T_0.0, 8;
    %load/vec4 v0000022cb5bb3460_0;
    %dup/vec4;
    %pushi/vec4 0, 0, 2;
    %cmp/u;
    %jmp/1 T_0.2, 6;
    %dup/vec4;
    %pushi/vec4 1, 0, 2;
    %cmp/u;
    %jmp/1 T_0.3, 6;
    %dup/vec4;
    %pushi/vec4 2, 0, 2;
    %cmp/u;
    %jmp/1 T_0.4, 6;
    %dup/vec4;
    %pushi/vec4 3, 0, 2;
    %cmp/u;
    %jmp/1 T_0.5, 6;
    %jmp T_0.6;
T_0.2 ;
    %pushi/vec4 1, 0, 1;
    %store/vec4 v0000022cb5c062f0_0, 0, 1;
    %jmp T_0.6;
T_0.3 ;
    %pushi/vec4 1, 0, 1;
    %store/vec4 v0000022cb5c06cf0_0, 0, 1;
    %jmp T_0.6;
T_0.4 ;
    %pushi/vec4 1, 0, 1;
    %store/vec4 v0000022cb5c06e30_0, 0, 1;
    %jmp T_0.6;
T_0.5 ;
    %pushi/vec4 1, 0, 1;
    %store/vec4 v0000022cb5c07ab0_0, 0, 1;
    %jmp T_0.6;
T_0.6 ;
    %pop/vec4 1;
    %jmp T_0.1;
T_0.0 ;
    %pushi/vec4 0, 0, 1;
    %store/vec4 v0000022cb5c062f0_0, 0, 1;
    %pushi/vec4 0, 0, 1;
    %store/vec4 v0000022cb5c06cf0_0, 0, 1;
    %pushi/vec4 0, 0, 1;
    %store/vec4 v0000022cb5c06e30_0, 0, 1;
    %pushi/vec4 0, 0, 1;
    %store/vec4 v0000022cb5c07ab0_0, 0, 1;
T_0.1 ;
    %jmp T_0;
    .thread T_0, $push;
    .scope S_0000022cb5b8e430;
T_1 ;
    %wait E_0000022cb5b7e7f0;
    %load/vec4 v0000022cb5bb2920_0;
    %nor/r;
    %flag_set/vec4 8;
    %jmp/0xz  T_1.0, 8;
    %pushi/vec4 0, 0, 8;
    %assign/vec4 v0000022cb5bb2a60_0, 0;
    %pushi/vec4 0, 0, 1;
    %assign/vec4 v0000022cb5bb2c40_0, 0;
    %jmp T_1.1;
T_1.0 ;
    %load/vec4 v0000022cb5bb3280_0;
    %flag_set/vec4 8;
    %jmp/0xz  T_1.2, 8;
    %load/vec4 v0000022cb5bb27e0_0;
    %dup/vec4;
    %pushi/vec4 0, 0, 2;
    %cmp/u;
    %jmp/1 T_1.4, 6;
    %dup/vec4;
    %pushi/vec4 1, 0, 2;
    %cmp/u;
    %jmp/1 T_1.5, 6;
    %dup/vec4;
    %pushi/vec4 2, 0, 2;
    %cmp/u;
    %jmp/1 T_1.6, 6;
    %dup/vec4;
    %pushi/vec4 3, 0, 2;
    %cmp/u;
    %jmp/1 T_1.7, 6;
    %jmp T_1.8;
T_1.4 ;
    %load/vec4 v0000022cb5bb2740_0;
    %load/vec4 v0000022cb5bb2b00_0;
    %add;
    %assign/vec4 v0000022cb5bb2a60_0, 0;
    %jmp T_1.8;
T_1.5 ;
    %load/vec4 v0000022cb5bb2740_0;
    %load/vec4 v0000022cb5bb2b00_0;
    %sub;
    %assign/vec4 v0000022cb5bb2a60_0, 0;
    %jmp T_1.8;
T_1.6 ;
    %load/vec4 v0000022cb5bb2740_0;
    %load/vec4 v0000022cb5bb2b00_0;
    %mul;
    %assign/vec4 v0000022cb5bb2a60_0, 0;
    %jmp T_1.8;
T_1.7 ;
    %load/vec4 v0000022cb5bb2740_0;
    %load/vec4 v0000022cb5bb2b00_0;
    %div;
    %assign/vec4 v0000022cb5bb2a60_0, 0;
    %jmp T_1.8;
T_1.8 ;
    %pop/vec4 1;
    %pushi/vec4 1, 0, 1;
    %assign/vec4 v0000022cb5bb2c40_0, 0;
    %jmp T_1.3;
T_1.2 ;
    %pushi/vec4 0, 0, 8;
    %assign/vec4 v0000022cb5bb2a60_0, 0;
    %pushi/vec4 0, 0, 1;
    %assign/vec4 v0000022cb5bb2c40_0, 0;
T_1.3 ;
T_1.1 ;
    %jmp T_1;
    .thread T_1;
    .scope S_0000022cb5b9a940;
T_2 ;
    %wait E_0000022cb5b7e7f0;
    %load/vec4 v0000022cb5c07650_0;
    %nor/r;
    %flag_set/vec4 8;
    %jmp/0xz  T_2.0, 8;
    %pushi/vec4 0, 0, 8;
    %assign/vec4 v0000022cb5c07290_0, 0;
    %pushi/vec4 0, 0, 1;
    %assign/vec4 v0000022cb5c07790_0, 0;
    %jmp T_2.1;
T_2.0 ;
    %load/vec4 v0000022cb5c076f0_0;
    %flag_set/vec4 8;
    %jmp/0xz  T_2.2, 8;
    %load/vec4 v0000022cb5c073d0_0;
    %dup/vec4;
    %pushi/vec4 0, 0, 2;
    %cmp/u;
    %jmp/1 T_2.4, 6;
    %dup/vec4;
    %pushi/vec4 1, 0, 2;
    %cmp/u;
    %jmp/1 T_2.5, 6;
    %dup/vec4;
    %pushi/vec4 2, 0, 2;
    %cmp/u;
    %jmp/1 T_2.6, 6;
    %dup/vec4;
    %pushi/vec4 3, 0, 2;
    %cmp/u;
    %jmp/1 T_2.7, 6;
    %jmp T_2.8;
T_2.4 ;
    %load/vec4 v0000022cb5c07dd0_0;
    %load/vec4 v0000022cb5c07470_0;
    %and;
    %assign/vec4 v0000022cb5c07290_0, 0;
    %jmp T_2.8;
T_2.5 ;
    %load/vec4 v0000022cb5c07dd0_0;
    %load/vec4 v0000022cb5c07470_0;
    %or;
    %assign/vec4 v0000022cb5c07290_0, 0;
    %jmp T_2.8;
T_2.6 ;
    %load/vec4 v0000022cb5c07dd0_0;
    %load/vec4 v0000022cb5c07470_0;
    %and;
    %inv;
    %assign/vec4 v0000022cb5c07290_0, 0;
    %jmp T_2.8;
T_2.7 ;
    %load/vec4 v0000022cb5c07dd0_0;
    %load/vec4 v0000022cb5c07470_0;
    %or;
    %inv;
    %assign/vec4 v0000022cb5c07290_0, 0;
    %jmp T_2.8;
T_2.8 ;
    %pop/vec4 1;
    %pushi/vec4 1, 0, 1;
    %assign/vec4 v0000022cb5c07790_0, 0;
    %jmp T_2.3;
T_2.2 ;
    %pushi/vec4 0, 0, 8;
    %assign/vec4 v0000022cb5c07290_0, 0;
    %pushi/vec4 0, 0, 1;
    %assign/vec4 v0000022cb5c07790_0, 0;
T_2.3 ;
T_2.1 ;
    %jmp T_2;
    .thread T_2;
    .scope S_0000022cb5b88990;
T_3 ;
    %wait E_0000022cb5b7e7f0;
    %load/vec4 v0000022cb5bb2880_0;
    %nor/r;
    %flag_set/vec4 8;
    %jmp/0xz  T_3.0, 8;
    %pushi/vec4 0, 0, 8;
    %assign/vec4 v0000022cb5bb3000_0, 0;
    %pushi/vec4 0, 0, 1;
    %assign/vec4 v0000022cb5bb2e20_0, 0;
    %jmp T_3.1;
T_3.0 ;
    %load/vec4 v0000022cb5bb26a0_0;
    %flag_set/vec4 8;
    %jmp/0xz  T_3.2, 8;
    %load/vec4 v0000022cb5bb2ec0_0;
    %dup/vec4;
    %pushi/vec4 0, 0, 2;
    %cmp/u;
    %jmp/1 T_3.4, 6;
    %dup/vec4;
    %pushi/vec4 1, 0, 2;
    %cmp/u;
    %jmp/1 T_3.5, 6;
    %dup/vec4;
    %pushi/vec4 2, 0, 2;
    %cmp/u;
    %jmp/1 T_3.6, 6;
    %dup/vec4;
    %pushi/vec4 3, 0, 2;
    %cmp/u;
    %jmp/1 T_3.7, 6;
    %jmp T_3.8;
T_3.4 ;
    %pushi/vec4 0, 0, 8;
    %assign/vec4 v0000022cb5bb3000_0, 0;
    %jmp T_3.8;
T_3.5 ;
    %load/vec4 v0000022cb5bb2ba0_0;
    %load/vec4 v0000022cb5bb2d80_0;
    %cmp/e;
    %jmp/0xz  T_3.9, 4;
    %pushi/vec4 1, 0, 8;
    %assign/vec4 v0000022cb5bb3000_0, 0;
    %jmp T_3.10;
T_3.9 ;
    %pushi/vec4 0, 0, 8;
    %assign/vec4 v0000022cb5bb3000_0, 0;
T_3.10 ;
    %jmp T_3.8;
T_3.6 ;
    %load/vec4 v0000022cb5bb2d80_0;
    %load/vec4 v0000022cb5bb2ba0_0;
    %cmp/u;
    %jmp/0xz  T_3.11, 5;
    %pushi/vec4 2, 0, 8;
    %assign/vec4 v0000022cb5bb3000_0, 0;
    %jmp T_3.12;
T_3.11 ;
    %pushi/vec4 0, 0, 8;
    %assign/vec4 v0000022cb5bb3000_0, 0;
T_3.12 ;
    %jmp T_3.8;
T_3.7 ;
    %load/vec4 v0000022cb5bb2ba0_0;
    %load/vec4 v0000022cb5bb2d80_0;
    %cmp/u;
    %jmp/0xz  T_3.13, 5;
    %pushi/vec4 3, 0, 8;
    %assign/vec4 v0000022cb5bb3000_0, 0;
    %jmp T_3.14;
T_3.13 ;
    %pushi/vec4 0, 0, 8;
    %assign/vec4 v0000022cb5bb3000_0, 0;
T_3.14 ;
    %jmp T_3.8;
T_3.8 ;
    %pop/vec4 1;
    %pushi/vec4 1, 0, 1;
    %assign/vec4 v0000022cb5bb2e20_0, 0;
    %jmp T_3.3;
T_3.2 ;
    %pushi/vec4 0, 0, 8;
    %assign/vec4 v0000022cb5bb3000_0, 0;
    %pushi/vec4 0, 0, 1;
    %assign/vec4 v0000022cb5bb2e20_0, 0;
T_3.3 ;
T_3.1 ;
    %jmp T_3;
    .thread T_3;
    .scope S_0000022cb5b94ca0;
T_4 ;
    %wait E_0000022cb5b7e7f0;
    %load/vec4 v0000022cb5c06430_0;
    %nor/r;
    %flag_set/vec4 8;
    %jmp/0xz  T_4.0, 8;
    %pushi/vec4 0, 0, 8;
    %assign/vec4 v0000022cb5c064d0_0, 0;
    %pushi/vec4 0, 0, 1;
    %assign/vec4 v0000022cb5c07330_0, 0;
    %jmp T_4.1;
T_4.0 ;
    %load/vec4 v0000022cb5c07c90_0;
    %flag_set/vec4 8;
    %jmp/0xz  T_4.2, 8;
    %load/vec4 v0000022cb5c06390_0;
    %dup/vec4;
    %pushi/vec4 0, 0, 2;
    %cmp/u;
    %jmp/1 T_4.4, 6;
    %dup/vec4;
    %pushi/vec4 1, 0, 2;
    %cmp/u;
    %jmp/1 T_4.5, 6;
    %dup/vec4;
    %pushi/vec4 2, 0, 2;
    %cmp/u;
    %jmp/1 T_4.6, 6;
    %dup/vec4;
    %pushi/vec4 3, 0, 2;
    %cmp/u;
    %jmp/1 T_4.7, 6;
    %jmp T_4.8;
T_4.4 ;
    %load/vec4 v0000022cb5c06d90_0;
    %ix/load 4, 1, 0;
    %flag_set/imm 4, 0;
    %shiftr 4;
    %assign/vec4 v0000022cb5c064d0_0, 0;
    %jmp T_4.8;
T_4.5 ;
    %load/vec4 v0000022cb5c06d90_0;
    %ix/load 4, 1, 0;
    %flag_set/imm 4, 0;
    %shiftl 4;
    %assign/vec4 v0000022cb5c064d0_0, 0;
    %jmp T_4.8;
T_4.6 ;
    %load/vec4 v0000022cb5c07bf0_0;
    %ix/load 4, 1, 0;
    %flag_set/imm 4, 0;
    %shiftr 4;
    %assign/vec4 v0000022cb5c064d0_0, 0;
    %jmp T_4.8;
T_4.7 ;
    %load/vec4 v0000022cb5c07bf0_0;
    %ix/load 4, 1, 0;
    %flag_set/imm 4, 0;
    %shiftl 4;
    %assign/vec4 v0000022cb5c064d0_0, 0;
    %jmp T_4.8;
T_4.8 ;
    %pop/vec4 1;
    %pushi/vec4 1, 0, 1;
    %assign/vec4 v0000022cb5c07330_0, 0;
    %jmp T_4.3;
T_4.2 ;
    %pushi/vec4 0, 0, 8;
    %assign/vec4 v0000022cb5c064d0_0, 0;
    %pushi/vec4 0, 0, 1;
    %assign/vec4 v0000022cb5c07330_0, 0;
T_4.3 ;
T_4.1 ;
    %jmp T_4;
    .thread T_4;
    .scope S_0000022cb5b8e2a0;
T_5 ;
    %wait E_0000022cb5b7e170;
    %load/vec4 v0000022cb5bb2f60_0;
    %dup/vec4;
    %pushi/vec4 0, 0, 2;
    %cmp/u;
    %jmp/1 T_5.0, 6;
    %dup/vec4;
    %pushi/vec4 1, 0, 2;
    %cmp/u;
    %jmp/1 T_5.1, 6;
    %dup/vec4;
    %pushi/vec4 2, 0, 2;
    %cmp/u;
    %jmp/1 T_5.2, 6;
    %dup/vec4;
    %pushi/vec4 3, 0, 2;
    %cmp/u;
    %jmp/1 T_5.3, 6;
    %jmp T_5.4;
T_5.0 ;
    %load/vec4 v0000022cb5bb31e0_0;
    %store/vec4 v0000022cb5bb29c0_0, 0, 8;
    %jmp T_5.4;
T_5.1 ;
    %load/vec4 v0000022cb5bb2600_0;
    %store/vec4 v0000022cb5bb29c0_0, 0, 8;
    %jmp T_5.4;
T_5.2 ;
    %load/vec4 v0000022cb5bb30a0_0;
    %store/vec4 v0000022cb5bb29c0_0, 0, 8;
    %jmp T_5.4;
T_5.3 ;
    %load/vec4 v0000022cb5bb3140_0;
    %store/vec4 v0000022cb5bb29c0_0, 0, 8;
    %jmp T_5.4;
T_5.4 ;
    %pop/vec4 1;
    %jmp T_5;
    .thread T_5, $push;
    .scope S_0000022cb5b9ac30;
T_6 ;
    %wait E_0000022cb5b7ed30;
    %load/vec4 v0000022cb5c06570_0;
    %dup/vec4;
    %pushi/vec4 0, 0, 2;
    %cmp/u;
    %jmp/1 T_6.0, 6;
    %dup/vec4;
    %pushi/vec4 1, 0, 2;
    %cmp/u;
    %jmp/1 T_6.1, 6;
    %dup/vec4;
    %pushi/vec4 2, 0, 2;
    %cmp/u;
    %jmp/1 T_6.2, 6;
    %dup/vec4;
    %pushi/vec4 3, 0, 2;
    %cmp/u;
    %jmp/1 T_6.3, 6;
    %jmp T_6.4;
T_6.0 ;
    %load/vec4 v0000022cb5c066b0_0;
    %store/vec4 v0000022cb5c06ed0_0, 0, 1;
    %jmp T_6.4;
T_6.1 ;
    %load/vec4 v0000022cb5c06070_0;
    %store/vec4 v0000022cb5c06ed0_0, 0, 1;
    %jmp T_6.4;
T_6.2 ;
    %load/vec4 v0000022cb5c06a70_0;
    %store/vec4 v0000022cb5c06ed0_0, 0, 1;
    %jmp T_6.4;
T_6.3 ;
    %load/vec4 v0000022cb5c07b50_0;
    %store/vec4 v0000022cb5c06ed0_0, 0, 1;
    %jmp T_6.4;
T_6.4 ;
    %pop/vec4 1;
    %jmp T_6;
    .thread T_6, $push;
# The file index is used to find the file name in the following table.
:file_names 9;
    "N/A";
    "<interactive>";
    "ALU.v";
    "./MUX.v";
    "./ARITHMATIC_UNIT.v";
    "./CMP_UNIT.v";
    "./Decoder.v";
    "./LOGIC_UNIT.v";
    "./SHIFT_UNIT.v";
