#! /c/Source/iverilog-install/bin/vvp
:ivl_version "12.0 (devel)" "(s20150603-1539-g2693dd32b)";
:ivl_delay_selection "TYPICAL";
:vpi_time_precision + 0;
:vpi_module "C:\iverilog\lib\ivl\system.vpi";
:vpi_module "C:\iverilog\lib\ivl\vhdl_sys.vpi";
:vpi_module "C:\iverilog\lib\ivl\vhdl_textio.vpi";
:vpi_module "C:\iverilog\lib\ivl\v2005_math.vpi";
:vpi_module "C:\iverilog\lib\ivl\va_math.vpi";
S_00000292525f2c40 .scope module, "ALU_MUX" "ALU_MUX" 2 1;
 .timescale 0 0;
    .port_info 0 /INPUT 8 "In0";
    .port_info 1 /INPUT 8 "In1";
    .port_info 2 /INPUT 8 "In2";
    .port_info 3 /INPUT 8 "In3";
    .port_info 4 /INPUT 2 "Sel";
    .port_info 5 /OUTPUT 8 "Out";
P_00000292525dce30 .param/l "Output_data_width" 0 2 2, C4<00000000000000000000000000001000>;
o0000029252626f98 .functor BUFZ 8, C4<zzzzzzzz>; HiZ drive
v00000292525f2dd0_0 .net "In0", 7 0, o0000029252626f98;  0 drivers
o0000029252626fc8 .functor BUFZ 8, C4<zzzzzzzz>; HiZ drive
v00000292525f2e70_0 .net "In1", 7 0, o0000029252626fc8;  0 drivers
o0000029252626ff8 .functor BUFZ 8, C4<zzzzzzzz>; HiZ drive
v00000292525f2f10_0 .net "In2", 7 0, o0000029252626ff8;  0 drivers
o0000029252627028 .functor BUFZ 8, C4<zzzzzzzz>; HiZ drive
v00000292525dbe80_0 .net "In3", 7 0, o0000029252627028;  0 drivers
v00000292525dbf20_0 .var "Out", 7 0;
o0000029252627088 .functor BUFZ 2, C4<zz>; HiZ drive
v00000292526221f0_0 .net "Sel", 1 0, o0000029252627088;  0 drivers
E_00000292525dceb0/0 .event anyedge, v00000292526221f0_0, v00000292525f2dd0_0, v00000292525f2e70_0, v00000292525f2f10_0;
E_00000292525dceb0/1 .event anyedge, v00000292525dbe80_0;
E_00000292525dceb0 .event/or E_00000292525dceb0/0, E_00000292525dceb0/1;
    .scope S_00000292525f2c40;
T_0 ;
    %wait E_00000292525dceb0;
    %load/vec4 v00000292526221f0_0;
    %dup/vec4;
    %pushi/vec4 0, 0, 2;
    %cmp/u;
    %jmp/1 T_0.0, 6;
    %dup/vec4;
    %pushi/vec4 1, 0, 2;
    %cmp/u;
    %jmp/1 T_0.1, 6;
    %dup/vec4;
    %pushi/vec4 2, 0, 2;
    %cmp/u;
    %jmp/1 T_0.2, 6;
    %dup/vec4;
    %pushi/vec4 3, 0, 2;
    %cmp/u;
    %jmp/1 T_0.3, 6;
    %jmp T_0.4;
T_0.0 ;
    %load/vec4 v00000292525f2dd0_0;
    %store/vec4 v00000292525dbf20_0, 0, 8;
    %jmp T_0.4;
T_0.1 ;
    %load/vec4 v00000292525f2e70_0;
    %store/vec4 v00000292525dbf20_0, 0, 8;
    %jmp T_0.4;
T_0.2 ;
    %load/vec4 v00000292525f2f10_0;
    %store/vec4 v00000292525dbf20_0, 0, 8;
    %jmp T_0.4;
T_0.3 ;
    %load/vec4 v00000292525dbe80_0;
    %store/vec4 v00000292525dbf20_0, 0, 8;
    %jmp T_0.4;
T_0.4 ;
    %pop/vec4 1;
    %jmp T_0;
    .thread T_0, $push;
# The file index is used to find the file name in the following table.
:file_names 3;
    "N/A";
    "<interactive>";
    "ALU_MUX.v";
