#! /c/Source/iverilog-install/bin/vvp
:ivl_version "12.0 (devel)" "(s20150603-1539-g2693dd32b)";
:ivl_delay_selection "TYPICAL";
:vpi_time_precision + 0;
:vpi_module "C:\iverilog\lib\ivl\system.vpi";
:vpi_module "C:\iverilog\lib\ivl\vhdl_sys.vpi";
:vpi_module "C:\iverilog\lib\ivl\vhdl_textio.vpi";
:vpi_module "C:\iverilog\lib\ivl\v2005_math.vpi";
:vpi_module "C:\iverilog\lib\ivl\va_math.vpi";
S_000001fbfd2fbd10 .scope module, "CMP_UNIT" "CMP_UNIT" 2 1;
 .timescale 0 0;
    .port_info 0 /INPUT 8 "A";
    .port_info 1 /INPUT 8 "B";
    .port_info 2 /INPUT 2 "ALU_FUN";
    .port_info 3 /INPUT 1 "CLK";
    .port_info 4 /INPUT 1 "RST";
    .port_info 5 /INPUT 1 "CMP_Enable";
    .port_info 6 /OUTPUT 8 "CMP_OUT";
    .port_info 7 /OUTPUT 1 "CMP_Flag";
P_000001fbfd312b30 .param/l "CMPEQ" 1 2 21, C4<01>;
P_000001fbfd312b68 .param/l "CMPG" 1 2 22, C4<10>;
P_000001fbfd312ba0 .param/l "CMPL" 1 2 23, C4<11>;
P_000001fbfd312bd8 .param/l "EQ_CODE" 1 2 28, C4<00000001>;
P_000001fbfd312c10 .param/l "GT_CODE" 1 2 29, C4<00000010>;
P_000001fbfd312c48 .param/l "Input_data_width" 0 2 2, +C4<00000000000000000000000000001000>;
P_000001fbfd312c80 .param/l "LT_CODE" 1 2 30, C4<00000011>;
P_000001fbfd312cb8 .param/l "NOP" 1 2 20, C4<00>;
P_000001fbfd312cf0 .param/l "NOP_CODE" 1 2 27, C4<00000000>;
P_000001fbfd312d28 .param/l "Output_data_width" 0 2 3, +C4<00000000000000000000000000001000>;
o000001fbfd349fa8 .functor BUFZ 8, C4<zzzzzzzz>; HiZ drive
v000001fbfd313120_0 .net/s "A", 7 0, o000001fbfd349fa8;  0 drivers
o000001fbfd349fd8 .functor BUFZ 2, C4<zz>; HiZ drive
v000001fbfd2fbea0_0 .net "ALU_FUN", 1 0, o000001fbfd349fd8;  0 drivers
o000001fbfd34a008 .functor BUFZ 8, C4<zzzzzzzz>; HiZ drive
v000001fbfd2fbf40_0 .net/s "B", 7 0, o000001fbfd34a008;  0 drivers
o000001fbfd34a038 .functor BUFZ 1, C4<z>; HiZ drive
v000001fbfd312d70_0 .net "CLK", 0 0, o000001fbfd34a038;  0 drivers
o000001fbfd34a068 .functor BUFZ 1, C4<z>; HiZ drive
v000001fbfd312e10_0 .net "CMP_Enable", 0 0, o000001fbfd34a068;  0 drivers
v000001fbfd312eb0_0 .var "CMP_Flag", 0 0;
v000001fbfd344230_0 .var/s "CMP_OUT", 7 0;
o000001fbfd34a0f8 .functor BUFZ 1, C4<z>; HiZ drive
v000001fbfd3442d0_0 .net "RST", 0 0, o000001fbfd34a0f8;  0 drivers
E_000001fbfd3479b0/0 .event anyedge, v000001fbfd3442d0_0, v000001fbfd312e10_0, v000001fbfd2fbea0_0, v000001fbfd313120_0;
E_000001fbfd3479b0/1 .event anyedge, v000001fbfd2fbf40_0;
E_000001fbfd3479b0 .event/or E_000001fbfd3479b0/0, E_000001fbfd3479b0/1;
    .scope S_000001fbfd2fbd10;
T_0 ;
    %wait E_000001fbfd3479b0;
    %load/vec4 v000001fbfd3442d0_0;
    %nor/r;
    %flag_set/vec4 8;
    %jmp/0xz  T_0.0, 8;
    %pushi/vec4 0, 0, 8;
    %store/vec4 v000001fbfd344230_0, 0, 8;
    %pushi/vec4 0, 0, 1;
    %store/vec4 v000001fbfd312eb0_0, 0, 1;
    %jmp T_0.1;
T_0.0 ;
    %load/vec4 v000001fbfd312e10_0;
    %flag_set/vec4 8;
    %jmp/0xz  T_0.2, 8;
    %load/vec4 v000001fbfd2fbea0_0;
    %dup/vec4;
    %pushi/vec4 0, 0, 2;
    %cmp/u;
    %jmp/1 T_0.4, 6;
    %dup/vec4;
    %pushi/vec4 1, 0, 2;
    %cmp/u;
    %jmp/1 T_0.5, 6;
    %dup/vec4;
    %pushi/vec4 2, 0, 2;
    %cmp/u;
    %jmp/1 T_0.6, 6;
    %dup/vec4;
    %pushi/vec4 3, 0, 2;
    %cmp/u;
    %jmp/1 T_0.7, 6;
    %pushi/vec4 0, 0, 8;
    %store/vec4 v000001fbfd344230_0, 0, 8;
    %jmp T_0.9;
T_0.4 ;
    %pushi/vec4 0, 0, 8;
    %store/vec4 v000001fbfd344230_0, 0, 8;
    %jmp T_0.9;
T_0.5 ;
    %load/vec4 v000001fbfd313120_0;
    %load/vec4 v000001fbfd2fbf40_0;
    %cmp/e;
    %flag_mov 8, 4;
    %jmp/0 T_0.10, 8;
    %pushi/vec4 1, 0, 8;
    %jmp/1 T_0.11, 8;
T_0.10 ; End of true expr.
    %pushi/vec4 0, 0, 8;
    %jmp/0 T_0.11, 8;
 ; End of false expr.
    %blend;
T_0.11;
    %store/vec4 v000001fbfd344230_0, 0, 8;
    %jmp T_0.9;
T_0.6 ;
    %load/vec4 v000001fbfd2fbf40_0;
    %load/vec4 v000001fbfd313120_0;
    %cmp/s;
    %flag_mov 8, 5;
    %jmp/0 T_0.12, 8;
    %pushi/vec4 2, 0, 8;
    %jmp/1 T_0.13, 8;
T_0.12 ; End of true expr.
    %pushi/vec4 0, 0, 8;
    %jmp/0 T_0.13, 8;
 ; End of false expr.
    %blend;
T_0.13;
    %store/vec4 v000001fbfd344230_0, 0, 8;
    %jmp T_0.9;
T_0.7 ;
    %load/vec4 v000001fbfd313120_0;
    %load/vec4 v000001fbfd2fbf40_0;
    %cmp/s;
    %flag_mov 8, 5;
    %jmp/0 T_0.14, 8;
    %pushi/vec4 3, 0, 8;
    %jmp/1 T_0.15, 8;
T_0.14 ; End of true expr.
    %pushi/vec4 0, 0, 8;
    %jmp/0 T_0.15, 8;
 ; End of false expr.
    %blend;
T_0.15;
    %store/vec4 v000001fbfd344230_0, 0, 8;
    %jmp T_0.9;
T_0.9 ;
    %pop/vec4 1;
    %pushi/vec4 1, 0, 1;
    %store/vec4 v000001fbfd312eb0_0, 0, 1;
    %jmp T_0.3;
T_0.2 ;
    %pushi/vec4 0, 0, 8;
    %store/vec4 v000001fbfd344230_0, 0, 8;
    %pushi/vec4 0, 0, 1;
    %store/vec4 v000001fbfd312eb0_0, 0, 1;
T_0.3 ;
T_0.1 ;
    %jmp T_0;
    .thread T_0, $push;
# The file index is used to find the file name in the following table.
:file_names 3;
    "N/A";
    "<interactive>";
    "CMP_UNIT.v";
