#! /c/Source/iverilog-install/bin/vvp
:ivl_version "12.0 (devel)" "(s20150603-1539-g2693dd32b)";
:ivl_delay_selection "TYPICAL";
:vpi_time_precision + 0;
:vpi_module "C:\iverilog\lib\ivl\system.vpi";
:vpi_module "C:\iverilog\lib\ivl\vhdl_sys.vpi";
:vpi_module "C:\iverilog\lib\ivl\vhdl_textio.vpi";
:vpi_module "C:\iverilog\lib\ivl\v2005_math.vpi";
:vpi_module "C:\iverilog\lib\ivl\va_math.vpi";
S_00000232970d2c40 .scope module, "Decoder" "Decoder" 2 1;
 .timescale 0 0;
    .port_info 0 /INPUT 2 "ALU_FUN";
    .port_info 1 /INPUT 1 "ALU_EN";
    .port_info 2 /OUTPUT 1 "Arith_Enable";
    .port_info 3 /OUTPUT 1 "Logic_Enable";
    .port_info 4 /OUTPUT 1 "CMP_Enable";
    .port_info 5 /OUTPUT 1 "Shift_Enable";
P_00000232970d2dd0 .param/l "Arith" 1 2 16, C4<00>;
P_00000232970d2e08 .param/l "CMP" 1 2 18, C4<10>;
P_00000232970d2e40 .param/l "Logic" 1 2 17, C4<01>;
P_00000232970d2e78 .param/l "Shift" 1 2 19, C4<11>;
o0000023297106fa8 .functor BUFZ 1, C4<z>; HiZ drive
v00000232970d32c0_0 .net "ALU_EN", 0 0, o0000023297106fa8;  0 drivers
o0000023297106fd8 .functor BUFZ 2, C4<zz>; HiZ drive
v00000232970d2ec0_0 .net "ALU_FUN", 1 0, o0000023297106fd8;  0 drivers
v00000232970bbc90_0 .var "Arith_Enable", 0 0;
v00000232970bbd30_0 .var "CMP_Enable", 0 0;
v00000232970bbdd0_0 .var "Logic_Enable", 0 0;
v00000232970bbe70_0 .var "Shift_Enable", 0 0;
E_00000232970bc8f0 .event anyedge, v00000232970d32c0_0, v00000232970d2ec0_0;
    .scope S_00000232970d2c40;
T_0 ;
    %wait E_00000232970bc8f0;
    %pushi/vec4 0, 0, 1;
    %store/vec4 v00000232970bbc90_0, 0, 1;
    %pushi/vec4 0, 0, 1;
    %store/vec4 v00000232970bbdd0_0, 0, 1;
    %pushi/vec4 0, 0, 1;
    %store/vec4 v00000232970bbd30_0, 0, 1;
    %pushi/vec4 0, 0, 1;
    %store/vec4 v00000232970bbe70_0, 0, 1;
    %load/vec4 v00000232970d32c0_0;
    %flag_set/vec4 8;
    %jmp/0xz  T_0.0, 8;
    %load/vec4 v00000232970d2ec0_0;
    %dup/vec4;
    %pushi/vec4 0, 0, 2;
    %cmp/u;
    %jmp/1 T_0.2, 6;
    %dup/vec4;
    %pushi/vec4 1, 0, 2;
    %cmp/u;
    %jmp/1 T_0.3, 6;
    %dup/vec4;
    %pushi/vec4 2, 0, 2;
    %cmp/u;
    %jmp/1 T_0.4, 6;
    %dup/vec4;
    %pushi/vec4 3, 0, 2;
    %cmp/u;
    %jmp/1 T_0.5, 6;
    %jmp T_0.7;
T_0.2 ;
    %pushi/vec4 1, 0, 1;
    %store/vec4 v00000232970bbc90_0, 0, 1;
    %jmp T_0.7;
T_0.3 ;
    %pushi/vec4 1, 0, 1;
    %store/vec4 v00000232970bbdd0_0, 0, 1;
    %jmp T_0.7;
T_0.4 ;
    %pushi/vec4 1, 0, 1;
    %store/vec4 v00000232970bbd30_0, 0, 1;
    %jmp T_0.7;
T_0.5 ;
    %pushi/vec4 1, 0, 1;
    %store/vec4 v00000232970bbe70_0, 0, 1;
    %jmp T_0.7;
T_0.7 ;
    %pop/vec4 1;
    %jmp T_0.1;
T_0.0 ;
    %pushi/vec4 0, 0, 1;
    %store/vec4 v00000232970bbc90_0, 0, 1;
    %pushi/vec4 0, 0, 1;
    %store/vec4 v00000232970bbdd0_0, 0, 1;
    %pushi/vec4 0, 0, 1;
    %store/vec4 v00000232970bbd30_0, 0, 1;
    %pushi/vec4 0, 0, 1;
    %store/vec4 v00000232970bbe70_0, 0, 1;
T_0.1 ;
    %jmp T_0;
    .thread T_0, $push;
# The file index is used to find the file name in the following table.
:file_names 3;
    "N/A";
    "<interactive>";
    "Decoder.v";
