#! /c/Source/iverilog-install/bin/vvp
:ivl_version "12.0 (devel)" "(s20150603-1539-g2693dd32b)";
:ivl_delay_selection "TYPICAL";
:vpi_time_precision + 0;
:vpi_module "C:\iverilog\lib\ivl\system.vpi";
:vpi_module "C:\iverilog\lib\ivl\vhdl_sys.vpi";
:vpi_module "C:\iverilog\lib\ivl\vhdl_textio.vpi";
:vpi_module "C:\iverilog\lib\ivl\v2005_math.vpi";
:vpi_module "C:\iverilog\lib\ivl\va_math.vpi";
S_000001a424862c40 .scope module, "LOGIC_UNIT" "LOGIC_UNIT" 2 1;
 .timescale 0 0;
    .port_info 0 /INPUT 16 "A";
    .port_info 1 /INPUT 16 "B";
    .port_info 2 /INPUT 2 "ALU_FUN";
    .port_info 3 /INPUT 1 "CLK";
    .port_info 4 /INPUT 1 "RST";
    .port_info 5 /INPUT 1 "Logic_Enable";
    .port_info 6 /OUTPUT 16 "Logic_OUT";
    .port_info 7 /OUTPUT 1 "Logic_Flag";
P_000001a424862dd0 .param/l "AND" 1 2 18, C4<00>;
P_000001a424862e08 .param/l "NAND" 1 2 20, C4<10>;
P_000001a424862e40 .param/l "NOR" 1 2 21, C4<11>;
P_000001a424862e78 .param/l "OR" 1 2 19, C4<01>;
P_000001a424862eb0 .param/l "Width" 0 2 1, C4<00000000000000000000000000010000>;
o000001a424898fd8 .functor BUFZ 16, C4<zzzzzzzzzzzzzzzz>; HiZ drive
v000001a4248630e0_0 .net/s "A", 15 0, o000001a424898fd8;  0 drivers
o000001a424899008 .functor BUFZ 2, C4<zz>; HiZ drive
v000001a424862ef0_0 .net "ALU_FUN", 1 0, o000001a424899008;  0 drivers
o000001a424899038 .functor BUFZ 16, C4<zzzzzzzzzzzzzzzz>; HiZ drive
v000001a4248dbc40_0 .net/s "B", 15 0, o000001a424899038;  0 drivers
o000001a424899068 .functor BUFZ 1, C4<z>; HiZ drive
v000001a4248dbce0_0 .net "CLK", 0 0, o000001a424899068;  0 drivers
o000001a424899098 .functor BUFZ 1, C4<z>; HiZ drive
v000001a4248dbd80_0 .net "Logic_Enable", 0 0, o000001a424899098;  0 drivers
v000001a4248dbe20_0 .var "Logic_Flag", 0 0;
v000001a4248dbec0_0 .var "Logic_OUT", 15 0;
o000001a424899128 .functor BUFZ 1, C4<z>; HiZ drive
v000001a424893580_0 .net "RST", 0 0, o000001a424899128;  0 drivers
E_000001a42484a3c0/0 .event negedge, v000001a424893580_0;
E_000001a42484a3c0/1 .event posedge, v000001a4248dbce0_0;
E_000001a42484a3c0 .event/or E_000001a42484a3c0/0, E_000001a42484a3c0/1;
    .scope S_000001a424862c40;
T_0 ;
    %wait E_000001a42484a3c0;
    %load/vec4 v000001a424893580_0;
    %nor/r;
    %flag_set/vec4 8;
    %jmp/0xz  T_0.0, 8;
    %pushi/vec4 0, 0, 16;
    %assign/vec4 v000001a4248dbec0_0, 0;
    %pushi/vec4 0, 0, 1;
    %assign/vec4 v000001a4248dbe20_0, 0;
    %jmp T_0.1;
T_0.0 ;
    %load/vec4 v000001a4248dbd80_0;
    %flag_set/vec4 8;
    %jmp/0xz  T_0.2, 8;
    %load/vec4 v000001a424862ef0_0;
    %dup/vec4;
    %pushi/vec4 0, 0, 2;
    %cmp/u;
    %jmp/1 T_0.4, 6;
    %dup/vec4;
    %pushi/vec4 1, 0, 2;
    %cmp/u;
    %jmp/1 T_0.5, 6;
    %dup/vec4;
    %pushi/vec4 2, 0, 2;
    %cmp/u;
    %jmp/1 T_0.6, 6;
    %dup/vec4;
    %pushi/vec4 3, 0, 2;
    %cmp/u;
    %jmp/1 T_0.7, 6;
    %jmp T_0.8;
T_0.4 ;
    %load/vec4 v000001a4248630e0_0;
    %load/vec4 v000001a4248dbc40_0;
    %and;
    %assign/vec4 v000001a4248dbec0_0, 0;
    %jmp T_0.8;
T_0.5 ;
    %load/vec4 v000001a4248630e0_0;
    %load/vec4 v000001a4248dbc40_0;
    %or;
    %assign/vec4 v000001a4248dbec0_0, 0;
    %jmp T_0.8;
T_0.6 ;
    %load/vec4 v000001a4248630e0_0;
    %load/vec4 v000001a4248dbc40_0;
    %and;
    %inv;
    %assign/vec4 v000001a4248dbec0_0, 0;
    %jmp T_0.8;
T_0.7 ;
    %load/vec4 v000001a4248630e0_0;
    %load/vec4 v000001a4248dbc40_0;
    %or;
    %inv;
    %assign/vec4 v000001a4248dbec0_0, 0;
    %jmp T_0.8;
T_0.8 ;
    %pop/vec4 1;
    %pushi/vec4 1, 0, 1;
    %assign/vec4 v000001a4248dbe20_0, 0;
    %jmp T_0.3;
T_0.2 ;
    %pushi/vec4 0, 0, 16;
    %assign/vec4 v000001a4248dbec0_0, 0;
    %pushi/vec4 0, 0, 1;
    %assign/vec4 v000001a4248dbe20_0, 0;
T_0.3 ;
T_0.1 ;
    %jmp T_0;
    .thread T_0;
# The file index is used to find the file name in the following table.
:file_names 3;
    "N/A";
    "<interactive>";
    "Logic_Unit.v";
