#! /c/Source/iverilog-install/bin/vvp
:ivl_version "12.0 (devel)" "(s20150603-1539-g2693dd32b)";
:ivl_delay_selection "TYPICAL";
:vpi_time_precision + 0;
:vpi_module "C:\iverilog\lib\ivl\system.vpi";
:vpi_module "C:\iverilog\lib\ivl\vhdl_sys.vpi";
:vpi_module "C:\iverilog\lib\ivl\vhdl_textio.vpi";
:vpi_module "C:\iverilog\lib\ivl\v2005_math.vpi";
:vpi_module "C:\iverilog\lib\ivl\va_math.vpi";
S_0000027647d32c40 .scope module, "MUX" "MUX" 2 1;
 .timescale 0 0;
    .port_info 0 /INPUT 8 "In0";
    .port_info 1 /INPUT 8 "In1";
    .port_info 2 /INPUT 8 "In2";
    .port_info 3 /INPUT 8 "In3";
    .port_info 4 /INPUT 2 "Sel";
    .port_info 5 /OUTPUT 8 "Out";
P_0000027647d1ccf0 .param/l "Output_data_width" 0 2 2, C4<00000000000000000000000000001000>;
o0000027647d66fa8 .functor BUFZ 8, C4<zzzzzzzz>; HiZ drive
v0000027647d32dd0_0 .net/s "In0", 7 0, o0000027647d66fa8;  0 drivers
o0000027647d66fd8 .functor BUFZ 8, C4<zzzzzzzz>; HiZ drive
v0000027647d32e70_0 .net/s "In1", 7 0, o0000027647d66fd8;  0 drivers
o0000027647d67008 .functor BUFZ 8, C4<zzzzzzzz>; HiZ drive
v0000027647d32f10_0 .net/s "In2", 7 0, o0000027647d67008;  0 drivers
o0000027647d67038 .functor BUFZ 8, C4<zzzzzzzz>; HiZ drive
v0000027647d1be40_0 .net/s "In3", 7 0, o0000027647d67038;  0 drivers
v0000027647d1bee0_0 .var/s "Out", 7 0;
o0000027647d67098 .functor BUFZ 2, C4<zz>; HiZ drive
v0000027647d62190_0 .net "Sel", 1 0, o0000027647d67098;  0 drivers
E_0000027647d1c8f0/0 .event anyedge, v0000027647d62190_0, v0000027647d32dd0_0, v0000027647d32e70_0, v0000027647d32f10_0;
E_0000027647d1c8f0/1 .event anyedge, v0000027647d1be40_0;
E_0000027647d1c8f0 .event/or E_0000027647d1c8f0/0, E_0000027647d1c8f0/1;
    .scope S_0000027647d32c40;
T_0 ;
    %wait E_0000027647d1c8f0;
    %load/vec4 v0000027647d62190_0;
    %dup/vec4;
    %pushi/vec4 0, 0, 2;
    %cmp/u;
    %jmp/1 T_0.0, 6;
    %dup/vec4;
    %pushi/vec4 1, 0, 2;
    %cmp/u;
    %jmp/1 T_0.1, 6;
    %dup/vec4;
    %pushi/vec4 2, 0, 2;
    %cmp/u;
    %jmp/1 T_0.2, 6;
    %dup/vec4;
    %pushi/vec4 3, 0, 2;
    %cmp/u;
    %jmp/1 T_0.3, 6;
    %jmp T_0.4;
T_0.0 ;
    %load/vec4 v0000027647d32dd0_0;
    %store/vec4 v0000027647d1bee0_0, 0, 8;
    %jmp T_0.4;
T_0.1 ;
    %load/vec4 v0000027647d32e70_0;
    %store/vec4 v0000027647d1bee0_0, 0, 8;
    %jmp T_0.4;
T_0.2 ;
    %load/vec4 v0000027647d32f10_0;
    %store/vec4 v0000027647d1bee0_0, 0, 8;
    %jmp T_0.4;
T_0.3 ;
    %load/vec4 v0000027647d1be40_0;
    %store/vec4 v0000027647d1bee0_0, 0, 8;
    %jmp T_0.4;
T_0.4 ;
    %pop/vec4 1;
    %jmp T_0;
    .thread T_0, $push;
# The file index is used to find the file name in the following table.
:file_names 3;
    "N/A";
    "<interactive>";
    "MUX.v";
