#! /c/Source/iverilog-install/bin/vvp
:ivl_version "12.0 (devel)" "(s20150603-1539-g2693dd32b)";
:ivl_delay_selection "TYPICAL";
:vpi_time_precision - 12;
:vpi_module "C:\iverilog\lib\ivl\system.vpi";
:vpi_module "C:\iverilog\lib\ivl\vhdl_sys.vpi";
:vpi_module "C:\iverilog\lib\ivl\vhdl_textio.vpi";
:vpi_module "C:\iverilog\lib\ivl\v2005_math.vpi";
:vpi_module "C:\iverilog\lib\ivl\va_math.vpi";
S_00000177862e1110 .scope module, "ASYNC_FIFO_tb" "ASYNC_FIFO_tb" 2 3;
 .timescale -9 -12;
P_0000017786324050 .param/l "Address_width" 0 2 10, +C4<00000000000000000000000000000011>;
P_0000017786324088 .param/l "Data_width" 0 2 8, +C4<00000000000000000000000000001000>;
P_00000177863240c0 .param/l "Depth" 0 2 9, +C4<00000000000000000000000000001000>;
P_00000177863240f8 .param/l "NUM_STAGES" 0 2 11, +C4<00000000000000000000000000000010>;
P_0000017786324130 .param/l "Rperiod" 0 2 6, +C4<00000000000000000000000000011001>;
P_0000017786324168 .param/l "Wperiod" 0 2 5, +C4<00000000000000000000000000001010>;
v00000177863817a0_0 .var "Rclk_tb", 0 0;
v00000177863821a0_0 .net "Rdata_tb", 7 0, v000001778631e030_0;  1 drivers
v0000017786382560_0 .net "Rempty_tb", 0 0, v00000177863815c0_0;  1 drivers
v0000017786381fc0_0 .var "Rinc_tb", 0 0;
v0000017786382100_0 .var/i "Rindex", 31 0;
v0000017786385720_0 .var "Rrst_tb", 0 0;
v0000017786385a40_0 .var "Wclk_tb", 0 0;
v0000017786386260_0 .net "Wfull_tb", 0 0, v0000017786382420_0;  1 drivers
v00000177863869e0_0 .var "Winc_tb", 0 0;
v0000017786386300_0 .var/i "Windex", 31 0;
v0000017786385ae0_0 .var "Wrdata_tb", 7 0;
v00000177863863a0_0 .var "Wrst_tb", 0 0;
v0000017786385b80_0 .var "done", 0 0;
v0000017786385c20 .array "expected_output", 0 7, 7 0;
v0000017786386760_0 .var/i "i", 31 0;
S_00000177862e0df0 .scope module, "FIFOASYNC" "ASYNC_FIFO" 2 185, 3 6 0, S_00000177862e1110;
 .timescale 0 0;
    .port_info 0 /INPUT 1 "Winc";
    .port_info 1 /INPUT 1 "Wrst";
    .port_info 2 /INPUT 1 "Wclk";
    .port_info 3 /INPUT 1 "Rinc";
    .port_info 4 /INPUT 1 "Rrst";
    .port_info 5 /INPUT 1 "Rclk";
    .port_info 6 /INPUT 8 "Wrdata";
    .port_info 7 /OUTPUT 1 "Wfull";
    .port_info 8 /OUTPUT 1 "Rempty";
    .port_info 9 /OUTPUT 8 "Rdata";
P_00000177863fbdd0 .param/l "Address_width" 0 3 10, +C4<00000000000000000000000000000011>;
P_00000177863fbe08 .param/l "Data_width" 0 3 8, +C4<00000000000000000000000000001000>;
P_00000177863fbe40 .param/l "Depth" 0 3 9, +C4<00000000000000000000000000001000>;
P_00000177863fbe78 .param/l "NUM_STAGES" 0 3 11, +C4<00000000000000000000000000000010>;
v0000017786382880_0 .net "R2q_wptr_internal", 3 0, v000001778631e3f0_0;  1 drivers
v0000017786382ba0_0 .net "Radder_internal", 2 0, L_0000017786385400;  1 drivers
v0000017786381f20_0 .net "Rclk", 0 0, v00000177863817a0_0;  1 drivers
v0000017786381480_0 .net "Rdata", 7 0, v000001778631e030_0;  alias, 1 drivers
v0000017786382c40_0 .net "Rempty", 0 0, v00000177863815c0_0;  alias, 1 drivers
v0000017786382ce0_0 .net "Rempty_flag_internal", 0 0, v0000017786382b00_0;  1 drivers
v0000017786381660_0 .net "Rinc", 0 0, v0000017786381fc0_0;  1 drivers
v0000017786381a20_0 .net "Rptr_internal", 3 0, v0000017786381200_0;  1 drivers
v0000017786381d40_0 .net "Rrst", 0 0, v0000017786385720_0;  1 drivers
v0000017786381700_0 .net "Wadder_internal", 2 0, L_00000177863857c0;  1 drivers
v0000017786381c00_0 .net "Wclk", 0 0, v0000017786385a40_0;  1 drivers
v0000017786381b60_0 .net "Wclken_internal", 0 0, v000001778631ed50_0;  1 drivers
v0000017786381520_0 .net "Wfull", 0 0, v0000017786382420_0;  alias, 1 drivers
v0000017786382e20_0 .net "Winc", 0 0, v00000177863869e0_0;  1 drivers
v0000017786381ca0_0 .net "Wptr_internal", 3 0, v00000177863824c0_0;  1 drivers
v0000017786382ec0_0 .net "Wq2_rptr_internal", 3 0, v000001778631e850_0;  1 drivers
v0000017786382f60_0 .net "Wrdata", 7 0, v0000017786385ae0_0;  1 drivers
v0000017786383000_0 .net "Wrst", 0 0, v00000177863863a0_0;  1 drivers
S_0000017786324830 .scope module, "BIT_W2q_rptr" "BIT_SYNC" 3 97, 4 1 0, S_00000177862e0df0;
 .timescale 0 0;
    .port_info 0 /INPUT 4 "ASYNC";
    .port_info 1 /INPUT 1 "CLK";
    .port_info 2 /INPUT 1 "RST";
    .port_info 3 /OUTPUT 4 "SYNC";
P_000001778630e7e0 .param/l "BUS_WIDTH" 0 4 4, +C4<000000000000000000000000000000100>;
P_000001778630e818 .param/l "NUM_STAGES" 0 4 3, +C4<00000000000000000000000000000010>;
v000001778631e7b0_0 .net "ASYNC", 3 0, v0000017786381200_0;  alias, 1 drivers
v000001778631e8f0_0 .net "CLK", 0 0, v0000017786385a40_0;  alias, 1 drivers
v000001778631ea30_0 .net "RST", 0 0, v00000177863863a0_0;  alias, 1 drivers
v000001778631e850_0 .var "SYNC", 3 0;
v000001778631e210_0 .var/i "i", 31 0;
v000001778631e710 .array "sync_reg", 0 3, 1 0;
v000001778631e710_0 .array/port v000001778631e710, 0;
v000001778631e710_1 .array/port v000001778631e710, 1;
v000001778631e710_2 .array/port v000001778631e710, 2;
v000001778631e710_3 .array/port v000001778631e710, 3;
E_000001778632a030 .event anyedge, v000001778631e710_0, v000001778631e710_1, v000001778631e710_2, v000001778631e710_3;
E_000001778632a530/0 .event negedge, v000001778631ea30_0;
E_000001778632a530/1 .event posedge, v000001778631e8f0_0;
E_000001778632a530 .event/or E_000001778632a530/0, E_000001778632a530/1;
S_00000177862ea450 .scope module, "BIT_r2q_wptr" "BIT_SYNC" 3 110, 4 1 0, S_00000177862e0df0;
 .timescale 0 0;
    .port_info 0 /INPUT 4 "ASYNC";
    .port_info 1 /INPUT 1 "CLK";
    .port_info 2 /INPUT 1 "RST";
    .port_info 3 /OUTPUT 4 "SYNC";
P_000001778630e9e0 .param/l "BUS_WIDTH" 0 4 4, +C4<000000000000000000000000000000100>;
P_000001778630ea18 .param/l "NUM_STAGES" 0 4 3, +C4<00000000000000000000000000000010>;
v000001778631e490_0 .net "ASYNC", 3 0, v00000177863824c0_0;  alias, 1 drivers
v000001778631e2b0_0 .net "CLK", 0 0, v00000177863817a0_0;  alias, 1 drivers
v000001778631ead0_0 .net "RST", 0 0, v0000017786385720_0;  alias, 1 drivers
v000001778631e3f0_0 .var "SYNC", 3 0;
v000001778631ec10_0 .var/i "i", 31 0;
v000001778631e670 .array "sync_reg", 0 3, 1 0;
v000001778631e670_0 .array/port v000001778631e670, 0;
v000001778631e670_1 .array/port v000001778631e670, 1;
v000001778631e670_2 .array/port v000001778631e670, 2;
v000001778631e670_3 .array/port v000001778631e670, 3;
E_000001778632a430 .event anyedge, v000001778631e670_0, v000001778631e670_1, v000001778631e670_2, v000001778631e670_3;
E_000001778632a4b0/0 .event negedge, v000001778631ead0_0;
E_000001778632a4b0/1 .event posedge, v000001778631e2b0_0;
E_000001778632a4b0 .event/or E_000001778632a4b0/0, E_000001778632a4b0/1;
S_00000177862ea5e0 .scope module, "Clogic" "Comb_logic" 3 53, 5 1 0, S_00000177862e0df0;
 .timescale 0 0;
    .port_info 0 /INPUT 1 "Winc";
    .port_info 1 /INPUT 1 "Wfull";
    .port_info 2 /OUTPUT 1 "Wclken";
v000001778631ed50_0 .var "Wclken", 0 0;
v000001778631e350_0 .net "Wfull", 0 0, v0000017786382420_0;  alias, 1 drivers
v000001778631ecb0_0 .net "Winc", 0 0, v00000177863869e0_0;  alias, 1 drivers
E_000001778632a130 .event anyedge, v000001778631ecb0_0, v000001778631e350_0;
S_00000177862e9bf0 .scope module, "FIFO_MEM" "FIFO_MEMORY" 3 66, 6 1 0, S_00000177862e0df0;
 .timescale 0 0;
    .port_info 0 /INPUT 8 "Wrdata";
    .port_info 1 /INPUT 3 "Wadder";
    .port_info 2 /INPUT 1 "Wclken";
    .port_info 3 /INPUT 1 "Wclk";
    .port_info 4 /OUTPUT 8 "Rdata";
    .port_info 5 /INPUT 3 "Radder";
    .port_info 6 /INPUT 1 "Rempty_flag";
    .port_info 7 /INPUT 1 "Rclk";
P_00000177863249c0 .param/l "Address_width" 0 6 5, +C4<00000000000000000000000000000011>;
P_00000177863249f8 .param/l "Data_width" 0 6 3, +C4<00000000000000000000000000001000>;
P_0000017786324a30 .param/l "Depth" 0 6 4, +C4<00000000000000000000000000001000>;
v000001778631edf0 .array "MEM", 0 7, 7 0;
v000001778631e530_0 .net "Radder", 2 0, L_0000017786385400;  alias, 1 drivers
v000001778631ef30_0 .net "Rclk", 0 0, v00000177863817a0_0;  alias, 1 drivers
v000001778631e030_0 .var "Rdata", 7 0;
v00000177863822e0_0 .net "Rempty_flag", 0 0, v0000017786382b00_0;  alias, 1 drivers
v0000017786382380_0 .net "Wadder", 2 0, L_00000177863857c0;  alias, 1 drivers
v0000017786381de0_0 .net "Wclk", 0 0, v0000017786385a40_0;  alias, 1 drivers
v0000017786381840_0 .net "Wclken", 0 0, v000001778631ed50_0;  alias, 1 drivers
v00000177863812a0_0 .net "Wrdata", 7 0, v0000017786385ae0_0;  alias, 1 drivers
E_000001778632a070 .event posedge, v000001778631e2b0_0;
E_000001778632a470 .event posedge, v000001778631e8f0_0;
S_00000177862e9d80 .scope module, "FIFO_RPTRREMPTY" "FIFO_rptr_rempty" 3 80, 7 1 0, S_00000177862e0df0;
 .timescale 0 0;
    .port_info 0 /INPUT 1 "Rinc";
    .port_info 1 /INPUT 1 "Rclk";
    .port_info 2 /INPUT 1 "Rrst";
    .port_info 3 /INPUT 4 "R2q_wptr";
    .port_info 4 /OUTPUT 3 "Radder";
    .port_info 5 /OUTPUT 1 "Rempty";
    .port_info 6 /OUTPUT 1 "Rempty_flag";
    .port_info 7 /OUTPUT 4 "Rptr";
P_00000177863297b0 .param/l "Address_width" 0 7 1, +C4<00000000000000000000000000000011>;
v0000017786382740_0 .net "R2q_wptr", 3 0, v000001778631e3f0_0;  alias, 1 drivers
v0000017786381ac0_0 .net "Radder", 2 0, L_0000017786385400;  alias, 1 drivers
v00000177863818e0_0 .var "Radder_binary_current", 3 0;
v0000017786382a60_0 .var "Radder_binary_next", 3 0;
v0000017786382d80_0 .var "Radder_gray_next", 3 0;
v0000017786381e80_0 .net "Rclk", 0 0, v00000177863817a0_0;  alias, 1 drivers
v00000177863815c0_0 .var "Rempty", 0 0;
v0000017786382b00_0 .var "Rempty_flag", 0 0;
v00000177863826a0_0 .net "Rinc", 0 0, v0000017786381fc0_0;  alias, 1 drivers
v0000017786381200_0 .var "Rptr", 3 0;
v0000017786382920_0 .net "Rrst", 0 0, v0000017786385720_0;  alias, 1 drivers
E_000001778632a4f0 .event anyedge, v00000177863818e0_0, v00000177863826a0_0, v00000177863815c0_0, v0000017786382a60_0;
L_0000017786385400 .part v00000177863818e0_0, 0, 3;
S_00000177862f7120 .scope module, "FIFO_WPTRFULL" "FIFO_wptr_wfull" 3 42, 8 26 0, S_00000177862e0df0;
 .timescale 0 0;
    .port_info 0 /INPUT 1 "Wrst";
    .port_info 1 /INPUT 1 "Winc";
    .port_info 2 /INPUT 1 "Wclk";
    .port_info 3 /INPUT 4 "Wq2_rptr";
    .port_info 4 /OUTPUT 3 "Wadder";
    .port_info 5 /OUTPUT 4 "Wptr";
    .port_info 6 /OUTPUT 1 "Wfull";
P_000001778632a0b0 .param/l "Address_width" 0 8 27, +C4<00000000000000000000000000000011>;
v00000177863827e0_0 .net "Wadder", 2 0, L_00000177863857c0;  alias, 1 drivers
v0000017786382240_0 .var "Wadder_binary_current", 3 0;
v0000017786381340_0 .var "Wadder_binary_next", 3 0;
v0000017786382600_0 .var "Wadder_gray_next", 3 0;
v0000017786382060_0 .net "Wclk", 0 0, v0000017786385a40_0;  alias, 1 drivers
v0000017786382420_0 .var "Wfull", 0 0;
v00000177863829c0_0 .net "Winc", 0 0, v00000177863869e0_0;  alias, 1 drivers
v00000177863824c0_0 .var "Wptr", 3 0;
v0000017786381980_0 .net "Wq2_rptr", 3 0, v000001778631e850_0;  alias, 1 drivers
v00000177863813e0_0 .net "Wrst", 0 0, v00000177863863a0_0;  alias, 1 drivers
E_000001778632a1f0 .event anyedge, v0000017786382240_0, v000001778631ecb0_0, v000001778631e350_0, v0000017786381340_0;
L_00000177863857c0 .part v0000017786382240_0, 0, 3;
S_00000177862f72b0 .scope task, "initialize" "initialize" 2 50, 2 50 0, S_00000177862e1110;
 .timescale -9 -12;
TD_ASYNC_FIFO_tb.initialize ;
    %pushi/vec4 0, 0, 1;
    %store/vec4 v00000177863869e0_0, 0, 1;
    %pushi/vec4 1, 0, 1;
    %store/vec4 v00000177863863a0_0, 0, 1;
    %pushi/vec4 0, 0, 1;
    %store/vec4 v0000017786381fc0_0, 0, 1;
    %pushi/vec4 1, 0, 1;
    %store/vec4 v0000017786385720_0, 0, 1;
    %pushi/vec4 0, 0, 8;
    %store/vec4 v0000017786385ae0_0, 0, 8;
    %end;
S_0000017786304440 .scope task, "read" "read" 2 89, 2 89 0, S_00000177862e1110;
 .timescale -9 -12;
TD_ASYNC_FIFO_tb.read ;
    %wait E_000001778632a070;
    %load/vec4 v0000017786382560_0;
    %nor/r;
    %flag_set/vec4 8;
    %jmp/0xz  T_1.0, 8;
    %pushi/vec4 1, 0, 1;
    %store/vec4 v0000017786381fc0_0, 0, 1;
    %wait E_000001778632a070;
    %pushi/vec4 0, 0, 1;
    %store/vec4 v0000017786381fc0_0, 0, 1;
    %load/vec4 v00000177863821a0_0;
    %ix/getv/s 4, v0000017786382100_0;
    %load/vec4a v0000017786385c20, 4;
    %cmp/ne;
    %jmp/0xz  T_1.2, 4;
    %vpi_call 2 99 "$display", "There is an error with reading the data" {0 0 0};
T_1.2 ;
    %load/vec4 v0000017786382100_0;
    %addi 1, 0, 32;
    %store/vec4 v0000017786382100_0, 0, 32;
T_1.0 ;
    %end;
S_00000177863045d0 .scope task, "reset" "reset" 2 60, 2 60 0, S_00000177862e1110;
 .timescale -9 -12;
TD_ASYNC_FIFO_tb.reset ;
    %pushi/vec4 0, 0, 1;
    %store/vec4 v00000177863863a0_0, 0, 1;
    %pushi/vec4 0, 0, 1;
    %store/vec4 v0000017786385720_0, 0, 1;
    %wait E_000001778632a070;
    %pushi/vec4 1, 0, 1;
    %store/vec4 v00000177863863a0_0, 0, 1;
    %pushi/vec4 1, 0, 1;
    %store/vec4 v0000017786385720_0, 0, 1;
    %wait E_000001778632a070;
    %pushi/vec4 0, 0, 32;
    %store/vec4 v0000017786386300_0, 0, 32;
    %pushi/vec4 0, 0, 32;
    %store/vec4 v0000017786382100_0, 0, 32;
    %end;
S_00000177862fdc70 .scope task, "write" "write" 2 73, 2 73 0, S_00000177862e1110;
 .timescale -9 -12;
v0000017786381160_0 .var "data", 7 0;
TD_ASYNC_FIFO_tb.write ;
    %wait E_000001778632a470;
    %load/vec4 v0000017786386260_0;
    %nor/r;
    %flag_set/vec4 8;
    %jmp/0xz  T_3.4, 8;
    %load/vec4 v0000017786381160_0;
    %store/vec4 v0000017786385ae0_0, 0, 8;
    %load/vec4 v0000017786381160_0;
    %ix/getv/s 4, v0000017786386300_0;
    %store/vec4a v0000017786385c20, 4, 0;
    %load/vec4 v0000017786386300_0;
    %addi 1, 0, 32;
    %store/vec4 v0000017786386300_0, 0, 32;
    %pushi/vec4 1, 0, 1;
    %store/vec4 v00000177863869e0_0, 0, 1;
    %wait E_000001778632a470;
    %pushi/vec4 0, 0, 1;
    %store/vec4 v00000177863869e0_0, 0, 1;
T_3.4 ;
    %end;
    .scope S_00000177862f7120;
T_4 ;
    %wait E_000001778632a1f0;
    %load/vec4 v0000017786382240_0;
    %load/vec4 v00000177863829c0_0;
    %pad/u 4;
    %load/vec4 v0000017786382420_0;
    %pad/u 4;
    %inv;
    %and;
    %add;
    %store/vec4 v0000017786381340_0, 0, 4;
    %load/vec4 v0000017786381340_0;
    %ix/load 4, 1, 0;
    %flag_set/imm 4, 0;
    %shiftr 4;
    %load/vec4 v0000017786381340_0;
    %xor;
    %store/vec4 v0000017786382600_0, 0, 4;
    %jmp T_4;
    .thread T_4, $push;
    .scope S_00000177862f7120;
T_5 ;
    %wait E_000001778632a530;
    %load/vec4 v00000177863813e0_0;
    %nor/r;
    %flag_set/vec4 8;
    %jmp/0xz  T_5.0, 8;
    %pushi/vec4 0, 0, 4;
    %assign/vec4 v0000017786382240_0, 0;
    %pushi/vec4 0, 0, 4;
    %assign/vec4 v00000177863824c0_0, 0;
    %jmp T_5.1;
T_5.0 ;
    %load/vec4 v0000017786381340_0;
    %assign/vec4 v0000017786382240_0, 0;
    %load/vec4 v0000017786382600_0;
    %assign/vec4 v00000177863824c0_0, 0;
T_5.1 ;
    %jmp T_5;
    .thread T_5;
    .scope S_00000177862f7120;
T_6 ;
    %wait E_000001778632a530;
    %load/vec4 v00000177863813e0_0;
    %nor/r;
    %flag_set/vec4 8;
    %jmp/0xz  T_6.0, 8;
    %pushi/vec4 0, 0, 1;
    %assign/vec4 v0000017786382420_0, 0;
    %jmp T_6.1;
T_6.0 ;
    %load/vec4 v0000017786382600_0;
    %parti/s 1, 3, 3;
    %load/vec4 v0000017786381980_0;
    %parti/s 1, 3, 3;
    %cmp/ne;
    %flag_get/vec4 4;
    %jmp/0 T_6.3, 4;
    %load/vec4 v0000017786382600_0;
    %parti/s 1, 2, 3;
    %load/vec4 v0000017786381980_0;
    %parti/s 1, 2, 3;
    %cmp/ne;
    %flag_get/vec4 4;
    %and;
T_6.3;
    %flag_set/vec4 8;
    %flag_get/vec4 8;
    %jmp/0 T_6.2, 8;
    %load/vec4 v0000017786382600_0;
    %parti/s 2, 0, 2;
    %load/vec4 v0000017786381980_0;
    %parti/s 2, 0, 2;
    %cmp/e;
    %flag_get/vec4 4;
    %and;
T_6.2;
    %assign/vec4 v0000017786382420_0, 0;
T_6.1 ;
    %jmp T_6;
    .thread T_6;
    .scope S_00000177862ea5e0;
T_7 ;
    %wait E_000001778632a130;
    %load/vec4 v000001778631ecb0_0;
    %load/vec4 v000001778631e350_0;
    %inv;
    %and;
    %store/vec4 v000001778631ed50_0, 0, 1;
    %jmp T_7;
    .thread T_7, $push;
    .scope S_00000177862e9bf0;
T_8 ;
    %wait E_000001778632a470;
    %load/vec4 v0000017786381840_0;
    %flag_set/vec4 8;
    %jmp/0xz  T_8.0, 8;
    %load/vec4 v00000177863812a0_0;
    %load/vec4 v0000017786382380_0;
    %pad/u 5;
    %ix/vec4 3;
    %ix/load 4, 0, 0; Constant delay
    %assign/vec4/a/d v000001778631edf0, 0, 4;
T_8.0 ;
    %jmp T_8;
    .thread T_8;
    .scope S_00000177862e9bf0;
T_9 ;
    %wait E_000001778632a070;
    %load/vec4 v00000177863822e0_0;
    %nor/r;
    %flag_set/vec4 8;
    %jmp/0xz  T_9.0, 8;
    %load/vec4 v000001778631e530_0;
    %pad/u 5;
    %ix/vec4 4;
    %load/vec4a v000001778631edf0, 4;
    %assign/vec4 v000001778631e030_0, 0;
T_9.0 ;
    %jmp T_9;
    .thread T_9;
    .scope S_00000177862e9d80;
T_10 ;
    %wait E_000001778632a4f0;
    %load/vec4 v00000177863818e0_0;
    %load/vec4 v00000177863826a0_0;
    %pad/u 4;
    %load/vec4 v00000177863815c0_0;
    %pad/u 4;
    %inv;
    %and;
    %add;
    %store/vec4 v0000017786382a60_0, 0, 4;
    %load/vec4 v0000017786382a60_0;
    %ix/load 4, 1, 0;
    %flag_set/imm 4, 0;
    %shiftr 4;
    %load/vec4 v0000017786382a60_0;
    %xor;
    %store/vec4 v0000017786382d80_0, 0, 4;
    %jmp T_10;
    .thread T_10, $push;
    .scope S_00000177862e9d80;
T_11 ;
    %wait E_000001778632a4b0;
    %load/vec4 v0000017786382920_0;
    %nor/r;
    %flag_set/vec4 8;
    %jmp/0xz  T_11.0, 8;
    %pushi/vec4 0, 0, 4;
    %assign/vec4 v00000177863818e0_0, 0;
    %pushi/vec4 0, 0, 4;
    %assign/vec4 v0000017786381200_0, 0;
    %jmp T_11.1;
T_11.0 ;
    %load/vec4 v0000017786382a60_0;
    %assign/vec4 v00000177863818e0_0, 0;
    %load/vec4 v0000017786382d80_0;
    %assign/vec4 v0000017786381200_0, 0;
T_11.1 ;
    %jmp T_11;
    .thread T_11;
    .scope S_00000177862e9d80;
T_12 ;
    %wait E_000001778632a4b0;
    %load/vec4 v0000017786382920_0;
    %nor/r;
    %flag_set/vec4 8;
    %jmp/0xz  T_12.0, 8;
    %pushi/vec4 1, 0, 1;
    %assign/vec4 v00000177863815c0_0, 0;
    %jmp T_12.1;
T_12.0 ;
    %load/vec4 v0000017786382d80_0;
    %load/vec4 v0000017786382740_0;
    %cmp/e;
    %flag_get/vec4 4;
    %assign/vec4 v00000177863815c0_0, 0;
    %load/vec4 v0000017786382d80_0;
    %load/vec4 v0000017786382740_0;
    %cmp/e;
    %flag_get/vec4 4;
    %assign/vec4 v0000017786382b00_0, 0;
T_12.1 ;
    %jmp T_12;
    .thread T_12;
    .scope S_0000017786324830;
T_13 ;
    %wait E_000001778632a530;
    %load/vec4 v000001778631ea30_0;
    %nor/r;
    %flag_set/vec4 8;
    %jmp/0xz  T_13.0, 8;
    %pushi/vec4 0, 0, 32;
    %store/vec4 v000001778631e210_0, 0, 32;
T_13.2 ;
    %load/vec4 v000001778631e210_0;
    %pad/s 33;
    %cmpi/s 3, 0, 33;
    %flag_or 5, 4;
    %jmp/0xz T_13.3, 5;
    %pushi/vec4 0, 0, 2;
    %ix/getv/s 3, v000001778631e210_0;
    %ix/load 4, 0, 0; Constant delay
    %assign/vec4/a/d v000001778631e710, 0, 4;
    %load/vec4 v000001778631e210_0;
    %addi 1, 0, 32;
    %store/vec4 v000001778631e210_0, 0, 32;
    %jmp T_13.2;
T_13.3 ;
    %jmp T_13.1;
T_13.0 ;
    %pushi/vec4 0, 0, 32;
    %store/vec4 v000001778631e210_0, 0, 32;
T_13.4 ;
    %load/vec4 v000001778631e210_0;
    %pad/s 33;
    %cmpi/s 3, 0, 33;
    %flag_or 5, 4;
    %jmp/0xz T_13.5, 5;
    %ix/getv/s 4, v000001778631e210_0;
    %load/vec4a v000001778631e710, 4;
    %parti/s 1, 0, 2;
    %load/vec4 v000001778631e7b0_0;
    %load/vec4 v000001778631e210_0;
    %part/s 1;
    %concat/vec4; draw_concat_vec4
    %ix/getv/s 3, v000001778631e210_0;
    %ix/load 4, 0, 0; Constant delay
    %assign/vec4/a/d v000001778631e710, 0, 4;
    %load/vec4 v000001778631e210_0;
    %addi 1, 0, 32;
    %store/vec4 v000001778631e210_0, 0, 32;
    %jmp T_13.4;
T_13.5 ;
T_13.1 ;
    %jmp T_13;
    .thread T_13;
    .scope S_0000017786324830;
T_14 ;
    %wait E_000001778632a030;
    %pushi/vec4 0, 0, 32;
    %store/vec4 v000001778631e210_0, 0, 32;
T_14.0 ;
    %load/vec4 v000001778631e210_0;
    %pad/s 33;
    %cmpi/s 3, 0, 33;
    %flag_or 5, 4;
    %jmp/0xz T_14.1, 5;
    %ix/getv/s 4, v000001778631e210_0;
    %load/vec4a v000001778631e710, 4;
    %parti/s 1, 1, 2;
    %ix/getv/s 4, v000001778631e210_0;
    %store/vec4 v000001778631e850_0, 4, 1;
    %load/vec4 v000001778631e210_0;
    %addi 1, 0, 32;
    %store/vec4 v000001778631e210_0, 0, 32;
    %jmp T_14.0;
T_14.1 ;
    %jmp T_14;
    .thread T_14, $push;
    .scope S_00000177862ea450;
T_15 ;
    %wait E_000001778632a4b0;
    %load/vec4 v000001778631ead0_0;
    %nor/r;
    %flag_set/vec4 8;
    %jmp/0xz  T_15.0, 8;
    %pushi/vec4 0, 0, 32;
    %store/vec4 v000001778631ec10_0, 0, 32;
T_15.2 ;
    %load/vec4 v000001778631ec10_0;
    %pad/s 33;
    %cmpi/s 3, 0, 33;
    %flag_or 5, 4;
    %jmp/0xz T_15.3, 5;
    %pushi/vec4 0, 0, 2;
    %ix/getv/s 3, v000001778631ec10_0;
    %ix/load 4, 0, 0; Constant delay
    %assign/vec4/a/d v000001778631e670, 0, 4;
    %load/vec4 v000001778631ec10_0;
    %addi 1, 0, 32;
    %store/vec4 v000001778631ec10_0, 0, 32;
    %jmp T_15.2;
T_15.3 ;
    %jmp T_15.1;
T_15.0 ;
    %pushi/vec4 0, 0, 32;
    %store/vec4 v000001778631ec10_0, 0, 32;
T_15.4 ;
    %load/vec4 v000001778631ec10_0;
    %pad/s 33;
    %cmpi/s 3, 0, 33;
    %flag_or 5, 4;
    %jmp/0xz T_15.5, 5;
    %ix/getv/s 4, v000001778631ec10_0;
    %load/vec4a v000001778631e670, 4;
    %parti/s 1, 0, 2;
    %load/vec4 v000001778631e490_0;
    %load/vec4 v000001778631ec10_0;
    %part/s 1;
    %concat/vec4; draw_concat_vec4
    %ix/getv/s 3, v000001778631ec10_0;
    %ix/load 4, 0, 0; Constant delay
    %assign/vec4/a/d v000001778631e670, 0, 4;
    %load/vec4 v000001778631ec10_0;
    %addi 1, 0, 32;
    %store/vec4 v000001778631ec10_0, 0, 32;
    %jmp T_15.4;
T_15.5 ;
T_15.1 ;
    %jmp T_15;
    .thread T_15;
    .scope S_00000177862ea450;
T_16 ;
    %wait E_000001778632a430;
    %pushi/vec4 0, 0, 32;
    %store/vec4 v000001778631ec10_0, 0, 32;
T_16.0 ;
    %load/vec4 v000001778631ec10_0;
    %pad/s 33;
    %cmpi/s 3, 0, 33;
    %flag_or 5, 4;
    %jmp/0xz T_16.1, 5;
    %ix/getv/s 4, v000001778631ec10_0;
    %load/vec4a v000001778631e670, 4;
    %parti/s 1, 1, 2;
    %ix/getv/s 4, v000001778631ec10_0;
    %store/vec4 v000001778631e3f0_0, 4, 1;
    %load/vec4 v000001778631ec10_0;
    %addi 1, 0, 32;
    %store/vec4 v000001778631ec10_0, 0, 32;
    %jmp T_16.0;
T_16.1 ;
    %jmp T_16;
    .thread T_16, $push;
    .scope S_00000177862e1110;
T_17 ;
    %pushi/vec4 0, 0, 1;
    %store/vec4 v0000017786385b80_0, 0, 1;
    %end;
    .thread T_17;
    .scope S_00000177862e1110;
T_18 ;
    %pushi/vec4 0, 0, 1;
    %store/vec4 v0000017786385a40_0, 0, 1;
    %delay 5000, 0;
    %pushi/vec4 1, 0, 1;
    %store/vec4 v0000017786385a40_0, 0, 1;
    %delay 5000, 0;
    %jmp T_18;
    .thread T_18;
    .scope S_00000177862e1110;
T_19 ;
    %pushi/vec4 0, 0, 1;
    %store/vec4 v00000177863817a0_0, 0, 1;
    %delay 12500, 0;
    %pushi/vec4 1, 0, 1;
    %store/vec4 v00000177863817a0_0, 0, 1;
    %delay 12500, 0;
    %jmp T_19;
    .thread T_19;
    .scope S_00000177862e1110;
T_20 ;
    %vpi_call 2 110 "$dumpfile", "ASYNC_FIFO.vcd" {0 0 0};
    %vpi_call 2 111 "$dumpvars" {0 0 0};
    %fork TD_ASYNC_FIFO_tb.initialize, S_00000177862f72b0;
    %join;
    %fork TD_ASYNC_FIFO_tb.reset, S_00000177863045d0;
    %join;
    %vpi_call 2 115 "$display", "Test case 1: trying to fill FIFO to its maximum value" {0 0 0};
    %pushi/vec4 1, 0, 32;
    %store/vec4 v0000017786386760_0, 0, 32;
T_20.0 ;
    %load/vec4 v0000017786386760_0;
    %cmpi/s 8, 0, 32;
    %flag_or 5, 4;
    %jmp/0xz T_20.1, 5;
    %pushi/vec4 10, 0, 32;
    %load/vec4 v0000017786386760_0;
    %add;
    %pad/u 8;
    %store/vec4 v0000017786381160_0, 0, 8;
    %fork TD_ASYNC_FIFO_tb.write, S_00000177862fdc70;
    %join;
    %load/vec4 v0000017786386760_0;
    %addi 1, 0, 32;
    %store/vec4 v0000017786386760_0, 0, 32;
    %jmp T_20.0;
T_20.1 ;
    %load/vec4 v0000017786385a40_0;
    %pad/u 64;
    %muli 1000, 0, 64;
    %ix/vec4 4;
    %delayx 4;
    %vpi_call 2 121 "$display", "Number of writes=%0d ,Wfull=%0b , Wempty=%0b", v0000017786386300_0, v0000017786386260_0, v0000017786382560_0 {0 0 0};
    %vpi_call 2 123 "$display", "Test case 2 : trying to store a data when the FIFO is full" {0 0 0};
    %pushi/vec4 20, 0, 8;
    %store/vec4 v0000017786381160_0, 0, 8;
    %fork TD_ASYNC_FIFO_tb.write, S_00000177862fdc70;
    %join;
    %load/vec4 v0000017786385a40_0;
    %pad/u 64;
    %muli 1000, 0, 64;
    %ix/vec4 4;
    %delayx 4;
    %vpi_call 2 126 "$display", "Wfull=%0b , Wempty=%0b", v0000017786386260_0, v0000017786382560_0 {0 0 0};
    %end;
    .thread T_20;
    .scope S_00000177862e1110;
T_21 ;
    %delay 300000, 0;
    %vpi_call 2 135 "$display", "Test case 3: trying to read all the contents in the FIFO " {0 0 0};
T_21.0 ;
    %load/vec4 v0000017786382560_0;
    %nor/r;
    %flag_set/vec4 9;
    %flag_get/vec4 9;
    %jmp/0 T_21.2, 9;
    %load/vec4 v0000017786382100_0;
    %load/vec4 v0000017786386300_0;
    %cmp/s;
    %flag_get/vec4 5;
    %and;
T_21.2;
    %flag_set/vec4 8;
    %jmp/0xz T_21.1, 8;
    %fork TD_ASYNC_FIFO_tb.read, S_0000017786304440;
    %join;
    %jmp T_21.0;
T_21.1 ;
    %load/vec4 v00000177863817a0_0;
    %pad/u 64;
    %muli 1000, 0, 64;
    %ix/vec4 4;
    %delayx 4;
    %vpi_call 2 139 "$display", "Number of Reads=%0d ,Wfull=%0b , Wempty=%0b", v0000017786382100_0, v0000017786386260_0, v0000017786382560_0 {0 0 0};
    %vpi_call 2 143 "$display", "Test case 4: trying to read when the FIFO is empty" {0 0 0};
    %fork TD_ASYNC_FIFO_tb.read, S_0000017786304440;
    %join;
    %load/vec4 v00000177863817a0_0;
    %pad/u 64;
    %muli 1000, 0, 64;
    %ix/vec4 4;
    %delayx 4;
    %vpi_call 2 146 "$display", "Wfull=%0b , Wempty=%0b", v0000017786386260_0, v0000017786382560_0 {0 0 0};
    %vpi_call 2 150 "$display", "Test case 5: trying to read and write simultaneously" {0 0 0};
    %fork TD_ASYNC_FIFO_tb.reset, S_00000177863045d0;
    %join;
    %pushi/vec4 0, 0, 1;
    %store/vec4 v0000017786385b80_0, 0, 1;
    %fork t_1, S_00000177862e1110;
    %fork t_2, S_00000177862e1110;
    %join;
    %join;
    %jmp t_0;
t_1 ;
    %pushi/vec4 1, 0, 32;
    %store/vec4 v0000017786386760_0, 0, 32;
T_21.3 ;
    %load/vec4 v0000017786386760_0;
    %cmpi/s 8, 0, 32;
    %flag_or 5, 4;
    %jmp/0xz T_21.4, 5;
    %pushi/vec4 50, 0, 32;
    %load/vec4 v0000017786386760_0;
    %add;
    %pad/u 8;
    %store/vec4 v0000017786381160_0, 0, 8;
    %fork TD_ASYNC_FIFO_tb.write, S_00000177862fdc70;
    %join;
    %load/vec4 v0000017786386760_0;
    %addi 1, 0, 32;
    %store/vec4 v0000017786386760_0, 0, 32;
    %jmp T_21.3;
T_21.4 ;
    %end;
t_2 ;
T_21.5 ;
    %load/vec4 v0000017786385b80_0;
    %nor/r;
    %flag_set/vec4 8;
    %jmp/0xz T_21.6, 8;
    %fork TD_ASYNC_FIFO_tb.read, S_0000017786304440;
    %join;
    %load/vec4 v0000017786382100_0;
    %cmpi/e 8, 0, 32;
    %jmp/0xz  T_21.7, 4;
    %pushi/vec4 1, 0, 1;
    %store/vec4 v0000017786385b80_0, 0, 1;
    %jmp T_21.8;
T_21.7 ;
    %fork TD_ASYNC_FIFO_tb.read, S_0000017786304440;
    %join;
T_21.8 ;
    %jmp T_21.5;
T_21.6 ;
    %end;
    .scope S_00000177862e1110;
t_0 ;
    %wait E_000001778632a070;
    %vpi_call 2 170 "$display", "Number of Reads=%0d , Number of writes=%0d , Wfull=%0b , Wempty=%0b", v0000017786382100_0, v0000017786386300_0, v0000017786386260_0, v0000017786382560_0 {0 0 0};
    %delay 100000, 0;
    %vpi_call 2 173 "$finish" {0 0 0};
    %end;
    .thread T_21;
# The file index is used to find the file name in the following table.
:file_names 9;
    "N/A";
    "<interactive>";
    "ASYNC_FIFO_tb.v";
    "./ASYNC_FIFO.v";
    "./BIT_SYNC.v";
    "./Comb_logic.v";
    "./FIFO_MEMORY.v";
    "./FIFO_rptr_rempty.v";
    "./FIFO_wprt_wfull.v";
