#! /c/Source/iverilog-install/bin/vvp
:ivl_version "12.0 (devel)" "(s20150603-1539-g2693dd32b)";
:ivl_delay_selection "TYPICAL";
:vpi_time_precision + 0;
:vpi_module "C:\iverilog\lib\ivl\system.vpi";
:vpi_module "C:\iverilog\lib\ivl\vhdl_sys.vpi";
:vpi_module "C:\iverilog\lib\ivl\vhdl_textio.vpi";
:vpi_module "C:\iverilog\lib\ivl\v2005_math.vpi";
:vpi_module "C:\iverilog\lib\ivl\va_math.vpi";
S_00000130e5662c40 .scope module, "UART_RX_FSM" "UART_RX_FSM" 2 1;
 .timescale 0 0;
    .port_info 0 /INPUT 1 "clk";
    .port_info 1 /INPUT 1 "rst_n";
    .port_info 2 /INPUT 1 "rx_in";
    .port_info 3 /INPUT 1 "parity_enable";
    .port_info 4 /INPUT 1 "parity_type";
    .port_info 5 /INPUT 2 "stop_bits";
    .port_info 6 /INPUT 6 "prescale";
    .port_info 7 /INPUT 6 "edge_count";
    .port_info 8 /INPUT 4 "bit_count";
    .port_info 9 /INPUT 1 "start_glitch";
    .port_info 10 /INPUT 1 "parity_error";
    .port_info 11 /INPUT 1 "stop_error";
    .port_info 12 /INPUT 1 "frame_timeout";
    .port_info 13 /OUTPUT 1 "counter_enable";
    .port_info 14 /OUTPUT 1 "counter_reset";
    .port_info 15 /OUTPUT 1 "data_sample_enable";
    .port_info 16 /OUTPUT 1 "deserializer_enable";
    .port_info 17 /OUTPUT 1 "start_checker_enable";
    .port_info 18 /OUTPUT 1 "parity_checker_enable";
    .port_info 19 /OUTPUT 1 "stop_checker_enable";
    .port_info 20 /OUTPUT 1 "data_valid";
    .port_info 21 /OUTPUT 1 "frame_error";
    .port_info 22 /OUTPUT 1 "busy";
    .port_info 23 /OUTPUT 3 "current_state_debug";
P_00000130e5662dd0 .param/l "DATA_RECEIVE" 1 2 49, C4<011>;
P_00000130e5662e08 .param/l "DATA_VALID" 1 2 52, C4<111>;
P_00000130e5662e40 .param/l "DATA_WIDTH" 0 2 2, +C4<00000000000000000000000000001000>;
P_00000130e5662e78 .param/l "ERROR_STATE" 1 2 53, C4<101>;
P_00000130e5662eb0 .param/l "IDLE" 1 2 47, C4<000>;
P_00000130e5662ee8 .param/l "PARITY_CHECK" 1 2 50, C4<010>;
P_00000130e5662f20 .param/l "PRESCALE_WIDTH" 0 2 3, +C4<00000000000000000000000000000110>;
P_00000130e5662f58 .param/l "START_CHECK" 1 2 48, C4<001>;
P_00000130e5662f90 .param/l "STOP_CHECK" 1 2 51, C4<110>;
o00000130e56b1928 .functor BUFZ 1, C4<z>; HiZ drive
o00000130e56b1808 .functor BUFZ 1, C4<z>; HiZ drive
L_00000130e56a1d20 .functor OR 1, o00000130e56b1928, o00000130e56b1808, C4<0>, C4<0>;
o00000130e56b19e8 .functor BUFZ 1, C4<z>; HiZ drive
L_00000130e56a1d90 .functor OR 1, L_00000130e56a1d20, o00000130e56b19e8, C4<0>, C4<0>;
o00000130e56b1718 .functor BUFZ 1, C4<z>; HiZ drive
L_00000130e56a1e70 .functor OR 1, L_00000130e56a1d90, o00000130e56b1718, C4<0>, C4<0>;
v00000130e568c170_0 .net *"_ivl_0", 5 0, L_00000130e5704800;  1 drivers
L_00000130e57d00d0 .functor BUFT 1, C4<00000000000000000000000000>, C4<0>, C4<0>, C4<0>;
v00000130e568c210_0 .net *"_ivl_11", 25 0, L_00000130e57d00d0;  1 drivers
v00000130e568b630_0 .net *"_ivl_12", 31 0, L_00000130e5703b80;  1 drivers
L_00000130e57d0118 .functor BUFT 1, C4<00000000000000000000000000>, C4<0>, C4<0>, C4<0>;
v00000130e568b950_0 .net *"_ivl_15", 25 0, L_00000130e57d0118;  1 drivers
L_00000130e57d0160 .functor BUFT 1, C4<00000000000000000000000000000001>, C4<0>, C4<0>, C4<0>;
v00000130e568c350_0 .net/2u *"_ivl_16", 31 0, L_00000130e57d0160;  1 drivers
v00000130e568bef0_0 .net *"_ivl_18", 31 0, L_00000130e5703f40;  1 drivers
v00000130e568c3f0_0 .net *"_ivl_2", 4 0, L_00000130e5704760;  1 drivers
v00000130e568bbd0_0 .net *"_ivl_22", 31 0, L_00000130e5704260;  1 drivers
L_00000130e57d01a8 .functor BUFT 1, C4<0000000000000000000000000000>, C4<0>, C4<0>, C4<0>;
v00000130e568bf90_0 .net *"_ivl_25", 27 0, L_00000130e57d01a8;  1 drivers
L_00000130e57d01f0 .functor BUFT 1, C4<00000000000000000000000000001000>, C4<0>, C4<0>, C4<0>;
v00000130e568b6d0_0 .net/2u *"_ivl_26", 31 0, L_00000130e57d01f0;  1 drivers
v00000130e568c0d0_0 .net *"_ivl_30", 31 0, L_00000130e5704f80;  1 drivers
L_00000130e57d0238 .functor BUFT 1, C4<0000000000000000000000000000>, C4<0>, C4<0>, C4<0>;
v00000130e568be50_0 .net *"_ivl_33", 27 0, L_00000130e57d0238;  1 drivers
L_00000130e57d0280 .functor BUFT 1, C4<00>, C4<0>, C4<0>, C4<0>;
v00000130e568bc70_0 .net/2u *"_ivl_34", 1 0, L_00000130e57d0280;  1 drivers
v00000130e568b9f0_0 .net *"_ivl_36", 0 0, L_00000130e5703220;  1 drivers
L_00000130e57d02c8 .functor BUFT 1, C4<00000000000000000000000000000001>, C4<0>, C4<0>, C4<0>;
v00000130e568b810_0 .net/2u *"_ivl_38", 31 0, L_00000130e57d02c8;  1 drivers
L_00000130e57d0088 .functor BUFT 1, C4<0>, C4<0>, C4<0>, C4<0>;
v00000130e568bd10_0 .net *"_ivl_4", 0 0, L_00000130e57d0088;  1 drivers
L_00000130e57d0310 .functor BUFT 1, C4<01>, C4<0>, C4<0>, C4<0>;
v00000130e568c490_0 .net/2u *"_ivl_40", 1 0, L_00000130e57d0310;  1 drivers
v00000130e568b770_0 .net *"_ivl_42", 0 0, L_00000130e57032c0;  1 drivers
L_00000130e57d0358 .functor BUFT 1, C4<00000000000000000000000000000010>, C4<0>, C4<0>, C4<0>;
v00000130e568b8b0_0 .net/2u *"_ivl_44", 31 0, L_00000130e57d0358;  1 drivers
L_00000130e57d03a0 .functor BUFT 1, C4<00000000000000000000000000000010>, C4<0>, C4<0>, C4<0>;
v00000130e568ba90_0 .net/2u *"_ivl_46", 31 0, L_00000130e57d03a0;  1 drivers
v00000130e5703860_0 .net *"_ivl_48", 31 0, L_00000130e5703360;  1 drivers
v00000130e5703fe0_0 .net *"_ivl_50", 31 0, L_00000130e5703400;  1 drivers
v00000130e5703d60_0 .net *"_ivl_54", 0 0, L_00000130e56a1d20;  1 drivers
v00000130e5703e00_0 .net *"_ivl_56", 0 0, L_00000130e56a1d90;  1 drivers
v00000130e57050c0_0 .net *"_ivl_8", 31 0, L_00000130e5703ae0;  1 drivers
v00000130e57035e0_0 .net "all_errors", 0 0, L_00000130e56a1e70;  1 drivers
o00000130e56b1478 .functor BUFZ 4, C4<zzzz>; HiZ drive
v00000130e57043a0_0 .net "bit_count", 3 0, o00000130e56b1478;  0 drivers
v00000130e57034a0_0 .var "busy", 0 0;
o00000130e56b14d8 .functor BUFZ 1, C4<z>; HiZ drive
v00000130e5703900_0 .net "clk", 0 0, o00000130e56b14d8;  0 drivers
v00000130e5703c20_0 .var "counter_enable", 0 0;
v00000130e5703a40_0 .var "counter_reset", 0 0;
v00000130e5703cc0_0 .var "current_state", 2 0;
v00000130e5703ea0_0 .var "current_state_debug", 2 0;
v00000130e5704c60_0 .net "data_bits_complete", 0 0, L_00000130e57048a0;  1 drivers
v00000130e5704080_0 .var "data_sample_enable", 0 0;
v00000130e5704bc0_0 .var "data_valid", 0 0;
v00000130e5703720_0 .var "deserializer_enable", 0 0;
o00000130e56b1688 .functor BUFZ 6, C4<zzzzzz>; HiZ drive
v00000130e57049e0_0 .net "edge_count", 5 0, o00000130e56b1688;  0 drivers
v00000130e5704120_0 .net "end_of_bit", 0 0, L_00000130e5704da0;  1 drivers
v00000130e5703680_0 .var "frame_error", 0 0;
v00000130e57046c0_0 .net "frame_timeout", 0 0, o00000130e56b1718;  0 drivers
v00000130e5704620_0 .net "mid_bit_sample", 0 0, L_00000130e5704b20;  1 drivers
v00000130e57044e0_0 .var "next_state", 2 0;
v00000130e5704d00_0 .var "parity_checker_enable", 0 0;
o00000130e56b17d8 .functor BUFZ 1, C4<z>; HiZ drive
v00000130e5703540_0 .net "parity_enable", 0 0, o00000130e56b17d8;  0 drivers
v00000130e57041c0_0 .net "parity_error", 0 0, o00000130e56b1808;  0 drivers
o00000130e56b1838 .functor BUFZ 1, C4<z>; HiZ drive
v00000130e5704300_0 .net "parity_type", 0 0, o00000130e56b1838;  0 drivers
o00000130e56b1868 .functor BUFZ 6, C4<zzzzzz>; HiZ drive
v00000130e5704e40_0 .net "prescale", 5 0, o00000130e56b1868;  0 drivers
o00000130e56b1898 .functor BUFZ 1, C4<z>; HiZ drive
v00000130e5705020_0 .net "rst_n", 0 0, o00000130e56b1898;  0 drivers
o00000130e56b18c8 .functor BUFZ 1, C4<z>; HiZ drive
v00000130e57037c0_0 .net "rx_in", 0 0, o00000130e56b18c8;  0 drivers
v00000130e5704a80_0 .var "start_checker_enable", 0 0;
v00000130e5704ee0_0 .net "start_glitch", 0 0, o00000130e56b1928;  0 drivers
o00000130e56b1958 .functor BUFZ 2, C4<zz>; HiZ drive
v00000130e5704940_0 .net "stop_bits", 1 0, o00000130e56b1958;  0 drivers
v00000130e57039a0_0 .net "stop_bits_complete", 0 0, L_00000130e5716a30;  1 drivers
v00000130e5704580_0 .var "stop_checker_enable", 0 0;
v00000130e5704440_0 .net "stop_error", 0 0, o00000130e56b19e8;  0 drivers
E_00000130e568f070 .event anyedge, v00000130e5703cc0_0, v00000130e5704620_0;
E_00000130e568f6f0/0 .event anyedge, v00000130e5703cc0_0, v00000130e57037c0_0, v00000130e5704120_0, v00000130e5704ee0_0;
E_00000130e568f6f0/1 .event anyedge, v00000130e5704c60_0, v00000130e5703540_0, v00000130e57041c0_0, v00000130e5704440_0;
E_00000130e568f6f0/2 .event anyedge, v00000130e57046c0_0;
E_00000130e568f6f0 .event/or E_00000130e568f6f0/0, E_00000130e568f6f0/1, E_00000130e568f6f0/2;
E_00000130e568f370/0 .event negedge, v00000130e5705020_0;
E_00000130e568f370/1 .event posedge, v00000130e5703900_0;
E_00000130e568f370 .event/or E_00000130e568f370/0, E_00000130e568f370/1;
L_00000130e5704760 .part o00000130e56b1868, 1, 5;
L_00000130e5704800 .concat [ 5 1 0 0], L_00000130e5704760, L_00000130e57d0088;
L_00000130e5704b20 .cmp/eq 6, o00000130e56b1688, L_00000130e5704800;
L_00000130e5703ae0 .concat [ 6 26 0 0], o00000130e56b1688, L_00000130e57d00d0;
L_00000130e5703b80 .concat [ 6 26 0 0], o00000130e56b1868, L_00000130e57d0118;
L_00000130e5703f40 .arith/sub 32, L_00000130e5703b80, L_00000130e57d0160;
L_00000130e5704da0 .cmp/eq 32, L_00000130e5703ae0, L_00000130e5703f40;
L_00000130e5704260 .concat [ 4 28 0 0], o00000130e56b1478, L_00000130e57d01a8;
L_00000130e57048a0 .cmp/eq 32, L_00000130e5704260, L_00000130e57d01f0;
L_00000130e5704f80 .concat [ 4 28 0 0], o00000130e56b1478, L_00000130e57d0238;
L_00000130e5703220 .cmp/eq 2, o00000130e56b1958, L_00000130e57d0280;
L_00000130e57032c0 .cmp/eq 2, o00000130e56b1958, L_00000130e57d0310;
L_00000130e5703360 .functor MUXZ 32, L_00000130e57d03a0, L_00000130e57d0358, L_00000130e57032c0, C4<>;
L_00000130e5703400 .functor MUXZ 32, L_00000130e5703360, L_00000130e57d02c8, L_00000130e5703220, C4<>;
L_00000130e5716a30 .cmp/eq 32, L_00000130e5704f80, L_00000130e5703400;
    .scope S_00000130e5662c40;
T_0 ;
    %wait E_00000130e568f370;
    %load/vec4 v00000130e5705020_0;
    %nor/r;
    %flag_set/vec4 8;
    %jmp/0xz  T_0.0, 8;
    %pushi/vec4 0, 0, 3;
    %assign/vec4 v00000130e5703cc0_0, 0;
    %jmp T_0.1;
T_0.0 ;
    %load/vec4 v00000130e57044e0_0;
    %assign/vec4 v00000130e5703cc0_0, 0;
T_0.1 ;
    %jmp T_0;
    .thread T_0;
    .scope S_00000130e5662c40;
T_1 ;
    %wait E_00000130e568f6f0;
    %load/vec4 v00000130e5703cc0_0;
    %store/vec4 v00000130e57044e0_0, 0, 3;
    %load/vec4 v00000130e5703cc0_0;
    %dup/vec4;
    %pushi/vec4 0, 0, 3;
    %cmp/u;
    %jmp/1 T_1.0, 6;
    %dup/vec4;
    %pushi/vec4 1, 0, 3;
    %cmp/u;
    %jmp/1 T_1.1, 6;
    %dup/vec4;
    %pushi/vec4 3, 0, 3;
    %cmp/u;
    %jmp/1 T_1.2, 6;
    %dup/vec4;
    %pushi/vec4 2, 0, 3;
    %cmp/u;
    %jmp/1 T_1.3, 6;
    %dup/vec4;
    %pushi/vec4 6, 0, 3;
    %cmp/u;
    %jmp/1 T_1.4, 6;
    %dup/vec4;
    %pushi/vec4 7, 0, 3;
    %cmp/u;
    %jmp/1 T_1.5, 6;
    %dup/vec4;
    %pushi/vec4 5, 0, 3;
    %cmp/u;
    %jmp/1 T_1.6, 6;
    %pushi/vec4 0, 0, 3;
    %store/vec4 v00000130e57044e0_0, 0, 3;
    %jmp T_1.8;
T_1.0 ;
    %load/vec4 v00000130e57037c0_0;
    %nor/r;
    %flag_set/vec4 8;
    %jmp/0xz  T_1.9, 8;
    %pushi/vec4 1, 0, 3;
    %store/vec4 v00000130e57044e0_0, 0, 3;
T_1.9 ;
    %jmp T_1.8;
T_1.1 ;
    %load/vec4 v00000130e5704120_0;
    %flag_set/vec4 8;
    %jmp/0xz  T_1.11, 8;
    %load/vec4 v00000130e5704ee0_0;
    %flag_set/vec4 8;
    %jmp/0xz  T_1.13, 8;
    %pushi/vec4 5, 0, 3;
    %store/vec4 v00000130e57044e0_0, 0, 3;
    %jmp T_1.14;
T_1.13 ;
    %pushi/vec4 3, 0, 3;
    %store/vec4 v00000130e57044e0_0, 0, 3;
T_1.14 ;
T_1.11 ;
    %jmp T_1.8;
T_1.2 ;
    %load/vec4 v00000130e5704c60_0;
    %flag_set/vec4 9;
    %flag_get/vec4 9;
    %jmp/0 T_1.17, 9;
    %load/vec4 v00000130e5704120_0;
    %and;
T_1.17;
    %flag_set/vec4 8;
    %jmp/0xz  T_1.15, 8;
    %load/vec4 v00000130e5703540_0;
    %flag_set/vec4 8;
    %jmp/0xz  T_1.18, 8;
    %pushi/vec4 2, 0, 3;
    %store/vec4 v00000130e57044e0_0, 0, 3;
    %jmp T_1.19;
T_1.18 ;
    %pushi/vec4 6, 0, 3;
    %store/vec4 v00000130e57044e0_0, 0, 3;
T_1.19 ;
T_1.15 ;
    %jmp T_1.8;
T_1.3 ;
    %load/vec4 v00000130e5704120_0;
    %flag_set/vec4 8;
    %jmp/0xz  T_1.20, 8;
    %load/vec4 v00000130e57041c0_0;
    %flag_set/vec4 8;
    %jmp/0xz  T_1.22, 8;
    %pushi/vec4 5, 0, 3;
    %store/vec4 v00000130e57044e0_0, 0, 3;
    %jmp T_1.23;
T_1.22 ;
    %pushi/vec4 6, 0, 3;
    %store/vec4 v00000130e57044e0_0, 0, 3;
T_1.23 ;
T_1.20 ;
    %jmp T_1.8;
T_1.4 ;
    %load/vec4 v00000130e5704120_0;
    %flag_set/vec4 8;
    %jmp/0xz  T_1.24, 8;
    %load/vec4 v00000130e5704440_0;
    %flag_set/vec4 8;
    %jmp/0xz  T_1.26, 8;
    %pushi/vec4 5, 0, 3;
    %store/vec4 v00000130e57044e0_0, 0, 3;
    %jmp T_1.27;
T_1.26 ;
    %pushi/vec4 7, 0, 3;
    %store/vec4 v00000130e57044e0_0, 0, 3;
T_1.27 ;
T_1.24 ;
    %jmp T_1.8;
T_1.5 ;
    %load/vec4 v00000130e57037c0_0;
    %nor/r;
    %flag_set/vec4 8;
    %jmp/0xz  T_1.28, 8;
    %pushi/vec4 1, 0, 3;
    %store/vec4 v00000130e57044e0_0, 0, 3;
    %jmp T_1.29;
T_1.28 ;
    %pushi/vec4 0, 0, 3;
    %store/vec4 v00000130e57044e0_0, 0, 3;
T_1.29 ;
    %jmp T_1.8;
T_1.6 ;
    %load/vec4 v00000130e57037c0_0;
    %flag_set/vec4 8;
    %jmp/1 T_1.32, 8;
    %load/vec4 v00000130e57046c0_0;
    %flag_set/vec4 9;
    %flag_or 8, 9;
T_1.32;
    %jmp/0xz  T_1.30, 8;
    %pushi/vec4 0, 0, 3;
    %store/vec4 v00000130e57044e0_0, 0, 3;
T_1.30 ;
    %jmp T_1.8;
T_1.8 ;
    %pop/vec4 1;
    %jmp T_1;
    .thread T_1, $push;
    .scope S_00000130e5662c40;
T_2 ;
    %wait E_00000130e568f070;
    %pushi/vec4 0, 0, 1;
    %store/vec4 v00000130e5703c20_0, 0, 1;
    %pushi/vec4 0, 0, 1;
    %store/vec4 v00000130e5703a40_0, 0, 1;
    %pushi/vec4 0, 0, 1;
    %store/vec4 v00000130e5704080_0, 0, 1;
    %pushi/vec4 0, 0, 1;
    %store/vec4 v00000130e5703720_0, 0, 1;
    %pushi/vec4 0, 0, 1;
    %store/vec4 v00000130e5704a80_0, 0, 1;
    %pushi/vec4 0, 0, 1;
    %store/vec4 v00000130e5704d00_0, 0, 1;
    %pushi/vec4 0, 0, 1;
    %store/vec4 v00000130e5704580_0, 0, 1;
    %pushi/vec4 0, 0, 1;
    %store/vec4 v00000130e5704bc0_0, 0, 1;
    %pushi/vec4 0, 0, 1;
    %store/vec4 v00000130e5703680_0, 0, 1;
    %pushi/vec4 0, 0, 1;
    %store/vec4 v00000130e57034a0_0, 0, 1;
    %load/vec4 v00000130e5703cc0_0;
    %store/vec4 v00000130e5703ea0_0, 0, 3;
    %load/vec4 v00000130e5703cc0_0;
    %dup/vec4;
    %pushi/vec4 0, 0, 3;
    %cmp/u;
    %jmp/1 T_2.0, 6;
    %dup/vec4;
    %pushi/vec4 1, 0, 3;
    %cmp/u;
    %jmp/1 T_2.1, 6;
    %dup/vec4;
    %pushi/vec4 3, 0, 3;
    %cmp/u;
    %jmp/1 T_2.2, 6;
    %dup/vec4;
    %pushi/vec4 2, 0, 3;
    %cmp/u;
    %jmp/1 T_2.3, 6;
    %dup/vec4;
    %pushi/vec4 6, 0, 3;
    %cmp/u;
    %jmp/1 T_2.4, 6;
    %dup/vec4;
    %pushi/vec4 7, 0, 3;
    %cmp/u;
    %jmp/1 T_2.5, 6;
    %dup/vec4;
    %pushi/vec4 5, 0, 3;
    %cmp/u;
    %jmp/1 T_2.6, 6;
    %pushi/vec4 1, 0, 1;
    %store/vec4 v00000130e5703a40_0, 0, 1;
    %jmp T_2.8;
T_2.0 ;
    %pushi/vec4 1, 0, 1;
    %store/vec4 v00000130e5703a40_0, 0, 1;
    %jmp T_2.8;
T_2.1 ;
    %pushi/vec4 1, 0, 1;
    %store/vec4 v00000130e5703c20_0, 0, 1;
    %pushi/vec4 1, 0, 1;
    %store/vec4 v00000130e5704a80_0, 0, 1;
    %load/vec4 v00000130e5704620_0;
    %store/vec4 v00000130e5704080_0, 0, 1;
    %pushi/vec4 1, 0, 1;
    %store/vec4 v00000130e57034a0_0, 0, 1;
    %jmp T_2.8;
T_2.2 ;
    %pushi/vec4 1, 0, 1;
    %store/vec4 v00000130e5703c20_0, 0, 1;
    %load/vec4 v00000130e5704620_0;
    %store/vec4 v00000130e5704080_0, 0, 1;
    %load/vec4 v00000130e5704620_0;
    %store/vec4 v00000130e5703720_0, 0, 1;
    %pushi/vec4 1, 0, 1;
    %store/vec4 v00000130e57034a0_0, 0, 1;
    %jmp T_2.8;
T_2.3 ;
    %pushi/vec4 1, 0, 1;
    %store/vec4 v00000130e5703c20_0, 0, 1;
    %load/vec4 v00000130e5704620_0;
    %store/vec4 v00000130e5704080_0, 0, 1;
    %load/vec4 v00000130e5704620_0;
    %store/vec4 v00000130e5704d00_0, 0, 1;
    %pushi/vec4 1, 0, 1;
    %store/vec4 v00000130e57034a0_0, 0, 1;
    %jmp T_2.8;
T_2.4 ;
    %pushi/vec4 1, 0, 1;
    %store/vec4 v00000130e5703c20_0, 0, 1;
    %load/vec4 v00000130e5704620_0;
    %store/vec4 v00000130e5704080_0, 0, 1;
    %load/vec4 v00000130e5704620_0;
    %store/vec4 v00000130e5704580_0, 0, 1;
    %pushi/vec4 1, 0, 1;
    %store/vec4 v00000130e57034a0_0, 0, 1;
    %jmp T_2.8;
T_2.5 ;
    %pushi/vec4 1, 0, 1;
    %store/vec4 v00000130e5704bc0_0, 0, 1;
    %pushi/vec4 1, 0, 1;
    %store/vec4 v00000130e57034a0_0, 0, 1;
    %jmp T_2.8;
T_2.6 ;
    %pushi/vec4 1, 0, 1;
    %store/vec4 v00000130e5703680_0, 0, 1;
    %pushi/vec4 1, 0, 1;
    %store/vec4 v00000130e5703a40_0, 0, 1;
    %pushi/vec4 1, 0, 1;
    %store/vec4 v00000130e57034a0_0, 0, 1;
    %jmp T_2.8;
T_2.8 ;
    %pop/vec4 1;
    %jmp T_2;
    .thread T_2, $push;
# The file index is used to find the file name in the following table.
:file_names 3;
    "N/A";
    "<interactive>";
    "FSM.v";
