#! /c/Source/iverilog-install/bin/vvp
:ivl_version "12.0 (devel)" "(s20150603-1539-g2693dd32b)";
:ivl_delay_selection "TYPICAL";
:vpi_time_precision + 0;
:vpi_module "C:\iverilog\lib\ivl\system.vpi";
:vpi_module "C:\iverilog\lib\ivl\vhdl_sys.vpi";
:vpi_module "C:\iverilog\lib\ivl\vhdl_textio.vpi";
:vpi_module "C:\iverilog\lib\ivl\v2005_math.vpi";
:vpi_module "C:\iverilog\lib\ivl\va_math.vpi";
S_0000022576552b30 .scope module, "parity_calc" "parity_calc" 2 1;
 .timescale 0 0;
    .port_info 0 /INPUT 8 "P_DATA";
    .port_info 1 /INPUT 1 "PAR_TYP";
    .port_info 2 /OUTPUT 1 "par_bit";
o0000022576587008 .functor BUFZ 8, C4<zzzzzzzz>; HiZ drive
L_00000225766f84f0 .functor BUFZ 8, o0000022576587008, C4<00000000>, C4<00000000>, C4<00000000>;
o0000022576586fd8 .functor BUFZ 1, C4<z>; HiZ drive
v0000022576553300_0 .net "PAR_TYP", 0 0, o0000022576586fd8;  0 drivers
v00000225766f8450_0 .net "P_DATA", 7 0, o0000022576587008;  0 drivers
v0000022576552cc0_0 .net "P_DATA_ioslated", 7 0, L_00000225766f84f0;  1 drivers
v0000022576552d60_0 .net "P_flag", 0 0, L_0000022576552ea0;  1 drivers
v0000022576552e00_0 .var "par_bit", 0 0;
E_0000022576585460 .event anyedge, v0000022576553300_0, v0000022576552d60_0;
L_0000022576552ea0 .reduce/xor L_00000225766f84f0;
    .scope S_0000022576552b30;
T_0 ;
    %wait E_0000022576585460;
    %load/vec4 v0000022576553300_0;
    %flag_set/vec4 8;
    %jmp/0xz  T_0.0, 8;
    %load/vec4 v0000022576552d60_0;
    %nor/r;
    %store/vec4 v0000022576552e00_0, 0, 1;
    %jmp T_0.1;
T_0.0 ;
    %load/vec4 v0000022576552d60_0;
    %store/vec4 v0000022576552e00_0, 0, 1;
T_0.1 ;
    %jmp T_0;
    .thread T_0, $push;
# The file index is used to find the file name in the following table.
:file_names 3;
    "N/A";
    "<interactive>";
    "parity_calc.v";
