#! /c/Source/iverilog-install/bin/vvp
:ivl_version "12.0 (devel)" "(s20150603-1539-g2693dd32b)";
:ivl_delay_selection "TYPICAL";
:vpi_time_precision + 0;
:vpi_module "C:\iverilog\lib\ivl\system.vpi";
:vpi_module "C:\iverilog\lib\ivl\vhdl_sys.vpi";
:vpi_module "C:\iverilog\lib\ivl\vhdl_textio.vpi";
:vpi_module "C:\iverilog\lib\ivl\v2005_math.vpi";
:vpi_module "C:\iverilog\lib\ivl\va_math.vpi";
S_0000027b71e4bd10 .scope module, "serializer" "serializer" 2 1;
 .timescale 0 0;
    .port_info 0 /INPUT 8 "P_DATA";
    .port_info 1 /INPUT 1 "ser_en";
    .port_info 2 /INPUT 1 "CLK";
    .port_info 3 /INPUT 1 "RST";
    .port_info 4 /OUTPUT 1 "ser_data";
    .port_info 5 /OUTPUT 1 "ser_done";
P_0000027b71e48930 .param/l "Data_width" 0 2 2, +C4<00000000000000000000000000001000>;
o0000027b71e99fd8 .functor BUFZ 1, C4<z>; HiZ drive
v0000027b71e4bea0_0 .net "CLK", 0 0, o0000027b71e99fd8;  0 drivers
o0000027b71e9a008 .functor BUFZ 8, C4<zzzzzzzz>; HiZ drive
v0000027b71e62f30_0 .net "P_DATA", 7 0, o0000027b71e9a008;  0 drivers
v0000027b71e4bf40_0 .var "P_DATA_ioslated", 7 0;
o0000027b71e9a068 .functor BUFZ 1, C4<z>; HiZ drive
v0000027b71ede840_0 .net "RST", 0 0, o0000027b71e9a068;  0 drivers
v0000027b71ede8e0_0 .var "counter", 3 0;
v0000027b71e93e30_0 .var "ready", 0 0;
v0000027b71e93ed0_0 .var "ser_data", 0 0;
v0000027b71e93f70_0 .var "ser_done", 0 0;
o0000027b71e9a158 .functor BUFZ 1, C4<z>; HiZ drive
v0000027b71e94010_0 .net "ser_en", 0 0, o0000027b71e9a158;  0 drivers
E_0000027b71e48f30/0 .event negedge, v0000027b71ede840_0;
E_0000027b71e48f30/1 .event posedge, v0000027b71e4bea0_0;
E_0000027b71e48f30 .event/or E_0000027b71e48f30/0, E_0000027b71e48f30/1;
    .scope S_0000027b71e4bd10;
T_0 ;
    %wait E_0000027b71e48f30;
    %load/vec4 v0000027b71ede840_0;
    %nor/r;
    %flag_set/vec4 8;
    %jmp/0xz  T_0.0, 8;
    %pushi/vec4 0, 0, 1;
    %assign/vec4 v0000027b71e93ed0_0, 0;
    %pushi/vec4 0, 0, 1;
    %assign/vec4 v0000027b71e93f70_0, 0;
    %pushi/vec4 0, 0, 8;
    %assign/vec4 v0000027b71e4bf40_0, 0;
    %pushi/vec4 0, 0, 4;
    %assign/vec4 v0000027b71ede8e0_0, 0;
    %pushi/vec4 0, 0, 1;
    %assign/vec4 v0000027b71e93e30_0, 0;
    %jmp T_0.1;
T_0.0 ;
    %load/vec4 v0000027b71e93e30_0;
    %nor/r;
    %flag_set/vec4 9;
    %flag_get/vec4 9;
    %jmp/0 T_0.4, 9;
    %load/vec4 v0000027b71e94010_0;
    %and;
T_0.4;
    %flag_set/vec4 8;
    %jmp/0xz  T_0.2, 8;
    %pushi/vec4 0, 0, 4;
    %assign/vec4 v0000027b71ede8e0_0, 0;
    %load/vec4 v0000027b71e62f30_0;
    %assign/vec4 v0000027b71e4bf40_0, 0;
    %pushi/vec4 1, 0, 1;
    %assign/vec4 v0000027b71e93e30_0, 0;
    %pushi/vec4 0, 0, 1;
    %assign/vec4 v0000027b71e93f70_0, 0;
    %jmp T_0.3;
T_0.2 ;
    %load/vec4 v0000027b71e93e30_0;
    %flag_set/vec4 8;
    %jmp/0xz  T_0.5, 8;
    %load/vec4 v0000027b71ede8e0_0;
    %pad/u 32;
    %cmpi/u 7, 0, 32;
    %flag_or 5, 4;
    %jmp/0xz  T_0.7, 5;
    %load/vec4 v0000027b71e4bf40_0;
    %parti/s 1, 0, 2;
    %assign/vec4 v0000027b71e93ed0_0, 0;
    %load/vec4 v0000027b71e4bf40_0;
    %ix/load 4, 1, 0;
    %flag_set/imm 4, 0;
    %shiftr 4;
    %assign/vec4 v0000027b71e4bf40_0, 0;
    %load/vec4 v0000027b71ede8e0_0;
    %addi 1, 0, 4;
    %assign/vec4 v0000027b71ede8e0_0, 0;
    %pushi/vec4 0, 0, 1;
    %assign/vec4 v0000027b71e93f70_0, 0;
T_0.7 ;
    %load/vec4 v0000027b71ede8e0_0;
    %pad/u 32;
    %cmpi/e 7, 0, 32;
    %jmp/0xz  T_0.9, 4;
    %pushi/vec4 1, 0, 1;
    %assign/vec4 v0000027b71e93f70_0, 0;
    %pushi/vec4 0, 0, 1;
    %assign/vec4 v0000027b71e93e30_0, 0;
    %load/vec4 v0000027b71ede8e0_0;
    %addi 1, 0, 4;
    %assign/vec4 v0000027b71ede8e0_0, 0;
T_0.9 ;
T_0.5 ;
T_0.3 ;
T_0.1 ;
    %jmp T_0;
    .thread T_0;
# The file index is used to find the file name in the following table.
:file_names 3;
    "N/A";
    "<interactive>";
    "serializer.v";
