#! /c/Source/iverilog-install/bin/vvp
:ivl_version "12.0 (devel)" "(s20150603-1539-g2693dd32b)";
:ivl_delay_selection "TYPICAL";
:vpi_time_precision + 0;
:vpi_module "C:\iverilog\lib\ivl\system.vpi";
:vpi_module "C:\iverilog\lib\ivl\vhdl_sys.vpi";
:vpi_module "C:\iverilog\lib\ivl\vhdl_textio.vpi";
:vpi_module "C:\iverilog\lib\ivl\v2005_math.vpi";
:vpi_module "C:\iverilog\lib\ivl\va_math.vpi";
S_0000024c45362c40 .scope module, "SHIFT_UNIT" "SHIFT_UNIT" 2 1;
 .timescale 0 0;
    .port_info 0 /INPUT 16 "A";
    .port_info 1 /INPUT 16 "B";
    .port_info 2 /INPUT 2 "ALU_FUN";
    .port_info 3 /INPUT 1 "CLK";
    .port_info 4 /INPUT 1 "RST";
    .port_info 5 /INPUT 1 "Shift_Enable";
    .port_info 6 /OUTPUT 16 "Shift_OUT";
    .port_info 7 /OUTPUT 1 "Shift_Flag";
P_0000024c45362dd0 .param/l "SHLA" 1 2 19, C4<01>;
P_0000024c45362e08 .param/l "SHLB" 1 2 21, C4<11>;
P_0000024c45362e40 .param/l "SHRA" 1 2 18, C4<00>;
P_0000024c45362e78 .param/l "SHRB" 1 2 20, C4<10>;
P_0000024c45362eb0 .param/l "Width" 0 2 1, C4<00000000000000000000000000010000>;
o0000024c45397f88 .functor BUFZ 16, C4<zzzzzzzzzzzzzzzz>; HiZ drive
v0000024c453630e0_0 .net "A", 15 0, o0000024c45397f88;  0 drivers
o0000024c45397fb8 .functor BUFZ 2, C4<zz>; HiZ drive
v0000024c45362ef0_0 .net "ALU_FUN", 1 0, o0000024c45397fb8;  0 drivers
o0000024c45397fe8 .functor BUFZ 16, C4<zzzzzzzzzzzzzzzz>; HiZ drive
v0000024c45394180_0 .net "B", 15 0, o0000024c45397fe8;  0 drivers
o0000024c45398018 .functor BUFZ 1, C4<z>; HiZ drive
v0000024c45394220_0 .net "CLK", 0 0, o0000024c45398018;  0 drivers
o0000024c45398048 .functor BUFZ 1, C4<z>; HiZ drive
v0000024c453942c0_0 .net "RST", 0 0, o0000024c45398048;  0 drivers
o0000024c45398078 .functor BUFZ 1, C4<z>; HiZ drive
v0000024c45394360_0 .net "Shift_Enable", 0 0, o0000024c45398078;  0 drivers
v0000024c45394400_0 .var "Shift_Flag", 0 0;
v0000024c453944a0_0 .var "Shift_OUT", 15 0;
E_0000024c4549aed0/0 .event negedge, v0000024c453942c0_0;
E_0000024c4549aed0/1 .event posedge, v0000024c45394220_0;
E_0000024c4549aed0 .event/or E_0000024c4549aed0/0, E_0000024c4549aed0/1;
    .scope S_0000024c45362c40;
T_0 ;
    %wait E_0000024c4549aed0;
    %load/vec4 v0000024c453942c0_0;
    %nor/r;
    %flag_set/vec4 8;
    %jmp/0xz  T_0.0, 8;
    %pushi/vec4 0, 0, 16;
    %assign/vec4 v0000024c453944a0_0, 0;
    %pushi/vec4 0, 0, 1;
    %assign/vec4 v0000024c45394400_0, 0;
    %jmp T_0.1;
T_0.0 ;
    %load/vec4 v0000024c45394360_0;
    %flag_set/vec4 8;
    %jmp/0xz  T_0.2, 8;
    %load/vec4 v0000024c45362ef0_0;
    %dup/vec4;
    %pushi/vec4 0, 0, 2;
    %cmp/u;
    %jmp/1 T_0.4, 6;
    %dup/vec4;
    %pushi/vec4 1, 0, 2;
    %cmp/u;
    %jmp/1 T_0.5, 6;
    %dup/vec4;
    %pushi/vec4 2, 0, 2;
    %cmp/u;
    %jmp/1 T_0.6, 6;
    %dup/vec4;
    %pushi/vec4 0, 0, 2;
    %cmp/u;
    %jmp/1 T_0.7, 6;
    %jmp T_0.8;
T_0.4 ;
    %load/vec4 v0000024c453630e0_0;
    %ix/load 4, 1, 0;
    %flag_set/imm 4, 0;
    %shiftr 4;
    %assign/vec4 v0000024c453944a0_0, 0;
    %jmp T_0.8;
T_0.5 ;
    %load/vec4 v0000024c453630e0_0;
    %ix/load 4, 1, 0;
    %flag_set/imm 4, 0;
    %shiftl 4;
    %assign/vec4 v0000024c453944a0_0, 0;
    %jmp T_0.8;
T_0.6 ;
    %load/vec4 v0000024c45394180_0;
    %ix/load 4, 1, 0;
    %flag_set/imm 4, 0;
    %shiftr 4;
    %assign/vec4 v0000024c453944a0_0, 0;
    %jmp T_0.8;
T_0.7 ;
    %load/vec4 v0000024c45394180_0;
    %ix/load 4, 1, 0;
    %flag_set/imm 4, 0;
    %shiftl 4;
    %assign/vec4 v0000024c453944a0_0, 0;
    %jmp T_0.8;
T_0.8 ;
    %pop/vec4 1;
    %pushi/vec4 1, 0, 1;
    %assign/vec4 v0000024c45394400_0, 0;
    %jmp T_0.3;
T_0.2 ;
    %pushi/vec4 0, 0, 16;
    %assign/vec4 v0000024c453944a0_0, 0;
    %pushi/vec4 0, 0, 1;
    %assign/vec4 v0000024c45394400_0, 0;
T_0.3 ;
T_0.1 ;
    %jmp T_0;
    .thread T_0;
# The file index is used to find the file name in the following table.
:file_names 3;
    "N/A";
    "<interactive>";
    "SHIFT_UNIT.v";
