#! /c/Source/iverilog-install/bin/vvp
:ivl_version "12.0 (devel)" "(s20150603-1539-g2693dd32b)";
:ivl_delay_selection "TYPICAL";
:vpi_time_precision - 12;
:vpi_module "C:\iverilog\lib\ivl\system.vpi";
:vpi_module "C:\iverilog\lib\ivl\vhdl_sys.vpi";
:vpi_module "C:\iverilog\lib\ivl\vhdl_textio.vpi";
:vpi_module "C:\iverilog\lib\ivl\v2005_math.vpi";
:vpi_module "C:\iverilog\lib\ivl\va_math.vpi";
S_000001cc092ffc80 .scope module, "UART_TX_tb" "UART_TX_tb" 2 3;
 .timescale -9 -12;
P_000001cc0927a640 .param/l "Data_width" 0 2 5, +C4<00000000000000000000000000001000>;
P_000001cc0927a678 .param/l "clock_period" 0 2 7, +C4<00000000000000000000000000001010>;
v000001cc0934f7c0_0 .var "CLK_tb", 0 0;
v000001cc09350d00_0 .var "PAR_EN_tb", 0 0;
v000001cc09350e40_0 .var "PAR_TYP_tb", 0 0;
v000001cc09350da0_0 .var "RST_tb", 0 0;
v000001cc0934f5e0_0 .var "TX_Data_valid_tb", 0 0;
v000001cc093508a0_0 .net "TX_OUT_tb", 0 0, v000001cc092fe850_0;  1 drivers
v000001cc0934fe00_0 .var "TX_P_DATA_tb", 7 0;
v000001cc09350300_0 .net "busy_tb", 0 0, v000001cc092fe7b0_0;  1 drivers
v000001cc093504e0_0 .var/i "i", 31 0;
E_000001cc092f6f80 .event negedge, v000001cc092fe8f0_0;
S_000001cc092ffe10 .scope module, "DUT" "UART_TX" 2 176, 3 5 0, S_000001cc092ffc80;
 .timescale 0 0;
    .port_info 0 /INPUT 8 "TX_P_DATA";
    .port_info 1 /INPUT 1 "TX_Data_valid";
    .port_info 2 /INPUT 1 "PAR_EN";
    .port_info 3 /INPUT 1 "PAR_TYP";
    .port_info 4 /INPUT 1 "CLK";
    .port_info 5 /INPUT 1 "RST";
    .port_info 6 /OUTPUT 1 "TX_OUT";
    .port_info 7 /OUTPUT 1 "busy";
P_000001cc092f7a40 .param/l "Data_width" 0 3 6, +C4<00000000000000000000000000001000>;
v000001cc0934f860_0 .net "CLK", 0 0, v000001cc0934f7c0_0;  1 drivers
v000001cc0934f360_0 .net "PAR_EN", 0 0, v000001cc09350d00_0;  1 drivers
v000001cc0934fea0_0 .net "PAR_TYP", 0 0, v000001cc09350e40_0;  1 drivers
v000001cc0934f180_0 .net "RST", 0 0, v000001cc09350da0_0;  1 drivers
v000001cc09350620_0 .net "TX_Data_valid", 0 0, v000001cc0934f5e0_0;  1 drivers
v000001cc0934f0e0_0 .net "TX_OUT", 0 0, v000001cc092fe850_0;  alias, 1 drivers
v000001cc09350ee0_0 .net "TX_P_DATA", 7 0, v000001cc0934fe00_0;  1 drivers
v000001cc093506c0_0 .net "busy", 0 0, v000001cc092fe7b0_0;  alias, 1 drivers
v000001cc09350bc0_0 .net "mux_sel_internal", 1 0, v000001cc092fe3f0_0;  1 drivers
v000001cc09350440_0 .net "par_bit_internal", 0 0, v000001cc092fed50_0;  1 drivers
v000001cc0934fb80_0 .net "ser_data_internal", 0 0, v000001cc0934f720_0;  1 drivers
v000001cc09350580_0 .net "ser_done_internal", 0 0, v000001cc09350120_0;  1 drivers
v000001cc0934fc20_0 .net "ser_en_internal", 0 0, v000001cc092fe530_0;  1 drivers
S_000001cc092f7e90 .scope module, "FSM1" "UART_TX_FSM" 3 51, 4 1 0, S_000001cc092ffe10;
 .timescale 0 0;
    .port_info 0 /INPUT 1 "Data_valid";
    .port_info 1 /INPUT 1 "PAR_EN";
    .port_info 2 /INPUT 1 "ser_done";
    .port_info 3 /INPUT 1 "CLK";
    .port_info 4 /INPUT 1 "RST";
    .port_info 5 /OUTPUT 2 "mux_sel";
    .port_info 6 /OUTPUT 1 "ser_en";
    .port_info 7 /OUTPUT 1 "busy";
P_000001cc092bb170 .param/l "Idle" 1 4 21, C4<00001>;
P_000001cc092bb1a8 .param/l "Parity_Bit" 1 4 24, C4<01000>;
P_000001cc092bb1e0 .param/l "Send_data" 1 4 23, C4<00100>;
P_000001cc092bb218 .param/l "Start_bit" 1 4 22, C4<00010>;
P_000001cc092bb250 .param/l "Stop_bit" 1 4 25, C4<10000>;
v000001cc092fe8f0_0 .net "CLK", 0 0, v000001cc0934f7c0_0;  alias, 1 drivers
v000001cc092fef30_0 .var "Current_state", 4 0;
v000001cc092fe990_0 .net "Data_valid", 0 0, v000001cc0934f5e0_0;  alias, 1 drivers
v000001cc092ff110_0 .var "Next_state", 4 0;
v000001cc092fe710_0 .net "PAR_EN", 0 0, v000001cc09350d00_0;  alias, 1 drivers
v000001cc092feb70_0 .net "RST", 0 0, v000001cc09350da0_0;  alias, 1 drivers
v000001cc092fe7b0_0 .var "busy", 0 0;
v000001cc092fe3f0_0 .var "mux_sel", 1 0;
v000001cc092fe490_0 .net "ser_done", 0 0, v000001cc09350120_0;  alias, 1 drivers
v000001cc092fe530_0 .var "ser_en", 0 0;
E_000001cc092f7640 .event anyedge, v000001cc092fef30_0;
E_000001cc092f7600 .event anyedge, v000001cc092fef30_0, v000001cc092fe990_0, v000001cc092fe490_0, v000001cc092fe710_0;
E_000001cc092f7680/0 .event negedge, v000001cc092feb70_0;
E_000001cc092f7680/1 .event posedge, v000001cc092fe8f0_0;
E_000001cc092f7680 .event/or E_000001cc092f7680/0, E_000001cc092f7680/1;
S_000001cc092f8020 .scope module, "M1" "UART_TX_MUX" 3 64, 5 1 0, S_000001cc092ffe10;
 .timescale 0 0;
    .port_info 0 /INPUT 2 "mux_sel";
    .port_info 1 /INPUT 1 "ser_data";
    .port_info 2 /INPUT 1 "par_bit";
    .port_info 3 /OUTPUT 1 "MUX_OUT";
v000001cc092fe850_0 .var "MUX_OUT", 0 0;
v000001cc092ff250_0 .net "mux_sel", 1 0, v000001cc092fe3f0_0;  alias, 1 drivers
v000001cc092fea30_0 .net "par_bit", 0 0, v000001cc092fed50_0;  alias, 1 drivers
v000001cc092fead0_0 .net "ser_data", 0 0, v000001cc0934f720_0;  alias, 1 drivers
E_000001cc092f7700 .event anyedge, v000001cc092fe3f0_0, v000001cc092fead0_0, v000001cc092fea30_0;
S_000001cc092e10e0 .scope module, "P1" "parity_calc" 3 43, 6 1 0, S_000001cc092ffe10;
 .timescale 0 0;
    .port_info 0 /INPUT 8 "P_DATA";
    .port_info 1 /INPUT 1 "PAR_TYP";
    .port_info 2 /OUTPUT 1 "par_bit";
P_000001cc092f7740 .param/l "Data_width" 0 6 2, +C4<00000000000000000000000000001000>;
L_000001cc092f0a20 .functor BUFZ 8, v000001cc0934fe00_0, C4<00000000>, C4<00000000>, C4<00000000>;
v000001cc092ff1b0_0 .net "PAR_TYP", 0 0, v000001cc09350e40_0;  alias, 1 drivers
v000001cc092fee90_0 .net "P_DATA", 7 0, v000001cc0934fe00_0;  alias, 1 drivers
v000001cc092fec10_0 .net "P_DATA_ioslated", 7 0, L_000001cc092f0a20;  1 drivers
v000001cc092fe5d0_0 .net "P_flag", 0 0, L_000001cc09350760;  1 drivers
v000001cc092fed50_0 .var "par_bit", 0 0;
E_000001cc092f77c0 .event anyedge, v000001cc092ff1b0_0, v000001cc092fe5d0_0;
L_000001cc09350760 .reduce/xor L_000001cc092f0a20;
S_000001cc092e1270 .scope module, "S1" "serializer" 3 31, 7 1 0, S_000001cc092ffe10;
 .timescale 0 0;
    .port_info 0 /INPUT 8 "P_DATA";
    .port_info 1 /INPUT 1 "ser_en";
    .port_info 2 /INPUT 1 "CLK";
    .port_info 3 /INPUT 1 "RST";
    .port_info 4 /OUTPUT 1 "ser_data";
    .port_info 5 /OUTPUT 1 "ser_done";
P_000001cc092f7900 .param/l "Data_width" 0 7 2, +C4<00000000000000000000000000001000>;
v000001cc092fefd0_0 .net "CLK", 0 0, v000001cc0934f7c0_0;  alias, 1 drivers
v000001cc092fe670_0 .net "P_DATA", 7 0, v000001cc0934fe00_0;  alias, 1 drivers
v000001cc092fecb0_0 .var "P_DATA_ioslated", 7 0;
v000001cc092fedf0_0 .net "RST", 0 0, v000001cc09350da0_0;  alias, 1 drivers
v000001cc092ff070_0 .var "counter", 3 0;
v000001cc0934fae0_0 .var "ready", 0 0;
v000001cc0934f720_0 .var "ser_data", 0 0;
v000001cc09350120_0 .var "ser_done", 0 0;
v000001cc093509e0_0 .net "ser_en", 0 0, v000001cc092fe530_0;  alias, 1 drivers
S_000001cc092d92a0 .scope task, "check_TX" "check_TX" 2 124, 2 124 0, S_000001cc092ffc80;
 .timescale -9 -12;
v000001cc0934f220_0 .var "data", 7 0;
v000001cc0934fa40_0 .var "is_parity_ok", 0 0;
TD_UART_TX_tb.check_TX ;
    %delay 10000, 0;
    %pushi/vec4 0, 0, 32;
    %store/vec4 v000001cc093504e0_0, 0, 32;
T_0.0 ;
    %load/vec4 v000001cc093504e0_0;
    %cmpi/s 7, 0, 32;
    %flag_or 5, 4;
    %jmp/0xz T_0.1, 5;
    %delay 10000, 0;
    %load/vec4 v000001cc093508a0_0;
    %load/vec4 v000001cc0934f220_0;
    %load/vec4 v000001cc093504e0_0;
    %part/s 1;
    %cmp/ne;
    %jmp/0xz  T_0.2, 4;
    %vpi_call 2 136 "$display", "The value of the %0d'th bit is incorrect, number=%b ,expected=%b", v000001cc093504e0_0, v000001cc093508a0_0, &PV<v000001cc0934f220_0, v000001cc093504e0_0, 1> {0 0 0};
    %vpi_call 2 137 "$display", "the busy is %b", v000001cc09350300_0 {0 0 0};
T_0.2 ;
    %load/vec4 v000001cc093504e0_0;
    %addi 1, 0, 32;
    %store/vec4 v000001cc093504e0_0, 0, 32;
    %jmp T_0.0;
T_0.1 ;
    %load/vec4 v000001cc09350d00_0;
    %flag_set/vec4 8;
    %jmp/0xz  T_0.4, 8;
    %delay 10000, 0;
    %fork TD_UART_TX_tb.parity_checker, S_000001cc092dad50;
    %join;
    %load/vec4 v000001cc0934fd60_0;
    %store/vec4 v000001cc0934fa40_0, 0, 1;
    %load/vec4 v000001cc0934fa40_0;
    %nor/r;
    %flag_set/vec4 8;
    %jmp/0xz  T_0.6, 8;
    %vpi_call 2 146 "$display", "The value of the parity bit is incorect " {0 0 0};
T_0.6 ;
T_0.4 ;
    %delay 10000, 0;
    %load/vec4 v000001cc093508a0_0;
    %nor/r;
    %flag_set/vec4 8;
    %jmp/0xz  T_0.8, 8;
    %vpi_call 2 150 "$display", "The value of the stop bit is incorrect" {0 0 0};
T_0.8 ;
    %vpi_call 2 152 "$display", "Your test case has passed successfully" {0 0 0};
    %end;
S_000001cc092d9430 .scope task, "do_operation" "do_operation" 2 112, 2 112 0, S_000001cc092ffc80;
 .timescale -9 -12;
v000001cc09350800_0 .var "data", 7 0;
v000001cc0934ff40_0 .var "parity_enable", 0 0;
v000001cc0934fcc0_0 .var "parity_type", 0 0;
E_000001cc092f7a80 .event posedge, v000001cc092fe8f0_0;
TD_UART_TX_tb.do_operation ;
    %wait E_000001cc092f7a80;
    %load/vec4 v000001cc09350800_0;
    %store/vec4 v000001cc0934fe00_0, 0, 8;
    %pushi/vec4 1, 0, 1;
    %store/vec4 v000001cc0934f5e0_0, 0, 1;
    %load/vec4 v000001cc0934ff40_0;
    %store/vec4 v000001cc09350d00_0, 0, 1;
    %load/vec4 v000001cc0934fcc0_0;
    %store/vec4 v000001cc09350e40_0, 0, 1;
    %wait E_000001cc092f7a80;
    %pushi/vec4 0, 0, 1;
    %store/vec4 v000001cc0934f5e0_0, 0, 1;
    %end;
S_000001cc092dabc0 .scope task, "initialization" "initialization" 2 92, 2 92 0, S_000001cc092ffc80;
 .timescale -9 -12;
TD_UART_TX_tb.initialization ;
    %pushi/vec4 0, 0, 1;
    %store/vec4 v000001cc09350da0_0, 0, 1;
    %pushi/vec4 0, 0, 8;
    %store/vec4 v000001cc0934fe00_0, 0, 8;
    %pushi/vec4 0, 0, 1;
    %store/vec4 v000001cc0934f5e0_0, 0, 1;
    %pushi/vec4 0, 0, 1;
    %store/vec4 v000001cc09350d00_0, 0, 1;
    %pushi/vec4 0, 0, 1;
    %store/vec4 v000001cc09350e40_0, 0, 1;
    %fork TD_UART_TX_tb.reset, S_000001cc09292bb0;
    %join;
    %end;
S_000001cc092dad50 .scope task, "parity_checker" "parity_checker" 2 156, 2 156 0, S_000001cc092ffc80;
 .timescale -9 -12;
v000001cc0934f400_0 .var "expected_parity", 0 0;
v000001cc0934fd60_0 .var "valid", 0 0;
TD_UART_TX_tb.parity_checker ;
    %load/vec4 v000001cc0934fe00_0;
    %xor/r;
    %store/vec4 v000001cc0934f400_0, 0, 1;
    %load/vec4 v000001cc09350e40_0;
    %flag_set/vec4 8;
    %jmp/0xz  T_3.10, 8;
    %load/vec4 v000001cc093508a0_0;
    %load/vec4 v000001cc0934f400_0;
    %inv;
    %cmp/e;
    %jmp/0xz  T_3.12, 4;
    %pushi/vec4 1, 0, 1;
    %store/vec4 v000001cc0934fd60_0, 0, 1;
    %jmp T_3.13;
T_3.12 ;
    %pushi/vec4 0, 0, 1;
    %store/vec4 v000001cc0934fd60_0, 0, 1;
T_3.13 ;
    %jmp T_3.11;
T_3.10 ;
    %load/vec4 v000001cc093508a0_0;
    %load/vec4 v000001cc0934f400_0;
    %cmp/e;
    %jmp/0xz  T_3.14, 4;
    %pushi/vec4 1, 0, 1;
    %store/vec4 v000001cc0934fd60_0, 0, 1;
    %jmp T_3.15;
T_3.14 ;
    %pushi/vec4 0, 0, 1;
    %store/vec4 v000001cc0934fd60_0, 0, 1;
T_3.15 ;
T_3.11 ;
    %end;
S_000001cc09292bb0 .scope task, "reset" "reset" 2 103, 2 103 0, S_000001cc092ffc80;
 .timescale -9 -12;
TD_UART_TX_tb.reset ;
    %pushi/vec4 0, 0, 1;
    %store/vec4 v000001cc09350da0_0, 0, 1;
    %delay 10000, 0;
    %pushi/vec4 1, 0, 1;
    %store/vec4 v000001cc09350da0_0, 0, 1;
    %delay 10000, 0;
    %end;
    .scope S_000001cc092e1270;
T_5 ;
    %wait E_000001cc092f7680;
    %load/vec4 v000001cc092fedf0_0;
    %nor/r;
    %flag_set/vec4 8;
    %jmp/0xz  T_5.0, 8;
    %pushi/vec4 0, 0, 1;
    %assign/vec4 v000001cc0934f720_0, 0;
    %pushi/vec4 0, 0, 1;
    %assign/vec4 v000001cc09350120_0, 0;
    %pushi/vec4 0, 0, 8;
    %assign/vec4 v000001cc092fecb0_0, 0;
    %pushi/vec4 0, 0, 4;
    %assign/vec4 v000001cc092ff070_0, 0;
    %pushi/vec4 0, 0, 1;
    %assign/vec4 v000001cc0934fae0_0, 0;
    %jmp T_5.1;
T_5.0 ;
    %load/vec4 v000001cc0934fae0_0;
    %nor/r;
    %flag_set/vec4 9;
    %flag_get/vec4 9;
    %jmp/0 T_5.4, 9;
    %load/vec4 v000001cc093509e0_0;
    %and;
T_5.4;
    %flag_set/vec4 8;
    %jmp/0xz  T_5.2, 8;
    %pushi/vec4 0, 0, 4;
    %assign/vec4 v000001cc092ff070_0, 0;
    %load/vec4 v000001cc092fe670_0;
    %assign/vec4 v000001cc092fecb0_0, 0;
    %pushi/vec4 1, 0, 1;
    %assign/vec4 v000001cc0934fae0_0, 0;
    %pushi/vec4 0, 0, 1;
    %assign/vec4 v000001cc09350120_0, 0;
    %jmp T_5.3;
T_5.2 ;
    %load/vec4 v000001cc0934fae0_0;
    %flag_set/vec4 8;
    %jmp/0xz  T_5.5, 8;
    %load/vec4 v000001cc092ff070_0;
    %pad/u 32;
    %cmpi/u 7, 0, 32;
    %flag_or 5, 4;
    %jmp/0xz  T_5.7, 5;
    %load/vec4 v000001cc092fecb0_0;
    %parti/s 1, 0, 2;
    %assign/vec4 v000001cc0934f720_0, 0;
    %load/vec4 v000001cc092fecb0_0;
    %ix/load 4, 1, 0;
    %flag_set/imm 4, 0;
    %shiftr 4;
    %assign/vec4 v000001cc092fecb0_0, 0;
    %load/vec4 v000001cc092ff070_0;
    %addi 1, 0, 4;
    %assign/vec4 v000001cc092ff070_0, 0;
    %pushi/vec4 0, 0, 1;
    %assign/vec4 v000001cc09350120_0, 0;
T_5.7 ;
    %load/vec4 v000001cc092ff070_0;
    %pad/u 32;
    %cmpi/e 7, 0, 32;
    %jmp/0xz  T_5.9, 4;
    %pushi/vec4 1, 0, 1;
    %assign/vec4 v000001cc09350120_0, 0;
    %pushi/vec4 0, 0, 1;
    %assign/vec4 v000001cc0934fae0_0, 0;
    %load/vec4 v000001cc092ff070_0;
    %addi 1, 0, 4;
    %assign/vec4 v000001cc092ff070_0, 0;
T_5.9 ;
T_5.5 ;
T_5.3 ;
T_5.1 ;
    %jmp T_5;
    .thread T_5;
    .scope S_000001cc092e10e0;
T_6 ;
    %wait E_000001cc092f77c0;
    %load/vec4 v000001cc092ff1b0_0;
    %flag_set/vec4 8;
    %jmp/0xz  T_6.0, 8;
    %load/vec4 v000001cc092fe5d0_0;
    %nor/r;
    %store/vec4 v000001cc092fed50_0, 0, 1;
    %jmp T_6.1;
T_6.0 ;
    %load/vec4 v000001cc092fe5d0_0;
    %store/vec4 v000001cc092fed50_0, 0, 1;
T_6.1 ;
    %jmp T_6;
    .thread T_6, $push;
    .scope S_000001cc092f7e90;
T_7 ;
    %wait E_000001cc092f7680;
    %load/vec4 v000001cc092feb70_0;
    %nor/r;
    %flag_set/vec4 8;
    %jmp/0xz  T_7.0, 8;
    %pushi/vec4 1, 0, 5;
    %assign/vec4 v000001cc092fef30_0, 0;
    %jmp T_7.1;
T_7.0 ;
    %load/vec4 v000001cc092ff110_0;
    %assign/vec4 v000001cc092fef30_0, 0;
T_7.1 ;
    %jmp T_7;
    .thread T_7;
    .scope S_000001cc092f7e90;
T_8 ;
    %wait E_000001cc092f7600;
    %load/vec4 v000001cc092fef30_0;
    %dup/vec4;
    %pushi/vec4 1, 0, 5;
    %cmp/u;
    %jmp/1 T_8.0, 6;
    %dup/vec4;
    %pushi/vec4 2, 0, 5;
    %cmp/u;
    %jmp/1 T_8.1, 6;
    %dup/vec4;
    %pushi/vec4 4, 0, 5;
    %cmp/u;
    %jmp/1 T_8.2, 6;
    %dup/vec4;
    %pushi/vec4 8, 0, 5;
    %cmp/u;
    %jmp/1 T_8.3, 6;
    %dup/vec4;
    %pushi/vec4 16, 0, 5;
    %cmp/u;
    %jmp/1 T_8.4, 6;
    %pushi/vec4 1, 0, 5;
    %store/vec4 v000001cc092ff110_0, 0, 5;
    %jmp T_8.6;
T_8.0 ;
    %load/vec4 v000001cc092fe990_0;
    %flag_set/vec4 8;
    %jmp/0xz  T_8.7, 8;
    %pushi/vec4 2, 0, 5;
    %store/vec4 v000001cc092ff110_0, 0, 5;
    %jmp T_8.8;
T_8.7 ;
    %pushi/vec4 1, 0, 5;
    %store/vec4 v000001cc092ff110_0, 0, 5;
T_8.8 ;
    %jmp T_8.6;
T_8.1 ;
    %pushi/vec4 4, 0, 5;
    %store/vec4 v000001cc092ff110_0, 0, 5;
    %jmp T_8.6;
T_8.2 ;
    %load/vec4 v000001cc092fe490_0;
    %flag_set/vec4 8;
    %jmp/0xz  T_8.9, 8;
    %load/vec4 v000001cc092fe710_0;
    %flag_set/vec4 8;
    %jmp/0xz  T_8.11, 8;
    %pushi/vec4 8, 0, 5;
    %store/vec4 v000001cc092ff110_0, 0, 5;
    %jmp T_8.12;
T_8.11 ;
    %pushi/vec4 16, 0, 5;
    %store/vec4 v000001cc092ff110_0, 0, 5;
T_8.12 ;
    %jmp T_8.10;
T_8.9 ;
    %pushi/vec4 4, 0, 5;
    %store/vec4 v000001cc092ff110_0, 0, 5;
T_8.10 ;
    %jmp T_8.6;
T_8.3 ;
    %pushi/vec4 16, 0, 5;
    %store/vec4 v000001cc092ff110_0, 0, 5;
    %jmp T_8.6;
T_8.4 ;
    %pushi/vec4 1, 0, 5;
    %store/vec4 v000001cc092ff110_0, 0, 5;
    %jmp T_8.6;
T_8.6 ;
    %pop/vec4 1;
    %jmp T_8;
    .thread T_8, $push;
    .scope S_000001cc092f7e90;
T_9 ;
    %wait E_000001cc092f7640;
    %pushi/vec4 0, 0, 1;
    %store/vec4 v000001cc092fe530_0, 0, 1;
    %pushi/vec4 0, 0, 1;
    %store/vec4 v000001cc092fe7b0_0, 0, 1;
    %pushi/vec4 1, 0, 2;
    %store/vec4 v000001cc092fe3f0_0, 0, 2;
    %load/vec4 v000001cc092fef30_0;
    %dup/vec4;
    %pushi/vec4 1, 0, 5;
    %cmp/u;
    %jmp/1 T_9.0, 6;
    %dup/vec4;
    %pushi/vec4 2, 0, 5;
    %cmp/u;
    %jmp/1 T_9.1, 6;
    %dup/vec4;
    %pushi/vec4 4, 0, 5;
    %cmp/u;
    %jmp/1 T_9.2, 6;
    %dup/vec4;
    %pushi/vec4 8, 0, 5;
    %cmp/u;
    %jmp/1 T_9.3, 6;
    %dup/vec4;
    %pushi/vec4 16, 0, 5;
    %cmp/u;
    %jmp/1 T_9.4, 6;
    %pushi/vec4 0, 0, 1;
    %store/vec4 v000001cc092fe7b0_0, 0, 1;
    %pushi/vec4 1, 0, 2;
    %store/vec4 v000001cc092fe3f0_0, 0, 2;
    %pushi/vec4 0, 0, 1;
    %store/vec4 v000001cc092fe530_0, 0, 1;
    %jmp T_9.6;
T_9.0 ;
    %pushi/vec4 0, 0, 1;
    %store/vec4 v000001cc092fe7b0_0, 0, 1;
    %pushi/vec4 1, 0, 2;
    %store/vec4 v000001cc092fe3f0_0, 0, 2;
    %pushi/vec4 0, 0, 1;
    %store/vec4 v000001cc092fe530_0, 0, 1;
    %jmp T_9.6;
T_9.1 ;
    %pushi/vec4 0, 0, 1;
    %store/vec4 v000001cc092fe7b0_0, 0, 1;
    %pushi/vec4 1, 0, 2;
    %store/vec4 v000001cc092fe3f0_0, 0, 2;
    %pushi/vec4 1, 0, 1;
    %store/vec4 v000001cc092fe530_0, 0, 1;
    %jmp T_9.6;
T_9.2 ;
    %pushi/vec4 1, 0, 1;
    %store/vec4 v000001cc092fe7b0_0, 0, 1;
    %pushi/vec4 2, 0, 2;
    %store/vec4 v000001cc092fe3f0_0, 0, 2;
    %pushi/vec4 1, 0, 1;
    %store/vec4 v000001cc092fe530_0, 0, 1;
    %jmp T_9.6;
T_9.3 ;
    %pushi/vec4 1, 0, 1;
    %store/vec4 v000001cc092fe7b0_0, 0, 1;
    %pushi/vec4 3, 0, 2;
    %store/vec4 v000001cc092fe3f0_0, 0, 2;
    %pushi/vec4 0, 0, 1;
    %store/vec4 v000001cc092fe530_0, 0, 1;
    %jmp T_9.6;
T_9.4 ;
    %pushi/vec4 1, 0, 1;
    %store/vec4 v000001cc092fe7b0_0, 0, 1;
    %pushi/vec4 1, 0, 2;
    %store/vec4 v000001cc092fe3f0_0, 0, 2;
    %pushi/vec4 0, 0, 1;
    %store/vec4 v000001cc092fe530_0, 0, 1;
    %jmp T_9.6;
T_9.6 ;
    %pop/vec4 1;
    %jmp T_9;
    .thread T_9, $push;
    .scope S_000001cc092f8020;
T_10 ;
    %wait E_000001cc092f7700;
    %load/vec4 v000001cc092ff250_0;
    %dup/vec4;
    %pushi/vec4 0, 0, 2;
    %cmp/u;
    %jmp/1 T_10.0, 6;
    %dup/vec4;
    %pushi/vec4 1, 0, 2;
    %cmp/u;
    %jmp/1 T_10.1, 6;
    %dup/vec4;
    %pushi/vec4 2, 0, 2;
    %cmp/u;
    %jmp/1 T_10.2, 6;
    %dup/vec4;
    %pushi/vec4 3, 0, 2;
    %cmp/u;
    %jmp/1 T_10.3, 6;
    %jmp T_10.4;
T_10.0 ;
    %pushi/vec4 0, 0, 1;
    %store/vec4 v000001cc092fe850_0, 0, 1;
    %jmp T_10.4;
T_10.1 ;
    %pushi/vec4 1, 0, 1;
    %store/vec4 v000001cc092fe850_0, 0, 1;
    %jmp T_10.4;
T_10.2 ;
    %load/vec4 v000001cc092fead0_0;
    %store/vec4 v000001cc092fe850_0, 0, 1;
    %jmp T_10.4;
T_10.3 ;
    %load/vec4 v000001cc092fea30_0;
    %store/vec4 v000001cc092fe850_0, 0, 1;
    %jmp T_10.4;
T_10.4 ;
    %pop/vec4 1;
    %jmp T_10;
    .thread T_10, $push;
    .scope S_000001cc092ffc80;
T_11 ;
    %pushi/vec4 0, 0, 1;
    %store/vec4 v000001cc0934f7c0_0, 0, 1;
    %delay 5000, 0;
    %pushi/vec4 1, 0, 1;
    %store/vec4 v000001cc0934f7c0_0, 0, 1;
    %delay 5000, 0;
    %jmp T_11;
    .thread T_11;
    .scope S_000001cc092ffc80;
T_12 ;
    %vpi_call 2 31 "$dumpfile", "UART_TX.vcd" {0 0 0};
    %vpi_call 2 32 "$dumpvars" {0 0 0};
    %fork TD_UART_TX_tb.initialization, S_000001cc092dabc0;
    %join;
    %vpi_call 2 35 "$display", "Test case 1: inputting all zeros" {0 0 0};
    %wait E_000001cc092f6f80;
    %pushi/vec4 0, 0, 8;
    %store/vec4 v000001cc09350800_0, 0, 8;
    %pushi/vec4 0, 0, 1;
    %store/vec4 v000001cc0934ff40_0, 0, 1;
    %pushi/vec4 0, 0, 1;
    %store/vec4 v000001cc0934fcc0_0, 0, 1;
    %fork TD_UART_TX_tb.do_operation, S_000001cc092d9430;
    %join;
    %delay 10000, 0;
    %pushi/vec4 0, 0, 8;
    %store/vec4 v000001cc0934f220_0, 0, 8;
    %fork TD_UART_TX_tb.check_TX, S_000001cc092d92a0;
    %join;
    %delay 10000, 0;
    %fork TD_UART_TX_tb.reset, S_000001cc09292bb0;
    %join;
    %vpi_call 2 44 "$display", "Test case 2: inputting all ones" {0 0 0};
    %wait E_000001cc092f6f80;
    %pushi/vec4 255, 0, 8;
    %store/vec4 v000001cc09350800_0, 0, 8;
    %pushi/vec4 0, 0, 1;
    %store/vec4 v000001cc0934ff40_0, 0, 1;
    %pushi/vec4 0, 0, 1;
    %store/vec4 v000001cc0934fcc0_0, 0, 1;
    %fork TD_UART_TX_tb.do_operation, S_000001cc092d9430;
    %join;
    %delay 10000, 0;
    %pushi/vec4 255, 0, 8;
    %store/vec4 v000001cc0934f220_0, 0, 8;
    %fork TD_UART_TX_tb.check_TX, S_000001cc092d92a0;
    %join;
    %delay 10000, 0;
    %fork TD_UART_TX_tb.reset, S_000001cc09292bb0;
    %join;
    %vpi_call 2 53 "$display", "Test case 3: Checking if the serializer outputs the LSB first " {0 0 0};
    %wait E_000001cc092f6f80;
    %pushi/vec4 1, 0, 8;
    %store/vec4 v000001cc09350800_0, 0, 8;
    %pushi/vec4 0, 0, 1;
    %store/vec4 v000001cc0934ff40_0, 0, 1;
    %pushi/vec4 0, 0, 1;
    %store/vec4 v000001cc0934fcc0_0, 0, 1;
    %fork TD_UART_TX_tb.do_operation, S_000001cc092d9430;
    %join;
    %delay 10000, 0;
    %pushi/vec4 1, 0, 8;
    %store/vec4 v000001cc0934f220_0, 0, 8;
    %fork TD_UART_TX_tb.check_TX, S_000001cc092d92a0;
    %join;
    %delay 10000, 0;
    %fork TD_UART_TX_tb.reset, S_000001cc09292bb0;
    %join;
    %vpi_call 2 63 "$display", "Test case 4: inputting a number with the parity enable off" {0 0 0};
    %wait E_000001cc092f6f80;
    %pushi/vec4 171, 0, 8;
    %store/vec4 v000001cc09350800_0, 0, 8;
    %pushi/vec4 0, 0, 1;
    %store/vec4 v000001cc0934ff40_0, 0, 1;
    %pushi/vec4 0, 0, 1;
    %store/vec4 v000001cc0934fcc0_0, 0, 1;
    %fork TD_UART_TX_tb.do_operation, S_000001cc092d9430;
    %join;
    %delay 10000, 0;
    %pushi/vec4 171, 0, 8;
    %store/vec4 v000001cc0934f220_0, 0, 8;
    %fork TD_UART_TX_tb.check_TX, S_000001cc092d92a0;
    %join;
    %delay 10000, 0;
    %fork TD_UART_TX_tb.reset, S_000001cc09292bb0;
    %join;
    %vpi_call 2 72 "$display", "Test case 5: inputting a number with the parity enable on (even parity)" {0 0 0};
    %wait E_000001cc092f6f80;
    %pushi/vec4 72, 0, 8;
    %store/vec4 v000001cc09350800_0, 0, 8;
    %pushi/vec4 1, 0, 1;
    %store/vec4 v000001cc0934ff40_0, 0, 1;
    %pushi/vec4 0, 0, 1;
    %store/vec4 v000001cc0934fcc0_0, 0, 1;
    %fork TD_UART_TX_tb.do_operation, S_000001cc092d9430;
    %join;
    %delay 10000, 0;
    %pushi/vec4 72, 0, 8;
    %store/vec4 v000001cc0934f220_0, 0, 8;
    %fork TD_UART_TX_tb.check_TX, S_000001cc092d92a0;
    %join;
    %fork TD_UART_TX_tb.reset, S_000001cc09292bb0;
    %join;
    %vpi_call 2 80 "$display", "Test case 6: inputting a number with the parity enable on (odd parity)" {0 0 0};
    %wait E_000001cc092f6f80;
    %pushi/vec4 72, 0, 8;
    %store/vec4 v000001cc09350800_0, 0, 8;
    %pushi/vec4 1, 0, 1;
    %store/vec4 v000001cc0934ff40_0, 0, 1;
    %pushi/vec4 1, 0, 1;
    %store/vec4 v000001cc0934fcc0_0, 0, 1;
    %fork TD_UART_TX_tb.do_operation, S_000001cc092d9430;
    %join;
    %delay 10000, 0;
    %pushi/vec4 72, 0, 8;
    %store/vec4 v000001cc0934f220_0, 0, 8;
    %fork TD_UART_TX_tb.check_TX, S_000001cc092d92a0;
    %join;
    %fork TD_UART_TX_tb.reset, S_000001cc09292bb0;
    %join;
    %vpi_call 2 88 "$finish" {0 0 0};
    %end;
    .thread T_12;
# The file index is used to find the file name in the following table.
:file_names 8;
    "N/A";
    "<interactive>";
    "UART_TX_tb.v";
    "./UART_TX.v";
    "./UART_TX_FSM.v";
    "./UART_TX_MUX.v";
    "./parity_calc.v";
    "./serializer.v";
