#! /c/Source/iverilog-install/bin/vvp
:ivl_version "12.0 (devel)" "(s20150603-1539-g2693dd32b)";
:ivl_delay_selection "TYPICAL";
:vpi_time_precision - 9;
:vpi_module "C:\iverilog\lib\ivl\system.vpi";
:vpi_module "C:\iverilog\lib\ivl\vhdl_sys.vpi";
:vpi_module "C:\iverilog\lib\ivl\vhdl_textio.vpi";
:vpi_module "C:\iverilog\lib\ivl\v2005_math.vpi";
:vpi_module "C:\iverilog\lib\ivl\va_math.vpi";
S_0000024f46f8f4a0 .scope module, "UART_RX_tb" "UART_RX_tb" 2 16;
 .timescale -6 -9;
P_0000024f47001d30 .param/l "Data_width" 0 2 19, +C4<00000000000000000000000000001000>;
v0000024f47062750_0 .var "CLK_tb", 0 0;
v0000024f470626b0_0 .var/real "Clock_period", 0 0;
v0000024f47063dd0_0 .var "PAR_EN_tb", 0 0;
v0000024f470622f0_0 .var "PAR_TYP_tb", 0 0;
v0000024f47062390_0 .var "RST_tb", 0 0;
v0000024f47063790_0 .var "RX_IN_tb", 0 0;
v0000024f47063290_0 .net "RX_P_DATA_tb", 7 0, v0000024f47060420_0;  1 drivers
v0000024f47063e70_0 .net "RX_data_valid_tb", 0 0, v0000024f46fec9a0_0;  1 drivers
v0000024f47062c50_0 .var/real "RX_frequnecy", 0 0;
v0000024f47062930_0 .var/real "TX_frequency", 0 0;
v0000024f47062430_0 .var/i "i", 31 0;
v0000024f47063830_0 .var "prescale_tb", 5 0;
S_0000024f46f92fc0 .scope module, "UART1" "UART_RX" 2 218, 3 9 0, S_0000024f46f8f4a0;
 .timescale 0 0;
    .port_info 0 /INPUT 1 "CLK";
    .port_info 1 /INPUT 1 "RST";
    .port_info 2 /INPUT 1 "RX_IN";
    .port_info 3 /INPUT 6 "prescale";
    .port_info 4 /INPUT 1 "PAR_EN";
    .port_info 5 /INPUT 1 "PAR_TYP";
    .port_info 6 /OUTPUT 8 "RX_P_DATA";
    .port_info 7 /OUTPUT 1 "RX_data_valid";
P_0000024f47001bb0 .param/l "Data_width" 0 3 10, +C4<00000000000000000000000000001000>;
v0000024f47060ce0_0 .net "CLK", 0 0, v0000024f47062750_0;  1 drivers
v0000024f47061aa0_0 .net "PAR_EN", 0 0, v0000024f47063dd0_0;  1 drivers
v0000024f47060d80_0 .net "PAR_TYP", 0 0, v0000024f470622f0_0;  1 drivers
v0000024f47061fa0_0 .net "RST", 0 0, v0000024f47062390_0;  1 drivers
v0000024f470616e0_0 .net "RX_IN", 0 0, v0000024f47063790_0;  1 drivers
v0000024f47061a00_0 .net "RX_P_DATA", 7 0, v0000024f47060420_0;  alias, 1 drivers
v0000024f47061b40_0 .net "RX_data_valid", 0 0, v0000024f46fec9a0_0;  alias, 1 drivers
v0000024f47061be0_0 .net "bit_cnt_internal", 3 0, v0000024f470602e0_0;  1 drivers
v0000024f47061f00_0 .net "data_sample_enable_internal", 0 0, v0000024f46fec4a0_0;  1 drivers
v0000024f47062bb0_0 .net "deserializer_enable_internal", 0 0, v0000024f46fecd60_0;  1 drivers
v0000024f47063010_0 .net "edge_cnt_counter_internal", 5 0, v0000024f47060600_0;  1 drivers
v0000024f47063d30_0 .net "enable_internal", 0 0, v0000024f46fec720_0;  1 drivers
o0000024f470071b8 .functor BUFZ 1, C4<z>; HiZ drive
v0000024f47063f10_0 .net "parity_checker_enable", 0 0, o0000024f470071b8;  0 drivers
v0000024f47063fb0_0 .net "parity_checker_enable_internal", 0 0, v0000024f46fecea0_0;  1 drivers
v0000024f47062610_0 .net "parity_error_internal", 0 0, v0000024f470609c0_0;  1 drivers
v0000024f47062cf0_0 .net "prescale", 5 0, v0000024f47063830_0;  1 drivers
v0000024f47062250_0 .net "reset_counters_internal", 0 0, v0000024f46feccc0_0;  1 drivers
v0000024f470638d0_0 .net "sampled_bit_internal", 0 0, v0000024f47061140_0;  1 drivers
v0000024f47062d90_0 .net "start_checker_enable_internal", 0 0, v0000024f46fec860_0;  1 drivers
v0000024f470630b0_0 .net "start_glitch_internal", 0 0, v0000024f47060100_0;  1 drivers
v0000024f47063150_0 .net "stop_checker_enable_internal", 0 0, v0000024f46feca40_0;  1 drivers
v0000024f47062a70_0 .net "stop_error_internal", 0 0, v0000024f47060c40_0;  1 drivers
S_0000024f46ff7f60 .scope module, "FSM1" "UART_RX_FSM" 3 106, 4 1 0, S_0000024f46f92fc0;
 .timescale 0 0;
    .port_info 0 /INPUT 1 "CLK";
    .port_info 1 /INPUT 1 "RST";
    .port_info 2 /INPUT 1 "RX_IN";
    .port_info 3 /INPUT 6 "edge_cnt";
    .port_info 4 /INPUT 4 "bit_cnt";
    .port_info 5 /INPUT 6 "prescale";
    .port_info 6 /INPUT 1 "stop_error";
    .port_info 7 /INPUT 1 "start_glitch";
    .port_info 8 /INPUT 1 "parity_error";
    .port_info 9 /INPUT 1 "PAR_EN";
    .port_info 10 /OUTPUT 1 "data_sample_enable";
    .port_info 11 /OUTPUT 1 "enable";
    .port_info 12 /OUTPUT 1 "deserializer_enable";
    .port_info 13 /OUTPUT 1 "data_valid";
    .port_info 14 /OUTPUT 1 "stop_checker_enable";
    .port_info 15 /OUTPUT 1 "start_checker_enable";
    .port_info 16 /OUTPUT 1 "parity_checker_enable";
    .port_info 17 /OUTPUT 1 "reset_counters";
P_0000024f46f941b0 .param/l "Data_bits" 1 4 33, C4<000100>;
P_0000024f46f941e8 .param/l "Data_valid" 1 4 36, C4<100000>;
P_0000024f46f94220 .param/l "Data_width" 0 4 2, +C4<00000000000000000000000000001000>;
P_0000024f46f94258 .param/l "Idle" 1 4 31, C4<000001>;
P_0000024f46f94290 .param/l "Parity_bit_check" 1 4 34, C4<001000>;
P_0000024f46f942c8 .param/l "Start_bit_check" 1 4 32, C4<000010>;
P_0000024f46f94300 .param/l "Stop_bit_check" 1 4 35, C4<010000>;
v0000024f46fec220_0 .net "CLK", 0 0, v0000024f47062750_0;  alias, 1 drivers
v0000024f46fec180_0 .var "Current_state", 5 0;
v0000024f46fec5e0_0 .var "Next_state", 5 0;
v0000024f46fec2c0_0 .net "PAR_EN", 0 0, v0000024f47063dd0_0;  alias, 1 drivers
v0000024f46fec360_0 .net "RST", 0 0, v0000024f47062390_0;  alias, 1 drivers
v0000024f46fec400_0 .net "RX_IN", 0 0, v0000024f47063790_0;  alias, 1 drivers
v0000024f46fecb80_0 .net "bit_cnt", 3 0, v0000024f470602e0_0;  alias, 1 drivers
v0000024f46fec4a0_0 .var "data_sample_enable", 0 0;
v0000024f46fec9a0_0 .var "data_valid", 0 0;
v0000024f46fecd60_0 .var "deserializer_enable", 0 0;
v0000024f46fecc20_0 .net "edge_cnt", 5 0, v0000024f47060600_0;  alias, 1 drivers
v0000024f46fec720_0 .var "enable", 0 0;
v0000024f46fecea0_0 .var "parity_checker_enable", 0 0;
v0000024f46fec540_0 .net "parity_error", 0 0, v0000024f470609c0_0;  alias, 1 drivers
v0000024f46fec680_0 .net "prescale", 5 0, v0000024f47063830_0;  alias, 1 drivers
v0000024f46feccc0_0 .var "reset_counters", 0 0;
v0000024f46fec860_0 .var "start_checker_enable", 0 0;
v0000024f46fec900_0 .net "start_glitch", 0 0, v0000024f47060100_0;  alias, 1 drivers
v0000024f46feca40_0 .var "stop_checker_enable", 0 0;
v0000024f46fecae0_0 .net "stop_error", 0 0, v0000024f47060c40_0;  alias, 1 drivers
E_0000024f47002730 .event anyedge, v0000024f46fec180_0;
E_0000024f470027b0/0 .event anyedge, v0000024f46fec180_0, v0000024f46fec400_0, v0000024f46fecc20_0, v0000024f46fec680_0;
E_0000024f470027b0/1 .event anyedge, v0000024f46fec900_0, v0000024f46fecb80_0, v0000024f46fec2c0_0, v0000024f46fec540_0;
E_0000024f470027b0/2 .event anyedge, v0000024f46fecae0_0;
E_0000024f470027b0 .event/or E_0000024f470027b0/0, E_0000024f470027b0/1, E_0000024f470027b0/2;
E_0000024f47002870/0 .event negedge, v0000024f46fec360_0;
E_0000024f47002870/1 .event posedge, v0000024f46fec220_0;
E_0000024f47002870 .event/or E_0000024f47002870/0, E_0000024f47002870/1;
S_0000024f46f94340 .scope module, "d" "deserializer" 3 63, 5 1 0, S_0000024f46f92fc0;
 .timescale 0 0;
    .port_info 0 /INPUT 1 "CLK";
    .port_info 1 /INPUT 1 "RST";
    .port_info 2 /INPUT 1 "sampled_bit";
    .port_info 3 /INPUT 1 "deserializer_enable";
    .port_info 4 /INPUT 4 "bit_cnt";
    .port_info 5 /OUTPUT 8 "P_DATA";
P_0000024f47001e30 .param/l "Data_width" 0 5 2, +C4<00000000000000000000000000001000>;
v0000024f46fec0e0_0 .net "CLK", 0 0, v0000024f47062750_0;  alias, 1 drivers
v0000024f47060420_0 .var "P_DATA", 7 0;
v0000024f47061460_0 .net "RST", 0 0, v0000024f47062390_0;  alias, 1 drivers
v0000024f47061c80_0 .net "bit_cnt", 3 0, v0000024f470602e0_0;  alias, 1 drivers
v0000024f47060ec0_0 .net "deserializer_enable", 0 0, v0000024f46fecd60_0;  alias, 1 drivers
v0000024f47060e20_0 .net "sampled_bit", 0 0, v0000024f47061140_0;  alias, 1 drivers
S_0000024f46fa95e0 .scope module, "ds" "data_sampling" 3 50, 6 1 0, S_0000024f46f92fc0;
 .timescale 0 0;
    .port_info 0 /INPUT 1 "CLK";
    .port_info 1 /INPUT 1 "RST";
    .port_info 2 /INPUT 1 "data_sample_enable";
    .port_info 3 /INPUT 1 "RX_IN";
    .port_info 4 /INPUT 6 "prescale";
    .port_info 5 /INPUT 6 "edge_cnt";
    .port_info 6 /OUTPUT 1 "sampled_bit";
v0000024f470604c0_0 .net "CLK", 0 0, v0000024f47062750_0;  alias, 1 drivers
v0000024f470601a0_0 .net "RST", 0 0, v0000024f47062390_0;  alias, 1 drivers
v0000024f47061780_0 .net "RX_IN", 0 0, v0000024f47063790_0;  alias, 1 drivers
v0000024f47061d20_0 .net "data_sample_enable", 0 0, v0000024f46fec4a0_0;  alias, 1 drivers
v0000024f47060f60_0 .net "edge_cnt", 5 0, v0000024f47060600_0;  alias, 1 drivers
v0000024f47060920_0 .net "prescale", 5 0, v0000024f47063830_0;  alias, 1 drivers
v0000024f47060560_0 .var "sample1", 0 0;
v0000024f47061820_0 .var "sample2", 0 0;
v0000024f47060240_0 .var "sample3", 0 0;
v0000024f47061140_0 .var "sampled_bit", 0 0;
S_0000024f46fa9770 .scope module, "ebc" "edge_bit_counter" 3 39, 7 1 0, S_0000024f46f92fc0;
 .timescale 0 0;
    .port_info 0 /INPUT 1 "CLK";
    .port_info 1 /INPUT 1 "RST";
    .port_info 2 /INPUT 1 "reset_counters";
    .port_info 3 /INPUT 1 "enable";
    .port_info 4 /INPUT 6 "prescale";
    .port_info 5 /OUTPUT 4 "bit_cnt";
    .port_info 6 /OUTPUT 6 "edge_cnt";
v0000024f47061e60_0 .net "CLK", 0 0, v0000024f47062750_0;  alias, 1 drivers
v0000024f47061000_0 .net "RST", 0 0, v0000024f47062390_0;  alias, 1 drivers
v0000024f470602e0_0 .var "bit_cnt", 3 0;
v0000024f47060600_0 .var "edge_cnt", 5 0;
v0000024f47061320_0 .net "enable", 0 0, v0000024f46fec720_0;  alias, 1 drivers
v0000024f47060b00_0 .net "prescale", 5 0, v0000024f47063830_0;  alias, 1 drivers
v0000024f470606a0_0 .net "reset_counters", 0 0, v0000024f46feccc0_0;  alias, 1 drivers
S_0000024f46fa12d0 .scope module, "pc" "parity_checker" 3 75, 8 1 0, S_0000024f46f92fc0;
 .timescale 0 0;
    .port_info 0 /INPUT 1 "CLK";
    .port_info 1 /INPUT 1 "RST";
    .port_info 2 /INPUT 1 "PAR_TYP";
    .port_info 3 /INPUT 1 "parity_checker_enable";
    .port_info 4 /INPUT 4 "bit_cnt";
    .port_info 5 /INPUT 1 "sampled_bit";
    .port_info 6 /OUTPUT 1 "parity_error";
P_0000024f47001bf0 .param/l "Data_width" 0 8 2, +C4<00000000000000000000000000001000>;
v0000024f47060740_0 .net "CLK", 0 0, v0000024f47062750_0;  alias, 1 drivers
v0000024f470610a0_0 .net "PAR_TYP", 0 0, v0000024f470622f0_0;  alias, 1 drivers
v0000024f470607e0_0 .var "P_flag", 0 0;
v0000024f470611e0_0 .net "RST", 0 0, v0000024f47062390_0;  alias, 1 drivers
v0000024f470613c0_0 .net "bit_cnt", 3 0, v0000024f470602e0_0;  alias, 1 drivers
v0000024f47061500_0 .var "data", 7 0;
v0000024f470618c0_0 .net "parity_checker_enable", 0 0, o0000024f470071b8;  alias, 0 drivers
v0000024f470609c0_0 .var "parity_error", 0 0;
v0000024f47060880_0 .net "sampled_bit", 0 0, v0000024f47061140_0;  alias, 1 drivers
S_0000024f46fa1460 .scope module, "start" "start_checker" 3 86, 9 1 0, S_0000024f46f92fc0;
 .timescale 0 0;
    .port_info 0 /INPUT 1 "CLK";
    .port_info 1 /INPUT 1 "RST";
    .port_info 2 /INPUT 1 "start_checker_enable";
    .port_info 3 /INPUT 1 "sampled_bit";
    .port_info 4 /OUTPUT 1 "start_glitch";
v0000024f47061dc0_0 .net "CLK", 0 0, v0000024f47062750_0;  alias, 1 drivers
v0000024f470615a0_0 .net "RST", 0 0, v0000024f47062390_0;  alias, 1 drivers
v0000024f47060a60_0 .net "sampled_bit", 0 0, v0000024f47061140_0;  alias, 1 drivers
v0000024f47060380_0 .net "start_checker_enable", 0 0, v0000024f46fec860_0;  alias, 1 drivers
v0000024f47060100_0 .var "start_glitch", 0 0;
S_0000024f46f9bfa0 .scope module, "stop" "stop_checker" 3 95, 10 1 0, S_0000024f46f92fc0;
 .timescale 0 0;
    .port_info 0 /INPUT 1 "CLK";
    .port_info 1 /INPUT 1 "RST";
    .port_info 2 /INPUT 1 "stop_checker_enable";
    .port_info 3 /INPUT 1 "sampled_bit";
    .port_info 4 /OUTPUT 1 "stop_error";
v0000024f47061960_0 .net "CLK", 0 0, v0000024f47062750_0;  alias, 1 drivers
v0000024f47061280_0 .net "RST", 0 0, v0000024f47062390_0;  alias, 1 drivers
v0000024f47060ba0_0 .net "sampled_bit", 0 0, v0000024f47061140_0;  alias, 1 drivers
v0000024f47061640_0 .net "stop_checker_enable", 0 0, v0000024f46feca40_0;  alias, 1 drivers
v0000024f47060c40_0 .var "stop_error", 0 0;
S_0000024f46f9c130 .scope task, "check_output" "check_output" 2 203, 2 203 0, S_0000024f46f8f4a0;
 .timescale -6 -9;
v0000024f470631f0_0 .var "data", 7 0;
v0000024f470624d0_0 .var "parity_bit", 0 0;
v0000024f470621b0_0 .var "parity_enable", 0 0;
TD_UART_RX_tb.check_output ;
    %load/vec4 v0000024f47063290_0;
    %load/vec4 v0000024f470631f0_0;
    %cmp/e;
    %jmp/0xz  T_0.0, 4;
    %vpi_call 2 207 "$display", "The data is received correctly" {0 0 0};
    %jmp T_0.1;
T_0.0 ;
    %vpi_call 2 210 "$display", "The received data is %0h ,while the expected data to be received is %0h ", v0000024f470631f0_0, v0000024f47063290_0 {0 0 0};
T_0.1 ;
    %end;
S_0000024f46f4e950 .scope task, "frame" "frame" 2 166, 2 166 0, S_0000024f46f8f4a0;
 .timescale -6 -9;
v0000024f47062f70_0 .var "data", 7 0;
v0000024f47063970_0 .var "parity_bit", 0 0;
v0000024f47063510_0 .var "parity_enable", 0 0;
v0000024f47063c90_0 .var "parity_type", 0 0;
TD_UART_RX_tb.frame ;
    %load/vec4 v0000024f47063510_0;
    %store/vec4 v0000024f47063dd0_0, 0, 1;
    %load/vec4 v0000024f47063c90_0;
    %store/vec4 v0000024f470622f0_0, 0, 1;
    %pushi/vec4 1, 0, 1;
    %store/vec4 v0000024f47063790_0, 0, 1;
    %load/vec4 v0000024f47063830_0;
T_1.2 %dup/vec4;
    %pushi/vec4 0, 0, 6;
    %cmp/u;
    %jmp/1 T_1.3, 4;
    %pushi/vec4 1, 0, 6;
    %sub;
    %load/real v0000024f470626b0_0;
    %pushi/real 2097152000, 4075; load=1000.00
    %mul/wr;
    %cvt/vr 64;
    %muli 1, 0, 64;
    %ix/vec4 4;
    %delayx 4;
    %jmp T_1.2;
T_1.3 ;
    %pop/vec4 1;
    %pushi/vec4 0, 0, 1;
    %store/vec4 v0000024f47063790_0, 0, 1;
    %load/vec4 v0000024f47063830_0;
T_1.4 %dup/vec4;
    %pushi/vec4 0, 0, 6;
    %cmp/u;
    %jmp/1 T_1.5, 4;
    %pushi/vec4 1, 0, 6;
    %sub;
    %load/real v0000024f470626b0_0;
    %pushi/real 2097152000, 4075; load=1000.00
    %mul/wr;
    %cvt/vr 64;
    %muli 1, 0, 64;
    %ix/vec4 4;
    %delayx 4;
    %jmp T_1.4;
T_1.5 ;
    %pop/vec4 1;
    %pushi/vec4 0, 0, 32;
    %store/vec4 v0000024f47062430_0, 0, 32;
T_1.6 ;
    %load/vec4 v0000024f47062430_0;
    %cmpi/s 7, 0, 32;
    %flag_or 5, 4;
    %jmp/0xz T_1.7, 5;
    %load/vec4 v0000024f47062f70_0;
    %load/vec4 v0000024f47062430_0;
    %part/s 1;
    %store/vec4 v0000024f47063790_0, 0, 1;
    %load/vec4 v0000024f47063830_0;
T_1.8 %dup/vec4;
    %pushi/vec4 0, 0, 6;
    %cmp/u;
    %jmp/1 T_1.9, 4;
    %pushi/vec4 1, 0, 6;
    %sub;
    %load/real v0000024f470626b0_0;
    %pushi/real 2097152000, 4075; load=1000.00
    %mul/wr;
    %cvt/vr 64;
    %muli 1, 0, 64;
    %ix/vec4 4;
    %delayx 4;
    %jmp T_1.8;
T_1.9 ;
    %pop/vec4 1;
    %load/vec4 v0000024f47062430_0;
    %addi 1, 0, 32;
    %store/vec4 v0000024f47062430_0, 0, 32;
    %jmp T_1.6;
T_1.7 ;
    %load/vec4 v0000024f47063510_0;
    %flag_set/vec4 8;
    %jmp/0xz  T_1.10, 8;
    %load/vec4 v0000024f47063c90_0;
    %flag_set/vec4 8;
    %jmp/0xz  T_1.12, 8;
    %load/vec4 v0000024f47062f70_0;
    %xor/r;
    %inv;
    %store/vec4 v0000024f47063970_0, 0, 1;
    %jmp T_1.13;
T_1.12 ;
    %load/vec4 v0000024f47062f70_0;
    %xor/r;
    %store/vec4 v0000024f47063970_0, 0, 1;
T_1.13 ;
    %load/vec4 v0000024f47063970_0;
    %store/vec4 v0000024f47063790_0, 0, 1;
    %load/vec4 v0000024f47063830_0;
T_1.14 %dup/vec4;
    %pushi/vec4 0, 0, 6;
    %cmp/u;
    %jmp/1 T_1.15, 4;
    %pushi/vec4 1, 0, 6;
    %sub;
    %load/real v0000024f470626b0_0;
    %pushi/real 2097152000, 4075; load=1000.00
    %mul/wr;
    %cvt/vr 64;
    %muli 1, 0, 64;
    %ix/vec4 4;
    %delayx 4;
    %jmp T_1.14;
T_1.15 ;
    %pop/vec4 1;
T_1.10 ;
    %pushi/vec4 1, 0, 1;
    %store/vec4 v0000024f47063790_0, 0, 1;
    %load/vec4 v0000024f47063830_0;
T_1.16 %dup/vec4;
    %pushi/vec4 0, 0, 6;
    %cmp/u;
    %jmp/1 T_1.17, 4;
    %pushi/vec4 1, 0, 6;
    %sub;
    %load/real v0000024f470626b0_0;
    %pushi/real 2097152000, 4075; load=1000.00
    %mul/wr;
    %cvt/vr 64;
    %muli 1, 0, 64;
    %ix/vec4 4;
    %delayx 4;
    %jmp T_1.16;
T_1.17 ;
    %pop/vec4 1;
    %end;
S_0000024f46f4eae0 .scope task, "initialize" "initialize" 2 147, 2 147 0, S_0000024f46f8f4a0;
 .timescale -6 -9;
TD_UART_RX_tb.initialize ;
    %pushi/vec4 1, 0, 1;
    %store/vec4 v0000024f47063790_0, 0, 1;
    %pushi/vec4 1, 0, 1;
    %store/vec4 v0000024f47062390_0, 0, 1;
    %pushi/vec4 1, 0, 6;
    %store/vec4 v0000024f47063830_0, 0, 6;
    %pushi/vec4 0, 0, 1;
    %store/vec4 v0000024f47063dd0_0, 0, 1;
    %pushi/vec4 0, 0, 1;
    %store/vec4 v0000024f470622f0_0, 0, 1;
    %fork TD_UART_RX_tb.reset, S_0000024f46fc6ea0;
    %join;
    %end;
S_0000024f46fc6ea0 .scope task, "reset" "reset" 2 138, 2 138 0, S_0000024f46f8f4a0;
 .timescale -6 -9;
TD_UART_RX_tb.reset ;
    %pushi/vec4 0, 0, 1;
    %store/vec4 v0000024f47062390_0, 0, 1;
    %load/vec4 v0000024f47063830_0;
T_3.18 %dup/vec4;
    %pushi/vec4 0, 0, 6;
    %cmp/u;
    %jmp/1 T_3.19, 4;
    %pushi/vec4 1, 0, 6;
    %sub;
    %load/real v0000024f470626b0_0;
    %pushi/real 2097152000, 4075; load=1000.00
    %mul/wr;
    %cvt/vr 64;
    %muli 1, 0, 64;
    %ix/vec4 4;
    %delayx 4;
    %jmp T_3.18;
T_3.19 ;
    %pop/vec4 1;
    %pushi/vec4 1, 0, 1;
    %store/vec4 v0000024f47062390_0, 0, 1;
    %load/vec4 v0000024f47063830_0;
T_3.20 %dup/vec4;
    %pushi/vec4 0, 0, 6;
    %cmp/u;
    %jmp/1 T_3.21, 4;
    %pushi/vec4 1, 0, 6;
    %sub;
    %load/real v0000024f470626b0_0;
    %pushi/real 2097152000, 4075; load=1000.00
    %mul/wr;
    %cvt/vr 64;
    %muli 1, 0, 64;
    %ix/vec4 4;
    %delayx 4;
    %jmp T_3.20;
T_3.21 ;
    %pop/vec4 1;
    %end;
S_0000024f46fc7030 .scope task, "set_prescale" "set_prescale" 2 158, 2 158 0, S_0000024f46f8f4a0;
 .timescale -6 -9;
v0000024f47063330_0 .var "ps", 5 0;
TD_UART_RX_tb.set_prescale ;
    %load/vec4 v0000024f47063330_0;
    %store/vec4 v0000024f47063830_0, 0, 6;
    %load/real v0000024f47062930_0;
    %load/vec4 v0000024f47063330_0;
    %cvt/rv;
    %mul/wr;
    %store/real v0000024f47062c50_0;
    %pushi/real 1073741824, 4066; load=1.00000
    %load/real v0000024f47062c50_0;
    %div/wr;
    %pushi/real 2048000000, 4085; load=1.00000e+06
    %mul/wr;
    %store/real v0000024f470626b0_0;
    %end;
    .scope S_0000024f46fa9770;
T_5 ;
    %wait E_0000024f47002870;
    %load/vec4 v0000024f47061000_0;
    %nor/r;
    %load/vec4 v0000024f470606a0_0;
    %or;
    %flag_set/vec4 8;
    %jmp/0xz  T_5.0, 8;
    %pushi/vec4 0, 0, 6;
    %assign/vec4 v0000024f47060600_0, 0;
    %jmp T_5.1;
T_5.0 ;
    %load/vec4 v0000024f47061320_0;
    %flag_set/vec4 8;
    %jmp/0xz  T_5.2, 8;
    %load/vec4 v0000024f47060600_0;
    %pad/u 32;
    %load/vec4 v0000024f47060b00_0;
    %pad/u 32;
    %subi 1, 0, 32;
    %cmp/e;
    %jmp/0xz  T_5.4, 4;
    %pushi/vec4 0, 0, 6;
    %assign/vec4 v0000024f47060600_0, 0;
    %jmp T_5.5;
T_5.4 ;
    %load/vec4 v0000024f47060600_0;
    %addi 1, 0, 6;
    %assign/vec4 v0000024f47060600_0, 0;
T_5.5 ;
T_5.2 ;
T_5.1 ;
    %jmp T_5;
    .thread T_5;
    .scope S_0000024f46fa9770;
T_6 ;
    %wait E_0000024f47002870;
    %load/vec4 v0000024f47061000_0;
    %nor/r;
    %load/vec4 v0000024f470606a0_0;
    %or;
    %flag_set/vec4 8;
    %jmp/0xz  T_6.0, 8;
    %pushi/vec4 0, 0, 4;
    %assign/vec4 v0000024f470602e0_0, 0;
    %jmp T_6.1;
T_6.0 ;
    %load/vec4 v0000024f47061320_0;
    %flag_set/vec4 8;
    %jmp/0xz  T_6.2, 8;
    %load/vec4 v0000024f47060600_0;
    %pad/u 32;
    %load/vec4 v0000024f47060b00_0;
    %pad/u 32;
    %subi 1, 0, 32;
    %cmp/e;
    %jmp/0xz  T_6.4, 4;
    %load/vec4 v0000024f470602e0_0;
    %addi 1, 0, 4;
    %assign/vec4 v0000024f470602e0_0, 0;
T_6.4 ;
T_6.2 ;
T_6.1 ;
    %jmp T_6;
    .thread T_6;
    .scope S_0000024f46fa95e0;
T_7 ;
    %wait E_0000024f47002870;
    %load/vec4 v0000024f470601a0_0;
    %nor/r;
    %flag_set/vec4 8;
    %jmp/0xz  T_7.0, 8;
    %pushi/vec4 1, 0, 1;
    %assign/vec4 v0000024f47060560_0, 0;
    %pushi/vec4 1, 0, 1;
    %assign/vec4 v0000024f47061820_0, 0;
    %pushi/vec4 1, 0, 1;
    %assign/vec4 v0000024f47060240_0, 0;
    %pushi/vec4 1, 0, 1;
    %assign/vec4 v0000024f47061140_0, 0;
    %jmp T_7.1;
T_7.0 ;
    %load/vec4 v0000024f47061d20_0;
    %flag_set/vec4 8;
    %jmp/0xz  T_7.2, 8;
    %load/vec4 v0000024f47060f60_0;
    %pad/u 32;
    %load/vec4 v0000024f47060920_0;
    %pad/u 32;
    %ix/load 4, 1, 0;
    %flag_set/imm 4, 0;
    %shiftr 4;
    %subi 1, 0, 32;
    %cmp/e;
    %jmp/0xz  T_7.4, 4;
    %load/vec4 v0000024f47061780_0;
    %assign/vec4 v0000024f47060560_0, 0;
T_7.4 ;
    %load/vec4 v0000024f47060f60_0;
    %load/vec4 v0000024f47060920_0;
    %ix/load 4, 1, 0;
    %flag_set/imm 4, 0;
    %shiftr 4;
    %cmp/e;
    %jmp/0xz  T_7.6, 4;
    %load/vec4 v0000024f47061780_0;
    %assign/vec4 v0000024f47061820_0, 0;
T_7.6 ;
    %load/vec4 v0000024f47060f60_0;
    %pad/u 32;
    %load/vec4 v0000024f47060920_0;
    %pad/u 32;
    %ix/load 4, 1, 0;
    %flag_set/imm 4, 0;
    %shiftr 4;
    %addi 1, 0, 32;
    %cmp/e;
    %jmp/0xz  T_7.8, 4;
    %load/vec4 v0000024f47061780_0;
    %assign/vec4 v0000024f47060240_0, 0;
    %load/vec4 v0000024f47060560_0;
    %flag_set/vec4 9;
    %flag_get/vec4 9;
    %jmp/0 T_7.12, 9;
    %load/vec4 v0000024f47061820_0;
    %and;
T_7.12;
    %flag_set/vec4 8;
    %jmp/1 T_7.11, 8;
    %load/vec4 v0000024f47061820_0;
    %flag_set/vec4 10;
    %flag_get/vec4 10;
    %jmp/0 T_7.13, 10;
    %load/vec4 v0000024f47060240_0;
    %and;
T_7.13;
    %flag_set/vec4 9;
    %flag_or 8, 9;
T_7.11;
    %flag_get/vec4 8;
    %jmp/1 T_7.10, 8;
    %load/vec4 v0000024f47060560_0;
    %flag_set/vec4 8;
    %flag_get/vec4 8;
    %jmp/0 T_7.14, 8;
    %load/vec4 v0000024f47060240_0;
    %and;
T_7.14;
    %or;
T_7.10;
    %assign/vec4 v0000024f47061140_0, 0;
T_7.8 ;
T_7.2 ;
T_7.1 ;
    %jmp T_7;
    .thread T_7;
    .scope S_0000024f46f94340;
T_8 ;
    %wait E_0000024f47002870;
    %load/vec4 v0000024f47061460_0;
    %nor/r;
    %flag_set/vec4 8;
    %jmp/0xz  T_8.0, 8;
    %pushi/vec4 0, 0, 8;
    %assign/vec4 v0000024f47060420_0, 0;
    %jmp T_8.1;
T_8.0 ;
    %load/vec4 v0000024f47060ec0_0;
    %flag_set/vec4 9;
    %flag_get/vec4 9;
    %jmp/0 T_8.4, 9;
    %load/vec4 v0000024f47061c80_0;
    %pad/u 32;
    %cmpi/u 8, 0, 32;
    %flag_get/vec4 4;
    %flag_get/vec4 5;
    %or;
    %and;
T_8.4;
    %flag_set/vec4 8;
    %jmp/0xz  T_8.2, 8;
    %load/vec4 v0000024f47060e20_0;
    %ix/load 5, 0, 0;
    %load/vec4 v0000024f47061c80_0;
    %pad/u 32;
    %subi 1, 0, 32;
    %ix/vec4 4;
    %assign/vec4/off/d v0000024f47060420_0, 4, 5;
T_8.2 ;
T_8.1 ;
    %jmp T_8;
    .thread T_8;
    .scope S_0000024f46fa12d0;
T_9 ;
    %wait E_0000024f47002870;
    %load/vec4 v0000024f470611e0_0;
    %nor/r;
    %flag_set/vec4 8;
    %jmp/0xz  T_9.0, 8;
    %pushi/vec4 0, 0, 8;
    %assign/vec4 v0000024f47061500_0, 0;
    %pushi/vec4 0, 0, 1;
    %assign/vec4 v0000024f470609c0_0, 0;
    %pushi/vec4 0, 0, 1;
    %assign/vec4 v0000024f470607e0_0, 0;
    %jmp T_9.1;
T_9.0 ;
    %load/vec4 v0000024f470618c0_0;
    %flag_set/vec4 8;
    %jmp/0xz  T_9.2, 8;
    %load/vec4 v0000024f470613c0_0;
    %cmpi/u 1, 0, 4;
    %flag_inv 5; GE is !LT
    %flag_get/vec4 5;
    %jmp/0 T_9.6, 5;
    %load/vec4 v0000024f470613c0_0;
    %pad/u 32;
    %cmpi/u 8, 0, 32;
    %flag_get/vec4 4;
    %flag_get/vec4 5;
    %or;
    %and;
T_9.6;
    %flag_set/vec4 8;
    %jmp/0xz  T_9.4, 8;
    %load/vec4 v0000024f47060880_0;
    %ix/load 5, 0, 0;
    %load/vec4 v0000024f470613c0_0;
    %pad/u 32;
    %subi 1, 0, 32;
    %ix/vec4 4;
    %assign/vec4/off/d v0000024f47061500_0, 4, 5;
T_9.4 ;
    %load/vec4 v0000024f470613c0_0;
    %pad/u 32;
    %cmpi/e 8, 0, 32;
    %jmp/0xz  T_9.7, 4;
    %load/vec4 v0000024f47061500_0;
    %parti/s 7, 0, 2;
    %load/vec4 v0000024f47060880_0;
    %concat/vec4; draw_concat_vec4
    %xor/r;
    %assign/vec4 v0000024f470607e0_0, 0;
T_9.7 ;
    %load/vec4 v0000024f470613c0_0;
    %pad/u 32;
    %cmpi/e 9, 0, 32;
    %jmp/0xz  T_9.9, 4;
    %load/vec4 v0000024f470610a0_0;
    %flag_set/vec4 8;
    %jmp/0xz  T_9.11, 8;
    %load/vec4 v0000024f470607e0_0;
    %nor/r;
    %load/vec4 v0000024f47060880_0;
    %cmp/e;
    %jmp/0xz  T_9.13, 4;
    %pushi/vec4 0, 0, 1;
    %assign/vec4 v0000024f470609c0_0, 0;
    %jmp T_9.14;
T_9.13 ;
    %pushi/vec4 1, 0, 1;
    %assign/vec4 v0000024f470609c0_0, 0;
T_9.14 ;
T_9.11 ;
    %load/vec4 v0000024f470610a0_0;
    %nor/r;
    %flag_set/vec4 8;
    %jmp/0xz  T_9.15, 8;
    %load/vec4 v0000024f470607e0_0;
    %load/vec4 v0000024f47060880_0;
    %cmp/e;
    %jmp/0xz  T_9.17, 4;
    %pushi/vec4 0, 0, 1;
    %assign/vec4 v0000024f470609c0_0, 0;
    %jmp T_9.18;
T_9.17 ;
    %pushi/vec4 1, 0, 1;
    %assign/vec4 v0000024f470609c0_0, 0;
T_9.18 ;
T_9.15 ;
T_9.9 ;
T_9.2 ;
T_9.1 ;
    %jmp T_9;
    .thread T_9;
    .scope S_0000024f46fa1460;
T_10 ;
    %wait E_0000024f47002870;
    %load/vec4 v0000024f470615a0_0;
    %nor/r;
    %flag_set/vec4 8;
    %jmp/0xz  T_10.0, 8;
    %pushi/vec4 0, 0, 1;
    %assign/vec4 v0000024f47060100_0, 0;
    %jmp T_10.1;
T_10.0 ;
    %load/vec4 v0000024f47060380_0;
    %flag_set/vec4 8;
    %jmp/0xz  T_10.2, 8;
    %load/vec4 v0000024f47060a60_0;
    %pad/u 32;
    %cmpi/e 0, 0, 32;
    %jmp/0xz  T_10.4, 4;
    %pushi/vec4 0, 0, 1;
    %assign/vec4 v0000024f47060100_0, 0;
    %jmp T_10.5;
T_10.4 ;
    %pushi/vec4 1, 0, 1;
    %assign/vec4 v0000024f47060100_0, 0;
T_10.5 ;
T_10.2 ;
T_10.1 ;
    %jmp T_10;
    .thread T_10;
    .scope S_0000024f46f9bfa0;
T_11 ;
    %wait E_0000024f47002870;
    %load/vec4 v0000024f47061280_0;
    %nor/r;
    %flag_set/vec4 8;
    %jmp/0xz  T_11.0, 8;
    %pushi/vec4 0, 0, 1;
    %assign/vec4 v0000024f47060c40_0, 0;
    %jmp T_11.1;
T_11.0 ;
    %load/vec4 v0000024f47061640_0;
    %flag_set/vec4 8;
    %jmp/0xz  T_11.2, 8;
    %load/vec4 v0000024f47060ba0_0;
    %pad/u 32;
    %cmpi/e 1, 0, 32;
    %jmp/0xz  T_11.4, 4;
    %pushi/vec4 0, 0, 1;
    %assign/vec4 v0000024f47060c40_0, 0;
    %jmp T_11.5;
T_11.4 ;
    %pushi/vec4 1, 0, 1;
    %assign/vec4 v0000024f47060c40_0, 0;
T_11.5 ;
T_11.2 ;
T_11.1 ;
    %jmp T_11;
    .thread T_11;
    .scope S_0000024f46ff7f60;
T_12 ;
    %wait E_0000024f47002870;
    %load/vec4 v0000024f46fec360_0;
    %nor/r;
    %flag_set/vec4 8;
    %jmp/0xz  T_12.0, 8;
    %pushi/vec4 1, 0, 6;
    %assign/vec4 v0000024f46fec180_0, 0;
    %jmp T_12.1;
T_12.0 ;
    %load/vec4 v0000024f46fec5e0_0;
    %assign/vec4 v0000024f46fec180_0, 0;
T_12.1 ;
    %jmp T_12;
    .thread T_12;
    .scope S_0000024f46ff7f60;
T_13 ;
    %wait E_0000024f470027b0;
    %load/vec4 v0000024f46fec180_0;
    %dup/vec4;
    %pushi/vec4 1, 0, 6;
    %cmp/u;
    %jmp/1 T_13.0, 6;
    %dup/vec4;
    %pushi/vec4 2, 0, 6;
    %cmp/u;
    %jmp/1 T_13.1, 6;
    %dup/vec4;
    %pushi/vec4 4, 0, 6;
    %cmp/u;
    %jmp/1 T_13.2, 6;
    %dup/vec4;
    %pushi/vec4 8, 0, 6;
    %cmp/u;
    %jmp/1 T_13.3, 6;
    %dup/vec4;
    %pushi/vec4 16, 0, 6;
    %cmp/u;
    %jmp/1 T_13.4, 6;
    %dup/vec4;
    %pushi/vec4 32, 0, 6;
    %cmp/u;
    %jmp/1 T_13.5, 6;
    %pushi/vec4 1, 0, 6;
    %store/vec4 v0000024f46fec5e0_0, 0, 6;
    %jmp T_13.7;
T_13.0 ;
    %load/vec4 v0000024f46fec400_0;
    %pad/u 32;
    %cmpi/e 0, 0, 32;
    %jmp/0xz  T_13.8, 4;
    %pushi/vec4 2, 0, 6;
    %store/vec4 v0000024f46fec5e0_0, 0, 6;
    %jmp T_13.9;
T_13.8 ;
    %pushi/vec4 1, 0, 6;
    %store/vec4 v0000024f46fec5e0_0, 0, 6;
T_13.9 ;
    %jmp T_13.7;
T_13.1 ;
    %load/vec4 v0000024f46fecc20_0;
    %pad/u 32;
    %load/vec4 v0000024f46fec680_0;
    %pad/u 32;
    %subi 1, 0, 32;
    %cmp/e;
    %jmp/0xz  T_13.10, 4;
    %load/vec4 v0000024f46fec900_0;
    %nor/r;
    %flag_set/vec4 8;
    %jmp/0xz  T_13.12, 8;
    %pushi/vec4 4, 0, 6;
    %store/vec4 v0000024f46fec5e0_0, 0, 6;
    %jmp T_13.13;
T_13.12 ;
    %pushi/vec4 1, 0, 6;
    %store/vec4 v0000024f46fec5e0_0, 0, 6;
T_13.13 ;
    %jmp T_13.11;
T_13.10 ;
    %pushi/vec4 2, 0, 6;
    %store/vec4 v0000024f46fec5e0_0, 0, 6;
T_13.11 ;
    %jmp T_13.7;
T_13.2 ;
    %load/vec4 v0000024f46fecb80_0;
    %pad/u 32;
    %cmpi/u 1, 0, 32;
    %flag_inv 5; GE is !LT
    %flag_get/vec4 5;
    %jmp/0 T_13.16, 5;
    %load/vec4 v0000024f46fecb80_0;
    %pad/u 32;
    %cmpi/u 8, 0, 32;
    %flag_get/vec4 4;
    %flag_get/vec4 5;
    %or;
    %and;
T_13.16;
    %flag_set/vec4 8;
    %jmp/0xz  T_13.14, 8;
    %pushi/vec4 4, 0, 6;
    %store/vec4 v0000024f46fec5e0_0, 0, 6;
    %jmp T_13.15;
T_13.14 ;
    %load/vec4 v0000024f46fec2c0_0;
    %flag_set/vec4 8;
    %jmp/0xz  T_13.17, 8;
    %pushi/vec4 8, 0, 6;
    %store/vec4 v0000024f46fec5e0_0, 0, 6;
    %jmp T_13.18;
T_13.17 ;
    %pushi/vec4 16, 0, 6;
    %store/vec4 v0000024f46fec5e0_0, 0, 6;
T_13.18 ;
T_13.15 ;
    %jmp T_13.7;
T_13.3 ;
    %load/vec4 v0000024f46fecc20_0;
    %pad/u 32;
    %load/vec4 v0000024f46fec680_0;
    %pad/u 32;
    %subi 1, 0, 32;
    %cmp/e;
    %jmp/0xz  T_13.19, 4;
    %load/vec4 v0000024f46fec540_0;
    %nor/r;
    %flag_set/vec4 8;
    %jmp/0xz  T_13.21, 8;
    %pushi/vec4 16, 0, 6;
    %store/vec4 v0000024f46fec5e0_0, 0, 6;
    %jmp T_13.22;
T_13.21 ;
    %pushi/vec4 1, 0, 6;
    %store/vec4 v0000024f46fec5e0_0, 0, 6;
T_13.22 ;
    %jmp T_13.20;
T_13.19 ;
    %pushi/vec4 8, 0, 6;
    %store/vec4 v0000024f46fec5e0_0, 0, 6;
T_13.20 ;
    %jmp T_13.7;
T_13.4 ;
    %load/vec4 v0000024f46fecc20_0;
    %pad/u 32;
    %load/vec4 v0000024f46fec680_0;
    %pad/u 32;
    %subi 1, 0, 32;
    %cmp/e;
    %jmp/0xz  T_13.23, 4;
    %load/vec4 v0000024f46fecae0_0;
    %nor/r;
    %flag_set/vec4 8;
    %jmp/0xz  T_13.25, 8;
    %pushi/vec4 32, 0, 6;
    %store/vec4 v0000024f46fec5e0_0, 0, 6;
    %jmp T_13.26;
T_13.25 ;
    %pushi/vec4 1, 0, 6;
    %store/vec4 v0000024f46fec5e0_0, 0, 6;
T_13.26 ;
    %jmp T_13.24;
T_13.23 ;
    %pushi/vec4 16, 0, 6;
    %store/vec4 v0000024f46fec5e0_0, 0, 6;
T_13.24 ;
    %jmp T_13.7;
T_13.5 ;
    %load/vec4 v0000024f46fec400_0;
    %pad/u 32;
    %cmpi/e 0, 0, 32;
    %jmp/0xz  T_13.27, 4;
    %pushi/vec4 2, 0, 6;
    %store/vec4 v0000024f46fec5e0_0, 0, 6;
    %jmp T_13.28;
T_13.27 ;
    %pushi/vec4 1, 0, 6;
    %store/vec4 v0000024f46fec5e0_0, 0, 6;
T_13.28 ;
    %jmp T_13.7;
T_13.7 ;
    %pop/vec4 1;
    %jmp T_13;
    .thread T_13, $push;
    .scope S_0000024f46ff7f60;
T_14 ;
    %wait E_0000024f47002730;
    %pushi/vec4 0, 0, 1;
    %store/vec4 v0000024f46fec4a0_0, 0, 1;
    %pushi/vec4 0, 0, 1;
    %store/vec4 v0000024f46fec720_0, 0, 1;
    %pushi/vec4 0, 0, 1;
    %store/vec4 v0000024f46fecd60_0, 0, 1;
    %pushi/vec4 0, 0, 1;
    %store/vec4 v0000024f46fec9a0_0, 0, 1;
    %pushi/vec4 0, 0, 1;
    %store/vec4 v0000024f46feca40_0, 0, 1;
    %pushi/vec4 0, 0, 1;
    %store/vec4 v0000024f46fec860_0, 0, 1;
    %pushi/vec4 0, 0, 1;
    %store/vec4 v0000024f46fecea0_0, 0, 1;
    %pushi/vec4 0, 0, 1;
    %store/vec4 v0000024f46feccc0_0, 0, 1;
    %load/vec4 v0000024f46fec180_0;
    %dup/vec4;
    %pushi/vec4 1, 0, 6;
    %cmp/u;
    %jmp/1 T_14.0, 6;
    %dup/vec4;
    %pushi/vec4 2, 0, 6;
    %cmp/u;
    %jmp/1 T_14.1, 6;
    %dup/vec4;
    %pushi/vec4 4, 0, 6;
    %cmp/u;
    %jmp/1 T_14.2, 6;
    %dup/vec4;
    %pushi/vec4 8, 0, 6;
    %cmp/u;
    %jmp/1 T_14.3, 6;
    %dup/vec4;
    %pushi/vec4 16, 0, 6;
    %cmp/u;
    %jmp/1 T_14.4, 6;
    %dup/vec4;
    %pushi/vec4 32, 0, 6;
    %cmp/u;
    %jmp/1 T_14.5, 6;
    %jmp T_14.7;
T_14.0 ;
    %pushi/vec4 1, 0, 1;
    %store/vec4 v0000024f46feccc0_0, 0, 1;
    %jmp T_14.7;
T_14.1 ;
    %pushi/vec4 1, 0, 1;
    %store/vec4 v0000024f46fec860_0, 0, 1;
    %pushi/vec4 1, 0, 1;
    %store/vec4 v0000024f46fec4a0_0, 0, 1;
    %pushi/vec4 1, 0, 1;
    %store/vec4 v0000024f46fec720_0, 0, 1;
    %jmp T_14.7;
T_14.2 ;
    %pushi/vec4 1, 0, 1;
    %store/vec4 v0000024f46fec720_0, 0, 1;
    %pushi/vec4 1, 0, 1;
    %store/vec4 v0000024f46fec4a0_0, 0, 1;
    %pushi/vec4 1, 0, 1;
    %store/vec4 v0000024f46fecd60_0, 0, 1;
    %jmp T_14.7;
T_14.3 ;
    %pushi/vec4 1, 0, 1;
    %store/vec4 v0000024f46fec720_0, 0, 1;
    %pushi/vec4 1, 0, 1;
    %store/vec4 v0000024f46fec4a0_0, 0, 1;
    %pushi/vec4 1, 0, 1;
    %store/vec4 v0000024f46fecea0_0, 0, 1;
    %jmp T_14.7;
T_14.4 ;
    %pushi/vec4 1, 0, 1;
    %store/vec4 v0000024f46fec720_0, 0, 1;
    %pushi/vec4 1, 0, 1;
    %store/vec4 v0000024f46fec4a0_0, 0, 1;
    %pushi/vec4 1, 0, 1;
    %store/vec4 v0000024f46feca40_0, 0, 1;
    %jmp T_14.7;
T_14.5 ;
    %pushi/vec4 1, 0, 1;
    %store/vec4 v0000024f46fec720_0, 0, 1;
    %pushi/vec4 1, 0, 1;
    %store/vec4 v0000024f46fec9a0_0, 0, 1;
    %jmp T_14.7;
T_14.7 ;
    %pop/vec4 1;
    %jmp T_14;
    .thread T_14, $push;
    .scope S_0000024f46f8f4a0;
T_15 ;
    %pushi/real 1887436800, 4082; load=115200.
    %store/real v0000024f47062930_0;
    %end;
    .thread T_15;
    .scope S_0000024f46f8f4a0;
T_16 ;
    %pushi/vec4 0, 0, 1;
    %store/vec4 v0000024f47062750_0, 0, 1;
    %load/real v0000024f470626b0_0;
    %pushi/real 1073741824, 4067; load=2.00000
    %div/wr;
    %pushi/real 2097152000, 4075; load=1000.00
    %mul/wr;
    %cvt/vr 64;
    %muli 1, 0, 64;
    %ix/vec4 4;
    %delayx 4;
    %pushi/vec4 1, 0, 1;
    %store/vec4 v0000024f47062750_0, 0, 1;
    %load/real v0000024f470626b0_0;
    %pushi/real 1073741824, 4067; load=2.00000
    %div/wr;
    %pushi/real 2097152000, 4075; load=1000.00
    %mul/wr;
    %cvt/vr 64;
    %muli 1, 0, 64;
    %ix/vec4 4;
    %delayx 4;
    %jmp T_16;
    .thread T_16;
    .scope S_0000024f46f8f4a0;
T_17 ;
    %vpi_call 2 53 "$dumpfile", "UART_RX.vcd" {0 0 0};
    %vpi_call 2 54 "$dumpvars" {0 0 0};
    %fork TD_UART_RX_tb.initialize, S_0000024f46f4eae0;
    %join;
    %vpi_call 2 59 "$display", "Test case 1 :Prescale=8 with parity enable=0 " {0 0 0};
    %pushi/vec4 8, 0, 6;
    %store/vec4 v0000024f47063330_0, 0, 6;
    %fork TD_UART_RX_tb.set_prescale, S_0000024f46fc7030;
    %join;
    %pushi/vec4 171, 0, 8;
    %store/vec4 v0000024f47062f70_0, 0, 8;
    %pushi/vec4 0, 0, 1;
    %store/vec4 v0000024f47063510_0, 0, 1;
    %pushi/vec4 0, 0, 1;
    %store/vec4 v0000024f47063c90_0, 0, 1;
    %fork TD_UART_RX_tb.frame, S_0000024f46f4e950;
    %join;
    %pushi/vec4 171, 0, 8;
    %store/vec4 v0000024f470631f0_0, 0, 8;
    %pushi/vec4 0, 0, 1;
    %store/vec4 v0000024f470621b0_0, 0, 1;
    %pushi/vec4 0, 0, 1;
    %store/vec4 v0000024f470624d0_0, 0, 1;
    %fork TD_UART_RX_tb.check_output, S_0000024f46f9c130;
    %join;
    %load/vec4 v0000024f47063830_0;
T_17.0 %dup/vec4;
    %pushi/vec4 0, 0, 6;
    %cmp/u;
    %jmp/1 T_17.1, 4;
    %pushi/vec4 1, 0, 6;
    %sub;
    %load/real v0000024f470626b0_0;
    %pushi/real 2097152000, 4075; load=1000.00
    %mul/wr;
    %cvt/vr 64;
    %muli 1, 0, 64;
    %ix/vec4 4;
    %delayx 4;
    %jmp T_17.0;
T_17.1 ;
    %pop/vec4 1;
    %load/vec4 v0000024f47063830_0;
T_17.2 %dup/vec4;
    %pushi/vec4 0, 0, 6;
    %cmp/u;
    %jmp/1 T_17.3, 4;
    %pushi/vec4 1, 0, 6;
    %sub;
    %load/real v0000024f470626b0_0;
    %pushi/real 2097152000, 4075; load=1000.00
    %mul/wr;
    %cvt/vr 64;
    %muli 1, 0, 64;
    %ix/vec4 4;
    %delayx 4;
    %jmp T_17.2;
T_17.3 ;
    %pop/vec4 1;
    %vpi_call 2 67 "$display", "Test case 2 :Prescale=8 with parity enable=1 and the type of the parity is even parity " {0 0 0};
    %pushi/vec4 8, 0, 6;
    %store/vec4 v0000024f47063330_0, 0, 6;
    %fork TD_UART_RX_tb.set_prescale, S_0000024f46fc7030;
    %join;
    %pushi/vec4 171, 0, 8;
    %store/vec4 v0000024f47062f70_0, 0, 8;
    %pushi/vec4 1, 0, 1;
    %store/vec4 v0000024f47063510_0, 0, 1;
    %pushi/vec4 0, 0, 1;
    %store/vec4 v0000024f47063c90_0, 0, 1;
    %fork TD_UART_RX_tb.frame, S_0000024f46f4e950;
    %join;
    %pushi/vec4 171, 0, 8;
    %store/vec4 v0000024f470631f0_0, 0, 8;
    %pushi/vec4 1, 0, 1;
    %store/vec4 v0000024f470621b0_0, 0, 1;
    %pushi/vec4 0, 0, 1;
    %store/vec4 v0000024f470624d0_0, 0, 1;
    %fork TD_UART_RX_tb.check_output, S_0000024f46f9c130;
    %join;
    %load/vec4 v0000024f47063830_0;
T_17.4 %dup/vec4;
    %pushi/vec4 0, 0, 6;
    %cmp/u;
    %jmp/1 T_17.5, 4;
    %pushi/vec4 1, 0, 6;
    %sub;
    %load/real v0000024f470626b0_0;
    %pushi/real 2097152000, 4075; load=1000.00
    %mul/wr;
    %cvt/vr 64;
    %muli 1, 0, 64;
    %ix/vec4 4;
    %delayx 4;
    %jmp T_17.4;
T_17.5 ;
    %pop/vec4 1;
    %load/vec4 v0000024f47063830_0;
T_17.6 %dup/vec4;
    %pushi/vec4 0, 0, 6;
    %cmp/u;
    %jmp/1 T_17.7, 4;
    %pushi/vec4 1, 0, 6;
    %sub;
    %load/real v0000024f470626b0_0;
    %pushi/real 2097152000, 4075; load=1000.00
    %mul/wr;
    %cvt/vr 64;
    %muli 1, 0, 64;
    %ix/vec4 4;
    %delayx 4;
    %jmp T_17.6;
T_17.7 ;
    %pop/vec4 1;
    %vpi_call 2 75 "$display", "Test case 3 :Prescale=8 with parity enable=1 and the type of the parity is odd parity " {0 0 0};
    %pushi/vec4 8, 0, 6;
    %store/vec4 v0000024f47063330_0, 0, 6;
    %fork TD_UART_RX_tb.set_prescale, S_0000024f46fc7030;
    %join;
    %pushi/vec4 171, 0, 8;
    %store/vec4 v0000024f47062f70_0, 0, 8;
    %pushi/vec4 1, 0, 1;
    %store/vec4 v0000024f47063510_0, 0, 1;
    %pushi/vec4 1, 0, 1;
    %store/vec4 v0000024f47063c90_0, 0, 1;
    %fork TD_UART_RX_tb.frame, S_0000024f46f4e950;
    %join;
    %pushi/vec4 171, 0, 8;
    %store/vec4 v0000024f470631f0_0, 0, 8;
    %pushi/vec4 1, 0, 1;
    %store/vec4 v0000024f470621b0_0, 0, 1;
    %pushi/vec4 1, 0, 1;
    %store/vec4 v0000024f470624d0_0, 0, 1;
    %fork TD_UART_RX_tb.check_output, S_0000024f46f9c130;
    %join;
    %load/vec4 v0000024f47063830_0;
T_17.8 %dup/vec4;
    %pushi/vec4 0, 0, 6;
    %cmp/u;
    %jmp/1 T_17.9, 4;
    %pushi/vec4 1, 0, 6;
    %sub;
    %load/real v0000024f470626b0_0;
    %pushi/real 2097152000, 4075; load=1000.00
    %mul/wr;
    %cvt/vr 64;
    %muli 1, 0, 64;
    %ix/vec4 4;
    %delayx 4;
    %jmp T_17.8;
T_17.9 ;
    %pop/vec4 1;
    %load/vec4 v0000024f47063830_0;
T_17.10 %dup/vec4;
    %pushi/vec4 0, 0, 6;
    %cmp/u;
    %jmp/1 T_17.11, 4;
    %pushi/vec4 1, 0, 6;
    %sub;
    %load/real v0000024f470626b0_0;
    %pushi/real 2097152000, 4075; load=1000.00
    %mul/wr;
    %cvt/vr 64;
    %muli 1, 0, 64;
    %ix/vec4 4;
    %delayx 4;
    %jmp T_17.10;
T_17.11 ;
    %pop/vec4 1;
    %vpi_call 2 83 "$display", "Test case 4 :Prescale=16 with parity enable=0 " {0 0 0};
    %pushi/vec4 16, 0, 6;
    %store/vec4 v0000024f47063330_0, 0, 6;
    %fork TD_UART_RX_tb.set_prescale, S_0000024f46fc7030;
    %join;
    %pushi/vec4 205, 0, 8;
    %store/vec4 v0000024f47062f70_0, 0, 8;
    %pushi/vec4 0, 0, 1;
    %store/vec4 v0000024f47063510_0, 0, 1;
    %pushi/vec4 0, 0, 1;
    %store/vec4 v0000024f47063c90_0, 0, 1;
    %fork TD_UART_RX_tb.frame, S_0000024f46f4e950;
    %join;
    %pushi/vec4 205, 0, 8;
    %store/vec4 v0000024f470631f0_0, 0, 8;
    %pushi/vec4 0, 0, 1;
    %store/vec4 v0000024f470621b0_0, 0, 1;
    %pushi/vec4 0, 0, 1;
    %store/vec4 v0000024f470624d0_0, 0, 1;
    %fork TD_UART_RX_tb.check_output, S_0000024f46f9c130;
    %join;
    %load/vec4 v0000024f47063830_0;
T_17.12 %dup/vec4;
    %pushi/vec4 0, 0, 6;
    %cmp/u;
    %jmp/1 T_17.13, 4;
    %pushi/vec4 1, 0, 6;
    %sub;
    %load/real v0000024f470626b0_0;
    %pushi/real 2097152000, 4075; load=1000.00
    %mul/wr;
    %cvt/vr 64;
    %muli 1, 0, 64;
    %ix/vec4 4;
    %delayx 4;
    %jmp T_17.12;
T_17.13 ;
    %pop/vec4 1;
    %load/vec4 v0000024f47063830_0;
T_17.14 %dup/vec4;
    %pushi/vec4 0, 0, 6;
    %cmp/u;
    %jmp/1 T_17.15, 4;
    %pushi/vec4 1, 0, 6;
    %sub;
    %load/real v0000024f470626b0_0;
    %pushi/real 2097152000, 4075; load=1000.00
    %mul/wr;
    %cvt/vr 64;
    %muli 1, 0, 64;
    %ix/vec4 4;
    %delayx 4;
    %jmp T_17.14;
T_17.15 ;
    %pop/vec4 1;
    %vpi_call 2 91 "$display", "Test case 5 :Prescale=16 with parity enable=1 and the type of the parity is even parity " {0 0 0};
    %pushi/vec4 16, 0, 6;
    %store/vec4 v0000024f47063330_0, 0, 6;
    %fork TD_UART_RX_tb.set_prescale, S_0000024f46fc7030;
    %join;
    %pushi/vec4 205, 0, 8;
    %store/vec4 v0000024f47062f70_0, 0, 8;
    %pushi/vec4 1, 0, 1;
    %store/vec4 v0000024f47063510_0, 0, 1;
    %pushi/vec4 0, 0, 1;
    %store/vec4 v0000024f47063c90_0, 0, 1;
    %fork TD_UART_RX_tb.frame, S_0000024f46f4e950;
    %join;
    %pushi/vec4 205, 0, 8;
    %store/vec4 v0000024f470631f0_0, 0, 8;
    %pushi/vec4 1, 0, 1;
    %store/vec4 v0000024f470621b0_0, 0, 1;
    %pushi/vec4 0, 0, 1;
    %store/vec4 v0000024f470624d0_0, 0, 1;
    %fork TD_UART_RX_tb.check_output, S_0000024f46f9c130;
    %join;
    %load/vec4 v0000024f47063830_0;
T_17.16 %dup/vec4;
    %pushi/vec4 0, 0, 6;
    %cmp/u;
    %jmp/1 T_17.17, 4;
    %pushi/vec4 1, 0, 6;
    %sub;
    %load/real v0000024f470626b0_0;
    %pushi/real 2097152000, 4075; load=1000.00
    %mul/wr;
    %cvt/vr 64;
    %muli 1, 0, 64;
    %ix/vec4 4;
    %delayx 4;
    %jmp T_17.16;
T_17.17 ;
    %pop/vec4 1;
    %load/vec4 v0000024f47063830_0;
T_17.18 %dup/vec4;
    %pushi/vec4 0, 0, 6;
    %cmp/u;
    %jmp/1 T_17.19, 4;
    %pushi/vec4 1, 0, 6;
    %sub;
    %load/real v0000024f470626b0_0;
    %pushi/real 2097152000, 4075; load=1000.00
    %mul/wr;
    %cvt/vr 64;
    %muli 1, 0, 64;
    %ix/vec4 4;
    %delayx 4;
    %jmp T_17.18;
T_17.19 ;
    %pop/vec4 1;
    %vpi_call 2 99 "$display", "Test case 6 :Prescale=16 with parity enable=1 and the type of the parity is odd parity " {0 0 0};
    %pushi/vec4 16, 0, 6;
    %store/vec4 v0000024f47063330_0, 0, 6;
    %fork TD_UART_RX_tb.set_prescale, S_0000024f46fc7030;
    %join;
    %pushi/vec4 205, 0, 8;
    %store/vec4 v0000024f47062f70_0, 0, 8;
    %pushi/vec4 1, 0, 1;
    %store/vec4 v0000024f47063510_0, 0, 1;
    %pushi/vec4 1, 0, 1;
    %store/vec4 v0000024f47063c90_0, 0, 1;
    %fork TD_UART_RX_tb.frame, S_0000024f46f4e950;
    %join;
    %pushi/vec4 205, 0, 8;
    %store/vec4 v0000024f470631f0_0, 0, 8;
    %pushi/vec4 1, 0, 1;
    %store/vec4 v0000024f470621b0_0, 0, 1;
    %pushi/vec4 1, 0, 1;
    %store/vec4 v0000024f470624d0_0, 0, 1;
    %fork TD_UART_RX_tb.check_output, S_0000024f46f9c130;
    %join;
    %load/vec4 v0000024f47063830_0;
T_17.20 %dup/vec4;
    %pushi/vec4 0, 0, 6;
    %cmp/u;
    %jmp/1 T_17.21, 4;
    %pushi/vec4 1, 0, 6;
    %sub;
    %load/real v0000024f470626b0_0;
    %pushi/real 2097152000, 4075; load=1000.00
    %mul/wr;
    %cvt/vr 64;
    %muli 1, 0, 64;
    %ix/vec4 4;
    %delayx 4;
    %jmp T_17.20;
T_17.21 ;
    %pop/vec4 1;
    %load/vec4 v0000024f47063830_0;
T_17.22 %dup/vec4;
    %pushi/vec4 0, 0, 6;
    %cmp/u;
    %jmp/1 T_17.23, 4;
    %pushi/vec4 1, 0, 6;
    %sub;
    %load/real v0000024f470626b0_0;
    %pushi/real 2097152000, 4075; load=1000.00
    %mul/wr;
    %cvt/vr 64;
    %muli 1, 0, 64;
    %ix/vec4 4;
    %delayx 4;
    %jmp T_17.22;
T_17.23 ;
    %pop/vec4 1;
    %vpi_call 2 107 "$display", "Test case 7 :Prescale=32 with parity enable=0 " {0 0 0};
    %pushi/vec4 32, 0, 6;
    %store/vec4 v0000024f47063330_0, 0, 6;
    %fork TD_UART_RX_tb.set_prescale, S_0000024f46fc7030;
    %join;
    %pushi/vec4 239, 0, 8;
    %store/vec4 v0000024f47062f70_0, 0, 8;
    %pushi/vec4 0, 0, 1;
    %store/vec4 v0000024f47063510_0, 0, 1;
    %pushi/vec4 0, 0, 1;
    %store/vec4 v0000024f47063c90_0, 0, 1;
    %fork TD_UART_RX_tb.frame, S_0000024f46f4e950;
    %join;
    %pushi/vec4 239, 0, 8;
    %store/vec4 v0000024f470631f0_0, 0, 8;
    %pushi/vec4 0, 0, 1;
    %store/vec4 v0000024f470621b0_0, 0, 1;
    %pushi/vec4 0, 0, 1;
    %store/vec4 v0000024f470624d0_0, 0, 1;
    %fork TD_UART_RX_tb.check_output, S_0000024f46f9c130;
    %join;
    %load/vec4 v0000024f47063830_0;
T_17.24 %dup/vec4;
    %pushi/vec4 0, 0, 6;
    %cmp/u;
    %jmp/1 T_17.25, 4;
    %pushi/vec4 1, 0, 6;
    %sub;
    %load/real v0000024f470626b0_0;
    %pushi/real 2097152000, 4075; load=1000.00
    %mul/wr;
    %cvt/vr 64;
    %muli 1, 0, 64;
    %ix/vec4 4;
    %delayx 4;
    %jmp T_17.24;
T_17.25 ;
    %pop/vec4 1;
    %load/vec4 v0000024f47063830_0;
T_17.26 %dup/vec4;
    %pushi/vec4 0, 0, 6;
    %cmp/u;
    %jmp/1 T_17.27, 4;
    %pushi/vec4 1, 0, 6;
    %sub;
    %load/real v0000024f470626b0_0;
    %pushi/real 2097152000, 4075; load=1000.00
    %mul/wr;
    %cvt/vr 64;
    %muli 1, 0, 64;
    %ix/vec4 4;
    %delayx 4;
    %jmp T_17.26;
T_17.27 ;
    %pop/vec4 1;
    %vpi_call 2 115 "$display", "Test case 8 :Prescale=32 with parity enable=1 and the type of the parity is even parity " {0 0 0};
    %pushi/vec4 32, 0, 6;
    %store/vec4 v0000024f47063330_0, 0, 6;
    %fork TD_UART_RX_tb.set_prescale, S_0000024f46fc7030;
    %join;
    %pushi/vec4 239, 0, 8;
    %store/vec4 v0000024f47062f70_0, 0, 8;
    %pushi/vec4 1, 0, 1;
    %store/vec4 v0000024f47063510_0, 0, 1;
    %pushi/vec4 0, 0, 1;
    %store/vec4 v0000024f47063c90_0, 0, 1;
    %fork TD_UART_RX_tb.frame, S_0000024f46f4e950;
    %join;
    %pushi/vec4 239, 0, 8;
    %store/vec4 v0000024f470631f0_0, 0, 8;
    %pushi/vec4 1, 0, 1;
    %store/vec4 v0000024f470621b0_0, 0, 1;
    %pushi/vec4 0, 0, 1;
    %store/vec4 v0000024f470624d0_0, 0, 1;
    %fork TD_UART_RX_tb.check_output, S_0000024f46f9c130;
    %join;
    %load/vec4 v0000024f47063830_0;
T_17.28 %dup/vec4;
    %pushi/vec4 0, 0, 6;
    %cmp/u;
    %jmp/1 T_17.29, 4;
    %pushi/vec4 1, 0, 6;
    %sub;
    %load/real v0000024f470626b0_0;
    %pushi/real 2097152000, 4075; load=1000.00
    %mul/wr;
    %cvt/vr 64;
    %muli 1, 0, 64;
    %ix/vec4 4;
    %delayx 4;
    %jmp T_17.28;
T_17.29 ;
    %pop/vec4 1;
    %load/vec4 v0000024f47063830_0;
T_17.30 %dup/vec4;
    %pushi/vec4 0, 0, 6;
    %cmp/u;
    %jmp/1 T_17.31, 4;
    %pushi/vec4 1, 0, 6;
    %sub;
    %load/real v0000024f470626b0_0;
    %pushi/real 2097152000, 4075; load=1000.00
    %mul/wr;
    %cvt/vr 64;
    %muli 1, 0, 64;
    %ix/vec4 4;
    %delayx 4;
    %jmp T_17.30;
T_17.31 ;
    %pop/vec4 1;
    %vpi_call 2 123 "$display", "Test case 9 :Prescale=32 with parity enable=1 and the type of the parity is odd parity " {0 0 0};
    %pushi/vec4 32, 0, 6;
    %store/vec4 v0000024f47063330_0, 0, 6;
    %fork TD_UART_RX_tb.set_prescale, S_0000024f46fc7030;
    %join;
    %pushi/vec4 239, 0, 8;
    %store/vec4 v0000024f47062f70_0, 0, 8;
    %pushi/vec4 1, 0, 1;
    %store/vec4 v0000024f47063510_0, 0, 1;
    %pushi/vec4 1, 0, 1;
    %store/vec4 v0000024f47063c90_0, 0, 1;
    %fork TD_UART_RX_tb.frame, S_0000024f46f4e950;
    %join;
    %pushi/vec4 239, 0, 8;
    %store/vec4 v0000024f470631f0_0, 0, 8;
    %pushi/vec4 1, 0, 1;
    %store/vec4 v0000024f470621b0_0, 0, 1;
    %pushi/vec4 1, 0, 1;
    %store/vec4 v0000024f470624d0_0, 0, 1;
    %fork TD_UART_RX_tb.check_output, S_0000024f46f9c130;
    %join;
    %load/vec4 v0000024f47063830_0;
T_17.32 %dup/vec4;
    %pushi/vec4 0, 0, 6;
    %cmp/u;
    %jmp/1 T_17.33, 4;
    %pushi/vec4 1, 0, 6;
    %sub;
    %load/real v0000024f470626b0_0;
    %pushi/real 2097152000, 4075; load=1000.00
    %mul/wr;
    %cvt/vr 64;
    %muli 1, 0, 64;
    %ix/vec4 4;
    %delayx 4;
    %jmp T_17.32;
T_17.33 ;
    %pop/vec4 1;
    %load/vec4 v0000024f47063830_0;
T_17.34 %dup/vec4;
    %pushi/vec4 0, 0, 6;
    %cmp/u;
    %jmp/1 T_17.35, 4;
    %pushi/vec4 1, 0, 6;
    %sub;
    %load/real v0000024f470626b0_0;
    %pushi/real 2097152000, 4075; load=1000.00
    %mul/wr;
    %cvt/vr 64;
    %muli 1, 0, 64;
    %ix/vec4 4;
    %delayx 4;
    %jmp T_17.34;
T_17.35 ;
    %pop/vec4 1;
    %vpi_call 2 131 "$finish" {0 0 0};
    %end;
    .thread T_17;
# The file index is used to find the file name in the following table.
:file_names 11;
    "N/A";
    "<interactive>";
    "UART_RX_tb.v";
    "./UART_RX.v";
    "./UART_RX_FSM.v";
    "./deserializer.v";
    "./data_sampling.v";
    "./edge_bit_counter.v";
    "./parity_checker.v";
    "./start_checker.v";
    "./stop_checker.v";
