#! /c/Source/iverilog-install/bin/vvp
:ivl_version "12.0 (devel)" "(s20150603-1539-g2693dd32b)";
:ivl_delay_selection "TYPICAL";
:vpi_time_precision + 0;
:vpi_module "C:\iverilog\lib\ivl\system.vpi";
:vpi_module "C:\iverilog\lib\ivl\vhdl_sys.vpi";
:vpi_module "C:\iverilog\lib\ivl\vhdl_textio.vpi";
:vpi_module "C:\iverilog\lib\ivl\v2005_math.vpi";
:vpi_module "C:\iverilog\lib\ivl\va_math.vpi";
S_0000024d945e6dc0 .scope module, "Comb_logic" "Comb_logic" 2 1;
 .timescale 0 0;
    .port_info 0 /INPUT 1 "Winc";
    .port_info 1 /INPUT 1 "Wfull";
    .port_info 2 /OUTPUT 1 "Wclken";
v0000024d945e4eb0_0 .var "Wclken", 0 0;
o0000024d945e6f88 .functor BUFZ 1, C4<z>; HiZ drive
v0000024d945b2f30_0 .net "Wfull", 0 0, o0000024d945e6f88;  0 drivers
o0000024d945e6fb8 .functor BUFZ 1, C4<z>; HiZ drive
v0000024d945b33b0_0 .net "Winc", 0 0, o0000024d945e6fb8;  0 drivers
E_0000024d945e56a0 .event anyedge, v0000024d945b33b0_0, v0000024d945b2f30_0;
    .scope S_0000024d945e6dc0;
T_0 ;
    %wait E_0000024d945e56a0;
    %load/vec4 v0000024d945b33b0_0;
    %load/vec4 v0000024d945b2f30_0;
    %inv;
    %and;
    %store/vec4 v0000024d945e4eb0_0, 0, 1;
    %jmp T_0;
    .thread T_0, $push;
# The file index is used to find the file name in the following table.
:file_names 3;
    "N/A";
    "<interactive>";
    "Comb_logic.v";
