#! /c/Source/iverilog-install/bin/vvp
:ivl_version "12.0 (devel)" "(s20150603-1539-g2693dd32b)";
:ivl_delay_selection "TYPICAL";
:vpi_time_precision + 0;
:vpi_module "C:\iverilog\lib\ivl\system.vpi";
:vpi_module "C:\iverilog\lib\ivl\vhdl_sys.vpi";
:vpi_module "C:\iverilog\lib\ivl\vhdl_textio.vpi";
:vpi_module "C:\iverilog\lib\ivl\v2005_math.vpi";
:vpi_module "C:\iverilog\lib\ivl\va_math.vpi";
S_000001e07442bcd0 .scope module, "FIFO_wptr_wfull" "FIFO_wptr_wfull" 2 1;
 .timescale 0 0;
    .port_info 0 /INPUT 1 "Wrst";
    .port_info 1 /INPUT 1 "Winc";
    .port_info 2 /INPUT 1 "Wclk";
    .port_info 3 /INPUT 4 "Wq2_rptr";
    .port_info 4 /OUTPUT 3 "Wadder";
    .port_info 5 /OUTPUT 4 "Wptr";
    .port_info 6 /OUTPUT 1 "Wfull";
P_000001e0744785d0 .param/l "Address" 0 2 2, +C4<00000000000000000000000000000011>;
L_000001e0744749a0 .functor NOT 4, L_000001e074473f10, C4<0000>, C4<0000>, C4<0000>;
L_000001e074474a10 .functor AND 4, L_000001e074473dd0, L_000001e0744749a0, C4<1111>, C4<1111>;
L_000001e074474700 .functor XOR 4, L_000001e074473ab0, L_000001e074473a10, C4<0000>, C4<0000>;
v000001e0744432e0_0 .net "Wadder", 2 0, L_000001e074473b50;  1 drivers
o000001e07447a008 .functor BUFZ 1, C4<z>; HiZ drive
v000001e074442ef0_0 .net "Wclk", 0 0, o000001e07447a008;  0 drivers
v000001e074472e80_0 .var "Wfull", 0 0;
o000001e07447a068 .functor BUFZ 1, C4<z>; HiZ drive
v000001e074472f20_0 .net "Winc", 0 0, o000001e07447a068;  0 drivers
v000001e074472fc0_0 .var "Wptr", 3 0;
o000001e07447a0c8 .functor BUFZ 4, C4<zzzz>; HiZ drive
v000001e074473060_0 .net "Wq2_rptr", 3 0, o000001e07447a0c8;  0 drivers
o000001e07447a0f8 .functor BUFZ 1, C4<z>; HiZ drive
v000001e074473100_0 .net "Wrst", 0 0, o000001e07447a0f8;  0 drivers
v000001e074474050_0 .net *"_ivl_0", 3 0, L_000001e074473dd0;  1 drivers
v000001e074473290_0 .net *"_ivl_10", 3 0, L_000001e074474a10;  1 drivers
v000001e0744736f0_0 .net *"_ivl_14", 3 0, L_000001e074473ab0;  1 drivers
v000001e074473790_0 .net *"_ivl_16", 2 0, L_000001e074473fb0;  1 drivers
L_000001e0744c28f8 .functor BUFT 1, C4<0>, C4<0>, C4<0>, C4<0>;
v000001e074473830_0 .net *"_ivl_18", 0 0, L_000001e0744c28f8;  1 drivers
L_000001e0744c2868 .functor BUFT 1, C4<000>, C4<0>, C4<0>, C4<0>;
v000001e0744738d0_0 .net *"_ivl_3", 2 0, L_000001e0744c2868;  1 drivers
v000001e074473970_0 .net *"_ivl_4", 3 0, L_000001e074473f10;  1 drivers
L_000001e0744c28b0 .functor BUFT 1, C4<000>, C4<0>, C4<0>, C4<0>;
v000001e074473330_0 .net *"_ivl_7", 2 0, L_000001e0744c28b0;  1 drivers
v000001e0744733d0_0 .net *"_ivl_8", 3 0, L_000001e0744749a0;  1 drivers
v000001e0744731f0_0 .var "wbin", 3 0;
v000001e074473650_0 .net "wbin_next", 3 0, L_000001e074473a10;  1 drivers
v000001e074473e70_0 .net "wgray_next", 3 0, L_000001e074474700;  1 drivers
E_000001e074478650/0 .event negedge, v000001e074473100_0;
E_000001e074478650/1 .event posedge, v000001e074442ef0_0;
E_000001e074478650 .event/or E_000001e074478650/0, E_000001e074478650/1;
L_000001e074473dd0 .concat [ 1 3 0 0], o000001e07447a068, L_000001e0744c2868;
L_000001e074473f10 .concat [ 1 3 0 0], v000001e074472e80_0, L_000001e0744c28b0;
L_000001e074473a10 .arith/sum 4, v000001e0744731f0_0, L_000001e074474a10;
L_000001e074473fb0 .part L_000001e074473a10, 1, 3;
L_000001e074473ab0 .concat [ 3 1 0 0], L_000001e074473fb0, L_000001e0744c28f8;
L_000001e074473b50 .part v000001e0744731f0_0, 0, 3;
    .scope S_000001e07442bcd0;
T_0 ;
    %wait E_000001e074478650;
    %load/vec4 v000001e074473100_0;
    %nor/r;
    %flag_set/vec4 8;
    %jmp/0xz  T_0.0, 8;
    %pushi/vec4 0, 0, 4;
    %assign/vec4 v000001e0744731f0_0, 0;
    %pushi/vec4 0, 0, 4;
    %assign/vec4 v000001e074472fc0_0, 0;
    %jmp T_0.1;
T_0.0 ;
    %load/vec4 v000001e074473650_0;
    %assign/vec4 v000001e0744731f0_0, 0;
    %load/vec4 v000001e074473e70_0;
    %assign/vec4 v000001e074472fc0_0, 0;
T_0.1 ;
    %jmp T_0;
    .thread T_0;
    .scope S_000001e07442bcd0;
T_1 ;
    %wait E_000001e074478650;
    %load/vec4 v000001e074473100_0;
    %nor/r;
    %flag_set/vec4 8;
    %jmp/0xz  T_1.0, 8;
    %pushi/vec4 0, 0, 1;
    %assign/vec4 v000001e074472e80_0, 0;
    %jmp T_1.1;
T_1.0 ;
    %load/vec4 v000001e074473e70_0;
    %parti/s 1, 3, 3;
    %load/vec4 v000001e074473060_0;
    %parti/s 1, 3, 3;
    %cmp/ne;
    %flag_get/vec4 4;
    %jmp/0 T_1.3, 4;
    %load/vec4 v000001e074473e70_0;
    %parti/s 1, 2, 3;
    %load/vec4 v000001e074473060_0;
    %parti/s 1, 2, 3;
    %cmp/ne;
    %flag_get/vec4 4;
    %and;
T_1.3;
    %flag_set/vec4 8;
    %flag_get/vec4 8;
    %jmp/0 T_1.2, 8;
    %load/vec4 v000001e074473e70_0;
    %parti/s 2, 0, 2;
    %load/vec4 v000001e074473060_0;
    %parti/s 2, 0, 2;
    %cmp/e;
    %flag_get/vec4 4;
    %and;
T_1.2;
    %assign/vec4 v000001e074472e80_0, 0;
T_1.1 ;
    %jmp T_1;
    .thread T_1;
# The file index is used to find the file name in the following table.
:file_names 3;
    "N/A";
    "<interactive>";
    "FIFO_wprt_wfull_tb.v";
