#! /c/Source/iverilog-install/bin/vvp
:ivl_version "12.0 (devel)" "(s20150603-1539-g2693dd32b)";
:ivl_delay_selection "TYPICAL";
:vpi_time_precision + 0;
:vpi_module "C:\iverilog\lib\ivl\system.vpi";
:vpi_module "C:\iverilog\lib\ivl\vhdl_sys.vpi";
:vpi_module "C:\iverilog\lib\ivl\vhdl_textio.vpi";
:vpi_module "C:\iverilog\lib\ivl\v2005_math.vpi";
:vpi_module "C:\iverilog\lib\ivl\va_math.vpi";
S_0000025fec2a5200 .scope module, "FIFO_rptr_rempty" "FIFO_rptr_rempty" 2 1;
 .timescale 0 0;
    .port_info 0 /INPUT 1 "Rinc";
    .port_info 1 /INPUT 1 "Rclk";
    .port_info 2 /INPUT 1 "Rrst";
    .port_info 3 /INPUT 4 "R2q_wptr";
    .port_info 4 /OUTPUT 3 "Radder";
    .port_info 5 /OUTPUT 1 "Rempty";
    .port_info 6 /OUTPUT 4 "Rptr";
P_0000025fec26bdc0 .param/l "Address" 0 2 1, +C4<00000000000000000000000000000011>;
o0000025fec2b8fa8 .functor BUFZ 4, C4<zzzz>; HiZ drive
v0000025fec283300_0 .net "R2q_wptr", 3 0, o0000025fec2b8fa8;  0 drivers
v0000025fec282f30_0 .net "Radder", 2 0, L_0000025fec300530;  1 drivers
v0000025fec300030_0 .var "Radder_binary_current", 3 0;
v0000025fec3000d0_0 .var "Radder_binary_next", 3 0;
v0000025fec300170_0 .var "Radder_gray_next", 3 0;
o0000025fec2b9098 .functor BUFZ 1, C4<z>; HiZ drive
v0000025fec300210_0 .net "Rclk", 0 0, o0000025fec2b9098;  0 drivers
v0000025fec3002b0_0 .var "Rempty", 0 0;
o0000025fec2b90f8 .functor BUFZ 1, C4<z>; HiZ drive
v0000025fec300350_0 .net "Rinc", 0 0, o0000025fec2b90f8;  0 drivers
v0000025fec3003f0_0 .var "Rptr", 3 0;
o0000025fec2b9158 .functor BUFZ 1, C4<z>; HiZ drive
v0000025fec300490_0 .net "Rrst", 0 0, o0000025fec2b9158;  0 drivers
E_0000025fec26b000/0 .event negedge, v0000025fec300490_0;
E_0000025fec26b000/1 .event posedge, v0000025fec300210_0;
E_0000025fec26b000 .event/or E_0000025fec26b000/0, E_0000025fec26b000/1;
E_0000025fec26bc80 .event anyedge, v0000025fec300030_0, v0000025fec300350_0, v0000025fec3002b0_0, v0000025fec3000d0_0;
L_0000025fec300530 .part v0000025fec300030_0, 0, 3;
    .scope S_0000025fec2a5200;
T_0 ;
    %wait E_0000025fec26bc80;
    %load/vec4 v0000025fec300030_0;
    %load/vec4 v0000025fec300350_0;
    %pad/u 4;
    %load/vec4 v0000025fec3002b0_0;
    %pad/u 4;
    %inv;
    %and;
    %add;
    %store/vec4 v0000025fec3000d0_0, 0, 4;
    %load/vec4 v0000025fec3000d0_0;
    %ix/load 4, 1, 0;
    %flag_set/imm 4, 0;
    %shiftr 4;
    %load/vec4 v0000025fec3000d0_0;
    %xor;
    %store/vec4 v0000025fec300170_0, 0, 4;
    %jmp T_0;
    .thread T_0, $push;
    .scope S_0000025fec2a5200;
T_1 ;
    %wait E_0000025fec26b000;
    %load/vec4 v0000025fec300490_0;
    %nor/r;
    %flag_set/vec4 8;
    %jmp/0xz  T_1.0, 8;
    %pushi/vec4 0, 0, 4;
    %assign/vec4 v0000025fec300030_0, 0;
    %pushi/vec4 0, 0, 4;
    %assign/vec4 v0000025fec3003f0_0, 0;
    %jmp T_1.1;
T_1.0 ;
    %load/vec4 v0000025fec3000d0_0;
    %assign/vec4 v0000025fec300030_0, 0;
    %load/vec4 v0000025fec300170_0;
    %assign/vec4 v0000025fec3003f0_0, 0;
T_1.1 ;
    %jmp T_1;
    .thread T_1;
    .scope S_0000025fec2a5200;
T_2 ;
    %wait E_0000025fec26b000;
    %load/vec4 v0000025fec300490_0;
    %nor/r;
    %flag_set/vec4 8;
    %jmp/0xz  T_2.0, 8;
    %pushi/vec4 1, 0, 1;
    %assign/vec4 v0000025fec3002b0_0, 0;
    %jmp T_2.1;
T_2.0 ;
    %load/vec4 v0000025fec300170_0;
    %load/vec4 v0000025fec283300_0;
    %cmp/e;
    %flag_get/vec4 4;
    %assign/vec4 v0000025fec3002b0_0, 0;
T_2.1 ;
    %jmp T_2;
    .thread T_2;
# The file index is used to find the file name in the following table.
:file_names 3;
    "N/A";
    "<interactive>";
    "FIFO_rptr_rempty.v";
