#! /c/Source/iverilog-install/bin/vvp
:ivl_version "12.0 (devel)" "(s20150603-1539-g2693dd32b)";
:ivl_delay_selection "TYPICAL";
:vpi_time_precision + 0;
:vpi_module "C:\iverilog\lib\ivl\system.vpi";
:vpi_module "C:\iverilog\lib\ivl\vhdl_sys.vpi";
:vpi_module "C:\iverilog\lib\ivl\vhdl_textio.vpi";
:vpi_module "C:\iverilog\lib\ivl\v2005_math.vpi";
:vpi_module "C:\iverilog\lib\ivl\va_math.vpi";
S_00000286d2e82c40 .scope module, "FIFO_MEMORY" "FIFO_MEMORY" 2 1;
 .timescale 0 0;
    .port_info 0 /INPUT 8 "Wrdata";
    .port_info 1 /INPUT 3 "Wadder";
    .port_info 2 /INPUT 1 "Wclken";
    .port_info 3 /INPUT 1 "Wclk";
    .port_info 4 /OUTPUT 8 "Rdata";
    .port_info 5 /INPUT 3 "Radder";
    .port_info 6 /INPUT 1 "Rclk";
P_00000286d2e82dd0 .param/l "Address" 0 2 5, +C4<00000000000000000000000000000011>;
P_00000286d2e82e08 .param/l "Data_width" 0 2 3, +C4<00000000000000000000000000001000>;
P_00000286d2e82e40 .param/l "Depth" 0 2 4, +C4<00000000000000000000000000001000>;
v00000286d2e83270 .array "MEM", 0 7, 7 0;
o00000286d2eb6fd8 .functor BUFZ 3, C4<zzz>; HiZ drive
v00000286d2e82e80_0 .net "Radder", 2 0, o00000286d2eb6fd8;  0 drivers
o00000286d2eb7008 .functor BUFZ 1, C4<z>; HiZ drive
v00000286d2e82f20_0 .net "Rclk", 0 0, o00000286d2eb7008;  0 drivers
v00000286d2dfbdb0_0 .var "Rdata", 7 0;
o00000286d2eb7068 .functor BUFZ 3, C4<zzz>; HiZ drive
v00000286d2dfbe50_0 .net "Wadder", 2 0, o00000286d2eb7068;  0 drivers
o00000286d2eb7098 .functor BUFZ 1, C4<z>; HiZ drive
v00000286d2dfbef0_0 .net "Wclk", 0 0, o00000286d2eb7098;  0 drivers
o00000286d2eb70c8 .functor BUFZ 1, C4<z>; HiZ drive
v00000286d2efbc40_0 .net "Wclken", 0 0, o00000286d2eb70c8;  0 drivers
o00000286d2eb70f8 .functor BUFZ 8, C4<zzzzzzzz>; HiZ drive
v00000286d2efbce0_0 .net "Wrdata", 7 0, o00000286d2eb70f8;  0 drivers
E_00000286d2dfcab0 .event posedge, v00000286d2e82f20_0;
E_00000286d2dfcb70 .event posedge, v00000286d2dfbef0_0;
    .scope S_00000286d2e82c40;
T_0 ;
    %wait E_00000286d2dfcb70;
    %load/vec4 v00000286d2efbc40_0;
    %flag_set/vec4 8;
    %jmp/0xz  T_0.0, 8;
    %load/vec4 v00000286d2efbce0_0;
    %load/vec4 v00000286d2dfbe50_0;
    %pad/u 5;
    %ix/vec4 3;
    %ix/load 4, 0, 0; Constant delay
    %assign/vec4/a/d v00000286d2e83270, 0, 4;
T_0.0 ;
    %jmp T_0;
    .thread T_0;
    .scope S_00000286d2e82c40;
T_1 ;
    %wait E_00000286d2dfcab0;
    %load/vec4 v00000286d2e82e80_0;
    %pad/u 5;
    %ix/vec4 4;
    %load/vec4a v00000286d2e83270, 4;
    %assign/vec4 v00000286d2dfbdb0_0, 0;
    %jmp T_1;
    .thread T_1;
# The file index is used to find the file name in the following table.
:file_names 3;
    "N/A";
    "<interactive>";
    "FIFO_MEMORY.v";
