#! /c/Source/iverilog-install/bin/vvp
:ivl_version "12.0 (devel)" "(s20150603-1539-g2693dd32b)";
:ivl_delay_selection "TYPICAL";
:vpi_time_precision - 12;
:vpi_module "C:\iverilog\lib\ivl\system.vpi";
:vpi_module "C:\iverilog\lib\ivl\vhdl_sys.vpi";
:vpi_module "C:\iverilog\lib\ivl\vhdl_textio.vpi";
:vpi_module "C:\iverilog\lib\ivl\v2005_math.vpi";
:vpi_module "C:\iverilog\lib\ivl\va_math.vpi";
S_00000275d30070b0 .scope module, "ASYNC_FIFO_tb" "ASYNC_FIFO_tb" 2 3;
 .timescale -9 -12;
P_00000275d3007890 .param/l "Address_width" 0 2 10, +C4<00000000000000000000000000000011>;
P_00000275d30078c8 .param/l "Data_width" 0 2 8, +C4<00000000000000000000000000001000>;
P_00000275d3007900 .param/l "Depth" 0 2 9, +C4<00000000000000000000000000001000>;
P_00000275d3007938 .param/l "NUM_STAGES" 0 2 11, +C4<00000000000000000000000000000010>;
P_00000275d3007970 .param/l "Rperiod" 0 2 6, +C4<00000000000000000000000000011001>;
P_00000275d30079a8 .param/l "Wperiod" 0 2 5, +C4<00000000000000000000000000001010>;
v00000275d306f770_0 .var "Rclk_tb", 0 0;
v00000275d306f950_0 .net "Rdata_tb", 7 0, v00000275d3066ee0_0;  1 drivers
v00000275d306f130_0 .net "Rempty_tb", 0 0, v00000275d3067660_0;  1 drivers
v00000275d306fa90_0 .var "Rinc_tb", 0 0;
v00000275d306f6d0_0 .var/i "Rindex", 31 0;
v00000275d306fb30_0 .var "Rrst_tb", 0 0;
v00000275d306e7d0_0 .var "Wclk_tb", 0 0;
v00000275d306fbd0_0 .net "Wfull_tb", 0 0, v00000275d30682e0_0;  1 drivers
v00000275d306ea50_0 .var "Winc_tb", 0 0;
v00000275d306ed70_0 .var/i "Windex", 31 0;
v00000275d30700d0_0 .var "Wrdata_tb", 7 0;
v00000275d306e870_0 .var "Wrst_tb", 0 0;
v00000275d306f8b0_0 .var "done", 0 0;
v00000275d3070170 .array "expected_output", 0 7, 7 0;
v00000275d306e410_0 .var/i "i", 31 0;
S_00000275d2fbf5e0 .scope module, "FIFOASYNC" "ASYNC_FIFO" 2 185, 3 8 0, S_00000275d30070b0;
 .timescale 0 0;
    .port_info 0 /INPUT 1 "Winc";
    .port_info 1 /INPUT 1 "Wrst";
    .port_info 2 /INPUT 1 "Wclk";
    .port_info 3 /INPUT 1 "Rinc";
    .port_info 4 /INPUT 1 "Rrst";
    .port_info 5 /INPUT 1 "Rclk";
    .port_info 6 /INPUT 8 "Wrdata";
    .port_info 7 /OUTPUT 1 "Wfull";
    .port_info 8 /OUTPUT 1 "Rempty";
    .port_info 9 /OUTPUT 8 "Rdata";
P_00000275d2fbf770 .param/l "Address_width" 0 3 12, +C4<00000000000000000000000000000011>;
P_00000275d2fbf7a8 .param/l "Data_width" 0 3 10, +C4<00000000000000000000000000001000>;
P_00000275d2fbf7e0 .param/l "Depth" 0 3 11, +C4<00000000000000000000000000001000>;
P_00000275d2fbf818 .param/l "NUM_STAGES" 0 3 13, +C4<00000000000000000000000000000010>;
v00000275d3067c00_0 .net "R2q_wptr_internal", 3 0, v00000275d3000270_0;  1 drivers
v00000275d3067160_0 .net "Radder_internal", 1 0, L_00000275d3070210;  1 drivers
v00000275d30672a0_0 .net "Rclk", 0 0, v00000275d306f770_0;  1 drivers
v00000275d3067340_0 .net "Rdata", 7 0, v00000275d3066ee0_0;  alias, 1 drivers
v00000275d3068600_0 .net "Rempty", 0 0, v00000275d3067660_0;  alias, 1 drivers
v00000275d30678e0_0 .net "Rempty_flag_internal", 0 0, v00000275d3067b60_0;  1 drivers
v00000275d30673e0_0 .net "Rinc", 0 0, v00000275d306fa90_0;  1 drivers
v00000275d3067ca0_0 .net "Rptr_internal", 3 0, v00000275d3066e40_0;  1 drivers
v00000275d3066bc0_0 .net "Rrst", 0 0, v00000275d306fb30_0;  1 drivers
v00000275d3067840_0 .net "Wadder_internal", 1 0, L_00000275d306f3b0;  1 drivers
v00000275d3067d40_0 .net "Wclk", 0 0, v00000275d306e7d0_0;  1 drivers
v00000275d3067fc0_0 .net "Wclken_internal", 0 0, v00000275d30003b0_0;  1 drivers
v00000275d3068100_0 .net "Wfull", 0 0, v00000275d30682e0_0;  alias, 1 drivers
v00000275d30681a0_0 .net "Winc", 0 0, v00000275d306ea50_0;  1 drivers
v00000275d3068740_0 .net "Wptr_internal", 3 0, v00000275d30689c0_0;  1 drivers
v00000275d30687e0_0 .net "Wq2_rptr_internal", 3 0, v00000275d30008b0_0;  1 drivers
v00000275d3068880_0 .net "Wrdata", 7 0, v00000275d30700d0_0;  1 drivers
v00000275d3068920_0 .net "Wrst", 0 0, v00000275d306e870_0;  1 drivers
S_00000275d2fc3ff0 .scope module, "BIT_W2q_rptr" "BIT_SYNC" 3 100, 4 1 0, S_00000275d2fbf5e0;
 .timescale 0 0;
    .port_info 0 /INPUT 4 "ASYNC";
    .port_info 1 /INPUT 1 "CLK";
    .port_info 2 /INPUT 1 "RST";
    .port_info 3 /OUTPUT 4 "SYNC";
P_00000275d2ff38f0 .param/l "BUS_WIDTH" 0 4 4, +C4<000000000000000000000000000000100>;
P_00000275d2ff3928 .param/l "NUM_STAGES" 0 4 3, +C4<00000000000000000000000000000010>;
v00000275d3000450_0 .net "ASYNC", 3 0, v00000275d3066e40_0;  alias, 1 drivers
v00000275d3000950_0 .net "CLK", 0 0, v00000275d306e7d0_0;  alias, 1 drivers
v00000275d3000b30_0 .net "RST", 0 0, v00000275d306e870_0;  alias, 1 drivers
v00000275d30008b0_0 .var "SYNC", 3 0;
v00000275d3000630_0 .var/i "i", 31 0;
v00000275d3000770 .array "sync_reg", 3 0, 1 0;
v00000275d3000770_0 .array/port v00000275d3000770, 0;
v00000275d3000770_1 .array/port v00000275d3000770, 1;
v00000275d3000770_2 .array/port v00000275d3000770, 2;
v00000275d3000770_3 .array/port v00000275d3000770, 3;
E_00000275d300d120 .event anyedge, v00000275d3000770_0, v00000275d3000770_1, v00000275d3000770_2, v00000275d3000770_3;
E_00000275d300d460/0 .event negedge, v00000275d3000b30_0;
E_00000275d300d460/1 .event posedge, v00000275d3000950_0;
E_00000275d300d460 .event/or E_00000275d300d460/0, E_00000275d300d460/1;
S_00000275d2fca730 .scope module, "BIT_r2q_wptr" "BIT_SYNC" 3 113, 4 1 0, S_00000275d2fbf5e0;
 .timescale 0 0;
    .port_info 0 /INPUT 4 "ASYNC";
    .port_info 1 /INPUT 1 "CLK";
    .port_info 2 /INPUT 1 "RST";
    .port_info 3 /OUTPUT 4 "SYNC";
P_00000275d2ff39f0 .param/l "BUS_WIDTH" 0 4 4, +C4<000000000000000000000000000000100>;
P_00000275d2ff3a28 .param/l "NUM_STAGES" 0 4 3, +C4<00000000000000000000000000000010>;
v00000275d30009f0_0 .net "ASYNC", 3 0, v00000275d30689c0_0;  alias, 1 drivers
v00000275d2fffff0_0 .net "CLK", 0 0, v00000275d306f770_0;  alias, 1 drivers
v00000275d3000810_0 .net "RST", 0 0, v00000275d306fb30_0;  alias, 1 drivers
v00000275d3000270_0 .var "SYNC", 3 0;
v00000275d3000310_0 .var/i "i", 31 0;
v00000275d3000db0 .array "sync_reg", 3 0, 1 0;
v00000275d3000db0_0 .array/port v00000275d3000db0, 0;
v00000275d3000db0_1 .array/port v00000275d3000db0, 1;
v00000275d3000db0_2 .array/port v00000275d3000db0, 2;
v00000275d3000db0_3 .array/port v00000275d3000db0, 3;
E_00000275d300cc20 .event anyedge, v00000275d3000db0_0, v00000275d3000db0_1, v00000275d3000db0_2, v00000275d3000db0_3;
E_00000275d300d1a0/0 .event negedge, v00000275d3000810_0;
E_00000275d300d1a0/1 .event posedge, v00000275d2fffff0_0;
E_00000275d300d1a0 .event/or E_00000275d300d1a0/0, E_00000275d300d1a0/1;
S_00000275d2fca8c0 .scope module, "Clogic" "Comb_logic" 3 55, 5 1 0, S_00000275d2fbf5e0;
 .timescale 0 0;
    .port_info 0 /INPUT 1 "Winc";
    .port_info 1 /INPUT 1 "Wfull";
    .port_info 2 /OUTPUT 1 "Wclken";
v00000275d30003b0_0 .var "Wclken", 0 0;
v00000275d3000a90_0 .net "Wfull", 0 0, v00000275d30682e0_0;  alias, 1 drivers
v00000275d3000bd0_0 .net "Winc", 0 0, v00000275d306ea50_0;  alias, 1 drivers
E_00000275d300ce20 .event anyedge, v00000275d3000bd0_0, v00000275d3000a90_0;
S_00000275d2fc9c30 .scope module, "FIFO_MEM" "FIFO_MEMORY" 3 68, 6 1 0, S_00000275d2fbf5e0;
 .timescale 0 0;
    .port_info 0 /INPUT 8 "Wrdata";
    .port_info 1 /INPUT 2 "Wadder";
    .port_info 2 /INPUT 1 "Wclken";
    .port_info 3 /INPUT 1 "Wclk";
    .port_info 4 /INPUT 1 "Wrst";
    .port_info 5 /OUTPUT 8 "Rdata";
    .port_info 6 /INPUT 2 "Radder";
    .port_info 7 /INPUT 1 "Rempty_flag";
    .port_info 8 /INPUT 1 "Rclk";
P_00000275d2fc4180 .param/l "Address_width" 0 6 5, +C4<00000000000000000000000000000011>;
P_00000275d2fc41b8 .param/l "Data_width" 0 6 3, +C4<00000000000000000000000000001000>;
P_00000275d2fc41f0 .param/l "Depth" 0 6 4, +C4<00000000000000000000000000001000>;
v00000275d3066c60 .array "MEM", 0 7, 7 0;
v00000275d3066f80_0 .net "Radder", 1 0, L_00000275d3070210;  alias, 1 drivers
v00000275d30675c0_0 .net "Rclk", 0 0, v00000275d306f770_0;  alias, 1 drivers
v00000275d3066ee0_0 .var "Rdata", 7 0;
v00000275d3067a20_0 .net "Rempty_flag", 0 0, v00000275d3067b60_0;  alias, 1 drivers
v00000275d3066b20_0 .net "Wadder", 1 0, L_00000275d306f3b0;  alias, 1 drivers
v00000275d3068420_0 .net "Wclk", 0 0, v00000275d306e7d0_0;  alias, 1 drivers
v00000275d30684c0_0 .net "Wclken", 0 0, v00000275d30003b0_0;  alias, 1 drivers
v00000275d3066d00_0 .net "Wrdata", 7 0, v00000275d30700d0_0;  alias, 1 drivers
v00000275d3066da0_0 .net "Wrst", 0 0, v00000275d306e870_0;  alias, 1 drivers
v00000275d3067980_0 .var/i "i", 31 0;
E_00000275d300d060 .event posedge, v00000275d2fffff0_0;
S_00000275d2fc9dc0 .scope module, "FIFO_RPTRREMPTY" "FIFO_rptr_rempty" 3 83, 7 1 0, S_00000275d2fbf5e0;
 .timescale 0 0;
    .port_info 0 /INPUT 1 "Rinc";
    .port_info 1 /INPUT 1 "Rclk";
    .port_info 2 /INPUT 1 "Rrst";
    .port_info 3 /INPUT 4 "R2q_wptr";
    .port_info 4 /OUTPUT 2 "Radder";
    .port_info 5 /OUTPUT 1 "Rempty";
    .port_info 6 /OUTPUT 1 "Rempty_flag";
    .port_info 7 /OUTPUT 4 "Rptr";
P_00000275d300ce60 .param/l "Address_width" 0 7 1, +C4<00000000000000000000000000000011>;
v00000275d3067de0_0 .net "R2q_wptr", 3 0, v00000275d3000270_0;  alias, 1 drivers
v00000275d3067480_0 .net "Radder", 1 0, L_00000275d3070210;  alias, 1 drivers
v00000275d3067520_0 .var "Radder_binary_current", 3 0;
v00000275d3068380_0 .var "Radder_binary_next", 3 0;
v00000275d3068560_0 .var "Radder_gray_next", 3 0;
v00000275d3067e80_0 .net "Rclk", 0 0, v00000275d306f770_0;  alias, 1 drivers
v00000275d3067660_0 .var "Rempty", 0 0;
v00000275d3067b60_0 .var "Rempty_flag", 0 0;
v00000275d3067020_0 .net "Rinc", 0 0, v00000275d306fa90_0;  alias, 1 drivers
v00000275d3066e40_0 .var "Rptr", 3 0;
v00000275d30677a0_0 .net "Rrst", 0 0, v00000275d306fb30_0;  alias, 1 drivers
E_00000275d300c920 .event anyedge, v00000275d3067520_0, v00000275d3067020_0, v00000275d3067660_0, v00000275d3068380_0;
L_00000275d3070210 .part v00000275d3067520_0, 0, 2;
S_00000275d2fdb180 .scope module, "FIFO_WPTRFULL" "FIFO_wprt_wfull" 3 44, 8 1 0, S_00000275d2fbf5e0;
 .timescale 0 0;
    .port_info 0 /INPUT 1 "Wrst";
    .port_info 1 /INPUT 1 "Winc";
    .port_info 2 /INPUT 1 "Wclk";
    .port_info 3 /INPUT 4 "Wq2_rptr";
    .port_info 4 /OUTPUT 2 "Wadder";
    .port_info 5 /OUTPUT 4 "Wptr";
    .port_info 6 /OUTPUT 1 "Wfull";
P_00000275d300d320 .param/l "Address_width" 0 8 2, +C4<00000000000000000000000000000011>;
v00000275d3067700_0 .net "Wadder", 1 0, L_00000275d306f3b0;  alias, 1 drivers
v00000275d3067ac0_0 .var "Wadder_binary_current", 2 0;
v00000275d3067200_0 .var "Wadder_binary_next", 2 0;
v00000275d3067f20_0 .var "Wadder_gray_next", 2 0;
v00000275d3068240_0 .net "Wclk", 0 0, v00000275d306e7d0_0;  alias, 1 drivers
v00000275d30682e0_0 .var "Wfull", 0 0;
v00000275d30670c0_0 .net "Winc", 0 0, v00000275d306ea50_0;  alias, 1 drivers
v00000275d30689c0_0 .var "Wptr", 3 0;
v00000275d3068060_0 .net "Wq2_rptr", 3 0, v00000275d30008b0_0;  alias, 1 drivers
v00000275d30686a0_0 .net "Wrst", 0 0, v00000275d306e870_0;  alias, 1 drivers
E_00000275d300d5e0 .event anyedge, v00000275d3067ac0_0, v00000275d3000bd0_0, v00000275d3000a90_0, v00000275d3067200_0;
L_00000275d306f3b0 .part v00000275d3067ac0_0, 0, 2;
S_00000275d2fdb310 .scope task, "initialize" "initialize" 2 50, 2 50 0, S_00000275d30070b0;
 .timescale -9 -12;
TD_ASYNC_FIFO_tb.initialize ;
    %pushi/vec4 0, 0, 1;
    %store/vec4 v00000275d306ea50_0, 0, 1;
    %pushi/vec4 1, 0, 1;
    %store/vec4 v00000275d306e870_0, 0, 1;
    %pushi/vec4 0, 0, 1;
    %store/vec4 v00000275d306fa90_0, 0, 1;
    %pushi/vec4 1, 0, 1;
    %store/vec4 v00000275d306fb30_0, 0, 1;
    %pushi/vec4 0, 0, 8;
    %store/vec4 v00000275d30700d0_0, 0, 8;
    %end;
S_00000275d2fe7200 .scope task, "read" "read" 2 89, 2 89 0, S_00000275d30070b0;
 .timescale -9 -12;
TD_ASYNC_FIFO_tb.read ;
    %wait E_00000275d300d060;
    %load/vec4 v00000275d306f130_0;
    %nor/r;
    %flag_set/vec4 8;
    %jmp/0xz  T_1.0, 8;
    %pushi/vec4 1, 0, 1;
    %store/vec4 v00000275d306fa90_0, 0, 1;
    %wait E_00000275d300d060;
    %pushi/vec4 0, 0, 1;
    %store/vec4 v00000275d306fa90_0, 0, 1;
    %load/vec4 v00000275d306f950_0;
    %ix/getv/s 4, v00000275d306f6d0_0;
    %load/vec4a v00000275d3070170, 4;
    %cmp/ne;
    %jmp/0xz  T_1.2, 4;
    %vpi_call 2 99 "$display", "There is an error with reading the data" {0 0 0};
T_1.2 ;
    %load/vec4 v00000275d306f6d0_0;
    %addi 1, 0, 32;
    %store/vec4 v00000275d306f6d0_0, 0, 32;
T_1.0 ;
    %end;
S_00000275d2fe7390 .scope task, "reset" "reset" 2 60, 2 60 0, S_00000275d30070b0;
 .timescale -9 -12;
TD_ASYNC_FIFO_tb.reset ;
    %pushi/vec4 0, 0, 1;
    %store/vec4 v00000275d306e870_0, 0, 1;
    %pushi/vec4 0, 0, 1;
    %store/vec4 v00000275d306fb30_0, 0, 1;
    %wait E_00000275d300d060;
    %pushi/vec4 1, 0, 1;
    %store/vec4 v00000275d306e870_0, 0, 1;
    %pushi/vec4 1, 0, 1;
    %store/vec4 v00000275d306fb30_0, 0, 1;
    %wait E_00000275d300d060;
    %pushi/vec4 0, 0, 32;
    %store/vec4 v00000275d306ed70_0, 0, 32;
    %pushi/vec4 0, 0, 32;
    %store/vec4 v00000275d306f6d0_0, 0, 32;
    %end;
S_00000275d2fe0970 .scope task, "write" "write" 2 73, 2 73 0, S_00000275d30070b0;
 .timescale -9 -12;
v00000275d306f810_0 .var "data", 7 0;
E_00000275d300d1e0 .event posedge, v00000275d3000950_0;
TD_ASYNC_FIFO_tb.write ;
    %wait E_00000275d300d1e0;
    %load/vec4 v00000275d306fbd0_0;
    %nor/r;
    %flag_set/vec4 8;
    %jmp/0xz  T_3.4, 8;
    %load/vec4 v00000275d306f810_0;
    %store/vec4 v00000275d30700d0_0, 0, 8;
    %load/vec4 v00000275d306f810_0;
    %ix/getv/s 4, v00000275d306ed70_0;
    %store/vec4a v00000275d3070170, 4, 0;
    %load/vec4 v00000275d306ed70_0;
    %addi 1, 0, 32;
    %store/vec4 v00000275d306ed70_0, 0, 32;
    %pushi/vec4 1, 0, 1;
    %store/vec4 v00000275d306ea50_0, 0, 1;
    %wait E_00000275d300d1e0;
    %pushi/vec4 0, 0, 1;
    %store/vec4 v00000275d306ea50_0, 0, 1;
T_3.4 ;
    %end;
    .scope S_00000275d2fdb180;
T_4 ;
    %wait E_00000275d300d5e0;
    %load/vec4 v00000275d3067ac0_0;
    %load/vec4 v00000275d30670c0_0;
    %pad/u 3;
    %load/vec4 v00000275d30682e0_0;
    %pad/u 3;
    %inv;
    %and;
    %add;
    %store/vec4 v00000275d3067200_0, 0, 3;
    %load/vec4 v00000275d3067200_0;
    %ix/load 4, 1, 0;
    %flag_set/imm 4, 0;
    %shiftr 4;
    %load/vec4 v00000275d3067200_0;
    %xor;
    %store/vec4 v00000275d3067f20_0, 0, 3;
    %jmp T_4;
    .thread T_4, $push;
    .scope S_00000275d2fdb180;
T_5 ;
    %wait E_00000275d300d460;
    %load/vec4 v00000275d30686a0_0;
    %nor/r;
    %flag_set/vec4 8;
    %jmp/0xz  T_5.0, 8;
    %pushi/vec4 0, 0, 3;
    %assign/vec4 v00000275d3067ac0_0, 0;
    %pushi/vec4 0, 0, 4;
    %assign/vec4 v00000275d30689c0_0, 0;
    %jmp T_5.1;
T_5.0 ;
    %load/vec4 v00000275d3067200_0;
    %assign/vec4 v00000275d3067ac0_0, 0;
    %load/vec4 v00000275d3067f20_0;
    %pad/u 4;
    %assign/vec4 v00000275d30689c0_0, 0;
T_5.1 ;
    %jmp T_5;
    .thread T_5;
    .scope S_00000275d2fdb180;
T_6 ;
    %wait E_00000275d300d460;
    %load/vec4 v00000275d30686a0_0;
    %nor/r;
    %flag_set/vec4 8;
    %jmp/0xz  T_6.0, 8;
    %pushi/vec4 0, 0, 1;
    %assign/vec4 v00000275d30682e0_0, 0;
    %jmp T_6.1;
T_6.0 ;
    %load/vec4 v00000275d3068060_0;
    %parti/s 1, 3, 3;
    %cmpi/ne 1, 1, 1;
    %flag_get/vec4 4;
    %jmp/0 T_6.3, 4;
    %load/vec4 v00000275d3067f20_0;
    %parti/s 1, 2, 3;
    %load/vec4 v00000275d3068060_0;
    %parti/s 1, 2, 3;
    %cmp/ne;
    %flag_get/vec4 4;
    %and;
T_6.3;
    %flag_set/vec4 8;
    %flag_get/vec4 8;
    %jmp/0 T_6.2, 8;
    %load/vec4 v00000275d3067f20_0;
    %parti/s 2, 0, 2;
    %load/vec4 v00000275d3068060_0;
    %parti/s 2, 0, 2;
    %cmp/e;
    %flag_get/vec4 4;
    %and;
T_6.2;
    %assign/vec4 v00000275d30682e0_0, 0;
T_6.1 ;
    %jmp T_6;
    .thread T_6;
    .scope S_00000275d2fca8c0;
T_7 ;
    %wait E_00000275d300ce20;
    %load/vec4 v00000275d3000bd0_0;
    %load/vec4 v00000275d3000a90_0;
    %inv;
    %and;
    %store/vec4 v00000275d30003b0_0, 0, 1;
    %jmp T_7;
    .thread T_7, $push;
    .scope S_00000275d2fc9c30;
T_8 ;
    %wait E_00000275d300d460;
    %load/vec4 v00000275d3066da0_0;
    %nor/r;
    %flag_set/vec4 8;
    %jmp/0xz  T_8.0, 8;
    %pushi/vec4 0, 0, 32;
    %store/vec4 v00000275d3067980_0, 0, 32;
T_8.2 ;
    %load/vec4 v00000275d3067980_0;
    %cmpi/s 8, 0, 32;
    %jmp/0xz T_8.3, 5;
    %pushi/vec4 0, 0, 8;
    %ix/getv/s 4, v00000275d3067980_0;
    %store/vec4a v00000275d3066c60, 4, 0;
    %load/vec4 v00000275d3067980_0;
    %addi 1, 0, 32;
    %store/vec4 v00000275d3067980_0, 0, 32;
    %jmp T_8.2;
T_8.3 ;
T_8.0 ;
    %load/vec4 v00000275d30684c0_0;
    %flag_set/vec4 8;
    %jmp/0xz  T_8.4, 8;
    %load/vec4 v00000275d3066d00_0;
    %load/vec4 v00000275d3066b20_0;
    %pad/u 5;
    %ix/vec4 3;
    %ix/load 4, 0, 0; Constant delay
    %assign/vec4/a/d v00000275d3066c60, 0, 4;
T_8.4 ;
    %jmp T_8;
    .thread T_8;
    .scope S_00000275d2fc9c30;
T_9 ;
    %wait E_00000275d300d060;
    %load/vec4 v00000275d3067a20_0;
    %nor/r;
    %flag_set/vec4 8;
    %jmp/0xz  T_9.0, 8;
    %load/vec4 v00000275d3066f80_0;
    %pad/u 5;
    %ix/vec4 4;
    %load/vec4a v00000275d3066c60, 4;
    %assign/vec4 v00000275d3066ee0_0, 0;
T_9.0 ;
    %jmp T_9;
    .thread T_9;
    .scope S_00000275d2fc9dc0;
T_10 ;
    %wait E_00000275d300c920;
    %load/vec4 v00000275d3067520_0;
    %load/vec4 v00000275d3067020_0;
    %pad/u 4;
    %load/vec4 v00000275d3067660_0;
    %pad/u 4;
    %inv;
    %and;
    %add;
    %store/vec4 v00000275d3068380_0, 0, 4;
    %load/vec4 v00000275d3068380_0;
    %ix/load 4, 1, 0;
    %flag_set/imm 4, 0;
    %shiftr 4;
    %load/vec4 v00000275d3068380_0;
    %xor;
    %store/vec4 v00000275d3068560_0, 0, 4;
    %jmp T_10;
    .thread T_10, $push;
    .scope S_00000275d2fc9dc0;
T_11 ;
    %wait E_00000275d300d1a0;
    %load/vec4 v00000275d30677a0_0;
    %nor/r;
    %flag_set/vec4 8;
    %jmp/0xz  T_11.0, 8;
    %pushi/vec4 0, 0, 4;
    %assign/vec4 v00000275d3067520_0, 0;
    %pushi/vec4 0, 0, 4;
    %assign/vec4 v00000275d3066e40_0, 0;
    %jmp T_11.1;
T_11.0 ;
    %load/vec4 v00000275d3068380_0;
    %assign/vec4 v00000275d3067520_0, 0;
    %load/vec4 v00000275d3068560_0;
    %assign/vec4 v00000275d3066e40_0, 0;
T_11.1 ;
    %jmp T_11;
    .thread T_11;
    .scope S_00000275d2fc9dc0;
T_12 ;
    %wait E_00000275d300d1a0;
    %load/vec4 v00000275d30677a0_0;
    %nor/r;
    %flag_set/vec4 8;
    %jmp/0xz  T_12.0, 8;
    %pushi/vec4 1, 0, 1;
    %assign/vec4 v00000275d3067660_0, 0;
    %jmp T_12.1;
T_12.0 ;
    %load/vec4 v00000275d3068560_0;
    %load/vec4 v00000275d3067de0_0;
    %cmp/e;
    %flag_get/vec4 4;
    %assign/vec4 v00000275d3067660_0, 0;
    %load/vec4 v00000275d3068560_0;
    %load/vec4 v00000275d3067de0_0;
    %cmp/e;
    %flag_get/vec4 4;
    %assign/vec4 v00000275d3067b60_0, 0;
T_12.1 ;
    %jmp T_12;
    .thread T_12;
    .scope S_00000275d2fc3ff0;
T_13 ;
    %pushi/vec4 0, 0, 32;
    %store/vec4 v00000275d3000630_0, 0, 32;
T_13.0 ;
    %load/vec4 v00000275d3000630_0;
    %pad/s 33;
    %cmpi/s 4, 0, 33;
    %jmp/0xz T_13.1, 5;
    %pushi/vec4 0, 0, 2;
    %ix/getv/s 4, v00000275d3000630_0;
    %store/vec4a v00000275d3000770, 4, 0;
    %load/vec4 v00000275d3000630_0;
    %addi 1, 0, 32;
    %store/vec4 v00000275d3000630_0, 0, 32;
    %jmp T_13.0;
T_13.1 ;
    %pushi/vec4 0, 0, 4;
    %store/vec4 v00000275d30008b0_0, 0, 4;
    %end;
    .thread T_13;
    .scope S_00000275d2fc3ff0;
T_14 ;
    %wait E_00000275d300d460;
    %load/vec4 v00000275d3000b30_0;
    %nor/r;
    %flag_set/vec4 8;
    %jmp/0xz  T_14.0, 8;
    %pushi/vec4 0, 0, 32;
    %store/vec4 v00000275d3000630_0, 0, 32;
T_14.2 ;
    %load/vec4 v00000275d3000630_0;
    %pad/s 33;
    %cmpi/s 4, 0, 33;
    %jmp/0xz T_14.3, 5;
    %pushi/vec4 0, 0, 2;
    %ix/getv/s 3, v00000275d3000630_0;
    %ix/load 4, 0, 0; Constant delay
    %assign/vec4/a/d v00000275d3000770, 0, 4;
    %load/vec4 v00000275d3000630_0;
    %addi 1, 0, 32;
    %store/vec4 v00000275d3000630_0, 0, 32;
    %jmp T_14.2;
T_14.3 ;
    %jmp T_14.1;
T_14.0 ;
    %pushi/vec4 0, 0, 32;
    %store/vec4 v00000275d3000630_0, 0, 32;
T_14.4 ;
    %load/vec4 v00000275d3000630_0;
    %pad/s 33;
    %cmpi/s 4, 0, 33;
    %jmp/0xz T_14.5, 5;
    %ix/getv/s 4, v00000275d3000630_0;
    %load/vec4a v00000275d3000770, 4;
    %parti/s 1, 0, 2;
    %load/vec4 v00000275d3000450_0;
    %load/vec4 v00000275d3000630_0;
    %part/s 1;
    %concat/vec4; draw_concat_vec4
    %ix/getv/s 3, v00000275d3000630_0;
    %ix/load 4, 0, 0; Constant delay
    %assign/vec4/a/d v00000275d3000770, 0, 4;
    %load/vec4 v00000275d3000630_0;
    %addi 1, 0, 32;
    %store/vec4 v00000275d3000630_0, 0, 32;
    %jmp T_14.4;
T_14.5 ;
T_14.1 ;
    %jmp T_14;
    .thread T_14;
    .scope S_00000275d2fc3ff0;
T_15 ;
    %wait E_00000275d300d120;
    %pushi/vec4 0, 0, 32;
    %store/vec4 v00000275d3000630_0, 0, 32;
T_15.0 ;
    %load/vec4 v00000275d3000630_0;
    %pad/s 33;
    %cmpi/s 4, 0, 33;
    %jmp/0xz T_15.1, 5;
    %ix/getv/s 4, v00000275d3000630_0;
    %load/vec4a v00000275d3000770, 4;
    %parti/s 1, 1, 2;
    %ix/getv/s 4, v00000275d3000630_0;
    %store/vec4 v00000275d30008b0_0, 4, 1;
    %load/vec4 v00000275d3000630_0;
    %addi 1, 0, 32;
    %store/vec4 v00000275d3000630_0, 0, 32;
    %jmp T_15.0;
T_15.1 ;
    %jmp T_15;
    .thread T_15, $push;
    .scope S_00000275d2fca730;
T_16 ;
    %pushi/vec4 0, 0, 32;
    %store/vec4 v00000275d3000310_0, 0, 32;
T_16.0 ;
    %load/vec4 v00000275d3000310_0;
    %pad/s 33;
    %cmpi/s 4, 0, 33;
    %jmp/0xz T_16.1, 5;
    %pushi/vec4 0, 0, 2;
    %ix/getv/s 4, v00000275d3000310_0;
    %store/vec4a v00000275d3000db0, 4, 0;
    %load/vec4 v00000275d3000310_0;
    %addi 1, 0, 32;
    %store/vec4 v00000275d3000310_0, 0, 32;
    %jmp T_16.0;
T_16.1 ;
    %pushi/vec4 0, 0, 4;
    %store/vec4 v00000275d3000270_0, 0, 4;
    %end;
    .thread T_16;
    .scope S_00000275d2fca730;
T_17 ;
    %wait E_00000275d300d1a0;
    %load/vec4 v00000275d3000810_0;
    %nor/r;
    %flag_set/vec4 8;
    %jmp/0xz  T_17.0, 8;
    %pushi/vec4 0, 0, 32;
    %store/vec4 v00000275d3000310_0, 0, 32;
T_17.2 ;
    %load/vec4 v00000275d3000310_0;
    %pad/s 33;
    %cmpi/s 4, 0, 33;
    %jmp/0xz T_17.3, 5;
    %pushi/vec4 0, 0, 2;
    %ix/getv/s 3, v00000275d3000310_0;
    %ix/load 4, 0, 0; Constant delay
    %assign/vec4/a/d v00000275d3000db0, 0, 4;
    %load/vec4 v00000275d3000310_0;
    %addi 1, 0, 32;
    %store/vec4 v00000275d3000310_0, 0, 32;
    %jmp T_17.2;
T_17.3 ;
    %jmp T_17.1;
T_17.0 ;
    %pushi/vec4 0, 0, 32;
    %store/vec4 v00000275d3000310_0, 0, 32;
T_17.4 ;
    %load/vec4 v00000275d3000310_0;
    %pad/s 33;
    %cmpi/s 4, 0, 33;
    %jmp/0xz T_17.5, 5;
    %ix/getv/s 4, v00000275d3000310_0;
    %load/vec4a v00000275d3000db0, 4;
    %parti/s 1, 0, 2;
    %load/vec4 v00000275d30009f0_0;
    %load/vec4 v00000275d3000310_0;
    %part/s 1;
    %concat/vec4; draw_concat_vec4
    %ix/getv/s 3, v00000275d3000310_0;
    %ix/load 4, 0, 0; Constant delay
    %assign/vec4/a/d v00000275d3000db0, 0, 4;
    %load/vec4 v00000275d3000310_0;
    %addi 1, 0, 32;
    %store/vec4 v00000275d3000310_0, 0, 32;
    %jmp T_17.4;
T_17.5 ;
T_17.1 ;
    %jmp T_17;
    .thread T_17;
    .scope S_00000275d2fca730;
T_18 ;
    %wait E_00000275d300cc20;
    %pushi/vec4 0, 0, 32;
    %store/vec4 v00000275d3000310_0, 0, 32;
T_18.0 ;
    %load/vec4 v00000275d3000310_0;
    %pad/s 33;
    %cmpi/s 4, 0, 33;
    %jmp/0xz T_18.1, 5;
    %ix/getv/s 4, v00000275d3000310_0;
    %load/vec4a v00000275d3000db0, 4;
    %parti/s 1, 1, 2;
    %ix/getv/s 4, v00000275d3000310_0;
    %store/vec4 v00000275d3000270_0, 4, 1;
    %load/vec4 v00000275d3000310_0;
    %addi 1, 0, 32;
    %store/vec4 v00000275d3000310_0, 0, 32;
    %jmp T_18.0;
T_18.1 ;
    %jmp T_18;
    .thread T_18, $push;
    .scope S_00000275d30070b0;
T_19 ;
    %pushi/vec4 0, 0, 1;
    %store/vec4 v00000275d306f8b0_0, 0, 1;
    %end;
    .thread T_19;
    .scope S_00000275d30070b0;
T_20 ;
    %pushi/vec4 0, 0, 1;
    %store/vec4 v00000275d306e7d0_0, 0, 1;
    %delay 5000, 0;
    %pushi/vec4 1, 0, 1;
    %store/vec4 v00000275d306e7d0_0, 0, 1;
    %delay 5000, 0;
    %jmp T_20;
    .thread T_20;
    .scope S_00000275d30070b0;
T_21 ;
    %pushi/vec4 0, 0, 1;
    %store/vec4 v00000275d306f770_0, 0, 1;
    %delay 12500, 0;
    %pushi/vec4 1, 0, 1;
    %store/vec4 v00000275d306f770_0, 0, 1;
    %delay 12500, 0;
    %jmp T_21;
    .thread T_21;
    .scope S_00000275d30070b0;
T_22 ;
    %vpi_call 2 110 "$dumpfile", "ASYNC_FIFO.vcd" {0 0 0};
    %vpi_call 2 111 "$dumpvars" {0 0 0};
    %fork TD_ASYNC_FIFO_tb.initialize, S_00000275d2fdb310;
    %join;
    %fork TD_ASYNC_FIFO_tb.reset, S_00000275d2fe7390;
    %join;
    %vpi_call 2 115 "$display", "Test case 1: trying to fill FIFO to its maximum value" {0 0 0};
    %pushi/vec4 1, 0, 32;
    %store/vec4 v00000275d306e410_0, 0, 32;
T_22.0 ;
    %load/vec4 v00000275d306e410_0;
    %cmpi/s 8, 0, 32;
    %flag_or 5, 4;
    %jmp/0xz T_22.1, 5;
    %pushi/vec4 10, 0, 32;
    %load/vec4 v00000275d306e410_0;
    %add;
    %pad/u 8;
    %store/vec4 v00000275d306f810_0, 0, 8;
    %fork TD_ASYNC_FIFO_tb.write, S_00000275d2fe0970;
    %join;
    %load/vec4 v00000275d306e410_0;
    %addi 1, 0, 32;
    %store/vec4 v00000275d306e410_0, 0, 32;
    %jmp T_22.0;
T_22.1 ;
    %load/vec4 v00000275d306e7d0_0;
    %pad/u 64;
    %muli 1000, 0, 64;
    %ix/vec4 4;
    %delayx 4;
    %vpi_call 2 121 "$display", "Number of writes=%0d ,Wfull=%0b , Wempty=%0b", v00000275d306ed70_0, v00000275d306fbd0_0, v00000275d306f130_0 {0 0 0};
    %vpi_call 2 123 "$display", "Test case 2 : trying to store a data when the FIFO is full" {0 0 0};
    %pushi/vec4 20, 0, 8;
    %store/vec4 v00000275d306f810_0, 0, 8;
    %fork TD_ASYNC_FIFO_tb.write, S_00000275d2fe0970;
    %join;
    %load/vec4 v00000275d306e7d0_0;
    %pad/u 64;
    %muli 1000, 0, 64;
    %ix/vec4 4;
    %delayx 4;
    %vpi_call 2 126 "$display", "Wfull=%0b , Wempty=%0b", v00000275d306fbd0_0, v00000275d306f130_0 {0 0 0};
    %end;
    .thread T_22;
    .scope S_00000275d30070b0;
T_23 ;
    %delay 300000, 0;
    %vpi_call 2 135 "$display", "Test case 3: trying to read all the contents in the FIFO " {0 0 0};
T_23.0 ;
    %load/vec4 v00000275d306f130_0;
    %nor/r;
    %flag_set/vec4 9;
    %flag_get/vec4 9;
    %jmp/0 T_23.2, 9;
    %load/vec4 v00000275d306f6d0_0;
    %load/vec4 v00000275d306ed70_0;
    %cmp/s;
    %flag_get/vec4 5;
    %and;
T_23.2;
    %flag_set/vec4 8;
    %jmp/0xz T_23.1, 8;
    %fork TD_ASYNC_FIFO_tb.read, S_00000275d2fe7200;
    %join;
    %jmp T_23.0;
T_23.1 ;
    %load/vec4 v00000275d306f770_0;
    %pad/u 64;
    %muli 1000, 0, 64;
    %ix/vec4 4;
    %delayx 4;
    %vpi_call 2 139 "$display", "Number of Reads=%0d ,Wfull=%0b , Wempty=%0b", v00000275d306f6d0_0, v00000275d306fbd0_0, v00000275d306f130_0 {0 0 0};
    %vpi_call 2 143 "$display", "Test case 4: trying to read when the FIFO is empty" {0 0 0};
    %fork TD_ASYNC_FIFO_tb.read, S_00000275d2fe7200;
    %join;
    %load/vec4 v00000275d306f770_0;
    %pad/u 64;
    %muli 1000, 0, 64;
    %ix/vec4 4;
    %delayx 4;
    %vpi_call 2 146 "$display", "Wfull=%0b , Wempty=%0b", v00000275d306fbd0_0, v00000275d306f130_0 {0 0 0};
    %vpi_call 2 150 "$display", "Test case 5: trying to read and write simultaneously" {0 0 0};
    %fork TD_ASYNC_FIFO_tb.reset, S_00000275d2fe7390;
    %join;
    %pushi/vec4 0, 0, 1;
    %store/vec4 v00000275d306f8b0_0, 0, 1;
    %fork t_1, S_00000275d30070b0;
    %fork t_2, S_00000275d30070b0;
    %join;
    %join;
    %jmp t_0;
t_1 ;
    %pushi/vec4 1, 0, 32;
    %store/vec4 v00000275d306e410_0, 0, 32;
T_23.3 ;
    %load/vec4 v00000275d306e410_0;
    %cmpi/s 8, 0, 32;
    %flag_or 5, 4;
    %jmp/0xz T_23.4, 5;
    %pushi/vec4 50, 0, 32;
    %load/vec4 v00000275d306e410_0;
    %add;
    %pad/u 8;
    %store/vec4 v00000275d306f810_0, 0, 8;
    %fork TD_ASYNC_FIFO_tb.write, S_00000275d2fe0970;
    %join;
    %load/vec4 v00000275d306e410_0;
    %addi 1, 0, 32;
    %store/vec4 v00000275d306e410_0, 0, 32;
    %jmp T_23.3;
T_23.4 ;
    %end;
t_2 ;
T_23.5 ;
    %load/vec4 v00000275d306f8b0_0;
    %nor/r;
    %flag_set/vec4 8;
    %jmp/0xz T_23.6, 8;
    %fork TD_ASYNC_FIFO_tb.read, S_00000275d2fe7200;
    %join;
    %load/vec4 v00000275d306f6d0_0;
    %cmpi/e 8, 0, 32;
    %jmp/0xz  T_23.7, 4;
    %pushi/vec4 1, 0, 1;
    %store/vec4 v00000275d306f8b0_0, 0, 1;
    %jmp T_23.8;
T_23.7 ;
    %fork TD_ASYNC_FIFO_tb.read, S_00000275d2fe7200;
    %join;
T_23.8 ;
    %jmp T_23.5;
T_23.6 ;
    %end;
    .scope S_00000275d30070b0;
t_0 ;
    %wait E_00000275d300d060;
    %vpi_call 2 170 "$display", "Number of Reads=%0d , Number of writes=%0d , Wfull=%0b , Wempty=%0b", v00000275d306f6d0_0, v00000275d306ed70_0, v00000275d306fbd0_0, v00000275d306f130_0 {0 0 0};
    %delay 100000, 0;
    %vpi_call 2 173 "$finish" {0 0 0};
    %end;
    .thread T_23;
# The file index is used to find the file name in the following table.
:file_names 9;
    "N/A";
    "<interactive>";
    "ASYNC_FIFO_tb.v";
    "./ASYNC_FIFO.v";
    "./BIT_SYNC.v";
    "./Comb_logic.v";
    "./FIFO_MEMORY.v";
    "./FIFO_rptr_rempty.v";
    "./FIFO_wprt_wfull.v";
