#! /c/Source/iverilog-install/bin/vvp
:ivl_version "12.0 (devel)" "(s20150603-1539-g2693dd32b)";
:ivl_delay_selection "TYPICAL";
:vpi_time_precision + 0;
:vpi_module "C:\iverilog\lib\ivl\system.vpi";
:vpi_module "C:\iverilog\lib\ivl\vhdl_sys.vpi";
:vpi_module "C:\iverilog\lib\ivl\vhdl_textio.vpi";
:vpi_module "C:\iverilog\lib\ivl\v2005_math.vpi";
:vpi_module "C:\iverilog\lib\ivl\va_math.vpi";
S_00000224d90b2af0 .scope module, "FIFO_MEMORY" "FIFO_MEMORY" 2 1;
 .timescale 0 0;
    .port_info 0 /INPUT 8 "Wrdata";
    .port_info 1 /INPUT 2 "Wadder";
    .port_info 2 /INPUT 1 "Wclken";
    .port_info 3 /INPUT 1 "Wclk";
    .port_info 4 /INPUT 1 "Wrst";
    .port_info 5 /OUTPUT 8 "Rdata";
    .port_info 6 /INPUT 2 "Radder";
    .port_info 7 /INPUT 1 "Rempty_flag";
    .port_info 8 /INPUT 1 "Rclk";
P_00000224d90b3380 .param/l "Address_width" 0 2 5, +C4<00000000000000000000000000000011>;
P_00000224d90b33b8 .param/l "Data_width" 0 2 3, +C4<00000000000000000000000000001000>;
P_00000224d90b33f0 .param/l "Depth" 0 2 4, +C4<00000000000000000000000000001000>;
v00000224d924beb0 .array "MEM", 0 7, 7 0;
o00000224d90e6fd8 .functor BUFZ 2, C4<zz>; HiZ drive
v00000224d90b2c80_0 .net "Radder", 1 0, o00000224d90e6fd8;  0 drivers
o00000224d90e7008 .functor BUFZ 1, C4<z>; HiZ drive
v00000224d90b2d20_0 .net "Rclk", 0 0, o00000224d90e7008;  0 drivers
v00000224d90b2dc0_0 .var "Rdata", 7 0;
o00000224d90e7068 .functor BUFZ 1, C4<z>; HiZ drive
v00000224d90b2e60_0 .net "Rempty_flag", 0 0, o00000224d90e7068;  0 drivers
o00000224d90e7098 .functor BUFZ 2, C4<zz>; HiZ drive
v00000224d90b2f00_0 .net "Wadder", 1 0, o00000224d90e7098;  0 drivers
o00000224d90e70c8 .functor BUFZ 1, C4<z>; HiZ drive
v00000224d90e4240_0 .net "Wclk", 0 0, o00000224d90e70c8;  0 drivers
o00000224d90e70f8 .functor BUFZ 1, C4<z>; HiZ drive
v00000224d90e42e0_0 .net "Wclken", 0 0, o00000224d90e70f8;  0 drivers
o00000224d90e7128 .functor BUFZ 8, C4<zzzzzzzz>; HiZ drive
v00000224d90e4380_0 .net "Wrdata", 7 0, o00000224d90e7128;  0 drivers
o00000224d90e7158 .functor BUFZ 1, C4<z>; HiZ drive
v00000224d912e860_0 .net "Wrst", 0 0, o00000224d90e7158;  0 drivers
v00000224d912e900_0 .var/i "i", 31 0;
E_00000224d92498b0 .event posedge, v00000224d90b2d20_0;
E_00000224d92490f0/0 .event negedge, v00000224d912e860_0;
E_00000224d92490f0/1 .event posedge, v00000224d90e4240_0;
E_00000224d92490f0 .event/or E_00000224d92490f0/0, E_00000224d92490f0/1;
    .scope S_00000224d90b2af0;
T_0 ;
    %wait E_00000224d92490f0;
    %load/vec4 v00000224d912e860_0;
    %nor/r;
    %flag_set/vec4 8;
    %jmp/0xz  T_0.0, 8;
    %pushi/vec4 0, 0, 32;
    %store/vec4 v00000224d912e900_0, 0, 32;
T_0.2 ;
    %load/vec4 v00000224d912e900_0;
    %cmpi/s 8, 0, 32;
    %jmp/0xz T_0.3, 5;
    %pushi/vec4 0, 0, 8;
    %ix/getv/s 4, v00000224d912e900_0;
    %store/vec4a v00000224d924beb0, 4, 0;
    %load/vec4 v00000224d912e900_0;
    %addi 1, 0, 32;
    %store/vec4 v00000224d912e900_0, 0, 32;
    %jmp T_0.2;
T_0.3 ;
T_0.0 ;
    %load/vec4 v00000224d90e42e0_0;
    %flag_set/vec4 8;
    %jmp/0xz  T_0.4, 8;
    %load/vec4 v00000224d90e4380_0;
    %load/vec4 v00000224d90b2f00_0;
    %pad/u 5;
    %ix/vec4 3;
    %ix/load 4, 0, 0; Constant delay
    %assign/vec4/a/d v00000224d924beb0, 0, 4;
T_0.4 ;
    %jmp T_0;
    .thread T_0;
    .scope S_00000224d90b2af0;
T_1 ;
    %wait E_00000224d92498b0;
    %load/vec4 v00000224d90b2e60_0;
    %nor/r;
    %flag_set/vec4 8;
    %jmp/0xz  T_1.0, 8;
    %load/vec4 v00000224d90b2c80_0;
    %pad/u 5;
    %ix/vec4 4;
    %load/vec4a v00000224d924beb0, 4;
    %assign/vec4 v00000224d90b2dc0_0, 0;
T_1.0 ;
    %jmp T_1;
    .thread T_1;
# The file index is used to find the file name in the following table.
:file_names 3;
    "N/A";
    "<interactive>";
    "FIFO_MEMORY.v";
