#! /c/Source/iverilog-install/bin/vvp
:ivl_version "12.0 (devel)" "(s20150603-1539-g2693dd32b)";
:ivl_delay_selection "TYPICAL";
:vpi_time_precision + 0;
:vpi_module "C:\iverilog\lib\ivl\system.vpi";
:vpi_module "C:\iverilog\lib\ivl\vhdl_sys.vpi";
:vpi_module "C:\iverilog\lib\ivl\vhdl_textio.vpi";
:vpi_module "C:\iverilog\lib\ivl\v2005_math.vpi";
:vpi_module "C:\iverilog\lib\ivl\va_math.vpi";
S_0000019689eaaf50 .scope module, "DigCt" "DigCt" 2 1;
 .timescale 0 0;
    .port_info 0 /INPUT 1 "IN1";
    .port_info 1 /INPUT 1 "IN2";
    .port_info 2 /INPUT 1 "IN3";
    .port_info 3 /INPUT 1 "IN4";
    .port_info 4 /INPUT 1 "IN5";
    .port_info 5 /INPUT 1 "CLK";
    .port_info 6 /OUTPUT 1 "OUT1";
    .port_info 7 /OUTPUT 1 "OUT2";
    .port_info 8 /OUTPUT 1 "OUT3";
o0000019689ef8fd8 .functor BUFZ 1, C4<z>; HiZ drive
v0000019689ec31e0_0 .net "CLK", 0 0, o0000019689ef8fd8;  0 drivers
v0000019689eabec0_0 .var "D1", 0 0;
v0000019689f3f850_0 .var "D2", 0 0;
v0000019689f3f8f0_0 .var "D3", 0 0;
o0000019689ef9098 .functor BUFZ 1, C4<z>; HiZ drive
v0000019689f3f990_0 .net "IN1", 0 0, o0000019689ef9098;  0 drivers
o0000019689ef90c8 .functor BUFZ 1, C4<z>; HiZ drive
v0000019689f3fa30_0 .net "IN2", 0 0, o0000019689ef90c8;  0 drivers
o0000019689ef90f8 .functor BUFZ 1, C4<z>; HiZ drive
v0000019689f3fad0_0 .net "IN3", 0 0, o0000019689ef90f8;  0 drivers
o0000019689ef9128 .functor BUFZ 1, C4<z>; HiZ drive
v0000019689f3fb70_0 .net "IN4", 0 0, o0000019689ef9128;  0 drivers
o0000019689ef9158 .functor BUFZ 1, C4<z>; HiZ drive
v0000019689f3fc10_0 .net "IN5", 0 0, o0000019689ef9158;  0 drivers
v0000019689f400b0_0 .var "OUT1", 0 0;
v0000019689f40830_0 .var "OUT2", 0 0;
v0000019689f405b0_0 .var "OUT3", 0 0;
v0000019689f40330_0 .var "nor1", 0 0;
v0000019689f406f0_0 .var "or1", 0 0;
E_0000019689ea96b0 .event anyedge, v0000019689f3fad0_0, v0000019689f3fa30_0;
E_0000019689ea93f0 .event anyedge, v0000019689f3fad0_0, v0000019689f3fa30_0, v0000019689f3f990_0;
E_0000019689ea8c30 .event posedge, v0000019689ec31e0_0;
    .scope S_0000019689eaaf50;
T_0 ;
    %wait E_0000019689ea8c30;
    %load/vec4 v0000019689eabec0_0;
    %assign/vec4 v0000019689f400b0_0, 0;
    %jmp T_0;
    .thread T_0;
    .scope S_0000019689eaaf50;
T_1 ;
    %wait E_0000019689ea8c30;
    %load/vec4 v0000019689f3f850_0;
    %assign/vec4 v0000019689f40830_0, 0;
    %jmp T_1;
    .thread T_1;
    .scope S_0000019689eaaf50;
T_2 ;
    %wait E_0000019689ea8c30;
    %load/vec4 v0000019689f3f8f0_0;
    %assign/vec4 v0000019689f405b0_0, 0;
    %jmp T_2;
    .thread T_2;
    .scope S_0000019689eaaf50;
T_3 ;
    %wait E_0000019689ea93f0;
    %load/vec4 v0000019689f3f990_0;
    %load/vec4 v0000019689f3fa30_0;
    %or;
    %inv;
    %store/vec4 v0000019689f40330_0, 0, 1;
    %load/vec4 v0000019689f40330_0;
    %load/vec4 v0000019689f3fad0_0;
    %and;
    %inv;
    %store/vec4 v0000019689eabec0_0, 0, 1;
    %jmp T_3;
    .thread T_3, $push;
    .scope S_0000019689eaaf50;
T_4 ;
    %wait E_0000019689ea96b0;
    %load/vec4 v0000019689f3fa30_0;
    %load/vec4 v0000019689f3fad0_0;
    %and;
    %inv;
    %store/vec4 v0000019689f3f850_0, 0, 1;
    %jmp T_4;
    .thread T_4, $push;
    .scope S_0000019689eaaf50;
T_5 ;
    %wait E_0000019689ea96b0;
    %load/vec4 v0000019689f3fad0_0;
    %load/vec4 v0000019689f3fb70_0;
    %inv;
    %or;
    %store/vec4 v0000019689f406f0_0, 0, 1;
    %load/vec4 v0000019689f406f0_0;
    %load/vec4 v0000019689f3fc10_0;
    %or;
    %store/vec4 v0000019689f3f8f0_0, 0, 1;
    %jmp T_5;
    .thread T_5, $push;
# The file index is used to find the file name in the following table.
:file_names 3;
    "N/A";
    "<interactive>";
    "Assigment1.v";
