#! /c/Source/iverilog-install/bin/vvp
:ivl_version "12.0 (devel)" "(s20150603-1539-g2693dd32b)";
:ivl_delay_selection "TYPICAL";
:vpi_time_precision + 0;
:vpi_module "C:\iverilog\lib\ivl\system.vpi";
:vpi_module "C:\iverilog\lib\ivl\vhdl_sys.vpi";
:vpi_module "C:\iverilog\lib\ivl\vhdl_textio.vpi";
:vpi_module "C:\iverilog\lib\ivl\v2005_math.vpi";
:vpi_module "C:\iverilog\lib\ivl\va_math.vpi";
S_000001efad032b30 .scope module, "CLK_gate" "CLK_gate" 2 1;
 .timescale 0 0;
    .port_info 0 /INPUT 1 "CLK_EN";
    .port_info 1 /INPUT 1 "CLK";
    .port_info 2 /OUTPUT 1 "GATED_CLK";
o000001efad066fd8 .functor BUFZ 1, C4<z>; HiZ drive
L_000001efad033190 .functor AND 1, v000001efad032e00_0, o000001efad066fd8, C4<1>, C4<1>;
v000001efad0333b0_0 .net "CLK", 0 0, o000001efad066fd8;  0 drivers
o000001efad067008 .functor BUFZ 1, C4<z>; HiZ drive
v000001efad032cc0_0 .net "CLK_EN", 0 0, o000001efad067008;  0 drivers
v000001efad032d60_0 .net "GATED_CLK", 0 0, L_000001efad033190;  1 drivers
v000001efad032e00_0 .var "latch", 0 0;
E_000001efad065600 .event anyedge, v000001efad032cc0_0, v000001efad0333b0_0;
    .scope S_000001efad032b30;
T_0 ;
    %wait E_000001efad065600;
    %load/vec4 v000001efad0333b0_0;
    %nor/r;
    %flag_set/vec4 8;
    %jmp/0xz  T_0.0, 8;
    %load/vec4 v000001efad032cc0_0;
    %assign/vec4 v000001efad032e00_0, 0;
T_0.0 ;
    %jmp T_0;
    .thread T_0, $push;
# The file index is used to find the file name in the following table.
:file_names 3;
    "N/A";
    "<interactive>";
    "CLK_gate.v";
