#! /c/Source/iverilog-install/bin/vvp
:ivl_version "12.0 (devel)" "(s20150603-1539-g2693dd32b)";
:ivl_delay_selection "TYPICAL";
:vpi_time_precision + 0;
:vpi_module "C:\iverilog\lib\ivl\system.vpi";
:vpi_module "C:\iverilog\lib\ivl\vhdl_sys.vpi";
:vpi_module "C:\iverilog\lib\ivl\vhdl_textio.vpi";
:vpi_module "C:\iverilog\lib\ivl\v2005_math.vpi";
:vpi_module "C:\iverilog\lib\ivl\va_math.vpi";
S_0000017ef3752c00 .scope module, "DigCt" "DigCt" 2 4;
 .timescale 0 0;
    .port_info 0 /INPUT 1 "IN1";
    .port_info 1 /INPUT 1 "IN2";
    .port_info 2 /INPUT 1 "IN3";
    .port_info 3 /INPUT 1 "IN4";
    .port_info 4 /INPUT 1 "CLK";
    .port_info 5 /OUTPUT 1 "OUT1";
    .port_info 6 /OUTPUT 1 "OUT2";
    .port_info 7 /OUTPUT 1 "OUT3";
o0000017ef3786fd8 .functor BUFZ 1, C4<z>; HiZ drive
v0000017ef3752d90_0 .net "CLK", 0 0, o0000017ef3786fd8;  0 drivers
v0000017ef3752e30_0 .var "D1", 0 0;
v0000017ef3752ed0_0 .var "D2", 0 0;
v0000017ef373b9c0_0 .var "D3", 0 0;
o0000017ef3787098 .functor BUFZ 1, C4<z>; HiZ drive
v0000017ef373ba60_0 .net "IN1", 0 0, o0000017ef3787098;  0 drivers
o0000017ef37870c8 .functor BUFZ 1, C4<z>; HiZ drive
v0000017ef373bb00_0 .net "IN2", 0 0, o0000017ef37870c8;  0 drivers
o0000017ef37870f8 .functor BUFZ 1, C4<z>; HiZ drive
v0000017ef373bba0_0 .net "IN3", 0 0, o0000017ef37870f8;  0 drivers
o0000017ef3787128 .functor BUFZ 1, C4<z>; HiZ drive
v0000017ef373bc40_0 .net "IN4", 0 0, o0000017ef3787128;  0 drivers
v0000017ef373bce0_0 .var "OUT1", 0 0;
v0000017ef373be10_0 .var "OUT2", 0 0;
v0000017ef373beb0_0 .var "OUT3", 0 0;
E_0000017ef373ca40 .event anyedge, v0000017ef373ba60_0, v0000017ef373bb00_0, v0000017ef373bba0_0;
E_0000017ef373cb00 .event posedge, v0000017ef3752d90_0;
    .scope S_0000017ef3752c00;
T_0 ;
    %wait E_0000017ef373cb00;
    %load/vec4 v0000017ef3752e30_0;
    %assign/vec4 v0000017ef373bce0_0, 0;
    %load/vec4 v0000017ef3752ed0_0;
    %assign/vec4 v0000017ef373be10_0, 0;
    %load/vec4 v0000017ef373b9c0_0;
    %assign/vec4 v0000017ef373beb0_0, 0;
    %jmp T_0;
    .thread T_0;
    .scope S_0000017ef3752c00;
T_1 ;
    %wait E_0000017ef373ca40;
    %load/vec4 v0000017ef373ba60_0;
    %load/vec4 v0000017ef373bb00_0;
    %or;
    %inv;
    %store/vec4 v0000017ef3752e30_0, 0, 1;
    %load/vec4 v0000017ef373bb00_0;
    %load/vec4 v0000017ef373bba0_0;
    %and;
    %inv;
    %store/vec4 v0000017ef3752ed0_0, 0, 1;
    %load/vec4 v0000017ef373bb00_0;
    %load/vec4 v0000017ef373bba0_0;
    %or;
    %store/vec4 v0000017ef373b9c0_0, 0, 1;
    %jmp T_1;
    .thread T_1, $push;
# The file index is used to find the file name in the following table.
:file_names 3;
    "N/A";
    "<interactive>";
    "Lab1_modified.v";
