#! /c/Source/iverilog-install/bin/vvp
:ivl_version "12.0 (devel)" "(s20150603-1539-g2693dd32b)";
:ivl_delay_selection "TYPICAL";
:vpi_time_precision + 0;
:vpi_module "C:\iverilog\lib\ivl\system.vpi";
:vpi_module "C:\iverilog\lib\ivl\vhdl_sys.vpi";
:vpi_module "C:\iverilog\lib\ivl\vhdl_textio.vpi";
:vpi_module "C:\iverilog\lib\ivl\v2005_math.vpi";
:vpi_module "C:\iverilog\lib\ivl\va_math.vpi";
S_0000021a80882c40 .scope module, "counter_4bit" "counter_4bit" 2 15;
 .timescale 0 0;
    .port_info 0 /INPUT 4 "IN";
    .port_info 1 /INPUT 1 "latch";
    .port_info 2 /INPUT 1 "dec";
    .port_info 3 /INPUT 1 "clk";
    .port_info 4 /OUTPUT 4 "counter";
    .port_info 5 /OUTPUT 1 "zero";
o0000021a808b6fb8 .functor BUFZ 4, C4<zzzz>; HiZ drive
v0000021a80882dd0_0 .net "IN", 3 0, o0000021a808b6fb8;  0 drivers
o0000021a808b6fe8 .functor BUFZ 1, C4<z>; HiZ drive
v0000021a8086bf00_0 .net "clk", 0 0, o0000021a808b6fe8;  0 drivers
v0000021a80882e70_0 .var "counter", 3 0;
o0000021a808b7048 .functor BUFZ 1, C4<z>; HiZ drive
v0000021a80882f10_0 .net "dec", 0 0, o0000021a808b7048;  0 drivers
o0000021a808b7078 .functor BUFZ 1, C4<z>; HiZ drive
v0000021a808b2580_0 .net "latch", 0 0, o0000021a808b7078;  0 drivers
v0000021a808b2620_0 .var "zero", 0 0;
E_0000021a8086c550 .event anyedge, v0000021a80882e70_0;
E_0000021a8086c610 .event posedge, v0000021a8086bf00_0;
    .scope S_0000021a80882c40;
T_0 ;
    %wait E_0000021a8086c610;
    %load/vec4 v0000021a808b2580_0;
    %flag_set/vec4 8;
    %jmp/0xz  T_0.0, 8;
    %load/vec4 v0000021a80882dd0_0;
    %assign/vec4 v0000021a80882e70_0, 0;
    %jmp T_0.1;
T_0.0 ;
    %load/vec4 v0000021a80882f10_0;
    %flag_set/vec4 9;
    %flag_get/vec4 9;
    %jmp/0 T_0.4, 9;
    %load/vec4 v0000021a808b2620_0;
    %nor/r;
    %and;
T_0.4;
    %flag_set/vec4 8;
    %jmp/0xz  T_0.2, 8;
    %load/vec4 v0000021a80882e70_0;
    %subi 1, 0, 4;
    %store/vec4 v0000021a80882e70_0, 0, 4;
T_0.2 ;
T_0.1 ;
    %jmp T_0;
    .thread T_0;
    .scope S_0000021a80882c40;
T_1 ;
    %wait E_0000021a8086c550;
    %load/vec4 v0000021a80882e70_0;
    %cmpi/e 0, 0, 4;
    %jmp/0xz  T_1.0, 4;
    %pushi/vec4 1, 0, 1;
    %store/vec4 v0000021a808b2620_0, 0, 1;
    %jmp T_1.1;
T_1.0 ;
    %pushi/vec4 1, 0, 1;
    %store/vec4 v0000021a808b2620_0, 0, 1;
T_1.1 ;
    %jmp T_1;
    .thread T_1, $push;
# The file index is used to find the file name in the following table.
:file_names 3;
    "N/A";
    "<interactive>";
    "Lab2.v";
