#! /c/Source/iverilog-install/bin/vvp
:ivl_version "12.0 (devel)" "(s20150603-1539-g2693dd32b)";
:ivl_delay_selection "TYPICAL";
:vpi_time_precision + 0;
:vpi_module "C:\iverilog\lib\ivl\system.vpi";
:vpi_module "C:\iverilog\lib\ivl\vhdl_sys.vpi";
:vpi_module "C:\iverilog\lib\ivl\vhdl_textio.vpi";
:vpi_module "C:\iverilog\lib\ivl\v2005_math.vpi";
:vpi_module "C:\iverilog\lib\ivl\va_math.vpi";
S_000001f2daad2af0 .scope module, "LFSR" "LFSR" 2 22;
 .timescale 0 0;
    .port_info 0 /INPUT 1 "clock";
    .port_info 1 /INPUT 1 "reset";
    .port_info 2 /INPUT 8 "Seed";
    .port_info 3 /INPUT 1 "enable";
    .port_info 4 /INPUT 1 "enable_out";
    .port_info 5 /OUTPUT 1 "OUT";
    .port_info 6 /OUTPUT 1 "Valid";
P_000001f2dab08cc0 .param/l "taps" 0 2 43, C4<10101010>;
L_000001f2dab97790 .functor XOR 7, L_000001f2dab4ebb0, L_000001f2dab4e1b0, C4<0000000>, C4<0000000>;
v000001f2daad2c80_0 .net "Bits0to6", 6 0, L_000001f2dab4e1b0;  1 drivers
v000001f2daad2d20_0 .net "Feedback", 0 0, L_000001f2dab4e890;  1 drivers
v000001f2daad2dc0_0 .var "LFSR", 7 0;
v000001f2daad2e60_0 .var "OUT", 0 0;
o000001f2dab0b068 .functor BUFZ 8, C4<zzzzzzzz>; HiZ drive
v000001f2dab04180_0 .net "Seed", 7 0, o000001f2dab0b068;  0 drivers
v000001f2dab04220_0 .var "Valid", 0 0;
v000001f2dab042c0_0 .net *"_ivl_1", 6 0, L_000001f2dab4e750;  1 drivers
v000001f2dab04360_0 .net *"_ivl_10", 6 0, L_000001f2dab4ebb0;  1 drivers
L_000001f2dab4f080 .functor BUFT 1, C4<000000>, C4<0>, C4<0>, C4<0>;
v000001f2dab04400_0 .net *"_ivl_13", 5 0, L_000001f2dab4f080;  1 drivers
v000001f2dab4ea70_0 .net *"_ivl_14", 6 0, L_000001f2dab97790;  1 drivers
v000001f2dab4ec50_0 .net *"_ivl_3", 0 0, L_000001f2dab4e110;  1 drivers
L_000001f2dab4f038 .functor BUFT 1, C4<000000>, C4<0>, C4<0>, C4<0>;
v000001f2dab4e9d0_0 .net *"_ivl_7", 5 0, L_000001f2dab4f038;  1 drivers
v000001f2dab4e390_0 .net *"_ivl_9", 0 0, L_000001f2dab4e7f0;  1 drivers
o000001f2dab0b218 .functor BUFZ 1, C4<z>; HiZ drive
v000001f2dab4eb10_0 .net "clock", 0 0, o000001f2dab0b218;  0 drivers
o000001f2dab0b248 .functor BUFZ 1, C4<z>; HiZ drive
v000001f2dab4e070_0 .net "enable", 0 0, o000001f2dab0b248;  0 drivers
o000001f2dab0b278 .functor BUFZ 1, C4<z>; HiZ drive
v000001f2dab4ecf0_0 .net "enable_out", 0 0, o000001f2dab0b278;  0 drivers
v000001f2dab4e610_0 .var/i "i", 31 0;
o000001f2dab0b2d8 .functor BUFZ 1, C4<z>; HiZ drive
v000001f2dab4e6b0_0 .net "reset", 0 0, o000001f2dab0b2d8;  0 drivers
E_000001f2dab08d40/0 .event negedge, v000001f2dab4e6b0_0;
E_000001f2dab08d40/1 .event posedge, v000001f2dab4eb10_0;
E_000001f2dab08d40 .event/or E_000001f2dab08d40/0, E_000001f2dab08d40/1;
L_000001f2dab4e750 .part v000001f2daad2dc0_0, 0, 7;
L_000001f2dab4e110 .reduce/nor L_000001f2dab4e750;
L_000001f2dab4e1b0 .concat [ 1 6 0 0], L_000001f2dab4e110, L_000001f2dab4f038;
L_000001f2dab4e7f0 .part v000001f2daad2dc0_0, 7, 1;
L_000001f2dab4ebb0 .concat [ 1 6 0 0], L_000001f2dab4e7f0, L_000001f2dab4f080;
L_000001f2dab4e890 .part L_000001f2dab97790, 0, 1;
    .scope S_000001f2daad2af0;
T_0 ;
    %wait E_000001f2dab08d40;
    %load/vec4 v000001f2dab4e6b0_0;
    %nor/r;
    %flag_set/vec4 8;
    %jmp/0xz  T_0.0, 8;
    %pushi/vec4 0, 0, 1;
    %assign/vec4 v000001f2daad2e60_0, 0;
    %load/vec4 v000001f2dab04180_0;
    %assign/vec4 v000001f2daad2dc0_0, 0;
    %pushi/vec4 0, 0, 1;
    %assign/vec4 v000001f2dab04220_0, 0;
    %jmp T_0.1;
T_0.0 ;
    %load/vec4 v000001f2dab4e070_0;
    %flag_set/vec4 8;
    %jmp/0xz  T_0.2, 8;
    %load/vec4 v000001f2daad2d20_0;
    %ix/load 4, 0, 0;
    %ix/load 5, 0, 0;
    %flag_set/imm 4, 0;
    %assign/vec4/off/d v000001f2daad2dc0_0, 4, 5;
    %pushi/vec4 7, 0, 32;
    %store/vec4 v000001f2dab4e610_0, 0, 32;
T_0.4 ;
    %load/vec4 v000001f2dab4e610_0;
    %cmpi/s 0, 0, 32;
    %flag_or 5, 4; GT is !LE
    %flag_inv 5;
    %jmp/0xz T_0.5, 5;
    %pushi/vec4 170, 0, 8;
    %load/vec4 v000001f2dab4e610_0;
    %part/s 1;
    %cmpi/e 1, 0, 1;
    %jmp/0xz  T_0.6, 4;
    %load/vec4 v000001f2daad2d20_0;
    %load/vec4 v000001f2daad2dc0_0;
    %load/vec4 v000001f2dab4e610_0;
    %subi 1, 0, 32;
    %part/s 1;
    %xor;
    %ix/load 5, 0, 0;
    %ix/getv/s 4, v000001f2dab4e610_0;
    %assign/vec4/off/d v000001f2daad2dc0_0, 4, 5;
    %jmp T_0.7;
T_0.6 ;
    %load/vec4 v000001f2daad2dc0_0;
    %load/vec4 v000001f2dab4e610_0;
    %subi 1, 0, 32;
    %part/s 1;
    %ix/load 5, 0, 0;
    %ix/getv/s 4, v000001f2dab4e610_0;
    %assign/vec4/off/d v000001f2daad2dc0_0, 4, 5;
T_0.7 ;
    %load/vec4 v000001f2dab4e610_0;
    %subi 1, 0, 32;
    %store/vec4 v000001f2dab4e610_0, 0, 32;
    %jmp T_0.4;
T_0.5 ;
    %jmp T_0.3;
T_0.2 ;
    %load/vec4 v000001f2dab4ecf0_0;
    %flag_set/vec4 8;
    %jmp/0xz  T_0.8, 8;
    %load/vec4 v000001f2daad2dc0_0;
    %split/vec4 1;
    %assign/vec4 v000001f2daad2e60_0, 0;
    %ix/load 4, 0, 0;
    %ix/load 5, 0, 0;
    %flag_set/imm 4, 0;
    %assign/vec4/off/d v000001f2daad2dc0_0, 4, 5;
    %pushi/vec4 1, 0, 1;
    %store/vec4 v000001f2dab04220_0, 0, 1;
T_0.8 ;
T_0.3 ;
T_0.1 ;
    %jmp T_0;
    .thread T_0;
# The file index is used to find the file name in the following table.
:file_names 3;
    "N/A";
    "<interactive>";
    "LFSR.v";
