#! /c/Source/iverilog-install/bin/vvp
:ivl_version "12.0 (devel)" "(s20150603-1539-g2693dd32b)";
:ivl_delay_selection "TYPICAL";
:vpi_time_precision + 0;
:vpi_module "C:\iverilog\lib\ivl\system.vpi";
:vpi_module "C:\iverilog\lib\ivl\vhdl_sys.vpi";
:vpi_module "C:\iverilog\lib\ivl\vhdl_textio.vpi";
:vpi_module "C:\iverilog\lib\ivl\v2005_math.vpi";
:vpi_module "C:\iverilog\lib\ivl\va_math.vpi";
S_0000024bb5ba2af0 .scope module, "SYS_CNTRL" "SYS_CNTRL" 2 1;
 .timescale 0 0;
    .port_info 0 /INPUT 8 "ALU_OUT";
    .port_info 1 /INPUT 1 "OUT_VALID";
    .port_info 2 /INPUT 8 "RX_p_data";
    .port_info 3 /INPUT 1 "RX_d_valid";
    .port_info 4 /INPUT 8 "Rd_data";
    .port_info 5 /INPUT 1 "RdData_valid";
    .port_info 6 /INPUT 1 "FIFO_full";
    .port_info 7 /INPUT 1 "CLK";
    .port_info 8 /INPUT 1 "RST";
    .port_info 9 /OUTPUT 1 "ALU_EN";
    .port_info 10 /OUTPUT 4 "ALU_FUN";
    .port_info 11 /OUTPUT 1 "CLK_EN";
    .port_info 12 /OUTPUT 4 "Address";
    .port_info 13 /OUTPUT 1 "WrEN";
    .port_info 14 /OUTPUT 1 "RdEN";
    .port_info 15 /OUTPUT 8 "WrData";
    .port_info 16 /OUTPUT 8 "TX_p_data";
    .port_info 17 /OUTPUT 1 "TX_d_valid";
    .port_info 18 /OUTPUT 1 "clk_div_en";
P_0000024bb5ba2c80 .param/l "ALU_OP_code" 1 2 39, C4<1000>;
P_0000024bb5ba2cb8 .param/l "ALU_operand_A" 1 2 37, C4<0110>;
P_0000024bb5ba2cf0 .param/l "ALU_operand_B" 1 2 38, C4<0111>;
P_0000024bb5ba2d28 .param/l "ALU_operation" 1 2 40, C4<1001>;
P_0000024bb5ba2d60 .param/l "Address_width" 0 2 2, C4<00000000000000000000000000000100>;
P_0000024bb5ba2d98 .param/l "Data_width" 0 2 2, C4<00000000000000000000000000001000>;
P_0000024bb5ba2dd0 .param/l "Idle" 1 2 31, C4<0000>;
P_0000024bb5ba2e08 .param/l "Read_operation" 1 2 35, C4<0100>;
P_0000024bb5ba2e40 .param/l "Receive_Command" 1 2 32, C4<0001>;
P_0000024bb5ba2e78 .param/l "Register_file_address" 1 2 33, C4<0010>;
P_0000024bb5ba2eb0 .param/l "Register_file_data" 1 2 34, C4<0011>;
P_0000024bb5ba2ee8 .param/l "Send_data_TX" 1 2 41, C4<1010>;
P_0000024bb5ba2f20 .param/l "Write_operation" 1 2 36, C4<0101>;
v0000024bb5b1e970_0 .var "ALU_EN", 0 0;
v0000024bb5bf5df0_0 .var "ALU_FUN", 3 0;
o0000024bb5bf6018 .functor BUFZ 8, C4<zzzzzzzz>; HiZ drive
v0000024bb5c42c70_0 .net "ALU_OUT", 7 0, o0000024bb5bf6018;  0 drivers
v0000024bb5c42d10_0 .var "Address", 3 0;
o0000024bb5bf6078 .functor BUFZ 1, C4<z>; HiZ drive
v0000024bb5c42db0_0 .net "CLK", 0 0, o0000024bb5bf6078;  0 drivers
v0000024bb5c42e50_0 .var "CLK_EN", 0 0;
v0000024bb5c42ef0_0 .var "Current_state", 3 0;
o0000024bb5bf6108 .functor BUFZ 1, C4<z>; HiZ drive
v0000024bb5bd3db0_0 .net "FIFO_full", 0 0, o0000024bb5bf6108;  0 drivers
v0000024bb5bd3e50_0 .var "Next_state", 3 0;
o0000024bb5bf6168 .functor BUFZ 1, C4<z>; HiZ drive
v0000024bb5bd3ef0_0 .net "OUT_VALID", 0 0, o0000024bb5bf6168;  0 drivers
v0000024bb5bd3f90_0 .var "RF_Address", 3 0;
v0000024bb5c43120_0 .var "RF_Data", 7 0;
o0000024bb5bf61f8 .functor BUFZ 1, C4<z>; HiZ drive
v0000024bb5c434e0_0 .net "RST", 0 0, o0000024bb5bf61f8;  0 drivers
o0000024bb5bf6228 .functor BUFZ 1, C4<z>; HiZ drive
v0000024bb5c43bc0_0 .net "RX_d_valid", 0 0, o0000024bb5bf6228;  0 drivers
o0000024bb5bf6258 .functor BUFZ 8, C4<zzzzzzzz>; HiZ drive
v0000024bb5c438a0_0 .net "RX_p_data", 7 0, o0000024bb5bf6258;  0 drivers
o0000024bb5bf6288 .functor BUFZ 1, C4<z>; HiZ drive
v0000024bb5c43440_0 .net "RdData_valid", 0 0, o0000024bb5bf6288;  0 drivers
v0000024bb5c43940_0 .var "RdEN", 0 0;
o0000024bb5bf62e8 .functor BUFZ 8, C4<zzzzzzzz>; HiZ drive
v0000024bb5c43300_0 .net "Rd_data", 7 0, o0000024bb5bf62e8;  0 drivers
v0000024bb5c43e40_0 .var "TX_d_valid", 0 0;
v0000024bb5c433a0_0 .var "TX_data", 7 0;
v0000024bb5c43580_0 .var "TX_p_data", 7 0;
v0000024bb5c43260_0 .var "WrData", 7 0;
v0000024bb5c43a80_0 .var "WrEN", 0 0;
L_0000024bb5c43fa8 .functor BUFT 1, C4<1>, C4<0>, C4<0>, C4<0>;
v0000024bb5c43620_0 .net "clk_div_en", 0 0, L_0000024bb5c43fa8;  1 drivers
v0000024bb5c439e0_0 .var "command", 7 0;
v0000024bb5c43b20_0 .var "command_reg", 7 0;
E_0000024bb5bc6340/0 .event negedge, v0000024bb5c434e0_0;
E_0000024bb5bc6340/1 .event posedge, v0000024bb5c42db0_0;
E_0000024bb5bc6340 .event/or E_0000024bb5bc6340/0, E_0000024bb5bc6340/1;
E_0000024bb5bc6880/0 .event anyedge, v0000024bb5c42ef0_0, v0000024bb5c43120_0, v0000024bb5c438a0_0, v0000024bb5c43b20_0;
E_0000024bb5bc6880/1 .event anyedge, v0000024bb5c43bc0_0, v0000024bb5bd3db0_0, v0000024bb5c433a0_0;
E_0000024bb5bc6880 .event/or E_0000024bb5bc6880/0, E_0000024bb5bc6880/1;
E_0000024bb5bc65c0/0 .event anyedge, v0000024bb5c42ef0_0, v0000024bb5c43bc0_0, v0000024bb5c439e0_0, v0000024bb5c43440_0;
E_0000024bb5bc65c0/1 .event anyedge, v0000024bb5bd3ef0_0;
E_0000024bb5bc65c0 .event/or E_0000024bb5bc65c0/0, E_0000024bb5bc65c0/1;
    .scope S_0000024bb5ba2af0;
T_0 ;
    %wait E_0000024bb5bc6340;
    %load/vec4 v0000024bb5c434e0_0;
    %nor/r;
    %flag_set/vec4 8;
    %jmp/0xz  T_0.0, 8;
    %pushi/vec4 0, 0, 4;
    %assign/vec4 v0000024bb5c42ef0_0, 0;
    %jmp T_0.1;
T_0.0 ;
    %load/vec4 v0000024bb5bd3e50_0;
    %assign/vec4 v0000024bb5c42ef0_0, 0;
T_0.1 ;
    %jmp T_0;
    .thread T_0;
    .scope S_0000024bb5ba2af0;
T_1 ;
    %wait E_0000024bb5bc65c0;
    %load/vec4 v0000024bb5c42ef0_0;
    %dup/vec4;
    %pushi/vec4 0, 0, 4;
    %cmp/u;
    %jmp/1 T_1.0, 6;
    %dup/vec4;
    %pushi/vec4 1, 0, 4;
    %cmp/u;
    %jmp/1 T_1.1, 6;
    %dup/vec4;
    %pushi/vec4 2, 0, 4;
    %cmp/u;
    %jmp/1 T_1.2, 6;
    %dup/vec4;
    %pushi/vec4 3, 0, 4;
    %cmp/u;
    %jmp/1 T_1.3, 6;
    %dup/vec4;
    %pushi/vec4 4, 0, 4;
    %cmp/u;
    %jmp/1 T_1.4, 6;
    %dup/vec4;
    %pushi/vec4 5, 0, 4;
    %cmp/u;
    %jmp/1 T_1.5, 6;
    %dup/vec4;
    %pushi/vec4 6, 0, 4;
    %cmp/u;
    %jmp/1 T_1.6, 6;
    %dup/vec4;
    %pushi/vec4 7, 0, 4;
    %cmp/u;
    %jmp/1 T_1.7, 6;
    %dup/vec4;
    %pushi/vec4 8, 0, 4;
    %cmp/u;
    %jmp/1 T_1.8, 6;
    %dup/vec4;
    %pushi/vec4 9, 0, 4;
    %cmp/u;
    %jmp/1 T_1.9, 6;
    %dup/vec4;
    %pushi/vec4 10, 0, 4;
    %cmp/u;
    %jmp/1 T_1.10, 6;
    %pushi/vec4 0, 0, 4;
    %store/vec4 v0000024bb5bd3e50_0, 0, 4;
    %jmp T_1.12;
T_1.0 ;
    %load/vec4 v0000024bb5c43bc0_0;
    %flag_set/vec4 8;
    %jmp/0xz  T_1.13, 8;
    %pushi/vec4 1, 0, 4;
    %store/vec4 v0000024bb5bd3e50_0, 0, 4;
    %jmp T_1.14;
T_1.13 ;
    %pushi/vec4 0, 0, 4;
    %store/vec4 v0000024bb5bd3e50_0, 0, 4;
T_1.14 ;
    %jmp T_1.12;
T_1.1 ;
    %load/vec4 v0000024bb5c439e0_0;
    %dup/vec4;
    %pushi/vec4 170, 0, 8;
    %cmp/u;
    %jmp/1 T_1.15, 6;
    %dup/vec4;
    %pushi/vec4 187, 0, 8;
    %cmp/u;
    %jmp/1 T_1.16, 6;
    %dup/vec4;
    %pushi/vec4 204, 0, 8;
    %cmp/u;
    %jmp/1 T_1.17, 6;
    %dup/vec4;
    %pushi/vec4 221, 0, 8;
    %cmp/u;
    %jmp/1 T_1.18, 6;
    %load/vec4 v0000024bb5c42ef0_0;
    %store/vec4 v0000024bb5bd3e50_0, 0, 4;
    %jmp T_1.20;
T_1.15 ;
    %pushi/vec4 2, 0, 4;
    %store/vec4 v0000024bb5bd3e50_0, 0, 4;
    %jmp T_1.20;
T_1.16 ;
    %pushi/vec4 2, 0, 4;
    %store/vec4 v0000024bb5bd3e50_0, 0, 4;
    %jmp T_1.20;
T_1.17 ;
    %pushi/vec4 6, 0, 4;
    %store/vec4 v0000024bb5bd3e50_0, 0, 4;
    %jmp T_1.20;
T_1.18 ;
    %pushi/vec4 8, 0, 4;
    %store/vec4 v0000024bb5bd3e50_0, 0, 4;
    %jmp T_1.20;
T_1.20 ;
    %pop/vec4 1;
    %jmp T_1.12;
T_1.2 ;
    %load/vec4 v0000024bb5c43bc0_0;
    %flag_set/vec4 8;
    %jmp/0xz  T_1.21, 8;
    %load/vec4 v0000024bb5c439e0_0;
    %cmpi/e 170, 0, 8;
    %jmp/0xz  T_1.23, 4;
    %pushi/vec4 3, 0, 4;
    %store/vec4 v0000024bb5bd3e50_0, 0, 4;
    %jmp T_1.24;
T_1.23 ;
    %load/vec4 v0000024bb5c439e0_0;
    %cmpi/e 187, 0, 8;
    %jmp/0xz  T_1.25, 4;
    %pushi/vec4 4, 0, 4;
    %store/vec4 v0000024bb5bd3e50_0, 0, 4;
    %jmp T_1.26;
T_1.25 ;
    %pushi/vec4 0, 0, 4;
    %store/vec4 v0000024bb5bd3e50_0, 0, 4;
T_1.26 ;
T_1.24 ;
    %jmp T_1.22;
T_1.21 ;
    %load/vec4 v0000024bb5c42ef0_0;
    %store/vec4 v0000024bb5bd3e50_0, 0, 4;
T_1.22 ;
    %jmp T_1.12;
T_1.3 ;
    %load/vec4 v0000024bb5c43bc0_0;
    %flag_set/vec4 8;
    %jmp/0xz  T_1.27, 8;
    %pushi/vec4 5, 0, 4;
    %store/vec4 v0000024bb5bd3e50_0, 0, 4;
    %jmp T_1.28;
T_1.27 ;
    %load/vec4 v0000024bb5c42ef0_0;
    %store/vec4 v0000024bb5bd3e50_0, 0, 4;
T_1.28 ;
    %jmp T_1.12;
T_1.4 ;
    %load/vec4 v0000024bb5c43440_0;
    %flag_set/vec4 8;
    %jmp/0xz  T_1.29, 8;
    %pushi/vec4 10, 0, 4;
    %store/vec4 v0000024bb5bd3e50_0, 0, 4;
    %jmp T_1.30;
T_1.29 ;
    %load/vec4 v0000024bb5c42ef0_0;
    %store/vec4 v0000024bb5bd3e50_0, 0, 4;
T_1.30 ;
    %jmp T_1.12;
T_1.5 ;
    %pushi/vec4 10, 0, 4;
    %store/vec4 v0000024bb5bd3e50_0, 0, 4;
    %jmp T_1.12;
T_1.6 ;
    %load/vec4 v0000024bb5c43bc0_0;
    %flag_set/vec4 8;
    %jmp/0xz  T_1.31, 8;
    %pushi/vec4 7, 0, 4;
    %store/vec4 v0000024bb5bd3e50_0, 0, 4;
    %jmp T_1.32;
T_1.31 ;
    %load/vec4 v0000024bb5c42ef0_0;
    %store/vec4 v0000024bb5bd3e50_0, 0, 4;
T_1.32 ;
    %jmp T_1.12;
T_1.7 ;
    %load/vec4 v0000024bb5c43bc0_0;
    %flag_set/vec4 8;
    %jmp/0xz  T_1.33, 8;
    %pushi/vec4 8, 0, 4;
    %store/vec4 v0000024bb5bd3e50_0, 0, 4;
    %jmp T_1.34;
T_1.33 ;
    %load/vec4 v0000024bb5c42ef0_0;
    %store/vec4 v0000024bb5bd3e50_0, 0, 4;
T_1.34 ;
    %jmp T_1.12;
T_1.8 ;
    %load/vec4 v0000024bb5c43bc0_0;
    %flag_set/vec4 8;
    %jmp/0xz  T_1.35, 8;
    %pushi/vec4 9, 0, 4;
    %store/vec4 v0000024bb5bd3e50_0, 0, 4;
    %jmp T_1.36;
T_1.35 ;
    %load/vec4 v0000024bb5c42ef0_0;
    %store/vec4 v0000024bb5bd3e50_0, 0, 4;
T_1.36 ;
    %jmp T_1.12;
T_1.9 ;
    %load/vec4 v0000024bb5bd3ef0_0;
    %flag_set/vec4 8;
    %jmp/0xz  T_1.37, 8;
    %pushi/vec4 10, 0, 4;
    %store/vec4 v0000024bb5bd3e50_0, 0, 4;
    %jmp T_1.38;
T_1.37 ;
    %load/vec4 v0000024bb5c42ef0_0;
    %store/vec4 v0000024bb5bd3e50_0, 0, 4;
T_1.38 ;
    %jmp T_1.12;
T_1.10 ;
    %pushi/vec4 0, 0, 4;
    %store/vec4 v0000024bb5bd3e50_0, 0, 4;
    %jmp T_1.12;
T_1.12 ;
    %pop/vec4 1;
    %jmp T_1;
    .thread T_1, $push;
    .scope S_0000024bb5ba2af0;
T_2 ;
    %wait E_0000024bb5bc6880;
    %pushi/vec4 0, 0, 1;
    %store/vec4 v0000024bb5b1e970_0, 0, 1;
    %pushi/vec4 0, 0, 1;
    %store/vec4 v0000024bb5c42e50_0, 0, 1;
    %pushi/vec4 0, 0, 8;
    %store/vec4 v0000024bb5c43580_0, 0, 8;
    %pushi/vec4 0, 0, 1;
    %store/vec4 v0000024bb5c43e40_0, 0, 1;
    %load/vec4 v0000024bb5c42ef0_0;
    %dup/vec4;
    %pushi/vec4 0, 0, 4;
    %cmp/u;
    %jmp/1 T_2.0, 6;
    %dup/vec4;
    %pushi/vec4 1, 0, 4;
    %cmp/u;
    %jmp/1 T_2.1, 6;
    %dup/vec4;
    %pushi/vec4 2, 0, 4;
    %cmp/u;
    %jmp/1 T_2.2, 6;
    %dup/vec4;
    %pushi/vec4 3, 0, 4;
    %cmp/u;
    %jmp/1 T_2.3, 6;
    %dup/vec4;
    %pushi/vec4 4, 0, 4;
    %cmp/u;
    %jmp/1 T_2.4, 6;
    %dup/vec4;
    %pushi/vec4 5, 0, 4;
    %cmp/u;
    %jmp/1 T_2.5, 6;
    %dup/vec4;
    %pushi/vec4 6, 0, 4;
    %cmp/u;
    %jmp/1 T_2.6, 6;
    %dup/vec4;
    %pushi/vec4 7, 0, 4;
    %cmp/u;
    %jmp/1 T_2.7, 6;
    %dup/vec4;
    %pushi/vec4 8, 0, 4;
    %cmp/u;
    %jmp/1 T_2.8, 6;
    %dup/vec4;
    %pushi/vec4 9, 0, 4;
    %cmp/u;
    %jmp/1 T_2.9, 6;
    %dup/vec4;
    %pushi/vec4 10, 0, 4;
    %cmp/u;
    %jmp/1 T_2.10, 6;
    %load/vec4 v0000024bb5c43120_0;
    %store/vec4 v0000024bb5c43260_0, 0, 8;
    %load/vec4 v0000024bb5c43b20_0;
    %store/vec4 v0000024bb5c439e0_0, 0, 8;
    %jmp T_2.12;
T_2.0 ;
    %load/vec4 v0000024bb5c43120_0;
    %store/vec4 v0000024bb5c43260_0, 0, 8;
    %pushi/vec4 0, 0, 8;
    %store/vec4 v0000024bb5c439e0_0, 0, 8;
    %jmp T_2.12;
T_2.1 ;
    %load/vec4 v0000024bb5c438a0_0;
    %store/vec4 v0000024bb5c439e0_0, 0, 8;
    %load/vec4 v0000024bb5c43120_0;
    %store/vec4 v0000024bb5c43260_0, 0, 8;
    %jmp T_2.12;
T_2.2 ;
    %load/vec4 v0000024bb5c43120_0;
    %store/vec4 v0000024bb5c43260_0, 0, 8;
    %load/vec4 v0000024bb5c43b20_0;
    %store/vec4 v0000024bb5c439e0_0, 0, 8;
    %jmp T_2.12;
T_2.3 ;
    %load/vec4 v0000024bb5c43120_0;
    %store/vec4 v0000024bb5c43260_0, 0, 8;
    %load/vec4 v0000024bb5c43b20_0;
    %store/vec4 v0000024bb5c439e0_0, 0, 8;
    %jmp T_2.12;
T_2.4 ;
    %load/vec4 v0000024bb5c43120_0;
    %store/vec4 v0000024bb5c43260_0, 0, 8;
    %load/vec4 v0000024bb5c43b20_0;
    %store/vec4 v0000024bb5c439e0_0, 0, 8;
    %jmp T_2.12;
T_2.5 ;
    %load/vec4 v0000024bb5c43120_0;
    %store/vec4 v0000024bb5c43260_0, 0, 8;
    %load/vec4 v0000024bb5c43b20_0;
    %store/vec4 v0000024bb5c439e0_0, 0, 8;
    %jmp T_2.12;
T_2.6 ;
    %load/vec4 v0000024bb5c43bc0_0;
    %flag_set/vec4 8;
    %jmp/0xz  T_2.13, 8;
    %load/vec4 v0000024bb5c438a0_0;
    %store/vec4 v0000024bb5c43260_0, 0, 8;
    %load/vec4 v0000024bb5c43b20_0;
    %store/vec4 v0000024bb5c439e0_0, 0, 8;
T_2.13 ;
    %load/vec4 v0000024bb5c43b20_0;
    %store/vec4 v0000024bb5c439e0_0, 0, 8;
    %jmp T_2.12;
T_2.7 ;
    %load/vec4 v0000024bb5c43bc0_0;
    %flag_set/vec4 8;
    %jmp/0xz  T_2.15, 8;
    %load/vec4 v0000024bb5c438a0_0;
    %store/vec4 v0000024bb5c43260_0, 0, 8;
    %load/vec4 v0000024bb5c43b20_0;
    %store/vec4 v0000024bb5c439e0_0, 0, 8;
T_2.15 ;
    %load/vec4 v0000024bb5c43b20_0;
    %store/vec4 v0000024bb5c439e0_0, 0, 8;
    %jmp T_2.12;
T_2.8 ;
    %load/vec4 v0000024bb5c438a0_0;
    %store/vec4 v0000024bb5c43260_0, 0, 8;
    %load/vec4 v0000024bb5c43b20_0;
    %store/vec4 v0000024bb5c439e0_0, 0, 8;
    %jmp T_2.12;
T_2.9 ;
    %pushi/vec4 1, 0, 1;
    %store/vec4 v0000024bb5c42e50_0, 0, 1;
    %pushi/vec4 1, 0, 1;
    %store/vec4 v0000024bb5b1e970_0, 0, 1;
    %load/vec4 v0000024bb5c438a0_0;
    %store/vec4 v0000024bb5c43260_0, 0, 8;
    %load/vec4 v0000024bb5c43b20_0;
    %store/vec4 v0000024bb5c439e0_0, 0, 8;
    %jmp T_2.12;
T_2.10 ;
    %load/vec4 v0000024bb5bd3db0_0;
    %nor/r;
    %flag_set/vec4 8;
    %jmp/0xz  T_2.17, 8;
    %load/vec4 v0000024bb5c433a0_0;
    %store/vec4 v0000024bb5c43580_0, 0, 8;
    %pushi/vec4 1, 0, 1;
    %store/vec4 v0000024bb5c43e40_0, 0, 1;
    %load/vec4 v0000024bb5c438a0_0;
    %store/vec4 v0000024bb5c43260_0, 0, 8;
    %load/vec4 v0000024bb5c43b20_0;
    %store/vec4 v0000024bb5c439e0_0, 0, 8;
T_2.17 ;
    %load/vec4 v0000024bb5c43b20_0;
    %store/vec4 v0000024bb5c439e0_0, 0, 8;
    %jmp T_2.12;
T_2.12 ;
    %pop/vec4 1;
    %jmp T_2;
    .thread T_2, $push;
    .scope S_0000024bb5ba2af0;
T_3 ;
    %wait E_0000024bb5bc6340;
    %load/vec4 v0000024bb5c434e0_0;
    %nor/r;
    %flag_set/vec4 8;
    %jmp/0xz  T_3.0, 8;
    %pushi/vec4 0, 0, 4;
    %assign/vec4 v0000024bb5bd3f90_0, 0;
    %pushi/vec4 0, 0, 4;
    %assign/vec4 v0000024bb5c42d10_0, 0;
    %pushi/vec4 0, 0, 4;
    %assign/vec4 v0000024bb5bf5df0_0, 0;
    %pushi/vec4 0, 0, 8;
    %assign/vec4 v0000024bb5c433a0_0, 0;
    %pushi/vec4 0, 0, 1;
    %assign/vec4 v0000024bb5c43940_0, 0;
    %pushi/vec4 0, 0, 1;
    %assign/vec4 v0000024bb5c43a80_0, 0;
    %jmp T_3.1;
T_3.0 ;
    %pushi/vec4 0, 0, 1;
    %assign/vec4 v0000024bb5c43940_0, 0;
    %pushi/vec4 0, 0, 1;
    %assign/vec4 v0000024bb5c43a80_0, 0;
    %load/vec4 v0000024bb5c42ef0_0;
    %dup/vec4;
    %pushi/vec4 1, 0, 4;
    %cmp/u;
    %jmp/1 T_3.2, 6;
    %dup/vec4;
    %pushi/vec4 2, 0, 4;
    %cmp/u;
    %jmp/1 T_3.3, 6;
    %dup/vec4;
    %pushi/vec4 3, 0, 4;
    %cmp/u;
    %jmp/1 T_3.4, 6;
    %dup/vec4;
    %pushi/vec4 4, 0, 4;
    %cmp/u;
    %jmp/1 T_3.5, 6;
    %dup/vec4;
    %pushi/vec4 5, 0, 4;
    %cmp/u;
    %jmp/1 T_3.6, 6;
    %dup/vec4;
    %pushi/vec4 6, 0, 4;
    %cmp/u;
    %jmp/1 T_3.7, 6;
    %dup/vec4;
    %pushi/vec4 7, 0, 4;
    %cmp/u;
    %jmp/1 T_3.8, 6;
    %dup/vec4;
    %pushi/vec4 8, 0, 4;
    %cmp/u;
    %jmp/1 T_3.9, 6;
    %dup/vec4;
    %pushi/vec4 9, 0, 4;
    %cmp/u;
    %jmp/1 T_3.10, 6;
    %jmp T_3.12;
T_3.2 ;
    %load/vec4 v0000024bb5c438a0_0;
    %assign/vec4 v0000024bb5c43b20_0, 0;
    %jmp T_3.12;
T_3.3 ;
    %load/vec4 v0000024bb5c43bc0_0;
    %flag_set/vec4 8;
    %jmp/0xz  T_3.13, 8;
    %load/vec4 v0000024bb5c438a0_0;
    %parti/s 4, 0, 2;
    %assign/vec4 v0000024bb5bd3f90_0, 0;
    %load/vec4 v0000024bb5c438a0_0;
    %parti/s 4, 0, 2;
    %assign/vec4 v0000024bb5c42d10_0, 0;
T_3.13 ;
    %jmp T_3.12;
T_3.4 ;
    %load/vec4 v0000024bb5c43bc0_0;
    %flag_set/vec4 8;
    %jmp/0xz  T_3.15, 8;
    %load/vec4 v0000024bb5c438a0_0;
    %assign/vec4 v0000024bb5c43120_0, 0;
T_3.15 ;
    %jmp T_3.12;
T_3.5 ;
    %pushi/vec4 1, 0, 1;
    %assign/vec4 v0000024bb5c43940_0, 0;
    %load/vec4 v0000024bb5c43300_0;
    %assign/vec4 v0000024bb5c433a0_0, 0;
    %jmp T_3.12;
T_3.6 ;
    %pushi/vec4 1, 0, 1;
    %assign/vec4 v0000024bb5c43a80_0, 0;
    %jmp T_3.12;
T_3.7 ;
    %pushi/vec4 1, 0, 1;
    %assign/vec4 v0000024bb5c43a80_0, 0;
    %pushi/vec4 0, 0, 4;
    %assign/vec4 v0000024bb5bd3f90_0, 0;
    %pushi/vec4 0, 0, 4;
    %assign/vec4 v0000024bb5c42d10_0, 0;
    %jmp T_3.12;
T_3.8 ;
    %pushi/vec4 1, 0, 1;
    %assign/vec4 v0000024bb5c43a80_0, 0;
    %pushi/vec4 1, 0, 4;
    %assign/vec4 v0000024bb5bd3f90_0, 0;
    %pushi/vec4 1, 0, 4;
    %assign/vec4 v0000024bb5c42d10_0, 0;
    %jmp T_3.12;
T_3.9 ;
    %load/vec4 v0000024bb5c43bc0_0;
    %flag_set/vec4 8;
    %jmp/0xz  T_3.17, 8;
    %load/vec4 v0000024bb5c438a0_0;
    %pad/u 4;
    %assign/vec4 v0000024bb5bf5df0_0, 0;
T_3.17 ;
    %jmp T_3.12;
T_3.10 ;
    %load/vec4 v0000024bb5bd3ef0_0;
    %flag_set/vec4 8;
    %jmp/0xz  T_3.19, 8;
    %load/vec4 v0000024bb5c42c70_0;
    %assign/vec4 v0000024bb5c433a0_0, 0;
T_3.19 ;
    %jmp T_3.12;
T_3.12 ;
    %pop/vec4 1;
T_3.1 ;
    %jmp T_3;
    .thread T_3;
# The file index is used to find the file name in the following table.
:file_names 3;
    "N/A";
    "<interactive>";
    "SYS_CNTRL.v";
