#! /c/Source/iverilog-install/bin/vvp
:ivl_version "12.0 (devel)" "(s20150603-1539-g2693dd32b)";
:ivl_delay_selection "TYPICAL";
:vpi_time_precision + 0;
:vpi_module "C:\iverilog\lib\ivl\system.vpi";
:vpi_module "C:\iverilog\lib\ivl\vhdl_sys.vpi";
:vpi_module "C:\iverilog\lib\ivl\vhdl_textio.vpi";
:vpi_module "C:\iverilog\lib\ivl\v2005_math.vpi";
:vpi_module "C:\iverilog\lib\ivl\va_math.vpi";
S_0000017b29d629c0 .scope module, "ALU" "ALU" 2 1;
 .timescale 0 0;
    .port_info 0 /INPUT 1 "reset";
    .port_info 1 /INPUT 8 "a";
    .port_info 2 /INPUT 8 "b";
    .port_info 3 /INPUT 6 "alu_fun";
    .port_info 4 /OUTPUT 8 "alu_out";
    .port_info 5 /OUTPUT 4 "flags";
o0000017b29da0fa8 .functor BUFZ 8, C4<zzzzzzzz>; HiZ drive
v0000017b29d63390_0 .net/s "a", 7 0, o0000017b29da0fa8;  0 drivers
o0000017b29da0fd8 .functor BUFZ 6, C4<zzzzzz>; HiZ drive
v0000017b29d62b50_0 .net "alu_fun", 5 0, o0000017b29da0fd8;  0 drivers
v0000017b29d62bf0_0 .var/s "alu_out", 7 0;
o0000017b29da1038 .functor BUFZ 8, C4<zzzzzzzz>; HiZ drive
v0000017b29d62c90_0 .net/s "b", 7 0, o0000017b29da1038;  0 drivers
v0000017b29d62d30_0 .var "cout", 0 0;
v0000017b29d93570_0 .net "flags", 3 0, L_0000017b29d93890;  1 drivers
v0000017b29d93610_0 .var "neg", 0 0;
v0000017b29d936b0_0 .var "overflow", 0 0;
o0000017b29da1128 .functor BUFZ 1, C4<z>; HiZ drive
v0000017b29d93750_0 .net "reset", 0 0, o0000017b29da1128;  0 drivers
v0000017b29d937f0_0 .var "zero", 0 0;
E_0000017b29d95660/0 .event anyedge, v0000017b29d62c90_0, v0000017b29d93750_0, v0000017b29d62b50_0, v0000017b29d63390_0;
E_0000017b29d95660/1 .event anyedge, v0000017b29d62bf0_0, v0000017b29d62d30_0;
E_0000017b29d95660 .event/or E_0000017b29d95660/0, E_0000017b29d95660/1;
L_0000017b29d93890 .concat [ 1 1 1 1], v0000017b29d937f0_0, v0000017b29d93610_0, v0000017b29d62d30_0, v0000017b29d936b0_0;
    .scope S_0000017b29d629c0;
T_0 ;
    %wait E_0000017b29d95660;
    %load/vec4 v0000017b29d62c90_0;
    %store/vec4 v0000017b29d62bf0_0, 0, 8;
    %pushi/vec4 0, 0, 1;
    %store/vec4 v0000017b29d937f0_0, 0, 1;
    %pushi/vec4 0, 0, 1;
    %store/vec4 v0000017b29d93610_0, 0, 1;
    %pushi/vec4 0, 0, 1;
    %store/vec4 v0000017b29d62d30_0, 0, 1;
    %pushi/vec4 0, 0, 1;
    %store/vec4 v0000017b29d936b0_0, 0, 1;
    %load/vec4 v0000017b29d93750_0;
    %inv;
    %flag_set/vec4 8;
    %jmp/0xz  T_0.0, 8;
    %pushi/vec4 0, 0, 8;
    %store/vec4 v0000017b29d62bf0_0, 0, 8;
    %pushi/vec4 0, 0, 1;
    %store/vec4 v0000017b29d937f0_0, 0, 1;
    %pushi/vec4 0, 0, 1;
    %store/vec4 v0000017b29d93610_0, 0, 1;
    %pushi/vec4 0, 0, 1;
    %store/vec4 v0000017b29d62d30_0, 0, 1;
    %pushi/vec4 0, 0, 1;
    %store/vec4 v0000017b29d936b0_0, 0, 1;
    %jmp T_0.1;
T_0.0 ;
    %load/vec4 v0000017b29d62b50_0;
    %dup/vec4;
    %pushi/vec4 2, 0, 6;
    %cmp/u;
    %jmp/1 T_0.2, 6;
    %dup/vec4;
    %pushi/vec4 3, 0, 6;
    %cmp/u;
    %jmp/1 T_0.3, 6;
    %dup/vec4;
    %pushi/vec4 5, 0, 6;
    %cmp/u;
    %jmp/1 T_0.4, 6;
    %dup/vec4;
    %pushi/vec4 6, 0, 6;
    %cmp/u;
    %jmp/1 T_0.5, 6;
    %dup/vec4;
    %pushi/vec4 7, 0, 6;
    %cmp/u;
    %jmp/1 T_0.6, 6;
    %dup/vec4;
    %pushi/vec4 8, 0, 6;
    %cmp/u;
    %jmp/1 T_0.7, 6;
    %dup/vec4;
    %pushi/vec4 9, 0, 6;
    %cmp/u;
    %jmp/1 T_0.8, 6;
    %dup/vec4;
    %pushi/vec4 14, 0, 6;
    %cmp/u;
    %jmp/1 T_0.9, 6;
    %dup/vec4;
    %pushi/vec4 15, 0, 6;
    %cmp/u;
    %jmp/1 T_0.10, 6;
    %dup/vec4;
    %pushi/vec4 16, 0, 6;
    %cmp/u;
    %jmp/1 T_0.11, 6;
    %dup/vec4;
    %pushi/vec4 17, 0, 6;
    %cmp/u;
    %jmp/1 T_0.12, 6;
    %load/vec4 v0000017b29d62c90_0;
    %store/vec4 v0000017b29d62bf0_0, 0, 8;
    %jmp T_0.14;
T_0.2 ;
    %load/vec4 v0000017b29d63390_0;
    %pad/s 9;
    %load/vec4 v0000017b29d62c90_0;
    %pad/s 9;
    %add;
    %split/vec4 8;
    %store/vec4 v0000017b29d62bf0_0, 0, 8;
    %store/vec4 v0000017b29d62d30_0, 0, 1;
    %load/vec4 v0000017b29d62bf0_0;
    %nor/r;
    %store/vec4 v0000017b29d937f0_0, 0, 1;
    %load/vec4 v0000017b29d62bf0_0;
    %parti/s 1, 7, 4;
    %store/vec4 v0000017b29d93610_0, 0, 1;
    %load/vec4 v0000017b29d63390_0;
    %parti/s 1, 7, 4;
    %load/vec4 v0000017b29d62c90_0;
    %parti/s 1, 7, 4;
    %cmp/e;
    %flag_get/vec4 4;
    %jmp/0 T_0.15, 4;
    %load/vec4 v0000017b29d62bf0_0;
    %parti/s 1, 7, 4;
    %load/vec4 v0000017b29d63390_0;
    %parti/s 1, 7, 4;
    %cmp/ne;
    %flag_get/vec4 4;
    %and;
T_0.15;
    %store/vec4 v0000017b29d936b0_0, 0, 1;
    %jmp T_0.14;
T_0.3 ;
    %load/vec4 v0000017b29d63390_0;
    %pad/s 9;
    %load/vec4 v0000017b29d62c90_0;
    %pad/s 9;
    %sub;
    %split/vec4 8;
    %store/vec4 v0000017b29d62bf0_0, 0, 8;
    %store/vec4 v0000017b29d62d30_0, 0, 1;
    %load/vec4 v0000017b29d62bf0_0;
    %nor/r;
    %store/vec4 v0000017b29d937f0_0, 0, 1;
    %load/vec4 v0000017b29d62bf0_0;
    %parti/s 1, 7, 4;
    %store/vec4 v0000017b29d93610_0, 0, 1;
    %load/vec4 v0000017b29d63390_0;
    %parti/s 1, 7, 4;
    %load/vec4 v0000017b29d62c90_0;
    %parti/s 1, 7, 4;
    %cmp/ne;
    %flag_get/vec4 4;
    %jmp/0 T_0.16, 4;
    %load/vec4 v0000017b29d62bf0_0;
    %parti/s 1, 7, 4;
    %load/vec4 v0000017b29d63390_0;
    %parti/s 1, 7, 4;
    %cmp/ne;
    %flag_get/vec4 4;
    %and;
T_0.16;
    %store/vec4 v0000017b29d936b0_0, 0, 1;
    %jmp T_0.14;
T_0.4 ;
    %load/vec4 v0000017b29d63390_0;
    %load/vec4 v0000017b29d62c90_0;
    %or;
    %store/vec4 v0000017b29d62bf0_0, 0, 8;
    %load/vec4 v0000017b29d62bf0_0;
    %nor/r;
    %store/vec4 v0000017b29d937f0_0, 0, 1;
    %load/vec4 v0000017b29d62bf0_0;
    %parti/s 1, 7, 4;
    %store/vec4 v0000017b29d93610_0, 0, 1;
    %jmp T_0.14;
T_0.5 ;
    %load/vec4 v0000017b29d62c90_0;
    %parti/s 7, 0, 2;
    %load/vec4 v0000017b29d62d30_0;
    %concat/vec4; draw_concat_vec4
    %store/vec4 v0000017b29d62bf0_0, 0, 8;
    %load/vec4 v0000017b29d62c90_0;
    %parti/s 1, 7, 4;
    %store/vec4 v0000017b29d62d30_0, 0, 1;
    %jmp T_0.14;
T_0.6 ;
    %load/vec4 v0000017b29d62d30_0;
    %load/vec4 v0000017b29d62c90_0;
    %parti/s 7, 1, 2;
    %concat/vec4; draw_concat_vec4
    %store/vec4 v0000017b29d62bf0_0, 0, 8;
    %load/vec4 v0000017b29d62c90_0;
    %parti/s 1, 0, 2;
    %store/vec4 v0000017b29d62d30_0, 0, 1;
    %jmp T_0.14;
T_0.7 ;
    %pushi/vec4 1, 0, 1;
    %store/vec4 v0000017b29d62d30_0, 0, 1;
    %jmp T_0.14;
T_0.8 ;
    %pushi/vec4 0, 0, 1;
    %store/vec4 v0000017b29d62d30_0, 0, 1;
    %jmp T_0.14;
T_0.9 ;
    %load/vec4 v0000017b29d62c90_0;
    %inv;
    %store/vec4 v0000017b29d62bf0_0, 0, 8;
    %load/vec4 v0000017b29d62bf0_0;
    %nor/r;
    %store/vec4 v0000017b29d937f0_0, 0, 1;
    %load/vec4 v0000017b29d62bf0_0;
    %parti/s 1, 7, 4;
    %store/vec4 v0000017b29d93610_0, 0, 1;
    %jmp T_0.14;
T_0.10 ;
    %load/vec4 v0000017b29d62c90_0;
    %inv;
    %addi 1, 0, 8;
    %store/vec4 v0000017b29d62bf0_0, 0, 8;
    %load/vec4 v0000017b29d62bf0_0;
    %nor/r;
    %store/vec4 v0000017b29d937f0_0, 0, 1;
    %load/vec4 v0000017b29d62bf0_0;
    %parti/s 1, 7, 4;
    %store/vec4 v0000017b29d93610_0, 0, 1;
    %jmp T_0.14;
T_0.11 ;
    %load/vec4 v0000017b29d62c90_0;
    %addi 1, 0, 8;
    %store/vec4 v0000017b29d62bf0_0, 0, 8;
    %load/vec4 v0000017b29d62bf0_0;
    %nor/r;
    %store/vec4 v0000017b29d937f0_0, 0, 1;
    %load/vec4 v0000017b29d62bf0_0;
    %parti/s 1, 7, 4;
    %store/vec4 v0000017b29d93610_0, 0, 1;
    %jmp T_0.14;
T_0.12 ;
    %load/vec4 v0000017b29d62c90_0;
    %subi 1, 0, 8;
    %store/vec4 v0000017b29d62bf0_0, 0, 8;
    %load/vec4 v0000017b29d62bf0_0;
    %nor/r;
    %store/vec4 v0000017b29d937f0_0, 0, 1;
    %load/vec4 v0000017b29d62bf0_0;
    %parti/s 1, 7, 4;
    %store/vec4 v0000017b29d93610_0, 0, 1;
    %jmp T_0.14;
T_0.14 ;
    %pop/vec4 1;
T_0.1 ;
    %jmp T_0;
    .thread T_0, $push;
# The file index is used to find the file name in the following table.
:file_names 3;
    "N/A";
    "<interactive>";
    "ALU.v";
