#! /c/Source/iverilog-install/bin/vvp
:ivl_version "12.0 (devel)" "(s20150603-1539-g2693dd32b)";
:ivl_delay_selection "TYPICAL";
:vpi_time_precision - 9;
:vpi_module "C:\iverilog\lib\ivl\system.vpi";
:vpi_module "C:\iverilog\lib\ivl\vhdl_sys.vpi";
:vpi_module "C:\iverilog\lib\ivl\vhdl_textio.vpi";
:vpi_module "C:\iverilog\lib\ivl\v2005_math.vpi";
:vpi_module "C:\iverilog\lib\ivl\va_math.vpi";
S_000002552b1e7fa0 .scope module, "ALU_TOP_tb" "ALU_TOP_tb" 2 9;
 .timescale -6 -9;
P_000002552b240b90 .param/l "Width" 0 2 11, C4<00000000000000000000000000010000>;
v000002552b2a1920_0 .var "ALU_FUN_tb", 3 0;
v000002552b2a28c0_0 .var/s "A_tb", 15 0;
v000002552b2a16a0_0 .net "Arith_Flag_tb", 0 0, v000002552b209570_0;  1 drivers
v000002552b2a2280_0 .net/s "Arith_OUT_tb", 31 0, v000002552b20b230_0;  1 drivers
v000002552b2a1560_0 .var/s "B_tb", 15 0;
v000002552b2a2f00_0 .var "CLK_tb", 0 0;
v000002552b2a1e20_0 .net "CMP_Flag_tb", 0 0, v000002552b209750_0;  1 drivers
v000002552b2a2a00_0 .net "CMP_OUT_tb", 15 0, v000002552b209bb0_0;  1 drivers
v000002552b2a1060_0 .net "Logic_Flag_tb", 0 0, v000002552b20add0_0;  1 drivers
v000002552b2a2460_0 .net "Logic_OUT_tb", 15 0, v000002552b209c50_0;  1 drivers
v000002552b2a1100_0 .var "RST_tb", 0 0;
v000002552b2a17e0_0 .net "Shift_Flag_tb", 0 0, v000002552b20b050_0;  1 drivers
v000002552b2a2b40_0 .net "Shift_OUT_tb", 15 0, v000002552b20a650_0;  1 drivers
E_000002552b2404d0 .event negedge, v000002552b20a970_0;
S_000002552b184ae0 .scope module, "DUT" "ALU_TOP" 2 32, 3 6 0, S_000002552b1e7fa0;
 .timescale -6 -9;
    .port_info 0 /INPUT 16 "A";
    .port_info 1 /INPUT 16 "B";
    .port_info 2 /INPUT 4 "ALU_FUN";
    .port_info 3 /INPUT 1 "CLK";
    .port_info 4 /INPUT 1 "RST";
    .port_info 5 /OUTPUT 32 "Arith_OUT";
    .port_info 6 /OUTPUT 16 "Logic_OUT";
    .port_info 7 /OUTPUT 16 "Shift_OUT";
    .port_info 8 /OUTPUT 16 "CMP_OUT";
    .port_info 9 /OUTPUT 1 "Arith_Flag";
    .port_info 10 /OUTPUT 1 "Logic_Flag";
    .port_info 11 /OUTPUT 1 "Shift_Flag";
    .port_info 12 /OUTPUT 1 "CMP_Flag";
P_000002552b240350 .param/l "Width" 0 3 6, C4<00000000000000000000000000010000>;
v000002552b20ab50_0 .net/s "A", 15 0, v000002552b2a28c0_0;  1 drivers
v000002552b209ed0_0 .net "ALU_FUN", 3 0, v000002552b2a1920_0;  1 drivers
v000002552b20a330_0 .net "Arith_Enable_internal", 0 0, v000002552b2097f0_0;  1 drivers
v000002552b209f70_0 .net "Arith_Flag", 0 0, v000002552b209570_0;  alias, 1 drivers
v000002552b20a010_0 .net/s "Arith_OUT", 31 0, v000002552b20b230_0;  alias, 1 drivers
v000002552b20a150_0 .net/s "B", 15 0, v000002552b2a1560_0;  1 drivers
v000002552b20a470_0 .net "CLK", 0 0, v000002552b2a2f00_0;  1 drivers
v000002552b20b0f0_0 .net "CMP_Enable_internal", 0 0, v000002552b209930_0;  1 drivers
v000002552b20a6f0_0 .net "CMP_Flag", 0 0, v000002552b209750_0;  alias, 1 drivers
v000002552b20ad30_0 .net "CMP_OUT", 15 0, v000002552b209bb0_0;  alias, 1 drivers
v000002552b20b370_0 .net "Logic_Enable_internal", 0 0, v000002552b209a70_0;  1 drivers
v000002552b20b410_0 .net "Logic_Flag", 0 0, v000002552b20add0_0;  alias, 1 drivers
v000002552b2a2e60_0 .net "Logic_OUT", 15 0, v000002552b209c50_0;  alias, 1 drivers
v000002552b2a1600_0 .net "RST", 0 0, v000002552b2a1100_0;  1 drivers
v000002552b2a23c0_0 .net "Shift_Enable_internal", 0 0, v000002552b20aab0_0;  1 drivers
v000002552b2a1240_0 .net "Shift_Flag", 0 0, v000002552b20b050_0;  alias, 1 drivers
v000002552b2a2140_0 .net "Shift_OUT", 15 0, v000002552b20a650_0;  alias, 1 drivers
L_000002552b2a1740 .part v000002552b2a1920_0, 2, 2;
L_000002552b2a2320 .part v000002552b2a1920_0, 0, 2;
L_000002552b2a1880 .part v000002552b2a1920_0, 0, 2;
L_000002552b2a2aa0 .part v000002552b2a1920_0, 0, 2;
L_000002552b2a1a60 .part v000002552b2a1920_0, 0, 2;
S_000002552b18e2d0 .scope module, "ARU1" "ARITHMATIC_UNIT" 3 46, 4 1 0, S_000002552b184ae0;
 .timescale -6 -9;
    .port_info 0 /INPUT 16 "A";
    .port_info 1 /INPUT 16 "B";
    .port_info 2 /INPUT 2 "ALU_FUN";
    .port_info 3 /INPUT 1 "CLK";
    .port_info 4 /INPUT 1 "RST";
    .port_info 5 /INPUT 1 "Arith_Enable";
    .port_info 6 /OUTPUT 32 "Arith_OUT";
    .port_info 7 /OUTPUT 1 "Arith_Flag";
P_000002552b177560 .param/l "ADD" 1 4 19, C4<00>;
P_000002552b177598 .param/l "DIV" 1 4 22, C4<11>;
P_000002552b1775d0 .param/l "MUL" 1 4 21, C4<10>;
P_000002552b177608 .param/l "SUB" 1 4 20, C4<01>;
P_000002552b177640 .param/l "Width" 0 4 2, C4<00000000000000000000000000010000>;
v000002552b2099d0_0 .net/s "A", 15 0, v000002552b2a28c0_0;  alias, 1 drivers
v000002552b209cf0_0 .net "ALU_FUN", 1 0, L_000002552b2a2320;  1 drivers
v000002552b20ae70_0 .net "Arith_Enable", 0 0, v000002552b2097f0_0;  alias, 1 drivers
v000002552b209570_0 .var "Arith_Flag", 0 0;
v000002552b20b230_0 .var/s "Arith_OUT", 31 0;
v000002552b209890_0 .net/s "B", 15 0, v000002552b2a1560_0;  alias, 1 drivers
v000002552b20a970_0 .net "CLK", 0 0, v000002552b2a2f00_0;  alias, 1 drivers
v000002552b20af10_0 .net "RST", 0 0, v000002552b2a1100_0;  alias, 1 drivers
E_000002552b240c10/0 .event negedge, v000002552b20af10_0;
E_000002552b240c10/1 .event posedge, v000002552b20a970_0;
E_000002552b240c10 .event/or E_000002552b240c10/0, E_000002552b240c10/1;
S_000002552b18e460 .scope module, "CMPU1" "CMP_UNIT" 3 72, 5 1 0, S_000002552b184ae0;
 .timescale -6 -9;
    .port_info 0 /INPUT 16 "A";
    .port_info 1 /INPUT 16 "B";
    .port_info 2 /INPUT 2 "ALU_FUN";
    .port_info 3 /INPUT 1 "CLK";
    .port_info 4 /INPUT 1 "RST";
    .port_info 5 /INPUT 1 "CMP_Enable";
    .port_info 6 /OUTPUT 16 "CMP_OUT";
    .port_info 7 /OUTPUT 1 "CMP_Flag";
P_000002552b178880 .param/l "CMPEQ" 1 5 19, C4<01>;
P_000002552b1788b8 .param/l "CMPG" 1 5 20, C4<10>;
P_000002552b1788f0 .param/l "CMPL" 1 5 21, C4<11>;
P_000002552b178928 .param/l "NOP" 1 5 18, C4<00>;
P_000002552b178960 .param/l "Width" 0 5 1, C4<00000000000000000000000000010000>;
v000002552b2096b0_0 .net "A", 15 0, v000002552b2a28c0_0;  alias, 1 drivers
v000002552b209610_0 .net "ALU_FUN", 1 0, L_000002552b2a2aa0;  1 drivers
v000002552b20a510_0 .net "B", 15 0, v000002552b2a1560_0;  alias, 1 drivers
v000002552b20a830_0 .net "CLK", 0 0, v000002552b2a2f00_0;  alias, 1 drivers
v000002552b20a3d0_0 .net "CMP_Enable", 0 0, v000002552b209930_0;  alias, 1 drivers
v000002552b209750_0 .var "CMP_Flag", 0 0;
v000002552b209bb0_0 .var "CMP_OUT", 15 0;
v000002552b20b2d0_0 .net "RST", 0 0, v000002552b2a1100_0;  alias, 1 drivers
S_000002552b188290 .scope module, "D1" "Decoder" 3 36, 6 1 0, S_000002552b184ae0;
 .timescale -6 -9;
    .port_info 0 /INPUT 2 "ALU_FUN";
    .port_info 1 /OUTPUT 1 "Arith_Enable";
    .port_info 2 /OUTPUT 1 "Logic_Enable";
    .port_info 3 /OUTPUT 1 "CMP_Enable";
    .port_info 4 /OUTPUT 1 "Shift_Enable";
P_000002552b1f9660 .param/l "Arith" 1 6 15, C4<00>;
P_000002552b1f9698 .param/l "CMP" 1 6 17, C4<10>;
P_000002552b1f96d0 .param/l "Logic" 1 6 16, C4<01>;
P_000002552b1f9708 .param/l "Shift" 1 6 18, C4<11>;
v000002552b20afb0_0 .net "ALU_FUN", 1 0, L_000002552b2a1740;  1 drivers
v000002552b2097f0_0 .var "Arith_Enable", 0 0;
v000002552b209930_0 .var "CMP_Enable", 0 0;
v000002552b209a70_0 .var "Logic_Enable", 0 0;
v000002552b20aab0_0 .var "Shift_Enable", 0 0;
E_000002552b240fd0 .event anyedge, v000002552b20afb0_0;
S_000002552b188420 .scope module, "LU1" "LOGIC_UNIT" 3 59, 7 1 0, S_000002552b184ae0;
 .timescale -6 -9;
    .port_info 0 /INPUT 16 "A";
    .port_info 1 /INPUT 16 "B";
    .port_info 2 /INPUT 2 "ALU_FUN";
    .port_info 3 /INPUT 1 "CLK";
    .port_info 4 /INPUT 1 "RST";
    .port_info 5 /INPUT 1 "Logic_Enable";
    .port_info 6 /OUTPUT 16 "Logic_OUT";
    .port_info 7 /OUTPUT 1 "Logic_Flag";
P_000002552b178e20 .param/l "AND" 1 7 18, C4<00>;
P_000002552b178e58 .param/l "NAND" 1 7 20, C4<10>;
P_000002552b178e90 .param/l "NOR" 1 7 21, C4<11>;
P_000002552b178ec8 .param/l "OR" 1 7 19, C4<01>;
P_000002552b178f00 .param/l "Width" 0 7 1, C4<00000000000000000000000000010000>;
v000002552b20a5b0_0 .net "A", 15 0, v000002552b2a28c0_0;  alias, 1 drivers
v000002552b20ac90_0 .net "ALU_FUN", 1 0, L_000002552b2a1880;  1 drivers
v000002552b20a290_0 .net "B", 15 0, v000002552b2a1560_0;  alias, 1 drivers
v000002552b20aa10_0 .net "CLK", 0 0, v000002552b2a2f00_0;  alias, 1 drivers
v000002552b209b10_0 .net "Logic_Enable", 0 0, v000002552b209a70_0;  alias, 1 drivers
v000002552b20add0_0 .var "Logic_Flag", 0 0;
v000002552b209c50_0 .var "Logic_OUT", 15 0;
v000002552b209d90_0 .net "RST", 0 0, v000002552b2a1100_0;  alias, 1 drivers
S_000002552b199150 .scope module, "SHU1" "SHIFT_UNIT" 3 85, 8 1 0, S_000002552b184ae0;
 .timescale -6 -9;
    .port_info 0 /INPUT 16 "A";
    .port_info 1 /INPUT 16 "B";
    .port_info 2 /INPUT 2 "ALU_FUN";
    .port_info 3 /INPUT 1 "CLK";
    .port_info 4 /INPUT 1 "RST";
    .port_info 5 /INPUT 1 "Shift_Enable";
    .port_info 6 /OUTPUT 16 "Shift_OUT";
    .port_info 7 /OUTPUT 1 "Shift_Flag";
P_000002552b177f80 .param/l "SHLA" 1 8 19, C4<01>;
P_000002552b177fb8 .param/l "SHLB" 1 8 21, C4<11>;
P_000002552b177ff0 .param/l "SHRA" 1 8 18, C4<00>;
P_000002552b178028 .param/l "SHRB" 1 8 20, C4<10>;
P_000002552b178060 .param/l "Width" 0 8 1, C4<00000000000000000000000000010000>;
v000002552b20a0b0_0 .net "A", 15 0, v000002552b2a28c0_0;  alias, 1 drivers
v000002552b20b190_0 .net "ALU_FUN", 1 0, L_000002552b2a1a60;  1 drivers
v000002552b20a8d0_0 .net "B", 15 0, v000002552b2a1560_0;  alias, 1 drivers
v000002552b209e30_0 .net "CLK", 0 0, v000002552b2a2f00_0;  alias, 1 drivers
v000002552b20a1f0_0 .net "RST", 0 0, v000002552b2a1100_0;  alias, 1 drivers
v000002552b20a790_0 .net "Shift_Enable", 0 0, v000002552b20aab0_0;  alias, 1 drivers
v000002552b20b050_0 .var "Shift_Flag", 0 0;
v000002552b20a650_0 .var "Shift_OUT", 15 0;
    .scope S_000002552b188290;
T_0 ;
    %wait E_000002552b240fd0;
    %pushi/vec4 0, 0, 1;
    %store/vec4 v000002552b2097f0_0, 0, 1;
    %pushi/vec4 0, 0, 1;
    %store/vec4 v000002552b209a70_0, 0, 1;
    %pushi/vec4 0, 0, 1;
    %store/vec4 v000002552b209930_0, 0, 1;
    %pushi/vec4 0, 0, 1;
    %store/vec4 v000002552b20aab0_0, 0, 1;
    %load/vec4 v000002552b20afb0_0;
    %dup/vec4;
    %pushi/vec4 0, 0, 2;
    %cmp/u;
    %jmp/1 T_0.0, 6;
    %dup/vec4;
    %pushi/vec4 1, 0, 2;
    %cmp/u;
    %jmp/1 T_0.1, 6;
    %dup/vec4;
    %pushi/vec4 2, 0, 2;
    %cmp/u;
    %jmp/1 T_0.2, 6;
    %dup/vec4;
    %pushi/vec4 3, 0, 2;
    %cmp/u;
    %jmp/1 T_0.3, 6;
    %jmp T_0.4;
T_0.0 ;
    %pushi/vec4 1, 0, 1;
    %store/vec4 v000002552b2097f0_0, 0, 1;
    %jmp T_0.4;
T_0.1 ;
    %pushi/vec4 1, 0, 1;
    %store/vec4 v000002552b209a70_0, 0, 1;
    %jmp T_0.4;
T_0.2 ;
    %pushi/vec4 1, 0, 1;
    %store/vec4 v000002552b209930_0, 0, 1;
    %jmp T_0.4;
T_0.3 ;
    %pushi/vec4 1, 0, 1;
    %store/vec4 v000002552b20aab0_0, 0, 1;
    %jmp T_0.4;
T_0.4 ;
    %pop/vec4 1;
    %jmp T_0;
    .thread T_0, $push;
    .scope S_000002552b18e2d0;
T_1 ;
    %wait E_000002552b240c10;
    %load/vec4 v000002552b20af10_0;
    %nor/r;
    %flag_set/vec4 8;
    %jmp/0xz  T_1.0, 8;
    %pushi/vec4 0, 0, 32;
    %assign/vec4 v000002552b20b230_0, 0;
    %pushi/vec4 0, 0, 1;
    %assign/vec4 v000002552b209570_0, 0;
    %jmp T_1.1;
T_1.0 ;
    %load/vec4 v000002552b20ae70_0;
    %flag_set/vec4 8;
    %jmp/0xz  T_1.2, 8;
    %load/vec4 v000002552b209cf0_0;
    %dup/vec4;
    %pushi/vec4 0, 0, 2;
    %cmp/u;
    %jmp/1 T_1.4, 6;
    %dup/vec4;
    %pushi/vec4 1, 0, 2;
    %cmp/u;
    %jmp/1 T_1.5, 6;
    %dup/vec4;
    %pushi/vec4 2, 0, 2;
    %cmp/u;
    %jmp/1 T_1.6, 6;
    %dup/vec4;
    %pushi/vec4 3, 0, 2;
    %cmp/u;
    %jmp/1 T_1.7, 6;
    %jmp T_1.8;
T_1.4 ;
    %load/vec4 v000002552b2099d0_0;
    %pad/s 32;
    %load/vec4 v000002552b209890_0;
    %pad/s 32;
    %add;
    %assign/vec4 v000002552b20b230_0, 0;
    %jmp T_1.8;
T_1.5 ;
    %load/vec4 v000002552b2099d0_0;
    %pad/s 32;
    %load/vec4 v000002552b209890_0;
    %pad/s 32;
    %sub;
    %assign/vec4 v000002552b20b230_0, 0;
    %jmp T_1.8;
T_1.6 ;
    %load/vec4 v000002552b2099d0_0;
    %pad/s 32;
    %load/vec4 v000002552b209890_0;
    %pad/s 32;
    %mul;
    %assign/vec4 v000002552b20b230_0, 0;
    %jmp T_1.8;
T_1.7 ;
    %load/vec4 v000002552b2099d0_0;
    %pad/s 32;
    %load/vec4 v000002552b209890_0;
    %pad/s 32;
    %div/s;
    %assign/vec4 v000002552b20b230_0, 0;
    %jmp T_1.8;
T_1.8 ;
    %pop/vec4 1;
    %pushi/vec4 1, 0, 1;
    %assign/vec4 v000002552b209570_0, 0;
    %jmp T_1.3;
T_1.2 ;
    %pushi/vec4 0, 0, 32;
    %assign/vec4 v000002552b20b230_0, 0;
    %pushi/vec4 0, 0, 1;
    %assign/vec4 v000002552b209570_0, 0;
T_1.3 ;
T_1.1 ;
    %jmp T_1;
    .thread T_1;
    .scope S_000002552b188420;
T_2 ;
    %wait E_000002552b240c10;
    %load/vec4 v000002552b209d90_0;
    %nor/r;
    %flag_set/vec4 8;
    %jmp/0xz  T_2.0, 8;
    %pushi/vec4 0, 0, 16;
    %assign/vec4 v000002552b209c50_0, 0;
    %pushi/vec4 0, 0, 1;
    %assign/vec4 v000002552b20add0_0, 0;
    %jmp T_2.1;
T_2.0 ;
    %load/vec4 v000002552b209b10_0;
    %flag_set/vec4 8;
    %jmp/0xz  T_2.2, 8;
    %load/vec4 v000002552b20ac90_0;
    %dup/vec4;
    %pushi/vec4 0, 0, 2;
    %cmp/u;
    %jmp/1 T_2.4, 6;
    %dup/vec4;
    %pushi/vec4 1, 0, 2;
    %cmp/u;
    %jmp/1 T_2.5, 6;
    %dup/vec4;
    %pushi/vec4 2, 0, 2;
    %cmp/u;
    %jmp/1 T_2.6, 6;
    %dup/vec4;
    %pushi/vec4 3, 0, 2;
    %cmp/u;
    %jmp/1 T_2.7, 6;
    %jmp T_2.8;
T_2.4 ;
    %load/vec4 v000002552b20a5b0_0;
    %load/vec4 v000002552b20a290_0;
    %and;
    %assign/vec4 v000002552b209c50_0, 0;
    %jmp T_2.8;
T_2.5 ;
    %load/vec4 v000002552b20a5b0_0;
    %load/vec4 v000002552b20a290_0;
    %or;
    %assign/vec4 v000002552b209c50_0, 0;
    %jmp T_2.8;
T_2.6 ;
    %load/vec4 v000002552b20a5b0_0;
    %load/vec4 v000002552b20a290_0;
    %and;
    %inv;
    %assign/vec4 v000002552b209c50_0, 0;
    %jmp T_2.8;
T_2.7 ;
    %load/vec4 v000002552b20a5b0_0;
    %load/vec4 v000002552b20a290_0;
    %or;
    %inv;
    %assign/vec4 v000002552b209c50_0, 0;
    %jmp T_2.8;
T_2.8 ;
    %pop/vec4 1;
    %pushi/vec4 1, 0, 1;
    %assign/vec4 v000002552b20add0_0, 0;
    %jmp T_2.3;
T_2.2 ;
    %pushi/vec4 0, 0, 16;
    %assign/vec4 v000002552b209c50_0, 0;
    %pushi/vec4 0, 0, 1;
    %assign/vec4 v000002552b20add0_0, 0;
T_2.3 ;
T_2.1 ;
    %jmp T_2;
    .thread T_2;
    .scope S_000002552b18e460;
T_3 ;
    %wait E_000002552b240c10;
    %load/vec4 v000002552b20b2d0_0;
    %nor/r;
    %flag_set/vec4 8;
    %jmp/0xz  T_3.0, 8;
    %pushi/vec4 0, 0, 16;
    %assign/vec4 v000002552b209bb0_0, 0;
    %pushi/vec4 0, 0, 1;
    %assign/vec4 v000002552b209750_0, 0;
    %jmp T_3.1;
T_3.0 ;
    %load/vec4 v000002552b20a3d0_0;
    %flag_set/vec4 8;
    %jmp/0xz  T_3.2, 8;
    %load/vec4 v000002552b209610_0;
    %dup/vec4;
    %pushi/vec4 0, 0, 2;
    %cmp/u;
    %jmp/1 T_3.4, 6;
    %dup/vec4;
    %pushi/vec4 1, 0, 2;
    %cmp/u;
    %jmp/1 T_3.5, 6;
    %dup/vec4;
    %pushi/vec4 2, 0, 2;
    %cmp/u;
    %jmp/1 T_3.6, 6;
    %dup/vec4;
    %pushi/vec4 3, 0, 2;
    %cmp/u;
    %jmp/1 T_3.7, 6;
    %jmp T_3.8;
T_3.4 ;
    %pushi/vec4 0, 0, 16;
    %assign/vec4 v000002552b209bb0_0, 0;
    %jmp T_3.8;
T_3.5 ;
    %load/vec4 v000002552b2096b0_0;
    %load/vec4 v000002552b20a510_0;
    %cmp/e;
    %jmp/0xz  T_3.9, 4;
    %pushi/vec4 1, 0, 16;
    %assign/vec4 v000002552b209bb0_0, 0;
    %jmp T_3.10;
T_3.9 ;
    %pushi/vec4 0, 0, 16;
    %assign/vec4 v000002552b209bb0_0, 0;
T_3.10 ;
    %jmp T_3.8;
T_3.6 ;
    %load/vec4 v000002552b20a510_0;
    %load/vec4 v000002552b2096b0_0;
    %cmp/u;
    %jmp/0xz  T_3.11, 5;
    %pushi/vec4 2, 0, 16;
    %assign/vec4 v000002552b209bb0_0, 0;
    %jmp T_3.12;
T_3.11 ;
    %pushi/vec4 0, 0, 16;
    %assign/vec4 v000002552b209bb0_0, 0;
T_3.12 ;
    %jmp T_3.8;
T_3.7 ;
    %load/vec4 v000002552b2096b0_0;
    %load/vec4 v000002552b20a510_0;
    %cmp/u;
    %jmp/0xz  T_3.13, 5;
    %pushi/vec4 3, 0, 16;
    %assign/vec4 v000002552b209bb0_0, 0;
    %jmp T_3.14;
T_3.13 ;
    %pushi/vec4 0, 0, 16;
    %assign/vec4 v000002552b209bb0_0, 0;
T_3.14 ;
    %jmp T_3.8;
T_3.8 ;
    %pop/vec4 1;
    %pushi/vec4 1, 0, 1;
    %assign/vec4 v000002552b209750_0, 0;
    %jmp T_3.3;
T_3.2 ;
    %pushi/vec4 0, 0, 16;
    %assign/vec4 v000002552b209bb0_0, 0;
    %pushi/vec4 0, 0, 1;
    %assign/vec4 v000002552b209750_0, 0;
T_3.3 ;
T_3.1 ;
    %jmp T_3;
    .thread T_3;
    .scope S_000002552b199150;
T_4 ;
    %wait E_000002552b240c10;
    %load/vec4 v000002552b20a1f0_0;
    %nor/r;
    %flag_set/vec4 8;
    %jmp/0xz  T_4.0, 8;
    %pushi/vec4 0, 0, 16;
    %assign/vec4 v000002552b20a650_0, 0;
    %pushi/vec4 0, 0, 1;
    %assign/vec4 v000002552b20b050_0, 0;
    %jmp T_4.1;
T_4.0 ;
    %load/vec4 v000002552b20a790_0;
    %flag_set/vec4 8;
    %jmp/0xz  T_4.2, 8;
    %load/vec4 v000002552b20b190_0;
    %dup/vec4;
    %pushi/vec4 0, 0, 2;
    %cmp/u;
    %jmp/1 T_4.4, 6;
    %dup/vec4;
    %pushi/vec4 1, 0, 2;
    %cmp/u;
    %jmp/1 T_4.5, 6;
    %dup/vec4;
    %pushi/vec4 2, 0, 2;
    %cmp/u;
    %jmp/1 T_4.6, 6;
    %dup/vec4;
    %pushi/vec4 3, 0, 2;
    %cmp/u;
    %jmp/1 T_4.7, 6;
    %jmp T_4.8;
T_4.4 ;
    %load/vec4 v000002552b20a0b0_0;
    %ix/load 4, 1, 0;
    %flag_set/imm 4, 0;
    %shiftr 4;
    %assign/vec4 v000002552b20a650_0, 0;
    %jmp T_4.8;
T_4.5 ;
    %load/vec4 v000002552b20a0b0_0;
    %ix/load 4, 1, 0;
    %flag_set/imm 4, 0;
    %shiftl 4;
    %assign/vec4 v000002552b20a650_0, 0;
    %jmp T_4.8;
T_4.6 ;
    %load/vec4 v000002552b20a8d0_0;
    %ix/load 4, 1, 0;
    %flag_set/imm 4, 0;
    %shiftr 4;
    %assign/vec4 v000002552b20a650_0, 0;
    %jmp T_4.8;
T_4.7 ;
    %load/vec4 v000002552b20a8d0_0;
    %ix/load 4, 1, 0;
    %flag_set/imm 4, 0;
    %shiftl 4;
    %assign/vec4 v000002552b20a650_0, 0;
    %jmp T_4.8;
T_4.8 ;
    %pop/vec4 1;
    %pushi/vec4 1, 0, 1;
    %assign/vec4 v000002552b20b050_0, 0;
    %jmp T_4.3;
T_4.2 ;
    %pushi/vec4 0, 0, 16;
    %assign/vec4 v000002552b20a650_0, 0;
    %pushi/vec4 0, 0, 1;
    %assign/vec4 v000002552b20b050_0, 0;
T_4.3 ;
T_4.1 ;
    %jmp T_4;
    .thread T_4;
    .scope S_000002552b1e7fa0;
T_5 ;
    %pushi/vec4 1, 0, 1;
    %store/vec4 v000002552b2a2f00_0, 0, 1;
    %delay 6000, 0;
    %pushi/vec4 0, 0, 1;
    %store/vec4 v000002552b2a2f00_0, 0, 1;
    %delay 4000, 0;
    %jmp T_5;
    .thread T_5;
    .scope S_000002552b1e7fa0;
T_6 ;
    %vpi_call 2 57 "$dumpfile", "ALU_TOP.vcd" {0 0 0};
    %vpi_call 2 58 "$dumpvars" {0 0 0};
    %pushi/vec4 0, 0, 1;
    %store/vec4 v000002552b2a1100_0, 0, 1;
    %wait E_000002552b2404d0;
    %pushi/vec4 1, 0, 1;
    %store/vec4 v000002552b2a1100_0, 0, 1;
    %wait E_000002552b2404d0;
    %vpi_call 2 66 "$display", "Test case 1 :" {0 0 0};
    %wait E_000002552b2404d0;
    %pushi/vec4 65528, 0, 16;
    %store/vec4 v000002552b2a28c0_0, 0, 16;
    %pushi/vec4 65533, 0, 16;
    %store/vec4 v000002552b2a1560_0, 0, 16;
    %pushi/vec4 0, 0, 4;
    %store/vec4 v000002552b2a1920_0, 0, 4;
    %pushi/vec4 1, 0, 1;
    %store/vec4 v000002552b2a1100_0, 0, 1;
    %wait E_000002552b2404d0;
    %load/vec4 v000002552b2a2280_0;
    %cmpi/e 4294967285, 0, 32;
    %jmp/0xz  T_6.0, 4;
    %vpi_call 2 75 "$display", "The addition of %0d , %0d is %0d ", v000002552b2a28c0_0, v000002552b2a1560_0, v000002552b2a2280_0 {0 0 0};
    %vpi_call 2 76 "$display", "Arith_Flag=%b ,Logic_Flag=%b ,CMP_Flag=%b ,Shift_Flag=%b", v000002552b2a16a0_0, v000002552b2a1060_0, v000002552b2a1e20_0, v000002552b2a17e0_0 {0 0 0};
    %vpi_call 2 77 "$display", "Test case 1 has passed at time %0t", $time {0 0 0};
    %jmp T_6.1;
T_6.0 ;
    %vpi_call 2 80 "$display", "Test case 1 has failed at time %0t", $time {0 0 0};
T_6.1 ;
    %vpi_call 2 84 "$display", "Test case 2 :" {0 0 0};
    %wait E_000002552b2404d0;
    %pushi/vec4 8, 0, 16;
    %store/vec4 v000002552b2a28c0_0, 0, 16;
    %pushi/vec4 65533, 0, 16;
    %store/vec4 v000002552b2a1560_0, 0, 16;
    %pushi/vec4 0, 0, 4;
    %store/vec4 v000002552b2a1920_0, 0, 4;
    %pushi/vec4 1, 0, 1;
    %store/vec4 v000002552b2a1100_0, 0, 1;
    %wait E_000002552b2404d0;
    %load/vec4 v000002552b2a2280_0;
    %cmpi/e 5, 0, 32;
    %jmp/0xz  T_6.2, 4;
    %vpi_call 2 90 "$display", "The addition of %0d , %0d is %0d ", v000002552b2a28c0_0, v000002552b2a1560_0, v000002552b2a2280_0 {0 0 0};
    %vpi_call 2 91 "$display", "Arith_Flag=%b ,Logic_Flag=%b ,CMP_Flag=%b ,Shift_Flag=%b", v000002552b2a16a0_0, v000002552b2a1060_0, v000002552b2a1e20_0, v000002552b2a17e0_0 {0 0 0};
    %vpi_call 2 92 "$display", "Test case 2 has passed at time %0t", $time {0 0 0};
    %jmp T_6.3;
T_6.2 ;
    %vpi_call 2 95 "$display", "Test case 2 has failed at time %0t", $time {0 0 0};
T_6.3 ;
    %vpi_call 2 98 "$display", "Test case 3 :" {0 0 0};
    %wait E_000002552b2404d0;
    %pushi/vec4 65528, 0, 16;
    %store/vec4 v000002552b2a28c0_0, 0, 16;
    %pushi/vec4 3, 0, 16;
    %store/vec4 v000002552b2a1560_0, 0, 16;
    %pushi/vec4 0, 0, 4;
    %store/vec4 v000002552b2a1920_0, 0, 4;
    %pushi/vec4 1, 0, 1;
    %store/vec4 v000002552b2a1100_0, 0, 1;
    %wait E_000002552b2404d0;
    %load/vec4 v000002552b2a2280_0;
    %cmpi/e 4294967291, 0, 32;
    %jmp/0xz  T_6.4, 4;
    %vpi_call 2 104 "$display", "The addition of %0d , %0d is %0d ", v000002552b2a28c0_0, v000002552b2a1560_0, v000002552b2a2280_0 {0 0 0};
    %vpi_call 2 105 "$display", "Arith_Flag=%b ,Logic_Flag=%b ,CMP_Flag=%b ,Shift_Flag=%b", v000002552b2a16a0_0, v000002552b2a1060_0, v000002552b2a1e20_0, v000002552b2a17e0_0 {0 0 0};
    %vpi_call 2 106 "$display", "Test case 3 has passed at time %0t", $time {0 0 0};
    %jmp T_6.5;
T_6.4 ;
    %vpi_call 2 109 "$display", "Test case 3 has failed at time %0t", $time {0 0 0};
T_6.5 ;
    %vpi_call 2 112 "$display", "Test case 4 :" {0 0 0};
    %wait E_000002552b2404d0;
    %pushi/vec4 8, 0, 16;
    %store/vec4 v000002552b2a28c0_0, 0, 16;
    %pushi/vec4 3, 0, 16;
    %store/vec4 v000002552b2a1560_0, 0, 16;
    %pushi/vec4 0, 0, 4;
    %store/vec4 v000002552b2a1920_0, 0, 4;
    %pushi/vec4 1, 0, 1;
    %store/vec4 v000002552b2a1100_0, 0, 1;
    %wait E_000002552b2404d0;
    %load/vec4 v000002552b2a2280_0;
    %cmpi/e 11, 0, 32;
    %jmp/0xz  T_6.6, 4;
    %vpi_call 2 118 "$display", "The addition of %0d , %0d is %0d ", v000002552b2a28c0_0, v000002552b2a1560_0, v000002552b2a2280_0 {0 0 0};
    %vpi_call 2 119 "$display", "Arith_Flag=%b ,Logic_Flag=%b ,CMP_Flag=%b ,Shift_Flag=%b", v000002552b2a16a0_0, v000002552b2a1060_0, v000002552b2a1e20_0, v000002552b2a17e0_0 {0 0 0};
    %vpi_call 2 120 "$display", "Test case 4 has passed at time %0t", $time {0 0 0};
    %jmp T_6.7;
T_6.6 ;
    %vpi_call 2 123 "$display", "Test case 4 has failed at time %0t", $time {0 0 0};
T_6.7 ;
    %vpi_call 2 126 "$display", "Test case 5 :" {0 0 0};
    %wait E_000002552b2404d0;
    %pushi/vec4 65528, 0, 16;
    %store/vec4 v000002552b2a28c0_0, 0, 16;
    %pushi/vec4 65533, 0, 16;
    %store/vec4 v000002552b2a1560_0, 0, 16;
    %pushi/vec4 1, 0, 4;
    %store/vec4 v000002552b2a1920_0, 0, 4;
    %pushi/vec4 1, 0, 1;
    %store/vec4 v000002552b2a1100_0, 0, 1;
    %wait E_000002552b2404d0;
    %load/vec4 v000002552b2a2280_0;
    %cmpi/e 4294967291, 0, 32;
    %jmp/0xz  T_6.8, 4;
    %vpi_call 2 132 "$display", "The subtraction of %0d , %0d is %0d ", v000002552b2a28c0_0, v000002552b2a1560_0, v000002552b2a2280_0 {0 0 0};
    %vpi_call 2 133 "$display", "Arith_Flag=%b ,Logic_Flag=%b ,CMP_Flag=%b ,Shift_Flag=%b", v000002552b2a16a0_0, v000002552b2a1060_0, v000002552b2a1e20_0, v000002552b2a17e0_0 {0 0 0};
    %vpi_call 2 134 "$display", "Test case 5 has passed at time %0t", $time {0 0 0};
    %jmp T_6.9;
T_6.8 ;
    %vpi_call 2 137 "$display", "Test case 5 has failed at time %0t", $time {0 0 0};
T_6.9 ;
    %vpi_call 2 140 "$display", "Test case 6 :" {0 0 0};
    %wait E_000002552b2404d0;
    %pushi/vec4 8, 0, 16;
    %store/vec4 v000002552b2a28c0_0, 0, 16;
    %pushi/vec4 65533, 0, 16;
    %store/vec4 v000002552b2a1560_0, 0, 16;
    %pushi/vec4 1, 0, 4;
    %store/vec4 v000002552b2a1920_0, 0, 4;
    %pushi/vec4 1, 0, 1;
    %store/vec4 v000002552b2a1100_0, 0, 1;
    %wait E_000002552b2404d0;
    %load/vec4 v000002552b2a2280_0;
    %cmpi/e 11, 0, 32;
    %jmp/0xz  T_6.10, 4;
    %vpi_call 2 146 "$display", "The subtraction of %0d , %0d is %0d ", v000002552b2a28c0_0, v000002552b2a1560_0, v000002552b2a2280_0 {0 0 0};
    %vpi_call 2 147 "$display", "Arith_Flag=%b ,Logic_Flag=%b ,CMP_Flag=%b ,Shift_Flag=%b", v000002552b2a16a0_0, v000002552b2a1060_0, v000002552b2a1e20_0, v000002552b2a17e0_0 {0 0 0};
    %vpi_call 2 148 "$display", "Test case 6 has passed at time %0t", $time {0 0 0};
    %jmp T_6.11;
T_6.10 ;
    %vpi_call 2 151 "$display", "Test case 6 has failed at time %0t", $time {0 0 0};
T_6.11 ;
    %vpi_call 2 154 "$display", "Test case 7 :" {0 0 0};
    %wait E_000002552b2404d0;
    %pushi/vec4 65528, 0, 16;
    %store/vec4 v000002552b2a28c0_0, 0, 16;
    %pushi/vec4 3, 0, 16;
    %store/vec4 v000002552b2a1560_0, 0, 16;
    %pushi/vec4 1, 0, 4;
    %store/vec4 v000002552b2a1920_0, 0, 4;
    %pushi/vec4 1, 0, 1;
    %store/vec4 v000002552b2a1100_0, 0, 1;
    %wait E_000002552b2404d0;
    %load/vec4 v000002552b2a2280_0;
    %cmpi/e 4294967285, 0, 32;
    %jmp/0xz  T_6.12, 4;
    %vpi_call 2 160 "$display", "The subtraction of %0d , %0d is %0d ", v000002552b2a28c0_0, v000002552b2a1560_0, v000002552b2a2280_0 {0 0 0};
    %vpi_call 2 161 "$display", "Arith_Flag=%b ,Logic_Flag=%b ,CMP_Flag=%b ,Shift_Flag=%b", v000002552b2a16a0_0, v000002552b2a1060_0, v000002552b2a1e20_0, v000002552b2a17e0_0 {0 0 0};
    %vpi_call 2 162 "$display", "Test case 7 has passed at time %0t", $time {0 0 0};
    %jmp T_6.13;
T_6.12 ;
    %vpi_call 2 165 "$display", "Test case 7 has failed at time %0t", $time {0 0 0};
T_6.13 ;
    %vpi_call 2 168 "$display", "Test case 8 :" {0 0 0};
    %wait E_000002552b2404d0;
    %pushi/vec4 8, 0, 16;
    %store/vec4 v000002552b2a28c0_0, 0, 16;
    %pushi/vec4 3, 0, 16;
    %store/vec4 v000002552b2a1560_0, 0, 16;
    %pushi/vec4 1, 0, 4;
    %store/vec4 v000002552b2a1920_0, 0, 4;
    %pushi/vec4 1, 0, 1;
    %store/vec4 v000002552b2a1100_0, 0, 1;
    %wait E_000002552b2404d0;
    %load/vec4 v000002552b2a2280_0;
    %cmpi/e 5, 0, 32;
    %jmp/0xz  T_6.14, 4;
    %vpi_call 2 174 "$display", "The subtraction of %0d , %0d is %0d ", v000002552b2a28c0_0, v000002552b2a1560_0, v000002552b2a2280_0 {0 0 0};
    %vpi_call 2 175 "$display", "Arith_Flag=%b ,Logic_Flag=%b ,CMP_Flag=%b ,Shift_Flag=%b", v000002552b2a16a0_0, v000002552b2a1060_0, v000002552b2a1e20_0, v000002552b2a17e0_0 {0 0 0};
    %vpi_call 2 176 "$display", "Test case 8 has passed at time %0t", $time {0 0 0};
    %jmp T_6.15;
T_6.14 ;
    %vpi_call 2 179 "$display", "Test case 8 has failed at time %0t", $time {0 0 0};
T_6.15 ;
    %vpi_call 2 182 "$display", "Test case 9 :" {0 0 0};
    %wait E_000002552b2404d0;
    %pushi/vec4 65528, 0, 16;
    %store/vec4 v000002552b2a28c0_0, 0, 16;
    %pushi/vec4 65533, 0, 16;
    %store/vec4 v000002552b2a1560_0, 0, 16;
    %pushi/vec4 2, 0, 4;
    %store/vec4 v000002552b2a1920_0, 0, 4;
    %pushi/vec4 1, 0, 1;
    %store/vec4 v000002552b2a1100_0, 0, 1;
    %wait E_000002552b2404d0;
    %load/vec4 v000002552b2a2280_0;
    %cmpi/e 24, 0, 32;
    %jmp/0xz  T_6.16, 4;
    %vpi_call 2 191 "$display", "The Multiplication of %0d , %0d is %0d ", v000002552b2a28c0_0, v000002552b2a1560_0, v000002552b2a2280_0 {0 0 0};
    %vpi_call 2 192 "$display", "Arith_Flag=%b ,Logic_Flag=%b ,CMP_Flag=%b ,Shift_Flag=%b", v000002552b2a16a0_0, v000002552b2a1060_0, v000002552b2a1e20_0, v000002552b2a17e0_0 {0 0 0};
    %vpi_call 2 193 "$display", "Test case 9 has passed at time %0t", $time {0 0 0};
    %jmp T_6.17;
T_6.16 ;
    %vpi_call 2 196 "$display", "Test case 9 has failed at time %0t", $time {0 0 0};
T_6.17 ;
    %vpi_call 2 199 "$display", "Test case 10 :" {0 0 0};
    %wait E_000002552b2404d0;
    %pushi/vec4 8, 0, 16;
    %store/vec4 v000002552b2a28c0_0, 0, 16;
    %pushi/vec4 65533, 0, 16;
    %store/vec4 v000002552b2a1560_0, 0, 16;
    %pushi/vec4 2, 0, 4;
    %store/vec4 v000002552b2a1920_0, 0, 4;
    %pushi/vec4 1, 0, 1;
    %store/vec4 v000002552b2a1100_0, 0, 1;
    %wait E_000002552b2404d0;
    %load/vec4 v000002552b2a2280_0;
    %cmpi/e 4294967272, 0, 32;
    %jmp/0xz  T_6.18, 4;
    %vpi_call 2 208 "$display", "The Multiplication of %0d , %0d is %0d ", v000002552b2a28c0_0, v000002552b2a1560_0, v000002552b2a2280_0 {0 0 0};
    %vpi_call 2 209 "$display", "Arith_Flag=%b ,Logic_Flag=%b ,CMP_Flag=%b ,Shift_Flag=%b", v000002552b2a16a0_0, v000002552b2a1060_0, v000002552b2a1e20_0, v000002552b2a17e0_0 {0 0 0};
    %vpi_call 2 210 "$display", "Test case 10 has passed at time %0t", $time {0 0 0};
    %jmp T_6.19;
T_6.18 ;
    %vpi_call 2 213 "$display", "Test case 10 has failed at time %0t", $time {0 0 0};
T_6.19 ;
    %vpi_call 2 216 "$display", "Test case 11 :" {0 0 0};
    %wait E_000002552b2404d0;
    %pushi/vec4 65528, 0, 16;
    %store/vec4 v000002552b2a28c0_0, 0, 16;
    %pushi/vec4 3, 0, 16;
    %store/vec4 v000002552b2a1560_0, 0, 16;
    %pushi/vec4 2, 0, 4;
    %store/vec4 v000002552b2a1920_0, 0, 4;
    %pushi/vec4 1, 0, 1;
    %store/vec4 v000002552b2a1100_0, 0, 1;
    %wait E_000002552b2404d0;
    %load/vec4 v000002552b2a2280_0;
    %cmpi/e 4294967272, 0, 32;
    %jmp/0xz  T_6.20, 4;
    %vpi_call 2 225 "$display", "The Multiplication of %0d , %0d is %0d ", v000002552b2a28c0_0, v000002552b2a1560_0, v000002552b2a2280_0 {0 0 0};
    %vpi_call 2 226 "$display", "Arith_Flag=%b ,Logic_Flag=%b ,CMP_Flag=%b ,Shift_Flag=%b", v000002552b2a16a0_0, v000002552b2a1060_0, v000002552b2a1e20_0, v000002552b2a17e0_0 {0 0 0};
    %vpi_call 2 227 "$display", "Test case 11 has passed at time %0t", $time {0 0 0};
    %jmp T_6.21;
T_6.20 ;
    %vpi_call 2 230 "$display", "Test case 11 has failed at time %0t", $time {0 0 0};
T_6.21 ;
    %vpi_call 2 233 "$display", "Test case 12 :" {0 0 0};
    %wait E_000002552b2404d0;
    %pushi/vec4 8, 0, 16;
    %store/vec4 v000002552b2a28c0_0, 0, 16;
    %pushi/vec4 3, 0, 16;
    %store/vec4 v000002552b2a1560_0, 0, 16;
    %pushi/vec4 2, 0, 4;
    %store/vec4 v000002552b2a1920_0, 0, 4;
    %pushi/vec4 1, 0, 1;
    %store/vec4 v000002552b2a1100_0, 0, 1;
    %wait E_000002552b2404d0;
    %load/vec4 v000002552b2a2280_0;
    %cmpi/e 24, 0, 32;
    %jmp/0xz  T_6.22, 4;
    %vpi_call 2 242 "$display", "The Multiplication of %0d , %0d is %0d ", v000002552b2a28c0_0, v000002552b2a1560_0, v000002552b2a2280_0 {0 0 0};
    %vpi_call 2 243 "$display", "Arith_Flag=%b ,Logic_Flag=%b ,CMP_Flag=%b ,Shift_Flag=%b", v000002552b2a16a0_0, v000002552b2a1060_0, v000002552b2a1e20_0, v000002552b2a17e0_0 {0 0 0};
    %vpi_call 2 244 "$display", "Test case 12 has passed at time %0t", $time {0 0 0};
    %jmp T_6.23;
T_6.22 ;
    %vpi_call 2 247 "$display", "Test case 12 has failed at time %0t", $time {0 0 0};
T_6.23 ;
    %vpi_call 2 250 "$display", "Test case 13 :" {0 0 0};
    %wait E_000002552b2404d0;
    %pushi/vec4 65527, 0, 16;
    %store/vec4 v000002552b2a28c0_0, 0, 16;
    %pushi/vec4 65533, 0, 16;
    %store/vec4 v000002552b2a1560_0, 0, 16;
    %pushi/vec4 3, 0, 4;
    %store/vec4 v000002552b2a1920_0, 0, 4;
    %pushi/vec4 1, 0, 1;
    %store/vec4 v000002552b2a1100_0, 0, 1;
    %wait E_000002552b2404d0;
    %load/vec4 v000002552b2a2280_0;
    %cmpi/e 3, 0, 32;
    %jmp/0xz  T_6.24, 4;
    %vpi_call 2 259 "$display", "The Division of %0d , %0d is %0d ", v000002552b2a28c0_0, v000002552b2a1560_0, v000002552b2a2280_0 {0 0 0};
    %vpi_call 2 260 "$display", "Arith_Flag=%b ,Logic_Flag=%b ,CMP_Flag=%b ,Shift_Flag=%b", v000002552b2a16a0_0, v000002552b2a1060_0, v000002552b2a1e20_0, v000002552b2a17e0_0 {0 0 0};
    %vpi_call 2 261 "$display", "Test case 13 has passed at time %0t", $time {0 0 0};
    %jmp T_6.25;
T_6.24 ;
    %vpi_call 2 264 "$display", "Test case 13 has failed at time %0t", $time {0 0 0};
T_6.25 ;
    %vpi_call 2 267 "$display", "Test case 14 :" {0 0 0};
    %wait E_000002552b2404d0;
    %pushi/vec4 9, 0, 16;
    %store/vec4 v000002552b2a28c0_0, 0, 16;
    %pushi/vec4 65533, 0, 16;
    %store/vec4 v000002552b2a1560_0, 0, 16;
    %pushi/vec4 3, 0, 4;
    %store/vec4 v000002552b2a1920_0, 0, 4;
    %pushi/vec4 1, 0, 1;
    %store/vec4 v000002552b2a1100_0, 0, 1;
    %wait E_000002552b2404d0;
    %load/vec4 v000002552b2a2280_0;
    %cmpi/e 4294967293, 0, 32;
    %jmp/0xz  T_6.26, 4;
    %vpi_call 2 276 "$display", "The Division of %0d , %0d is %0d ", v000002552b2a28c0_0, v000002552b2a1560_0, v000002552b2a2280_0 {0 0 0};
    %vpi_call 2 277 "$display", "Arith_Flag=%b ,Logic_Flag=%b ,CMP_Flag=%b ,Shift_Flag=%b", v000002552b2a16a0_0, v000002552b2a1060_0, v000002552b2a1e20_0, v000002552b2a17e0_0 {0 0 0};
    %vpi_call 2 278 "$display", "Test case 14 has passed at time %0t", $time {0 0 0};
    %jmp T_6.27;
T_6.26 ;
    %vpi_call 2 281 "$display", "Test case 14 has failed at time %0t", $time {0 0 0};
T_6.27 ;
    %vpi_call 2 284 "$display", "Test case 15 :" {0 0 0};
    %wait E_000002552b2404d0;
    %pushi/vec4 65527, 0, 16;
    %store/vec4 v000002552b2a28c0_0, 0, 16;
    %pushi/vec4 3, 0, 16;
    %store/vec4 v000002552b2a1560_0, 0, 16;
    %pushi/vec4 3, 0, 4;
    %store/vec4 v000002552b2a1920_0, 0, 4;
    %pushi/vec4 1, 0, 1;
    %store/vec4 v000002552b2a1100_0, 0, 1;
    %wait E_000002552b2404d0;
    %load/vec4 v000002552b2a2280_0;
    %cmpi/e 4294967293, 0, 32;
    %jmp/0xz  T_6.28, 4;
    %vpi_call 2 293 "$display", "The Division of %0d , %0d is %0d ", v000002552b2a28c0_0, v000002552b2a1560_0, v000002552b2a2280_0 {0 0 0};
    %vpi_call 2 294 "$display", "Arith_Flag=%b ,Logic_Flag=%b ,CMP_Flag=%b ,Shift_Flag=%b", v000002552b2a16a0_0, v000002552b2a1060_0, v000002552b2a1e20_0, v000002552b2a17e0_0 {0 0 0};
    %vpi_call 2 295 "$display", "Test case 15 has passed at time %0t", $time {0 0 0};
    %jmp T_6.29;
T_6.28 ;
    %vpi_call 2 298 "$display", "Test case 15 has failed at time %0t", $time {0 0 0};
T_6.29 ;
    %vpi_call 2 301 "$display", "Test case 16 :" {0 0 0};
    %wait E_000002552b2404d0;
    %pushi/vec4 9, 0, 16;
    %store/vec4 v000002552b2a28c0_0, 0, 16;
    %pushi/vec4 3, 0, 16;
    %store/vec4 v000002552b2a1560_0, 0, 16;
    %pushi/vec4 3, 0, 4;
    %store/vec4 v000002552b2a1920_0, 0, 4;
    %pushi/vec4 1, 0, 1;
    %store/vec4 v000002552b2a1100_0, 0, 1;
    %wait E_000002552b2404d0;
    %load/vec4 v000002552b2a2280_0;
    %cmpi/e 3, 0, 32;
    %jmp/0xz  T_6.30, 4;
    %vpi_call 2 310 "$display", "The Division of %0d , %0d is %0d ", v000002552b2a28c0_0, v000002552b2a1560_0, v000002552b2a2280_0 {0 0 0};
    %vpi_call 2 311 "$display", "Arith_Flag=%b ,Logic_Flag=%b ,CMP_Flag=%b ,Shift_Flag=%b", v000002552b2a16a0_0, v000002552b2a1060_0, v000002552b2a1e20_0, v000002552b2a17e0_0 {0 0 0};
    %vpi_call 2 312 "$display", "Test case 16 has passed at time %0t", $time {0 0 0};
    %jmp T_6.31;
T_6.30 ;
    %vpi_call 2 315 "$display", "Test case 16 has failed at time %0t", $time {0 0 0};
T_6.31 ;
    %vpi_call 2 318 "$display", "Test case 17 :" {0 0 0};
    %wait E_000002552b2404d0;
    %pushi/vec4 43690, 0, 16;
    %store/vec4 v000002552b2a28c0_0, 0, 16;
    %pushi/vec4 52428, 0, 16;
    %store/vec4 v000002552b2a1560_0, 0, 16;
    %pushi/vec4 4, 0, 4;
    %store/vec4 v000002552b2a1920_0, 0, 4;
    %pushi/vec4 1, 0, 1;
    %store/vec4 v000002552b2a1100_0, 0, 1;
    %wait E_000002552b2404d0;
    %load/vec4 v000002552b2a2460_0;
    %pad/u 32;
    %cmpi/e 34952, 0, 32;
    %jmp/0xz  T_6.32, 4;
    %vpi_call 2 327 "$display", "The ANDing of 0b%0b , 0b%0b is 0b%0b ", v000002552b2a28c0_0, v000002552b2a1560_0, v000002552b2a2460_0 {0 0 0};
    %vpi_call 2 328 "$display", "Arith_Flag=%b ,Logic_Flag=%b ,CMP_Flag=%b ,Shift_Flag=%b", v000002552b2a16a0_0, v000002552b2a1060_0, v000002552b2a1e20_0, v000002552b2a17e0_0 {0 0 0};
    %vpi_call 2 329 "$display", "Test case 17 has passed at time %0t", $time {0 0 0};
    %jmp T_6.33;
T_6.32 ;
    %vpi_call 2 332 "$display", "Test case 17 has failed at time %0t", $time {0 0 0};
T_6.33 ;
    %vpi_call 2 335 "$display", "Test case 18 :" {0 0 0};
    %wait E_000002552b2404d0;
    %pushi/vec4 43690, 0, 16;
    %store/vec4 v000002552b2a28c0_0, 0, 16;
    %pushi/vec4 52428, 0, 16;
    %store/vec4 v000002552b2a1560_0, 0, 16;
    %pushi/vec4 5, 0, 4;
    %store/vec4 v000002552b2a1920_0, 0, 4;
    %pushi/vec4 1, 0, 1;
    %store/vec4 v000002552b2a1100_0, 0, 1;
    %wait E_000002552b2404d0;
    %load/vec4 v000002552b2a2460_0;
    %pad/u 32;
    %cmpi/e 61166, 0, 32;
    %jmp/0xz  T_6.34, 4;
    %vpi_call 2 344 "$display", "The ORing of 0b%0b , 0b%0b is 0b%0b ", v000002552b2a28c0_0, v000002552b2a1560_0, v000002552b2a2460_0 {0 0 0};
    %vpi_call 2 345 "$display", "Arith_Flag=%b ,Logic_Flag=%b ,CMP_Flag=%b ,Shift_Flag=%b", v000002552b2a16a0_0, v000002552b2a1060_0, v000002552b2a1e20_0, v000002552b2a17e0_0 {0 0 0};
    %vpi_call 2 346 "$display", "Test case 18 has passed at time %0t", $time {0 0 0};
    %jmp T_6.35;
T_6.34 ;
    %vpi_call 2 349 "$display", "Test case 18 has failed at time %0t", $time {0 0 0};
T_6.35 ;
    %vpi_call 2 352 "$display", "Test case 19 :" {0 0 0};
    %wait E_000002552b2404d0;
    %pushi/vec4 43690, 0, 16;
    %store/vec4 v000002552b2a28c0_0, 0, 16;
    %pushi/vec4 52428, 0, 16;
    %store/vec4 v000002552b2a1560_0, 0, 16;
    %pushi/vec4 6, 0, 4;
    %store/vec4 v000002552b2a1920_0, 0, 4;
    %pushi/vec4 1, 0, 1;
    %store/vec4 v000002552b2a1100_0, 0, 1;
    %wait E_000002552b2404d0;
    %load/vec4 v000002552b2a2460_0;
    %pad/u 32;
    %cmpi/e 30583, 0, 32;
    %jmp/0xz  T_6.36, 4;
    %vpi_call 2 361 "$display", "The NANDing of 0b%0b , 0b%0b is 0b%0b ", v000002552b2a28c0_0, v000002552b2a1560_0, v000002552b2a2460_0 {0 0 0};
    %vpi_call 2 362 "$display", "Arith_Flag=%b ,Logic_Flag=%b ,CMP_Flag=%b ,Shift_Flag=%b", v000002552b2a16a0_0, v000002552b2a1060_0, v000002552b2a1e20_0, v000002552b2a17e0_0 {0 0 0};
    %vpi_call 2 363 "$display", "Test case 19 has passed at time %0t", $time {0 0 0};
    %jmp T_6.37;
T_6.36 ;
    %vpi_call 2 366 "$display", "Test case 19 has failed at time %0t", $time {0 0 0};
T_6.37 ;
    %vpi_call 2 369 "$display", "Test case 20 :" {0 0 0};
    %wait E_000002552b2404d0;
    %pushi/vec4 43690, 0, 16;
    %store/vec4 v000002552b2a28c0_0, 0, 16;
    %pushi/vec4 52428, 0, 16;
    %store/vec4 v000002552b2a1560_0, 0, 16;
    %pushi/vec4 7, 0, 4;
    %store/vec4 v000002552b2a1920_0, 0, 4;
    %pushi/vec4 1, 0, 1;
    %store/vec4 v000002552b2a1100_0, 0, 1;
    %wait E_000002552b2404d0;
    %load/vec4 v000002552b2a2460_0;
    %pad/u 32;
    %cmpi/e 4369, 0, 32;
    %jmp/0xz  T_6.38, 4;
    %vpi_call 2 378 "$display", "The NORing of 0b%0b , 0b%0b is 0b%0b ", v000002552b2a28c0_0, v000002552b2a1560_0, v000002552b2a2460_0 {0 0 0};
    %vpi_call 2 379 "$display", "Arith_Flag=%b ,Logic_Flag=%b ,CMP_Flag=%b ,Shift_Flag=%b", v000002552b2a16a0_0, v000002552b2a1060_0, v000002552b2a1e20_0, v000002552b2a17e0_0 {0 0 0};
    %vpi_call 2 380 "$display", "Test case 20 has passed at time %0t", $time {0 0 0};
    %jmp T_6.39;
T_6.38 ;
    %vpi_call 2 383 "$display", "Test case 20 has failed at time %0t", $time {0 0 0};
T_6.39 ;
    %vpi_call 2 386 "$display", "Test case 21 :" {0 0 0};
    %wait E_000002552b2404d0;
    %pushi/vec4 3, 0, 16;
    %store/vec4 v000002552b2a28c0_0, 0, 16;
    %pushi/vec4 3, 0, 16;
    %store/vec4 v000002552b2a1560_0, 0, 16;
    %pushi/vec4 9, 0, 4;
    %store/vec4 v000002552b2a1920_0, 0, 4;
    %pushi/vec4 1, 0, 1;
    %store/vec4 v000002552b2a1100_0, 0, 1;
    %wait E_000002552b2404d0;
    %load/vec4 v000002552b2a2a00_0;
    %pad/u 32;
    %cmpi/e 1, 0, 32;
    %jmp/0xz  T_6.40, 4;
    %vpi_call 2 395 "$display", "Comparing( A == B ) : A= %0d ,B= %0d , CMP_OUT= %0d ", v000002552b2a28c0_0, v000002552b2a1560_0, v000002552b2a2a00_0 {0 0 0};
    %vpi_call 2 396 "$display", "Arith_Flag=%b ,Logic_Flag=%b ,CMP_Flag=%b ,Shift_Flag=%b", v000002552b2a16a0_0, v000002552b2a1060_0, v000002552b2a1e20_0, v000002552b2a17e0_0 {0 0 0};
    %vpi_call 2 397 "$display", "Test case 21 has passed at time %0t", $time {0 0 0};
    %jmp T_6.41;
T_6.40 ;
    %vpi_call 2 400 "$display", "Test case 21 has failed at time %0t", $time {0 0 0};
T_6.41 ;
    %vpi_call 2 403 "$display", "Test case 22 :" {0 0 0};
    %wait E_000002552b2404d0;
    %pushi/vec4 6, 0, 16;
    %store/vec4 v000002552b2a28c0_0, 0, 16;
    %pushi/vec4 3, 0, 16;
    %store/vec4 v000002552b2a1560_0, 0, 16;
    %pushi/vec4 10, 0, 4;
    %store/vec4 v000002552b2a1920_0, 0, 4;
    %pushi/vec4 1, 0, 1;
    %store/vec4 v000002552b2a1100_0, 0, 1;
    %wait E_000002552b2404d0;
    %load/vec4 v000002552b2a2a00_0;
    %pad/u 32;
    %cmpi/e 2, 0, 32;
    %jmp/0xz  T_6.42, 4;
    %vpi_call 2 412 "$display", "Comparing( A > B ) : A= %0d ,B= %0d , CMP_OUT= %0d ", v000002552b2a28c0_0, v000002552b2a1560_0, v000002552b2a2a00_0 {0 0 0};
    %vpi_call 2 413 "$display", "Arith_Flag=%b ,Logic_Flag=%b ,CMP_Flag=%b ,Shift_Flag=%b", v000002552b2a16a0_0, v000002552b2a1060_0, v000002552b2a1e20_0, v000002552b2a17e0_0 {0 0 0};
    %vpi_call 2 414 "$display", "Test case 22 has passed at time %0t", $time {0 0 0};
    %jmp T_6.43;
T_6.42 ;
    %vpi_call 2 417 "$display", "Test case 22 has failed at time %0t", $time {0 0 0};
T_6.43 ;
    %vpi_call 2 420 "$display", "Test case 23 :" {0 0 0};
    %wait E_000002552b2404d0;
    %pushi/vec4 3, 0, 16;
    %store/vec4 v000002552b2a28c0_0, 0, 16;
    %pushi/vec4 6, 0, 16;
    %store/vec4 v000002552b2a1560_0, 0, 16;
    %pushi/vec4 11, 0, 4;
    %store/vec4 v000002552b2a1920_0, 0, 4;
    %pushi/vec4 1, 0, 1;
    %store/vec4 v000002552b2a1100_0, 0, 1;
    %wait E_000002552b2404d0;
    %load/vec4 v000002552b2a2a00_0;
    %pad/u 32;
    %cmpi/e 3, 0, 32;
    %jmp/0xz  T_6.44, 4;
    %vpi_call 2 429 "$display", "Comparing( A < B ) : A= %0d ,B= %0d , CMP_OUT= %0d ", v000002552b2a28c0_0, v000002552b2a1560_0, v000002552b2a2a00_0 {0 0 0};
    %vpi_call 2 430 "$display", "Arith_Flag=%b ,Logic_Flag=%b ,CMP_Flag=%b ,Shift_Flag=%b", v000002552b2a16a0_0, v000002552b2a1060_0, v000002552b2a1e20_0, v000002552b2a17e0_0 {0 0 0};
    %vpi_call 2 431 "$display", "Test case 23 has passed at time %0t", $time {0 0 0};
    %jmp T_6.45;
T_6.44 ;
    %vpi_call 2 434 "$display", "Test case 23 has failed at time %0t", $time {0 0 0};
T_6.45 ;
    %vpi_call 2 437 "$display", "Test case 24 :" {0 0 0};
    %wait E_000002552b2404d0;
    %pushi/vec4 6, 0, 16;
    %store/vec4 v000002552b2a28c0_0, 0, 16;
    %pushi/vec4 6, 0, 16;
    %store/vec4 v000002552b2a1560_0, 0, 16;
    %pushi/vec4 12, 0, 4;
    %store/vec4 v000002552b2a1920_0, 0, 4;
    %pushi/vec4 1, 0, 1;
    %store/vec4 v000002552b2a1100_0, 0, 1;
    %wait E_000002552b2404d0;
    %load/vec4 v000002552b2a2b40_0;
    %pad/u 32;
    %cmpi/e 3, 0, 32;
    %jmp/0xz  T_6.46, 4;
    %vpi_call 2 446 "$display", "Shift( A >> 1 ) : A= %0d is  %0d ", v000002552b2a28c0_0, v000002552b2a2b40_0 {0 0 0};
    %vpi_call 2 447 "$display", "Arith_Flag=%b ,Logic_Flag=%b ,CMP_Flag=%b ,Shift_Flag=%b", v000002552b2a16a0_0, v000002552b2a1060_0, v000002552b2a1e20_0, v000002552b2a17e0_0 {0 0 0};
    %vpi_call 2 448 "$display", "Test case 24 has passed at time %0t", $time {0 0 0};
    %jmp T_6.47;
T_6.46 ;
    %vpi_call 2 451 "$display", "Test case 24 has failed at time %0t", $time {0 0 0};
T_6.47 ;
    %vpi_call 2 454 "$display", "Test case 25 :" {0 0 0};
    %wait E_000002552b2404d0;
    %pushi/vec4 6, 0, 16;
    %store/vec4 v000002552b2a28c0_0, 0, 16;
    %pushi/vec4 6, 0, 16;
    %store/vec4 v000002552b2a1560_0, 0, 16;
    %pushi/vec4 13, 0, 4;
    %store/vec4 v000002552b2a1920_0, 0, 4;
    %pushi/vec4 1, 0, 1;
    %store/vec4 v000002552b2a1100_0, 0, 1;
    %wait E_000002552b2404d0;
    %load/vec4 v000002552b2a2b40_0;
    %pad/u 32;
    %cmpi/e 12, 0, 32;
    %jmp/0xz  T_6.48, 4;
    %vpi_call 2 463 "$display", "Shift( A << 1 ) : A= %0d is  %0d ", v000002552b2a28c0_0, v000002552b2a2b40_0 {0 0 0};
    %vpi_call 2 464 "$display", "Arith_Flag=%b ,Logic_Flag=%b ,CMP_Flag=%b ,Shift_Flag=%b", v000002552b2a16a0_0, v000002552b2a1060_0, v000002552b2a1e20_0, v000002552b2a17e0_0 {0 0 0};
    %vpi_call 2 465 "$display", "Test case 25 has passed at time %0t", $time {0 0 0};
    %jmp T_6.49;
T_6.48 ;
    %vpi_call 2 468 "$display", "Test case 25 has failed at time %0t", $time {0 0 0};
T_6.49 ;
    %vpi_call 2 471 "$display", "Test case 26 :" {0 0 0};
    %wait E_000002552b2404d0;
    %pushi/vec4 6, 0, 16;
    %store/vec4 v000002552b2a28c0_0, 0, 16;
    %pushi/vec4 8, 0, 16;
    %store/vec4 v000002552b2a1560_0, 0, 16;
    %pushi/vec4 14, 0, 4;
    %store/vec4 v000002552b2a1920_0, 0, 4;
    %pushi/vec4 1, 0, 1;
    %store/vec4 v000002552b2a1100_0, 0, 1;
    %wait E_000002552b2404d0;
    %load/vec4 v000002552b2a2b40_0;
    %pad/u 32;
    %cmpi/e 4, 0, 32;
    %jmp/0xz  T_6.50, 4;
    %vpi_call 2 480 "$display", "Shift( B >> 1 ) : B= %0d is  %0d ", v000002552b2a1560_0, v000002552b2a2b40_0 {0 0 0};
    %vpi_call 2 481 "$display", "Arith_Flag=%b ,Logic_Flag=%b ,CMP_Flag=%b ,Shift_Flag=%b", v000002552b2a16a0_0, v000002552b2a1060_0, v000002552b2a1e20_0, v000002552b2a17e0_0 {0 0 0};
    %vpi_call 2 482 "$display", "Test case 26 has passed at time %0t", $time {0 0 0};
    %jmp T_6.51;
T_6.50 ;
    %vpi_call 2 485 "$display", "Test case 26 has failed at time %0t", $time {0 0 0};
T_6.51 ;
    %vpi_call 2 488 "$display", "Test case 27 :" {0 0 0};
    %wait E_000002552b2404d0;
    %pushi/vec4 6, 0, 16;
    %store/vec4 v000002552b2a28c0_0, 0, 16;
    %pushi/vec4 8, 0, 16;
    %store/vec4 v000002552b2a1560_0, 0, 16;
    %pushi/vec4 15, 0, 4;
    %store/vec4 v000002552b2a1920_0, 0, 4;
    %pushi/vec4 1, 0, 1;
    %store/vec4 v000002552b2a1100_0, 0, 1;
    %wait E_000002552b2404d0;
    %load/vec4 v000002552b2a2b40_0;
    %pad/u 32;
    %cmpi/e 16, 0, 32;
    %jmp/0xz  T_6.52, 4;
    %vpi_call 2 497 "$display", "Shift( B << 1 ) : B= %0d is  %0d ", v000002552b2a1560_0, v000002552b2a2b40_0 {0 0 0};
    %vpi_call 2 498 "$display", "Arith_Flag=%b ,Logic_Flag=%b ,CMP_Flag=%b ,Shift_Flag=%b", v000002552b2a16a0_0, v000002552b2a1060_0, v000002552b2a1e20_0, v000002552b2a17e0_0 {0 0 0};
    %vpi_call 2 499 "$display", "Test case 27 has passed at time %0t", $time {0 0 0};
    %jmp T_6.53;
T_6.52 ;
    %vpi_call 2 502 "$display", "Test case 27 has failed at time %0t", $time {0 0 0};
T_6.53 ;
    %vpi_call 2 506 "$display", "Test case 28 :" {0 0 0};
    %wait E_000002552b2404d0;
    %pushi/vec4 6, 0, 16;
    %store/vec4 v000002552b2a28c0_0, 0, 16;
    %pushi/vec4 8, 0, 16;
    %store/vec4 v000002552b2a1560_0, 0, 16;
    %pushi/vec4 8, 0, 4;
    %store/vec4 v000002552b2a1920_0, 0, 4;
    %pushi/vec4 1, 0, 1;
    %store/vec4 v000002552b2a1100_0, 0, 1;
    %wait E_000002552b2404d0;
    %load/vec4 v000002552b2a2280_0;
    %cmpi/e 0, 0, 32;
    %flag_get/vec4 4;
    %jmp/0 T_6.58, 4;
    %load/vec4 v000002552b2a2460_0;
    %pad/u 32;
    %pushi/vec4 0, 0, 32;
    %cmp/e;
    %flag_get/vec4 4;
    %and;
T_6.58;
    %flag_set/vec4 10;
    %flag_get/vec4 10;
    %jmp/0 T_6.57, 10;
    %load/vec4 v000002552b2a2a00_0;
    %pad/u 32;
    %pushi/vec4 0, 0, 32;
    %cmp/e;
    %flag_get/vec4 4;
    %and;
T_6.57;
    %flag_set/vec4 9;
    %flag_get/vec4 9;
    %jmp/0 T_6.56, 9;
    %load/vec4 v000002552b2a2b40_0;
    %pad/u 32;
    %pushi/vec4 0, 0, 32;
    %cmp/e;
    %flag_get/vec4 4;
    %and;
T_6.56;
    %flag_set/vec4 8;
    %jmp/0xz  T_6.54, 8;
    %vpi_call 2 515 "$display", "Arith_Flag=%b ,Logic_Flag=%b ,CMP_Flag=%b ,Shift_Flag=%b", v000002552b2a16a0_0, v000002552b2a1060_0, v000002552b2a1e20_0, v000002552b2a17e0_0 {0 0 0};
    %vpi_call 2 516 "$display", "Test case 28 has passed at time %0t", $time {0 0 0};
    %jmp T_6.55;
T_6.54 ;
    %vpi_call 2 519 "$display", "Test case 28 has failed at time %0t", $time {0 0 0};
T_6.55 ;
    %vpi_call 2 522 "$finish" {0 0 0};
    %end;
    .thread T_6;
# The file index is used to find the file name in the following table.
:file_names 9;
    "N/A";
    "<interactive>";
    "ALU_TOP_tb.v";
    "./ALU_TOP.v";
    "./ARITHMATIC_UNIT.v";
    "./CMP_UNIT.v";
    "./Decoder.v";
    "./LOGIC_UNIT.v";
    "./SHIFT_UNIT.v";
