#! /c/Source/iverilog-install/bin/vvp
:ivl_version "12.0 (devel)" "(s20150603-1539-g2693dd32b)";
:ivl_delay_selection "TYPICAL";
:vpi_time_precision + 0;
:vpi_module "C:\iverilog\lib\ivl\system.vpi";
:vpi_module "C:\iverilog\lib\ivl\vhdl_sys.vpi";
:vpi_module "C:\iverilog\lib\ivl\vhdl_textio.vpi";
:vpi_module "C:\iverilog\lib\ivl\v2005_math.vpi";
:vpi_module "C:\iverilog\lib\ivl\va_math.vpi";
S_000002239ae42c40 .scope module, "ARITHMATIC_UNIT" "ARITHMATIC_UNIT" 2 1;
 .timescale 0 0;
    .port_info 0 /INPUT 16 "A";
    .port_info 1 /INPUT 16 "B";
    .port_info 2 /INPUT 2 "ALU_FUN";
    .port_info 3 /INPUT 1 "CLK";
    .port_info 4 /INPUT 1 "RST";
    .port_info 5 /INPUT 1 "Arith_Enable";
    .port_info 6 /OUTPUT 32 "Arith_OUT";
    .port_info 7 /OUTPUT 1 "Arith_Flag";
P_000002239ae42dd0 .param/l "ADD" 1 2 19, C4<00>;
P_000002239ae42e08 .param/l "DIV" 1 2 22, C4<11>;
P_000002239ae42e40 .param/l "MUL" 1 2 21, C4<10>;
P_000002239ae42e78 .param/l "SUB" 1 2 20, C4<01>;
P_000002239ae42eb0 .param/l "Width" 0 2 2, C4<00000000000000000000000000010000>;
o000002239ae79fd8 .functor BUFZ 16, C4<zzzzzzzzzzzzzzzz>; HiZ drive
v000002239ae430e0_0 .net/s "A", 15 0, o000002239ae79fd8;  0 drivers
o000002239ae7a008 .functor BUFZ 2, C4<zz>; HiZ drive
v000002239ae42ef0_0 .net "ALU_FUN", 1 0, o000002239ae7a008;  0 drivers
o000002239ae7a038 .functor BUFZ 1, C4<z>; HiZ drive
v000002239adbbc00_0 .net "Arith_Enable", 0 0, o000002239ae7a038;  0 drivers
v000002239adbbca0_0 .var "Arith_Flag", 0 0;
v000002239adbbd40_0 .var/s "Arith_OUT", 31 0;
o000002239ae7a0c8 .functor BUFZ 16, C4<zzzzzzzzzzzzzzzz>; HiZ drive
v000002239adbbde0_0 .net/s "B", 15 0, o000002239ae7a0c8;  0 drivers
o000002239ae7a0f8 .functor BUFZ 1, C4<z>; HiZ drive
v000002239adbbe80_0 .net "CLK", 0 0, o000002239ae7a0f8;  0 drivers
o000002239ae7a128 .functor BUFZ 1, C4<z>; HiZ drive
v000002239adbbf20_0 .net "RST", 0 0, o000002239ae7a128;  0 drivers
E_000002239adb9bb0/0 .event negedge, v000002239adbbf20_0;
E_000002239adb9bb0/1 .event posedge, v000002239adbbe80_0;
E_000002239adb9bb0 .event/or E_000002239adb9bb0/0, E_000002239adb9bb0/1;
    .scope S_000002239ae42c40;
T_0 ;
    %wait E_000002239adb9bb0;
    %load/vec4 v000002239adbbf20_0;
    %nor/r;
    %flag_set/vec4 8;
    %jmp/0xz  T_0.0, 8;
    %pushi/vec4 0, 0, 32;
    %assign/vec4 v000002239adbbd40_0, 0;
    %pushi/vec4 0, 0, 1;
    %assign/vec4 v000002239adbbca0_0, 0;
    %jmp T_0.1;
T_0.0 ;
    %load/vec4 v000002239adbbc00_0;
    %flag_set/vec4 8;
    %jmp/0xz  T_0.2, 8;
    %load/vec4 v000002239ae42ef0_0;
    %dup/vec4;
    %pushi/vec4 0, 0, 2;
    %cmp/u;
    %jmp/1 T_0.4, 6;
    %dup/vec4;
    %pushi/vec4 1, 0, 2;
    %cmp/u;
    %jmp/1 T_0.5, 6;
    %dup/vec4;
    %pushi/vec4 2, 0, 2;
    %cmp/u;
    %jmp/1 T_0.6, 6;
    %dup/vec4;
    %pushi/vec4 3, 0, 2;
    %cmp/u;
    %jmp/1 T_0.7, 6;
    %jmp T_0.8;
T_0.4 ;
    %load/vec4 v000002239ae430e0_0;
    %pad/s 32;
    %load/vec4 v000002239adbbde0_0;
    %pad/s 32;
    %add;
    %assign/vec4 v000002239adbbd40_0, 0;
    %jmp T_0.8;
T_0.5 ;
    %load/vec4 v000002239ae430e0_0;
    %pad/s 32;
    %load/vec4 v000002239adbbde0_0;
    %pad/s 32;
    %sub;
    %assign/vec4 v000002239adbbd40_0, 0;
    %jmp T_0.8;
T_0.6 ;
    %load/vec4 v000002239ae430e0_0;
    %pad/s 32;
    %load/vec4 v000002239adbbde0_0;
    %pad/s 32;
    %mul;
    %assign/vec4 v000002239adbbd40_0, 0;
    %jmp T_0.8;
T_0.7 ;
    %load/vec4 v000002239ae430e0_0;
    %pad/s 32;
    %load/vec4 v000002239adbbde0_0;
    %pad/s 32;
    %div/s;
    %assign/vec4 v000002239adbbd40_0, 0;
    %jmp T_0.8;
T_0.8 ;
    %pop/vec4 1;
    %pushi/vec4 1, 0, 1;
    %assign/vec4 v000002239adbbca0_0, 0;
    %jmp T_0.3;
T_0.2 ;
    %pushi/vec4 0, 0, 32;
    %assign/vec4 v000002239adbbd40_0, 0;
    %pushi/vec4 0, 0, 1;
    %assign/vec4 v000002239adbbca0_0, 0;
T_0.3 ;
T_0.1 ;
    %jmp T_0;
    .thread T_0;
# The file index is used to find the file name in the following table.
:file_names 3;
    "N/A";
    "<interactive>";
    "ARITHMATIC_UNIT.V";
