#! /c/Source/iverilog-install/bin/vvp
:ivl_version "12.0 (devel)" "(s20150603-1539-g2693dd32b)";
:ivl_delay_selection "TYPICAL";
:vpi_time_precision + 0;
:vpi_module "C:\iverilog\lib\ivl\system.vpi";
:vpi_module "C:\iverilog\lib\ivl\vhdl_sys.vpi";
:vpi_module "C:\iverilog\lib\ivl\vhdl_textio.vpi";
:vpi_module "C:\iverilog\lib\ivl\v2005_math.vpi";
:vpi_module "C:\iverilog\lib\ivl\va_math.vpi";
S_00000189aecd2c40 .scope module, "CMP_UNIT" "CMP_UNIT" 2 1;
 .timescale 0 0;
    .port_info 0 /INPUT 16 "A";
    .port_info 1 /INPUT 16 "B";
    .port_info 2 /INPUT 2 "ALU_FUN";
    .port_info 3 /INPUT 1 "CLK";
    .port_info 4 /INPUT 1 "RST";
    .port_info 5 /INPUT 1 "CMP_Enable";
    .port_info 6 /OUTPUT 16 "CMP_OUT";
    .port_info 7 /OUTPUT 1 "CMP_Flag";
P_00000189aecd2dd0 .param/l "CMPEQ" 1 2 19, C4<01>;
P_00000189aecd2e08 .param/l "CMPG" 1 2 20, C4<10>;
P_00000189aecd2e40 .param/l "CMPL" 1 2 21, C4<11>;
P_00000189aecd2e78 .param/l "NOP" 1 2 18, C4<00>;
P_00000189aecd2eb0 .param/l "Width" 0 2 1, C4<00000000000000000000000000010000>;
o00000189aed09fd8 .functor BUFZ 16, C4<zzzzzzzzzzzzzzzz>; HiZ drive
v00000189aecd30e0_0 .net/s "A", 15 0, o00000189aed09fd8;  0 drivers
o00000189aed0a008 .functor BUFZ 2, C4<zz>; HiZ drive
v00000189aecd2ef0_0 .net "ALU_FUN", 1 0, o00000189aed0a008;  0 drivers
o00000189aed0a038 .functor BUFZ 16, C4<zzzzzzzzzzzzzzzz>; HiZ drive
v00000189aee4be30_0 .net/s "B", 15 0, o00000189aed0a038;  0 drivers
o00000189aed0a068 .functor BUFZ 1, C4<z>; HiZ drive
v00000189aee4bed0_0 .net "CLK", 0 0, o00000189aed0a068;  0 drivers
o00000189aed0a098 .functor BUFZ 1, C4<z>; HiZ drive
v00000189aed4c840_0 .net "CMP_Enable", 0 0, o00000189aed0a098;  0 drivers
v00000189aed4c8e0_0 .var "CMP_Flag", 0 0;
v00000189aed4c980_0 .var "CMP_OUT", 15 0;
o00000189aed0a128 .functor BUFZ 1, C4<z>; HiZ drive
v00000189aed4ca20_0 .net "RST", 0 0, o00000189aed0a128;  0 drivers
E_00000189aee48d60/0 .event negedge, v00000189aed4ca20_0;
E_00000189aee48d60/1 .event posedge, v00000189aee4bed0_0;
E_00000189aee48d60 .event/or E_00000189aee48d60/0, E_00000189aee48d60/1;
    .scope S_00000189aecd2c40;
T_0 ;
    %wait E_00000189aee48d60;
    %load/vec4 v00000189aed4ca20_0;
    %nor/r;
    %flag_set/vec4 8;
    %jmp/0xz  T_0.0, 8;
    %pushi/vec4 0, 0, 16;
    %assign/vec4 v00000189aed4c980_0, 0;
    %pushi/vec4 0, 0, 1;
    %assign/vec4 v00000189aed4c8e0_0, 0;
    %jmp T_0.1;
T_0.0 ;
    %load/vec4 v00000189aed4c840_0;
    %flag_set/vec4 8;
    %jmp/0xz  T_0.2, 8;
    %load/vec4 v00000189aecd2ef0_0;
    %dup/vec4;
    %pushi/vec4 0, 0, 2;
    %cmp/u;
    %jmp/1 T_0.4, 6;
    %dup/vec4;
    %pushi/vec4 1, 0, 2;
    %cmp/u;
    %jmp/1 T_0.5, 6;
    %dup/vec4;
    %pushi/vec4 2, 0, 2;
    %cmp/u;
    %jmp/1 T_0.6, 6;
    %dup/vec4;
    %pushi/vec4 3, 0, 2;
    %cmp/u;
    %jmp/1 T_0.7, 6;
    %jmp T_0.8;
T_0.4 ;
    %pushi/vec4 0, 0, 16;
    %assign/vec4 v00000189aed4c980_0, 0;
    %jmp T_0.8;
T_0.5 ;
    %load/vec4 v00000189aecd30e0_0;
    %load/vec4 v00000189aee4be30_0;
    %cmp/e;
    %jmp/0xz  T_0.9, 4;
    %pushi/vec4 1, 0, 16;
    %assign/vec4 v00000189aed4c980_0, 0;
    %jmp T_0.10;
T_0.9 ;
    %pushi/vec4 0, 0, 16;
    %assign/vec4 v00000189aed4c980_0, 0;
T_0.10 ;
    %jmp T_0.8;
T_0.6 ;
    %load/vec4 v00000189aee4be30_0;
    %load/vec4 v00000189aecd30e0_0;
    %cmp/s;
    %jmp/0xz  T_0.11, 5;
    %pushi/vec4 2, 0, 16;
    %assign/vec4 v00000189aed4c980_0, 0;
    %jmp T_0.12;
T_0.11 ;
    %pushi/vec4 0, 0, 16;
    %assign/vec4 v00000189aed4c980_0, 0;
T_0.12 ;
    %jmp T_0.8;
T_0.7 ;
    %load/vec4 v00000189aecd30e0_0;
    %load/vec4 v00000189aee4be30_0;
    %cmp/s;
    %jmp/0xz  T_0.13, 5;
    %pushi/vec4 3, 0, 16;
    %assign/vec4 v00000189aed4c980_0, 0;
    %jmp T_0.14;
T_0.13 ;
    %pushi/vec4 0, 0, 16;
    %assign/vec4 v00000189aed4c980_0, 0;
T_0.14 ;
    %jmp T_0.8;
T_0.8 ;
    %pop/vec4 1;
    %pushi/vec4 1, 0, 1;
    %assign/vec4 v00000189aed4c8e0_0, 0;
    %jmp T_0.3;
T_0.2 ;
    %pushi/vec4 0, 0, 16;
    %assign/vec4 v00000189aed4c980_0, 0;
    %pushi/vec4 0, 0, 1;
    %assign/vec4 v00000189aed4c8e0_0, 0;
T_0.3 ;
T_0.1 ;
    %jmp T_0;
    .thread T_0;
# The file index is used to find the file name in the following table.
:file_names 3;
    "N/A";
    "<interactive>";
    "CMP_UNIT.v";
