#! /c/Source/iverilog-install/bin/vvp
:ivl_version "12.0 (devel)" "(s20150603-1539-g2693dd32b)";
:ivl_delay_selection "TYPICAL";
:vpi_time_precision - 9;
:vpi_module "C:\iverilog\lib\ivl\system.vpi";
:vpi_module "C:\iverilog\lib\ivl\vhdl_sys.vpi";
:vpi_module "C:\iverilog\lib\ivl\vhdl_textio.vpi";
:vpi_module "C:\iverilog\lib\ivl\v2005_math.vpi";
:vpi_module "C:\iverilog\lib\ivl\va_math.vpi";
S_000002bb32849d90 .scope module, "ALU_16B_tb" "ALU_16B_tb" 2 3;
 .timescale -6 -9;
v000002bb3288c760_0 .var "ALU_FUN_tb", 3 0;
v000002bb3288c800_0 .net "ALU_OUT_tb", 15 0, v000002bb3289b490_0;  1 drivers
v000002bb3280be80_0 .var "A_tb", 15 0;
v000002bb3280bf20_0 .net "Arith_Flag_tb", 0 0, v000002bb328519d0_0;  1 drivers
v000002bb32897aa0_0 .var "B_tb", 15 0;
v000002bb32897b40_0 .var "CLK_tb", 0 0;
v000002bb32918990_0 .net "CMP_Flag_tb", 0 0, v000002bb32854c10_0;  1 drivers
v000002bb32918d50_0 .net "Carry_Flag_tb", 0 0, v000002bb3284d5a0_0;  1 drivers
v000002bb32919070_0 .net "Logic_Flag_tb", 0 0, v000002bb3289a570_0;  1 drivers
v000002bb329196b0_0 .net "Shift_Flag_tb", 0 0, v000002bb3288fe40_0;  1 drivers
S_000002bb328abd10 .scope module, "DUT" "ALU_16B" 2 20, 3 1 0, S_000002bb32849d90;
 .timescale -6 -9;
    .port_info 0 /INPUT 16 "A";
    .port_info 1 /INPUT 16 "B";
    .port_info 2 /INPUT 4 "ALU_FUN";
    .port_info 3 /INPUT 1 "CLK";
    .port_info 4 /OUTPUT 16 "ALU_OUT";
    .port_info 5 /OUTPUT 1 "Carry_Flag";
    .port_info 6 /OUTPUT 1 "Arith_Flag";
    .port_info 7 /OUTPUT 1 "Logic_Flag";
    .port_info 8 /OUTPUT 1 "CMP_Flag";
    .port_info 9 /OUTPUT 1 "Shift_Flag";
P_000002bb328a6e90 .param/l "ADD" 1 3 21, C4<0000>;
P_000002bb328a6ec8 .param/l "AND" 1 3 25, C4<0100>;
P_000002bb328a6f00 .param/l "CMPEQ" 1 3 31, C4<1010>;
P_000002bb328a6f38 .param/l "CMPG" 1 3 32, C4<1011>;
P_000002bb328a6f70 .param/l "CMPL" 1 3 33, C4<1100>;
P_000002bb328a6fa8 .param/l "DIV" 1 3 24, C4<0011>;
P_000002bb328a6fe0 .param/l "MUL" 1 3 23, C4<0010>;
P_000002bb328a7018 .param/l "NAND" 1 3 27, C4<0110>;
P_000002bb328a7050 .param/l "NOR" 1 3 28, C4<0111>;
P_000002bb328a7088 .param/l "OR" 1 3 26, C4<0101>;
P_000002bb328a70c0 .param/l "SHL" 1 3 35, C4<1110>;
P_000002bb328a70f8 .param/l "SHR" 1 3 34, C4<1101>;
P_000002bb328a7130 .param/l "SUB" 1 3 22, C4<0001>;
P_000002bb328a7168 .param/l "XNOR" 1 3 30, C4<1001>;
P_000002bb328a71a0 .param/l "XOR" 1 3 29, C4<1000>;
v000002bb328a71e0_0 .net "A", 15 0, v000002bb3280be80_0;  1 drivers
v000002bb32823340_0 .net "ALU_FUN", 3 0, v000002bb3288c760_0;  1 drivers
v000002bb3289b490_0 .var "ALU_OUT", 15 0;
v000002bb328519d0_0 .var "Arith_Flag", 0 0;
v000002bb32850bd0_0 .net "B", 15 0, v000002bb32897aa0_0;  1 drivers
v000002bb32896940_0 .net "CLK", 0 0, v000002bb32897b40_0;  1 drivers
v000002bb32854c10_0 .var "CMP_Flag", 0 0;
v000002bb3284d5a0_0 .var "Carry_Flag", 0 0;
v000002bb3289a570_0 .var "Logic_Flag", 0 0;
v000002bb3288fe40_0 .var "Shift_Flag", 0 0;
E_000002bb328a1c50 .event posedge, v000002bb32896940_0;
    .scope S_000002bb328abd10;
T_0 ;
    %wait E_000002bb328a1c50;
    %pushi/vec4 0, 0, 1;
    %assign/vec4 v000002bb3284d5a0_0, 0;
    %pushi/vec4 0, 0, 1;
    %assign/vec4 v000002bb328519d0_0, 0;
    %pushi/vec4 0, 0, 1;
    %assign/vec4 v000002bb3289a570_0, 0;
    %pushi/vec4 0, 0, 1;
    %assign/vec4 v000002bb32854c10_0, 0;
    %pushi/vec4 0, 0, 1;
    %assign/vec4 v000002bb3288fe40_0, 0;
    %load/vec4 v000002bb32823340_0;
    %dup/vec4;
    %pushi/vec4 0, 0, 4;
    %cmp/u;
    %jmp/1 T_0.0, 6;
    %dup/vec4;
    %pushi/vec4 1, 0, 4;
    %cmp/u;
    %jmp/1 T_0.1, 6;
    %dup/vec4;
    %pushi/vec4 2, 0, 4;
    %cmp/u;
    %jmp/1 T_0.2, 6;
    %dup/vec4;
    %pushi/vec4 3, 0, 4;
    %cmp/u;
    %jmp/1 T_0.3, 6;
    %dup/vec4;
    %pushi/vec4 4, 0, 4;
    %cmp/u;
    %jmp/1 T_0.4, 6;
    %dup/vec4;
    %pushi/vec4 5, 0, 4;
    %cmp/u;
    %jmp/1 T_0.5, 6;
    %dup/vec4;
    %pushi/vec4 6, 0, 4;
    %cmp/u;
    %jmp/1 T_0.6, 6;
    %dup/vec4;
    %pushi/vec4 7, 0, 4;
    %cmp/u;
    %jmp/1 T_0.7, 6;
    %dup/vec4;
    %pushi/vec4 8, 0, 4;
    %cmp/u;
    %jmp/1 T_0.8, 6;
    %dup/vec4;
    %pushi/vec4 9, 0, 4;
    %cmp/u;
    %jmp/1 T_0.9, 6;
    %dup/vec4;
    %pushi/vec4 10, 0, 4;
    %cmp/u;
    %jmp/1 T_0.10, 6;
    %dup/vec4;
    %pushi/vec4 11, 0, 4;
    %cmp/u;
    %jmp/1 T_0.11, 6;
    %dup/vec4;
    %pushi/vec4 12, 0, 4;
    %cmp/u;
    %jmp/1 T_0.12, 6;
    %dup/vec4;
    %pushi/vec4 13, 0, 4;
    %cmp/u;
    %jmp/1 T_0.13, 6;
    %dup/vec4;
    %pushi/vec4 14, 0, 4;
    %cmp/u;
    %jmp/1 T_0.14, 6;
    %pushi/vec4 0, 0, 1;
    %assign/vec4 v000002bb3284d5a0_0, 0;
    %pushi/vec4 0, 0, 1;
    %assign/vec4 v000002bb328519d0_0, 0;
    %pushi/vec4 0, 0, 1;
    %assign/vec4 v000002bb3289a570_0, 0;
    %pushi/vec4 0, 0, 1;
    %assign/vec4 v000002bb32854c10_0, 0;
    %pushi/vec4 0, 0, 1;
    %assign/vec4 v000002bb3288fe40_0, 0;
    %jmp T_0.16;
T_0.0 ;
    %load/vec4 v000002bb328a71e0_0;
    %pad/u 17;
    %load/vec4 v000002bb32850bd0_0;
    %pad/u 17;
    %add;
    %split/vec4 16;
    %assign/vec4 v000002bb3289b490_0, 0;
    %assign/vec4 v000002bb3284d5a0_0, 0;
    %pushi/vec4 1, 0, 1;
    %assign/vec4 v000002bb328519d0_0, 0;
    %jmp T_0.16;
T_0.1 ;
    %load/vec4 v000002bb328a71e0_0;
    %pad/u 17;
    %load/vec4 v000002bb32850bd0_0;
    %pad/u 17;
    %sub;
    %split/vec4 16;
    %assign/vec4 v000002bb3289b490_0, 0;
    %assign/vec4 v000002bb3284d5a0_0, 0;
    %pushi/vec4 1, 0, 1;
    %assign/vec4 v000002bb328519d0_0, 0;
    %jmp T_0.16;
T_0.2 ;
    %load/vec4 v000002bb328a71e0_0;
    %load/vec4 v000002bb32850bd0_0;
    %mul;
    %assign/vec4 v000002bb3289b490_0, 0;
    %pushi/vec4 1, 0, 1;
    %assign/vec4 v000002bb328519d0_0, 0;
    %jmp T_0.16;
T_0.3 ;
    %load/vec4 v000002bb32850bd0_0;
    %pad/u 32;
    %cmpi/ne 0, 0, 32;
    %jmp/0xz  T_0.17, 4;
    %load/vec4 v000002bb328a71e0_0;
    %load/vec4 v000002bb32850bd0_0;
    %div;
    %assign/vec4 v000002bb3289b490_0, 0;
    %jmp T_0.18;
T_0.17 ;
    %pushi/vec4 0, 0, 16;
    %assign/vec4 v000002bb3289b490_0, 0;
T_0.18 ;
    %pushi/vec4 1, 0, 1;
    %assign/vec4 v000002bb328519d0_0, 0;
    %jmp T_0.16;
T_0.4 ;
    %load/vec4 v000002bb328a71e0_0;
    %load/vec4 v000002bb32850bd0_0;
    %and;
    %assign/vec4 v000002bb3289b490_0, 0;
    %pushi/vec4 1, 0, 1;
    %assign/vec4 v000002bb3289a570_0, 0;
    %jmp T_0.16;
T_0.5 ;
    %load/vec4 v000002bb328a71e0_0;
    %load/vec4 v000002bb32850bd0_0;
    %or;
    %assign/vec4 v000002bb3289b490_0, 0;
    %pushi/vec4 1, 0, 1;
    %assign/vec4 v000002bb3289a570_0, 0;
    %jmp T_0.16;
T_0.6 ;
    %load/vec4 v000002bb328a71e0_0;
    %load/vec4 v000002bb32850bd0_0;
    %and;
    %inv;
    %assign/vec4 v000002bb3289b490_0, 0;
    %pushi/vec4 1, 0, 1;
    %assign/vec4 v000002bb3289a570_0, 0;
    %jmp T_0.16;
T_0.7 ;
    %load/vec4 v000002bb328a71e0_0;
    %load/vec4 v000002bb32850bd0_0;
    %or;
    %inv;
    %assign/vec4 v000002bb3289b490_0, 0;
    %pushi/vec4 1, 0, 1;
    %assign/vec4 v000002bb3289a570_0, 0;
    %jmp T_0.16;
T_0.8 ;
    %load/vec4 v000002bb328a71e0_0;
    %load/vec4 v000002bb32850bd0_0;
    %xor;
    %assign/vec4 v000002bb3289b490_0, 0;
    %pushi/vec4 1, 0, 1;
    %assign/vec4 v000002bb3289a570_0, 0;
    %jmp T_0.16;
T_0.9 ;
    %load/vec4 v000002bb328a71e0_0;
    %load/vec4 v000002bb32850bd0_0;
    %xor;
    %inv;
    %assign/vec4 v000002bb3289b490_0, 0;
    %pushi/vec4 1, 0, 1;
    %assign/vec4 v000002bb3289a570_0, 0;
    %jmp T_0.16;
T_0.10 ;
    %load/vec4 v000002bb328a71e0_0;
    %load/vec4 v000002bb32850bd0_0;
    %cmp/e;
    %flag_mov 8, 4;
    %jmp/0 T_0.19, 8;
    %pushi/vec4 1, 0, 16;
    %jmp/1 T_0.20, 8;
T_0.19 ; End of true expr.
    %pushi/vec4 0, 0, 16;
    %jmp/0 T_0.20, 8;
 ; End of false expr.
    %blend;
T_0.20;
    %assign/vec4 v000002bb3289b490_0, 0;
    %pushi/vec4 1, 0, 1;
    %assign/vec4 v000002bb32854c10_0, 0;
    %jmp T_0.16;
T_0.11 ;
    %load/vec4 v000002bb32850bd0_0;
    %load/vec4 v000002bb328a71e0_0;
    %cmp/u;
    %flag_mov 8, 5;
    %jmp/0 T_0.21, 8;
    %pushi/vec4 2, 0, 16;
    %jmp/1 T_0.22, 8;
T_0.21 ; End of true expr.
    %pushi/vec4 0, 0, 16;
    %jmp/0 T_0.22, 8;
 ; End of false expr.
    %blend;
T_0.22;
    %assign/vec4 v000002bb3289b490_0, 0;
    %pushi/vec4 1, 0, 1;
    %assign/vec4 v000002bb32854c10_0, 0;
    %jmp T_0.16;
T_0.12 ;
    %load/vec4 v000002bb328a71e0_0;
    %load/vec4 v000002bb32850bd0_0;
    %cmp/u;
    %flag_mov 8, 5;
    %jmp/0 T_0.23, 8;
    %pushi/vec4 3, 0, 16;
    %jmp/1 T_0.24, 8;
T_0.23 ; End of true expr.
    %pushi/vec4 0, 0, 16;
    %jmp/0 T_0.24, 8;
 ; End of false expr.
    %blend;
T_0.24;
    %assign/vec4 v000002bb3289b490_0, 0;
    %pushi/vec4 1, 0, 1;
    %assign/vec4 v000002bb32854c10_0, 0;
    %jmp T_0.16;
T_0.13 ;
    %load/vec4 v000002bb328a71e0_0;
    %ix/load 4, 1, 0;
    %flag_set/imm 4, 0;
    %shiftr 4;
    %assign/vec4 v000002bb3289b490_0, 0;
    %pushi/vec4 1, 0, 1;
    %assign/vec4 v000002bb3288fe40_0, 0;
    %jmp T_0.16;
T_0.14 ;
    %load/vec4 v000002bb328a71e0_0;
    %ix/load 4, 1, 0;
    %flag_set/imm 4, 0;
    %shiftl 4;
    %assign/vec4 v000002bb3289b490_0, 0;
    %pushi/vec4 1, 0, 1;
    %assign/vec4 v000002bb3288fe40_0, 0;
    %jmp T_0.16;
T_0.16 ;
    %pop/vec4 1;
    %jmp T_0;
    .thread T_0;
    .scope S_000002bb32849d90;
T_1 ;
    %delay 5000, 0;
    %load/vec4 v000002bb32897b40_0;
    %inv;
    %store/vec4 v000002bb32897b40_0, 0, 1;
    %jmp T_1;
    .thread T_1;
    .scope S_000002bb32849d90;
T_2 ;
    %pushi/vec4 0, 0, 1;
    %store/vec4 v000002bb32897b40_0, 0, 1;
    %end;
    .thread T_2;
    .scope S_000002bb32849d90;
T_3 ;
    %vpi_call 2 48 "$display", "Test case 1: Addition" {0 0 0};
    %delay 10000, 0;
    %pushi/vec4 6, 0, 16;
    %store/vec4 v000002bb3280be80_0, 0, 16;
    %pushi/vec4 7, 0, 16;
    %store/vec4 v000002bb32897aa0_0, 0, 16;
    %pushi/vec4 0, 0, 4;
    %store/vec4 v000002bb3288c760_0, 0, 4;
    %delay 10000, 0;
    %load/vec4 v000002bb3288c800_0;
    %cmpi/e 13, 0, 16;
    %jmp/0xz  T_3.0, 4;
    %vpi_call 2 54 "$display", "The addition of %0d , %0d is %0d ", v000002bb3280be80_0, v000002bb32897aa0_0, v000002bb3288c800_0 {0 0 0};
    %vpi_call 2 55 "$display", "Carry_Flag=%b , Arith_Flag=%b ,Logic_Flag=%b ,CMP_Flag=%b ,Shift_Flag=%b", v000002bb32918d50_0, v000002bb3280bf20_0, v000002bb32919070_0, v000002bb32918990_0, v000002bb329196b0_0 {0 0 0};
    %vpi_call 2 56 "$display", "Test case 1 has passed at time %0t", $time {0 0 0};
    %jmp T_3.1;
T_3.0 ;
    %vpi_call 2 60 "$display", "Test case 1 has failed at time %0t", $time {0 0 0};
T_3.1 ;
    %vpi_call 2 63 "$display", "Test case 2: Subtraction" {0 0 0};
    %delay 10000, 0;
    %pushi/vec4 15, 0, 16;
    %store/vec4 v000002bb3280be80_0, 0, 16;
    %pushi/vec4 4, 0, 16;
    %store/vec4 v000002bb32897aa0_0, 0, 16;
    %pushi/vec4 1, 0, 4;
    %store/vec4 v000002bb3288c760_0, 0, 4;
    %delay 10000, 0;
    %load/vec4 v000002bb3288c800_0;
    %cmpi/e 11, 0, 16;
    %jmp/0xz  T_3.2, 4;
    %vpi_call 2 69 "$display", "The subtraction of %0d , %0d is %0d ", v000002bb3280be80_0, v000002bb32897aa0_0, v000002bb3288c800_0 {0 0 0};
    %vpi_call 2 70 "$display", "Carry_Flag=%b , Arith_Flag=%b ,Logic_Flag=%b ,CMP_Flag=%b ,Shift_Flag=%b", v000002bb32918d50_0, v000002bb3280bf20_0, v000002bb32919070_0, v000002bb32918990_0, v000002bb329196b0_0 {0 0 0};
    %vpi_call 2 71 "$display", "Test case 2 has passed at time %0t", $time {0 0 0};
    %jmp T_3.3;
T_3.2 ;
    %vpi_call 2 75 "$display", "Test case 2 has failed at time %0t", $time {0 0 0};
T_3.3 ;
    %vpi_call 2 78 "$display", "Test case 3: Multiplication" {0 0 0};
    %delay 10000, 0;
    %pushi/vec4 4, 0, 16;
    %store/vec4 v000002bb3280be80_0, 0, 16;
    %pushi/vec4 3, 0, 16;
    %store/vec4 v000002bb32897aa0_0, 0, 16;
    %pushi/vec4 2, 0, 4;
    %store/vec4 v000002bb3288c760_0, 0, 4;
    %delay 10000, 0;
    %load/vec4 v000002bb3288c800_0;
    %cmpi/e 12, 0, 16;
    %jmp/0xz  T_3.4, 4;
    %vpi_call 2 84 "$display", "The multiplication of %0d , %0d is %0d ", v000002bb3280be80_0, v000002bb32897aa0_0, v000002bb3288c800_0 {0 0 0};
    %vpi_call 2 85 "$display", "Carry_Flag=%b , Arith_Flag=%b ,Logic_Flag=%b ,CMP_Flag=%b ,Shift_Flag=%b", v000002bb32918d50_0, v000002bb3280bf20_0, v000002bb32919070_0, v000002bb32918990_0, v000002bb329196b0_0 {0 0 0};
    %vpi_call 2 86 "$display", "Test case 3 has passed at time %0t", $time {0 0 0};
    %jmp T_3.5;
T_3.4 ;
    %vpi_call 2 90 "$display", "Test case 3 has failed at time %0t", $time {0 0 0};
T_3.5 ;
    %vpi_call 2 93 "$display", "Test case 4: Division" {0 0 0};
    %delay 10000, 0;
    %pushi/vec4 9, 0, 16;
    %store/vec4 v000002bb3280be80_0, 0, 16;
    %pushi/vec4 3, 0, 16;
    %store/vec4 v000002bb32897aa0_0, 0, 16;
    %pushi/vec4 3, 0, 4;
    %store/vec4 v000002bb3288c760_0, 0, 4;
    %delay 10000, 0;
    %load/vec4 v000002bb3288c800_0;
    %cmpi/e 3, 0, 16;
    %jmp/0xz  T_3.6, 4;
    %vpi_call 2 99 "$display", "The division of %0d by %0d is %0d ", v000002bb3280be80_0, v000002bb32897aa0_0, v000002bb3288c800_0 {0 0 0};
    %vpi_call 2 100 "$display", "Carry_Flag=%b , Arith_Flag=%b ,Logic_Flag=%b ,CMP_Flag=%b ,Shift_Flag=%b", v000002bb32918d50_0, v000002bb3280bf20_0, v000002bb32919070_0, v000002bb32918990_0, v000002bb329196b0_0 {0 0 0};
    %vpi_call 2 101 "$display", "Test case 4 has passed at time %0t", $time {0 0 0};
    %jmp T_3.7;
T_3.6 ;
    %vpi_call 2 105 "$display", "Test case 4 has failed at time %0t", $time {0 0 0};
T_3.7 ;
    %vpi_call 2 108 "$display", "Test case 5: AND" {0 0 0};
    %delay 10000, 0;
    %pushi/vec4 43690, 0, 16;
    %store/vec4 v000002bb3280be80_0, 0, 16;
    %pushi/vec4 21845, 0, 16;
    %store/vec4 v000002bb32897aa0_0, 0, 16;
    %pushi/vec4 4, 0, 4;
    %store/vec4 v000002bb3288c760_0, 0, 4;
    %delay 10000, 0;
    %load/vec4 v000002bb3288c800_0;
    %cmpi/e 0, 0, 16;
    %jmp/0xz  T_3.8, 4;
    %vpi_call 2 114 "$display", "The AND of %0h , %0h is %0h ", v000002bb3280be80_0, v000002bb32897aa0_0, v000002bb3288c800_0 {0 0 0};
    %vpi_call 2 115 "$display", "Carry_Flag=%b , Arith_Flag=%b ,Logic_Flag=%b ,CMP_Flag=%b ,Shift_Flag=%b", v000002bb32918d50_0, v000002bb3280bf20_0, v000002bb32919070_0, v000002bb32918990_0, v000002bb329196b0_0 {0 0 0};
    %vpi_call 2 116 "$display", "Test case 5 has passed at time %0t", $time {0 0 0};
    %jmp T_3.9;
T_3.8 ;
    %vpi_call 2 120 "$display", "Test case 5 has failed at time %0t", $time {0 0 0};
T_3.9 ;
    %vpi_call 2 123 "$display", "Test case 6: OR" {0 0 0};
    %delay 10000, 0;
    %pushi/vec4 43690, 0, 16;
    %store/vec4 v000002bb3280be80_0, 0, 16;
    %pushi/vec4 21845, 0, 16;
    %store/vec4 v000002bb32897aa0_0, 0, 16;
    %pushi/vec4 5, 0, 4;
    %store/vec4 v000002bb3288c760_0, 0, 4;
    %delay 10000, 0;
    %load/vec4 v000002bb3288c800_0;
    %cmpi/e 65535, 0, 16;
    %jmp/0xz  T_3.10, 4;
    %vpi_call 2 129 "$display", "The OR of %0h , %0h is %0h ", v000002bb3280be80_0, v000002bb32897aa0_0, v000002bb3288c800_0 {0 0 0};
    %vpi_call 2 130 "$display", "Carry_Flag=%b , Arith_Flag=%b ,Logic_Flag=%b ,CMP_Flag=%b ,Shift_Flag=%b", v000002bb32918d50_0, v000002bb3280bf20_0, v000002bb32919070_0, v000002bb32918990_0, v000002bb329196b0_0 {0 0 0};
    %vpi_call 2 131 "$display", "Test case 6 has passed at time %0t", $time {0 0 0};
    %jmp T_3.11;
T_3.10 ;
    %vpi_call 2 135 "$display", "Test case 6 has failed at time %0t", $time {0 0 0};
T_3.11 ;
    %vpi_call 2 138 "$display", "Test case 7: NAND" {0 0 0};
    %delay 10000, 0;
    %pushi/vec4 43690, 0, 16;
    %store/vec4 v000002bb3280be80_0, 0, 16;
    %pushi/vec4 21845, 0, 16;
    %store/vec4 v000002bb32897aa0_0, 0, 16;
    %pushi/vec4 6, 0, 4;
    %store/vec4 v000002bb3288c760_0, 0, 4;
    %delay 10000, 0;
    %load/vec4 v000002bb3288c800_0;
    %cmpi/e 65535, 0, 16;
    %jmp/0xz  T_3.12, 4;
    %vpi_call 2 144 "$display", "The NAND of %0h , %0h is %0h ", v000002bb3280be80_0, v000002bb32897aa0_0, v000002bb3288c800_0 {0 0 0};
    %vpi_call 2 145 "$display", "Carry_Flag=%b , Arith_Flag=%b ,Logic_Flag=%b ,CMP_Flag=%b ,Shift_Flag=%b", v000002bb32918d50_0, v000002bb3280bf20_0, v000002bb32919070_0, v000002bb32918990_0, v000002bb329196b0_0 {0 0 0};
    %vpi_call 2 146 "$display", "Test case 7 has passed at time %0t", $time {0 0 0};
    %jmp T_3.13;
T_3.12 ;
    %vpi_call 2 150 "$display", "Test case 7 has failed at time %0t", $time {0 0 0};
T_3.13 ;
    %vpi_call 2 153 "$display", "Test case 8: NOR" {0 0 0};
    %delay 10000, 0;
    %pushi/vec4 43690, 0, 16;
    %store/vec4 v000002bb3280be80_0, 0, 16;
    %pushi/vec4 21845, 0, 16;
    %store/vec4 v000002bb32897aa0_0, 0, 16;
    %pushi/vec4 7, 0, 4;
    %store/vec4 v000002bb3288c760_0, 0, 4;
    %delay 10000, 0;
    %load/vec4 v000002bb3288c800_0;
    %cmpi/e 0, 0, 16;
    %jmp/0xz  T_3.14, 4;
    %vpi_call 2 159 "$display", "The NOR of %0h , %0h is %0h ", v000002bb3280be80_0, v000002bb32897aa0_0, v000002bb3288c800_0 {0 0 0};
    %vpi_call 2 160 "$display", "Carry_Flag=%b , Arith_Flag=%b ,Logic_Flag=%b ,CMP_Flag=%b ,Shift_Flag=%b", v000002bb32918d50_0, v000002bb3280bf20_0, v000002bb32919070_0, v000002bb32918990_0, v000002bb329196b0_0 {0 0 0};
    %vpi_call 2 161 "$display", "Test case 8 has passed at time %0t", $time {0 0 0};
    %jmp T_3.15;
T_3.14 ;
    %vpi_call 2 165 "$display", "Test case 8 has failed at time %0t", $time {0 0 0};
T_3.15 ;
    %vpi_call 2 168 "$display", "Test case 9: XOR" {0 0 0};
    %delay 10000, 0;
    %pushi/vec4 43690, 0, 16;
    %store/vec4 v000002bb3280be80_0, 0, 16;
    %pushi/vec4 21845, 0, 16;
    %store/vec4 v000002bb32897aa0_0, 0, 16;
    %pushi/vec4 8, 0, 4;
    %store/vec4 v000002bb3288c760_0, 0, 4;
    %delay 10000, 0;
    %load/vec4 v000002bb3288c800_0;
    %cmpi/e 65535, 0, 16;
    %jmp/0xz  T_3.16, 4;
    %vpi_call 2 174 "$display", "The XOR of %0h , %0h is %0h ", v000002bb3280be80_0, v000002bb32897aa0_0, v000002bb3288c800_0 {0 0 0};
    %vpi_call 2 175 "$display", "Carry_Flag=%b , Arith_Flag=%b ,Logic_Flag=%b ,CMP_Flag=%b ,Shift_Flag=%b", v000002bb32918d50_0, v000002bb3280bf20_0, v000002bb32919070_0, v000002bb32918990_0, v000002bb329196b0_0 {0 0 0};
    %vpi_call 2 176 "$display", "Test case 9 has passed at time %0t", $time {0 0 0};
    %jmp T_3.17;
T_3.16 ;
    %vpi_call 2 180 "$display", "Test case 9 has failed at time %0t", $time {0 0 0};
T_3.17 ;
    %vpi_call 2 183 "$display", "Test case 10: XNOR" {0 0 0};
    %delay 10000, 0;
    %pushi/vec4 43690, 0, 16;
    %store/vec4 v000002bb3280be80_0, 0, 16;
    %pushi/vec4 21845, 0, 16;
    %store/vec4 v000002bb32897aa0_0, 0, 16;
    %pushi/vec4 9, 0, 4;
    %store/vec4 v000002bb3288c760_0, 0, 4;
    %delay 10000, 0;
    %load/vec4 v000002bb3288c800_0;
    %cmpi/e 0, 0, 16;
    %jmp/0xz  T_3.18, 4;
    %vpi_call 2 189 "$display", "The XNOR of %0h , %0h is %0h ", v000002bb3280be80_0, v000002bb32897aa0_0, v000002bb3288c800_0 {0 0 0};
    %vpi_call 2 190 "$display", "Carry_Flag=%b , Arith_Flag=%b ,Logic_Flag=%b ,CMP_Flag=%b ,Shift_Flag=%b", v000002bb32918d50_0, v000002bb3280bf20_0, v000002bb32919070_0, v000002bb32918990_0, v000002bb329196b0_0 {0 0 0};
    %vpi_call 2 191 "$display", "Test case 10 has passed at time %0t", $time {0 0 0};
    %jmp T_3.19;
T_3.18 ;
    %vpi_call 2 195 "$display", "Test case 10 has failed at time %0t", $time {0 0 0};
T_3.19 ;
    %vpi_call 2 198 "$display", "Test case 11: Compare if A and B are equal" {0 0 0};
    %delay 10000, 0;
    %pushi/vec4 43690, 0, 16;
    %store/vec4 v000002bb3280be80_0, 0, 16;
    %pushi/vec4 43690, 0, 16;
    %store/vec4 v000002bb32897aa0_0, 0, 16;
    %pushi/vec4 10, 0, 4;
    %store/vec4 v000002bb3288c760_0, 0, 4;
    %delay 10000, 0;
    %load/vec4 v000002bb3288c800_0;
    %cmpi/e 1, 0, 16;
    %jmp/0xz  T_3.20, 4;
    %vpi_call 2 204 "$display", " A=%0d , B=%0d ,so they are equal", v000002bb3280be80_0, v000002bb32897aa0_0 {0 0 0};
    %vpi_call 2 205 "$display", "Carry_Flag=%b , Arith_Flag=%b ,Logic_Flag=%b ,CMP_Flag=%b ,Shift_Flag=%b", v000002bb32918d50_0, v000002bb3280bf20_0, v000002bb32919070_0, v000002bb32918990_0, v000002bb329196b0_0 {0 0 0};
    %vpi_call 2 206 "$display", "Test case 11 has passed at time %0t", $time {0 0 0};
    %jmp T_3.21;
T_3.20 ;
    %vpi_call 2 210 "$display", "Test case 11 has failed at time %0t", $time {0 0 0};
T_3.21 ;
    %vpi_call 2 213 "$display", "Test case 12: Compare if A is greater than B" {0 0 0};
    %delay 10000, 0;
    %pushi/vec4 15, 0, 16;
    %store/vec4 v000002bb3280be80_0, 0, 16;
    %pushi/vec4 10, 0, 16;
    %store/vec4 v000002bb32897aa0_0, 0, 16;
    %pushi/vec4 11, 0, 4;
    %store/vec4 v000002bb3288c760_0, 0, 4;
    %delay 10000, 0;
    %load/vec4 v000002bb3288c800_0;
    %cmpi/e 2, 0, 16;
    %jmp/0xz  T_3.22, 4;
    %vpi_call 2 219 "$display", " A=%0d , B=%0d so A>B  ", v000002bb3280be80_0, v000002bb32897aa0_0 {0 0 0};
    %vpi_call 2 220 "$display", "Carry_Flag=%b , Arith_Flag=%b ,Logic_Flag=%b ,CMP_Flag=%b ,Shift_Flag=%b", v000002bb32918d50_0, v000002bb3280bf20_0, v000002bb32919070_0, v000002bb32918990_0, v000002bb329196b0_0 {0 0 0};
    %vpi_call 2 221 "$display", "Test case 12 has passed at time %0t", $time {0 0 0};
    %jmp T_3.23;
T_3.22 ;
    %vpi_call 2 225 "$display", "Test case 12 has failed at time %0t", $time {0 0 0};
T_3.23 ;
    %vpi_call 2 228 "$display", "Test case 13: Compare if A is less than B " {0 0 0};
    %delay 10000, 0;
    %pushi/vec4 10, 0, 16;
    %store/vec4 v000002bb3280be80_0, 0, 16;
    %pushi/vec4 15, 0, 16;
    %store/vec4 v000002bb32897aa0_0, 0, 16;
    %pushi/vec4 12, 0, 4;
    %store/vec4 v000002bb3288c760_0, 0, 4;
    %delay 10000, 0;
    %load/vec4 v000002bb3288c800_0;
    %cmpi/e 3, 0, 16;
    %jmp/0xz  T_3.24, 4;
    %vpi_call 2 234 "$display", " A=%0d , B=%0d so A<B", v000002bb3280be80_0, v000002bb32897aa0_0 {0 0 0};
    %vpi_call 2 235 "$display", "Carry_Flag=%b , Arith_Flag=%b ,Logic_Flag=%b ,CMP_Flag=%b ,Shift_Flag=%b", v000002bb32918d50_0, v000002bb3280bf20_0, v000002bb32919070_0, v000002bb32918990_0, v000002bb329196b0_0 {0 0 0};
    %vpi_call 2 236 "$display", "Test case 13 has passed at time %0t", $time {0 0 0};
    %jmp T_3.25;
T_3.24 ;
    %vpi_call 2 240 "$display", "Test case 13 has failed at time %0t", $time {0 0 0};
T_3.25 ;
    %vpi_call 2 243 "$display", "Test case 14: Shift right A by one bit" {0 0 0};
    %delay 10000, 0;
    %pushi/vec4 14, 0, 16;
    %store/vec4 v000002bb3280be80_0, 0, 16;
    %pushi/vec4 13, 0, 4;
    %store/vec4 v000002bb3288c760_0, 0, 4;
    %delay 10000, 0;
    %load/vec4 v000002bb3288c800_0;
    %cmpi/e 7, 0, 16;
    %jmp/0xz  T_3.26, 4;
    %vpi_call 2 249 "$display", " A=%0b and after being shifted it will be %0b ", v000002bb3280be80_0, v000002bb3288c800_0 {0 0 0};
    %vpi_call 2 250 "$display", "Carry_Flag=%b , Arith_Flag=%b ,Logic_Flag=%b ,CMP_Flag=%b ,Shift_Flag=%b", v000002bb32918d50_0, v000002bb3280bf20_0, v000002bb32919070_0, v000002bb32918990_0, v000002bb329196b0_0 {0 0 0};
    %vpi_call 2 251 "$display", "Test case 14 has passed at time %0t", $time {0 0 0};
    %jmp T_3.27;
T_3.26 ;
    %vpi_call 2 255 "$display", "Test case 14 has failed at time %0t", $time {0 0 0};
T_3.27 ;
    %vpi_call 2 258 "$display", "Test case 15: Shift Left A by one bit" {0 0 0};
    %delay 10000, 0;
    %pushi/vec4 6, 0, 16;
    %store/vec4 v000002bb3280be80_0, 0, 16;
    %pushi/vec4 14, 0, 4;
    %store/vec4 v000002bb3288c760_0, 0, 4;
    %delay 10000, 0;
    %load/vec4 v000002bb3288c800_0;
    %cmpi/e 12, 0, 16;
    %jmp/0xz  T_3.28, 4;
    %vpi_call 2 264 "$display", " A=%0b and after being shifted it will be %0b ", v000002bb3280be80_0, v000002bb3288c800_0 {0 0 0};
    %vpi_call 2 265 "$display", "Carry_Flag=%b , Arith_Flag=%b ,Logic_Flag=%b ,CMP_Flag=%b ,Shift_Flag=%b", v000002bb32918d50_0, v000002bb3280bf20_0, v000002bb32919070_0, v000002bb32918990_0, v000002bb329196b0_0 {0 0 0};
    %vpi_call 2 266 "$display", "Test case 15 has passed at time %0t", $time {0 0 0};
    %jmp T_3.29;
T_3.28 ;
    %vpi_call 2 270 "$display", "Test case 15 has failed at time %0t", $time {0 0 0};
T_3.29 ;
    %vpi_call 2 273 "$display", "Test case 16: Dividing a number by zero" {0 0 0};
    %delay 10000, 0;
    %pushi/vec4 14, 0, 16;
    %store/vec4 v000002bb3280be80_0, 0, 16;
    %pushi/vec4 0, 0, 16;
    %store/vec4 v000002bb32897aa0_0, 0, 16;
    %pushi/vec4 3, 0, 4;
    %store/vec4 v000002bb3288c760_0, 0, 4;
    %delay 10000, 0;
    %load/vec4 v000002bb3288c800_0;
    %cmpi/e 0, 0, 16;
    %jmp/0xz  T_3.30, 4;
    %vpi_call 2 279 "$display", "Dividing a number with zero is handeled making it result in a zero" {0 0 0};
    %vpi_call 2 280 "$display", "Carry_Flag=%b , Arith_Flag=%b ,Logic_Flag=%b ,CMP_Flag=%b ,Shift_Flag=%b", v000002bb32918d50_0, v000002bb3280bf20_0, v000002bb32919070_0, v000002bb32918990_0, v000002bb329196b0_0 {0 0 0};
    %vpi_call 2 281 "$display", "Test case 16 has passed at time %0t", $time {0 0 0};
    %jmp T_3.31;
T_3.30 ;
    %vpi_call 2 285 "$display", "Test case 16 has failed at time %0t", $time {0 0 0};
T_3.31 ;
    %vpi_call 2 288 "$display", "Test case 17: Compare if A is greater than B" {0 0 0};
    %delay 10000, 0;
    %pushi/vec4 10, 0, 16;
    %store/vec4 v000002bb3280be80_0, 0, 16;
    %pushi/vec4 15, 0, 16;
    %store/vec4 v000002bb32897aa0_0, 0, 16;
    %pushi/vec4 11, 0, 4;
    %store/vec4 v000002bb3288c760_0, 0, 4;
    %delay 10000, 0;
    %load/vec4 v000002bb3288c800_0;
    %cmpi/e 0, 0, 16;
    %jmp/0xz  T_3.32, 4;
    %vpi_call 2 294 "$display", " A=%0d , B=%0d so A<B  ", v000002bb3280be80_0, v000002bb32897aa0_0 {0 0 0};
    %vpi_call 2 295 "$display", "Carry_Flag=%b , Arith_Flag=%b ,Logic_Flag=%b ,CMP_Flag=%b ,Shift_Flag=%b", v000002bb32918d50_0, v000002bb3280bf20_0, v000002bb32919070_0, v000002bb32918990_0, v000002bb329196b0_0 {0 0 0};
    %vpi_call 2 296 "$display", "Test case 17 has passed at time %0t", $time {0 0 0};
    %jmp T_3.33;
T_3.32 ;
    %vpi_call 2 300 "$display", "Test case 17 has failed at time %0t", $time {0 0 0};
T_3.33 ;
    %vpi_call 2 303 "$finish" {0 0 0};
    %end;
    .thread T_3;
# The file index is used to find the file name in the following table.
:file_names 4;
    "N/A";
    "<interactive>";
    "ALU_16B_tb.v";
    "./ALU_16B.v";
