#! /c/Source/iverilog-install/bin/vvp
:ivl_version "12.0 (devel)" "(s20150603-1539-g2693dd32b)";
:ivl_delay_selection "TYPICAL";
:vpi_time_precision + 0;
:vpi_module "C:\iverilog\lib\ivl\system.vpi";
:vpi_module "C:\iverilog\lib\ivl\vhdl_sys.vpi";
:vpi_module "C:\iverilog\lib\ivl\vhdl_textio.vpi";
:vpi_module "C:\iverilog\lib\ivl\v2005_math.vpi";
:vpi_module "C:\iverilog\lib\ivl\va_math.vpi";
S_000001a35bb32c00 .scope module, "ALU_16B" "ALU_16B" 2 1;
 .timescale 0 0;
    .port_info 0 /INPUT 16 "A";
    .port_info 1 /INPUT 16 "B";
    .port_info 2 /INPUT 4 "ALU_FUN";
    .port_info 3 /INPUT 1 "CLK";
    .port_info 4 /OUTPUT 16 "ALU_OUT";
    .port_info 5 /OUTPUT 1 "Carry_Flag";
    .port_info 6 /OUTPUT 1 "Arith_Flag";
    .port_info 7 /OUTPUT 1 "Logic_Flag";
    .port_info 8 /OUTPUT 1 "CMP_Flag";
    .port_info 9 /OUTPUT 1 "Shift_Flag";
P_000001a35bb591e0 .param/l "ADD" 1 2 21, C4<0000>;
P_000001a35bb59218 .param/l "AND" 1 2 25, C4<0100>;
P_000001a35bb59250 .param/l "CMPEQ" 1 2 31, C4<1010>;
P_000001a35bb59288 .param/l "CMPG" 1 2 32, C4<1011>;
P_000001a35bb592c0 .param/l "CMPL" 1 2 33, C4<1100>;
P_000001a35bb592f8 .param/l "DIV" 1 2 24, C4<0011>;
P_000001a35bb59330 .param/l "MUL" 1 2 23, C4<0010>;
P_000001a35bb59368 .param/l "NAND" 1 2 27, C4<0110>;
P_000001a35bb593a0 .param/l "NOR" 1 2 28, C4<0111>;
P_000001a35bb593d8 .param/l "OR" 1 2 26, C4<0101>;
P_000001a35bb59410 .param/l "SHL" 1 2 35, C4<1110>;
P_000001a35bb59448 .param/l "SHR" 1 2 34, C4<1101>;
P_000001a35bb59480 .param/l "SUB" 1 2 22, C4<0001>;
P_000001a35bb594b8 .param/l "XNOR" 1 2 30, C4<1001>;
P_000001a35bb594f0 .param/l "XOR" 1 2 29, C4<1000>;
o000001a35bb73fd8 .functor BUFZ 16, C4<zzzzzzzzzzzzzzzz>; HiZ drive
v000001a35bb332c0_0 .net "A", 15 0, o000001a35bb73fd8;  0 drivers
o000001a35bb74008 .functor BUFZ 4, C4<zzzz>; HiZ drive
v000001a35bb32e40_0 .net "ALU_FUN", 3 0, o000001a35bb74008;  0 drivers
v000001a35bb32ee0_0 .var "ALU_OUT", 15 0;
v000001a35bb63dc0_0 .var "Arith_Flag", 0 0;
o000001a35bb74098 .functor BUFZ 16, C4<zzzzzzzzzzzzzzzz>; HiZ drive
v000001a35bb63e60_0 .net "B", 15 0, o000001a35bb74098;  0 drivers
o000001a35bb740c8 .functor BUFZ 1, C4<z>; HiZ drive
v000001a35bb63f00_0 .net "CLK", 0 0, o000001a35bb740c8;  0 drivers
v000001a35bb63fa0_0 .var "CMP_Flag", 0 0;
v000001a35bb64040_0 .var "Carry_Flag", 0 0;
v000001a35bb640e0_0 .var "Logic_Flag", 0 0;
v000001a35bb64180_0 .var "Shift_Flag", 0 0;
E_000001a35bb57bb0 .event posedge, v000001a35bb63f00_0;
    .scope S_000001a35bb32c00;
T_0 ;
    %wait E_000001a35bb57bb0;
    %pushi/vec4 0, 0, 1;
    %assign/vec4 v000001a35bb64040_0, 0;
    %pushi/vec4 0, 0, 1;
    %assign/vec4 v000001a35bb63dc0_0, 0;
    %pushi/vec4 0, 0, 1;
    %assign/vec4 v000001a35bb640e0_0, 0;
    %pushi/vec4 0, 0, 1;
    %assign/vec4 v000001a35bb63fa0_0, 0;
    %pushi/vec4 0, 0, 1;
    %assign/vec4 v000001a35bb64180_0, 0;
    %load/vec4 v000001a35bb32e40_0;
    %dup/vec4;
    %pushi/vec4 0, 0, 4;
    %cmp/u;
    %jmp/1 T_0.0, 6;
    %dup/vec4;
    %pushi/vec4 1, 0, 4;
    %cmp/u;
    %jmp/1 T_0.1, 6;
    %dup/vec4;
    %pushi/vec4 2, 0, 4;
    %cmp/u;
    %jmp/1 T_0.2, 6;
    %dup/vec4;
    %pushi/vec4 3, 0, 4;
    %cmp/u;
    %jmp/1 T_0.3, 6;
    %dup/vec4;
    %pushi/vec4 4, 0, 4;
    %cmp/u;
    %jmp/1 T_0.4, 6;
    %dup/vec4;
    %pushi/vec4 5, 0, 4;
    %cmp/u;
    %jmp/1 T_0.5, 6;
    %dup/vec4;
    %pushi/vec4 6, 0, 4;
    %cmp/u;
    %jmp/1 T_0.6, 6;
    %dup/vec4;
    %pushi/vec4 7, 0, 4;
    %cmp/u;
    %jmp/1 T_0.7, 6;
    %dup/vec4;
    %pushi/vec4 8, 0, 4;
    %cmp/u;
    %jmp/1 T_0.8, 6;
    %dup/vec4;
    %pushi/vec4 9, 0, 4;
    %cmp/u;
    %jmp/1 T_0.9, 6;
    %dup/vec4;
    %pushi/vec4 10, 0, 4;
    %cmp/u;
    %jmp/1 T_0.10, 6;
    %dup/vec4;
    %pushi/vec4 11, 0, 4;
    %cmp/u;
    %jmp/1 T_0.11, 6;
    %dup/vec4;
    %pushi/vec4 12, 0, 4;
    %cmp/u;
    %jmp/1 T_0.12, 6;
    %dup/vec4;
    %pushi/vec4 13, 0, 4;
    %cmp/u;
    %jmp/1 T_0.13, 6;
    %dup/vec4;
    %pushi/vec4 14, 0, 4;
    %cmp/u;
    %jmp/1 T_0.14, 6;
    %pushi/vec4 0, 0, 1;
    %assign/vec4 v000001a35bb64040_0, 0;
    %pushi/vec4 0, 0, 1;
    %assign/vec4 v000001a35bb63dc0_0, 0;
    %pushi/vec4 0, 0, 1;
    %assign/vec4 v000001a35bb640e0_0, 0;
    %pushi/vec4 0, 0, 1;
    %assign/vec4 v000001a35bb63fa0_0, 0;
    %pushi/vec4 0, 0, 1;
    %assign/vec4 v000001a35bb64180_0, 0;
    %jmp T_0.16;
T_0.0 ;
    %load/vec4 v000001a35bb332c0_0;
    %pad/u 17;
    %load/vec4 v000001a35bb63e60_0;
    %pad/u 17;
    %add;
    %split/vec4 16;
    %assign/vec4 v000001a35bb32ee0_0, 0;
    %assign/vec4 v000001a35bb64040_0, 0;
    %pushi/vec4 1, 0, 1;
    %assign/vec4 v000001a35bb63dc0_0, 0;
    %jmp T_0.16;
T_0.1 ;
    %load/vec4 v000001a35bb332c0_0;
    %pad/u 17;
    %load/vec4 v000001a35bb63e60_0;
    %pad/u 17;
    %sub;
    %split/vec4 16;
    %assign/vec4 v000001a35bb32ee0_0, 0;
    %assign/vec4 v000001a35bb64040_0, 0;
    %pushi/vec4 1, 0, 1;
    %assign/vec4 v000001a35bb63dc0_0, 0;
    %jmp T_0.16;
T_0.2 ;
    %load/vec4 v000001a35bb332c0_0;
    %load/vec4 v000001a35bb63e60_0;
    %mul;
    %assign/vec4 v000001a35bb32ee0_0, 0;
    %pushi/vec4 1, 0, 1;
    %assign/vec4 v000001a35bb63dc0_0, 0;
    %jmp T_0.16;
T_0.3 ;
    %load/vec4 v000001a35bb63e60_0;
    %pad/u 32;
    %cmpi/ne 0, 0, 32;
    %jmp/0xz  T_0.17, 4;
    %load/vec4 v000001a35bb332c0_0;
    %load/vec4 v000001a35bb63e60_0;
    %div;
    %assign/vec4 v000001a35bb32ee0_0, 0;
    %jmp T_0.18;
T_0.17 ;
    %pushi/vec4 0, 0, 16;
    %assign/vec4 v000001a35bb32ee0_0, 0;
T_0.18 ;
    %pushi/vec4 1, 0, 1;
    %assign/vec4 v000001a35bb63dc0_0, 0;
    %jmp T_0.16;
T_0.4 ;
    %load/vec4 v000001a35bb332c0_0;
    %load/vec4 v000001a35bb63e60_0;
    %and;
    %assign/vec4 v000001a35bb32ee0_0, 0;
    %pushi/vec4 1, 0, 1;
    %assign/vec4 v000001a35bb640e0_0, 0;
    %jmp T_0.16;
T_0.5 ;
    %load/vec4 v000001a35bb332c0_0;
    %load/vec4 v000001a35bb63e60_0;
    %or;
    %assign/vec4 v000001a35bb32ee0_0, 0;
    %pushi/vec4 1, 0, 1;
    %assign/vec4 v000001a35bb640e0_0, 0;
    %jmp T_0.16;
T_0.6 ;
    %load/vec4 v000001a35bb332c0_0;
    %load/vec4 v000001a35bb63e60_0;
    %and;
    %inv;
    %assign/vec4 v000001a35bb32ee0_0, 0;
    %pushi/vec4 1, 0, 1;
    %assign/vec4 v000001a35bb640e0_0, 0;
    %jmp T_0.16;
T_0.7 ;
    %load/vec4 v000001a35bb332c0_0;
    %load/vec4 v000001a35bb63e60_0;
    %or;
    %inv;
    %assign/vec4 v000001a35bb32ee0_0, 0;
    %pushi/vec4 1, 0, 1;
    %assign/vec4 v000001a35bb640e0_0, 0;
    %jmp T_0.16;
T_0.8 ;
    %load/vec4 v000001a35bb332c0_0;
    %load/vec4 v000001a35bb63e60_0;
    %xor;
    %assign/vec4 v000001a35bb32ee0_0, 0;
    %pushi/vec4 1, 0, 1;
    %assign/vec4 v000001a35bb640e0_0, 0;
    %jmp T_0.16;
T_0.9 ;
    %load/vec4 v000001a35bb332c0_0;
    %load/vec4 v000001a35bb63e60_0;
    %xor;
    %inv;
    %assign/vec4 v000001a35bb32ee0_0, 0;
    %pushi/vec4 1, 0, 1;
    %assign/vec4 v000001a35bb640e0_0, 0;
    %jmp T_0.16;
T_0.10 ;
    %load/vec4 v000001a35bb332c0_0;
    %load/vec4 v000001a35bb63e60_0;
    %cmp/e;
    %flag_mov 8, 4;
    %jmp/0 T_0.19, 8;
    %pushi/vec4 1, 0, 16;
    %jmp/1 T_0.20, 8;
T_0.19 ; End of true expr.
    %pushi/vec4 0, 0, 16;
    %jmp/0 T_0.20, 8;
 ; End of false expr.
    %blend;
T_0.20;
    %assign/vec4 v000001a35bb32ee0_0, 0;
    %pushi/vec4 1, 0, 1;
    %assign/vec4 v000001a35bb63fa0_0, 0;
    %jmp T_0.16;
T_0.11 ;
    %load/vec4 v000001a35bb63e60_0;
    %load/vec4 v000001a35bb332c0_0;
    %cmp/u;
    %flag_mov 8, 5;
    %jmp/0 T_0.21, 8;
    %pushi/vec4 2, 0, 16;
    %jmp/1 T_0.22, 8;
T_0.21 ; End of true expr.
    %pushi/vec4 0, 0, 16;
    %jmp/0 T_0.22, 8;
 ; End of false expr.
    %blend;
T_0.22;
    %assign/vec4 v000001a35bb32ee0_0, 0;
    %pushi/vec4 1, 0, 1;
    %assign/vec4 v000001a35bb63fa0_0, 0;
    %jmp T_0.16;
T_0.12 ;
    %load/vec4 v000001a35bb332c0_0;
    %load/vec4 v000001a35bb63e60_0;
    %cmp/u;
    %flag_mov 8, 5;
    %jmp/0 T_0.23, 8;
    %pushi/vec4 3, 0, 16;
    %jmp/1 T_0.24, 8;
T_0.23 ; End of true expr.
    %pushi/vec4 0, 0, 16;
    %jmp/0 T_0.24, 8;
 ; End of false expr.
    %blend;
T_0.24;
    %assign/vec4 v000001a35bb32ee0_0, 0;
    %pushi/vec4 1, 0, 1;
    %assign/vec4 v000001a35bb63fa0_0, 0;
    %jmp T_0.16;
T_0.13 ;
    %load/vec4 v000001a35bb332c0_0;
    %ix/load 4, 1, 0;
    %flag_set/imm 4, 0;
    %shiftr 4;
    %assign/vec4 v000001a35bb32ee0_0, 0;
    %pushi/vec4 1, 0, 1;
    %assign/vec4 v000001a35bb64180_0, 0;
    %jmp T_0.16;
T_0.14 ;
    %load/vec4 v000001a35bb332c0_0;
    %ix/load 4, 1, 0;
    %flag_set/imm 4, 0;
    %shiftl 4;
    %assign/vec4 v000001a35bb32ee0_0, 0;
    %pushi/vec4 1, 0, 1;
    %assign/vec4 v000001a35bb64180_0, 0;
    %jmp T_0.16;
T_0.16 ;
    %pop/vec4 1;
    %jmp T_0;
    .thread T_0;
# The file index is used to find the file name in the following table.
:file_names 3;
    "N/A";
    "<interactive>";
    "ALU_16B.v";
