#! /c/Source/iverilog-install/bin/vvp
:ivl_version "12.0 (devel)" "(s20150603-1539-g2693dd32b)";
:ivl_delay_selection "TYPICAL";
:vpi_time_precision - 12;
:vpi_module "C:\iverilog\lib\ivl\system.vpi";
:vpi_module "C:\iverilog\lib\ivl\vhdl_sys.vpi";
:vpi_module "C:\iverilog\lib\ivl\vhdl_textio.vpi";
:vpi_module "C:\iverilog\lib\ivl\v2005_math.vpi";
:vpi_module "C:\iverilog\lib\ivl\va_math.vpi";
S_000001c5a8645150 .scope module, "RST_SYNC_tb" "RST_SYNC_tb" 2 3;
 .timescale -9 -12;
P_000001c5a8623140 .param/l "Clock_period" 0 2 5, +C4<00000000000000000000000000001010>;
P_000001c5a8623178 .param/l "Number_of_stages" 0 2 7, +C4<00000000000000000000000000000100>;
v000001c5a876c350_0 .var "CLK_tb", 0 0;
v000001c5a869e850_0 .var "RST_tb", 0 0;
v000001c5a869e8f0_0 .net "SYNC_RST_tb", 0 0, L_000001c5a869e990;  1 drivers
S_000001c5a876bfe0 .scope module, "RSYNC" "RST_SYNC" 2 37, 3 1 0, S_000001c5a8645150;
 .timescale 0 0;
    .port_info 0 /INPUT 1 "RST";
    .port_info 1 /INPUT 1 "CLK";
    .port_info 2 /OUTPUT 1 "SYNC_RST";
P_000001c5a876b0a0 .param/l "NUM_STAGES" 0 3 2, +C4<00000000000000000000000000000100>;
v000001c5a876c170_0 .net "CLK", 0 0, v000001c5a876c350_0;  1 drivers
v000001c5a8622f30_0 .net "RST", 0 0, v000001c5a869e850_0;  1 drivers
v000001c5a876c210_0 .net "SYNC_RST", 0 0, L_000001c5a869e990;  alias, 1 drivers
v000001c5a876c2b0_0 .var "sync_reg", 3 0;
E_000001c5a876aee0/0 .event negedge, v000001c5a8622f30_0;
E_000001c5a876aee0/1 .event posedge, v000001c5a876c170_0;
E_000001c5a876aee0 .event/or E_000001c5a876aee0/0, E_000001c5a876aee0/1;
L_000001c5a869e990 .part v000001c5a876c2b0_0, 0, 1;
    .scope S_000001c5a876bfe0;
T_0 ;
    %wait E_000001c5a876aee0;
    %load/vec4 v000001c5a8622f30_0;
    %nor/r;
    %flag_set/vec4 8;
    %jmp/0xz  T_0.0, 8;
    %pushi/vec4 0, 0, 4;
    %assign/vec4 v000001c5a876c2b0_0, 0;
    %jmp T_0.1;
T_0.0 ;
    %pushi/vec4 1, 0, 1;
    %load/vec4 v000001c5a876c2b0_0;
    %parti/s 3, 1, 2;
    %concat/vec4; draw_concat_vec4
    %assign/vec4 v000001c5a876c2b0_0, 0;
T_0.1 ;
    %jmp T_0;
    .thread T_0;
    .scope S_000001c5a8645150;
T_1 ;
    %pushi/vec4 0, 0, 1;
    %store/vec4 v000001c5a876c350_0, 0, 1;
    %delay 5000, 0;
    %pushi/vec4 1, 0, 1;
    %store/vec4 v000001c5a876c350_0, 0, 1;
    %delay 5000, 0;
    %jmp T_1;
    .thread T_1;
    .scope S_000001c5a8645150;
T_2 ;
    %vpi_call 2 23 "$dumpfile", "RST_SYNC.vcd" {0 0 0};
    %vpi_call 2 24 "$dumpvars" {0 0 0};
    %pushi/vec4 0, 0, 1;
    %store/vec4 v000001c5a869e850_0, 0, 1;
    %delay 10000, 0;
    %pushi/vec4 1, 0, 1;
    %store/vec4 v000001c5a869e850_0, 0, 1;
    %delay 100000, 0;
    %vpi_call 2 31 "$finish" {0 0 0};
    %end;
    .thread T_2;
# The file index is used to find the file name in the following table.
:file_names 4;
    "N/A";
    "<interactive>";
    "RST_SYNC_tb.v";
    "./RST_SYNC.v";
