#! /c/Source/iverilog-install/bin/vvp
:ivl_version "12.0 (devel)" "(s20150603-1539-g2693dd32b)";
:ivl_delay_selection "TYPICAL";
:vpi_time_precision + 0;
:vpi_module "C:\iverilog\lib\ivl\system.vpi";
:vpi_module "C:\iverilog\lib\ivl\vhdl_sys.vpi";
:vpi_module "C:\iverilog\lib\ivl\vhdl_textio.vpi";
:vpi_module "C:\iverilog\lib\ivl\v2005_math.vpi";
:vpi_module "C:\iverilog\lib\ivl\va_math.vpi";
S_000001f566a7e2d0 .scope module, "ALU_TOP" "ALU_TOP" 2 6;
 .timescale 0 0;
    .port_info 0 /INPUT 16 "A";
    .port_info 1 /INPUT 16 "B";
    .port_info 2 /INPUT 4 "ALU_FUN";
    .port_info 3 /INPUT 1 "CLK";
    .port_info 4 /INPUT 1 "RST";
    .port_info 5 /OUTPUT 32 "Arith_OUT";
    .port_info 6 /OUTPUT 16 "Logic_OUT";
    .port_info 7 /OUTPUT 16 "Shift_OUT";
    .port_info 8 /OUTPUT 16 "CMP_OUT";
    .port_info 9 /OUTPUT 1 "Arith_Flag";
    .port_info 10 /OUTPUT 1 "Logic_Flag";
    .port_info 11 /OUTPUT 1 "Shift_Flag";
    .port_info 12 /OUTPUT 1 "CMP_Flag";
P_000001f566a6d3a0 .param/l "Width" 0 2 6, C4<00000000000000000000000000010000>;
o000001f566a9cf98 .functor BUFZ 16, C4<zzzzzzzzzzzzzzzz>; HiZ drive
v000001f566af4b10_0 .net/s "A", 15 0, o000001f566a9cf98;  0 drivers
o000001f566a9da78 .functor BUFZ 4, C4<zzzz>; HiZ drive
v000001f566af4c50_0 .net "ALU_FUN", 3 0, o000001f566a9da78;  0 drivers
v000001f566af4570_0 .net "Arith_Enable_internal", 0 0, v000001f566af2ac0_0;  1 drivers
v000001f566af3cb0_0 .net "Arith_Flag", 0 0, v000001f566a70a00_0;  1 drivers
v000001f566af33f0_0 .net/s "Arith_OUT", 31 0, v000001f566a70aa0_0;  1 drivers
o000001f566a9d088 .functor BUFZ 16, C4<zzzzzzzzzzzzzzzz>; HiZ drive
v000001f566af4610_0 .net/s "B", 15 0, o000001f566a9d088;  0 drivers
o000001f566a9d0b8 .functor BUFZ 1, C4<z>; HiZ drive
v000001f566af46b0_0 .net "CLK", 0 0, o000001f566a9d0b8;  0 drivers
v000001f566af4250_0 .net "CMP_Enable_internal", 0 0, v000001f566af2340_0;  1 drivers
v000001f566af42f0_0 .net "CMP_Flag", 0 0, v000001f566af2a20_0;  1 drivers
v000001f566af4390_0 .net "CMP_OUT", 15 0, v000001f566af2c00_0;  1 drivers
v000001f566af4750_0 .net "Logic_Enable_internal", 0 0, v000001f566af2200_0;  1 drivers
v000001f566af3490_0 .net "Logic_Flag", 0 0, v000001f566af2b60_0;  1 drivers
v000001f566af4bb0_0 .net "Logic_OUT", 15 0, v000001f566af2ca0_0;  1 drivers
o000001f566a9d0e8 .functor BUFZ 1, C4<z>; HiZ drive
v000001f566af3850_0 .net "RST", 0 0, o000001f566a9d0e8;  0 drivers
v000001f566af4930_0 .net "Shift_Enable_internal", 0 0, v000001f566af2de0_0;  1 drivers
v000001f566af3d50_0 .net "Shift_Flag", 0 0, v000001f566af4110_0;  1 drivers
v000001f566af4cf0_0 .net "Shift_OUT", 15 0, v000001f566af41b0_0;  1 drivers
L_000001f566af35d0 .part o000001f566a9da78, 2, 2;
L_000001f566af3990 .part o000001f566a9da78, 0, 2;
L_000001f566af3f30 .part o000001f566a9da78, 0, 2;
L_000001f566af3350 .part o000001f566a9da78, 0, 2;
L_000001f566af3170 .part o000001f566a9da78, 0, 2;
S_000001f566a7e460 .scope module, "ARU1" "ARITHMATIC_UNIT" 2 46, 3 1 0, S_000001f566a7e2d0;
 .timescale 0 0;
    .port_info 0 /INPUT 16 "A";
    .port_info 1 /INPUT 16 "B";
    .port_info 2 /INPUT 2 "ALU_FUN";
    .port_info 3 /INPUT 1 "CLK";
    .port_info 4 /INPUT 1 "RST";
    .port_info 5 /INPUT 1 "Arith_Enable";
    .port_info 6 /OUTPUT 32 "Arith_OUT";
    .port_info 7 /OUTPUT 1 "Arith_Flag";
P_000001f566a67c10 .param/l "ADD" 1 3 19, C4<00>;
P_000001f566a67c48 .param/l "DIV" 1 3 22, C4<11>;
P_000001f566a67c80 .param/l "MUL" 1 3 21, C4<10>;
P_000001f566a67cb8 .param/l "SUB" 1 3 20, C4<01>;
P_000001f566a67cf0 .param/l "Width" 0 3 2, C4<00000000000000000000000000010000>;
v000001f566a70be0_0 .net/s "A", 15 0, o000001f566a9cf98;  alias, 0 drivers
v000001f566a71c90_0 .net "ALU_FUN", 1 0, L_000001f566af3990;  1 drivers
v000001f566a43120_0 .net "Arith_Enable", 0 0, v000001f566af2ac0_0;  alias, 1 drivers
v000001f566a70a00_0 .var "Arith_Flag", 0 0;
v000001f566a70aa0_0 .var/s "Arith_OUT", 31 0;
v000001f566a7e5f0_0 .net/s "B", 15 0, o000001f566a9d088;  alias, 0 drivers
v000001f566a7e690_0 .net "CLK", 0 0, o000001f566a9d0b8;  alias, 0 drivers
v000001f566a78290_0 .net "RST", 0 0, o000001f566a9d0e8;  alias, 0 drivers
E_000001f566a6d3e0/0 .event negedge, v000001f566a78290_0;
E_000001f566a6d3e0/1 .event posedge, v000001f566a7e690_0;
E_000001f566a6d3e0 .event/or E_000001f566a6d3e0/0, E_000001f566a6d3e0/1;
S_000001f566a78330 .scope module, "CMPU1" "CMP_UNIT" 2 72, 4 1 0, S_000001f566a7e2d0;
 .timescale 0 0;
    .port_info 0 /INPUT 16 "A";
    .port_info 1 /INPUT 16 "B";
    .port_info 2 /INPUT 2 "ALU_FUN";
    .port_info 3 /INPUT 1 "CLK";
    .port_info 4 /INPUT 1 "RST";
    .port_info 5 /INPUT 1 "CMP_Enable";
    .port_info 6 /OUTPUT 16 "CMP_OUT";
    .port_info 7 /OUTPUT 1 "CMP_Flag";
P_000001f566a682d0 .param/l "CMPEQ" 1 4 19, C4<01>;
P_000001f566a68308 .param/l "CMPG" 1 4 20, C4<10>;
P_000001f566a68340 .param/l "CMPL" 1 4 21, C4<11>;
P_000001f566a68378 .param/l "NOP" 1 4 18, C4<00>;
P_000001f566a683b0 .param/l "Width" 0 4 1, C4<00000000000000000000000000010000>;
v000001f566a784c0_0 .net "A", 15 0, o000001f566a9cf98;  alias, 0 drivers
v000001f566af2520_0 .net "ALU_FUN", 1 0, L_000001f566af3350;  1 drivers
v000001f566af27a0_0 .net "B", 15 0, o000001f566a9d088;  alias, 0 drivers
v000001f566af25c0_0 .net "CLK", 0 0, o000001f566a9d0b8;  alias, 0 drivers
v000001f566af2840_0 .net "CMP_Enable", 0 0, v000001f566af2340_0;  alias, 1 drivers
v000001f566af2a20_0 .var "CMP_Flag", 0 0;
v000001f566af2c00_0 .var "CMP_OUT", 15 0;
v000001f566af22a0_0 .net "RST", 0 0, o000001f566a9d0e8;  alias, 0 drivers
S_000001f566a78560 .scope module, "D1" "Decoder" 2 36, 5 1 0, S_000001f566a7e2d0;
 .timescale 0 0;
    .port_info 0 /INPUT 2 "ALU_FUN";
    .port_info 1 /OUTPUT 1 "Arith_Enable";
    .port_info 2 /OUTPUT 1 "Logic_Enable";
    .port_info 3 /OUTPUT 1 "CMP_Enable";
    .port_info 4 /OUTPUT 1 "Shift_Enable";
P_000001f566a83cc0 .param/l "Arith" 1 5 15, C4<00>;
P_000001f566a83cf8 .param/l "CMP" 1 5 17, C4<10>;
P_000001f566a83d30 .param/l "Logic" 1 5 16, C4<01>;
P_000001f566a83d68 .param/l "Shift" 1 5 18, C4<11>;
v000001f566af2980_0 .net "ALU_FUN", 1 0, L_000001f566af35d0;  1 drivers
v000001f566af2ac0_0 .var "Arith_Enable", 0 0;
v000001f566af2340_0 .var "CMP_Enable", 0 0;
v000001f566af2200_0 .var "Logic_Enable", 0 0;
v000001f566af2de0_0 .var "Shift_Enable", 0 0;
E_000001f566a6c6a0 .event anyedge, v000001f566af2980_0;
S_000001f566a83db0 .scope module, "LU1" "LOGIC_UNIT" 2 59, 6 1 0, S_000001f566a7e2d0;
 .timescale 0 0;
    .port_info 0 /INPUT 16 "A";
    .port_info 1 /INPUT 16 "B";
    .port_info 2 /INPUT 2 "ALU_FUN";
    .port_info 3 /INPUT 1 "CLK";
    .port_info 4 /INPUT 1 "RST";
    .port_info 5 /INPUT 1 "Logic_Enable";
    .port_info 6 /OUTPUT 16 "Logic_OUT";
    .port_info 7 /OUTPUT 1 "Logic_Flag";
P_000001f566a67e50 .param/l "AND" 1 6 18, C4<00>;
P_000001f566a67e88 .param/l "NAND" 1 6 20, C4<10>;
P_000001f566a67ec0 .param/l "NOR" 1 6 21, C4<11>;
P_000001f566a67ef8 .param/l "OR" 1 6 19, C4<01>;
P_000001f566a67f30 .param/l "Width" 0 6 1, C4<00000000000000000000000000010000>;
v000001f566af23e0_0 .net "A", 15 0, o000001f566a9cf98;  alias, 0 drivers
v000001f566af2660_0 .net "ALU_FUN", 1 0, L_000001f566af3f30;  1 drivers
v000001f566af2160_0 .net "B", 15 0, o000001f566a9d088;  alias, 0 drivers
v000001f566af2e80_0 .net "CLK", 0 0, o000001f566a9d0b8;  alias, 0 drivers
v000001f566af2480_0 .net "Logic_Enable", 0 0, v000001f566af2200_0;  alias, 1 drivers
v000001f566af2b60_0 .var "Logic_Flag", 0 0;
v000001f566af2ca0_0 .var "Logic_OUT", 15 0;
v000001f566af2d40_0 .net "RST", 0 0, o000001f566a9d0e8;  alias, 0 drivers
S_000001f566a83f40 .scope module, "SHU1" "SHIFT_UNIT" 2 85, 7 1 0, S_000001f566a7e2d0;
 .timescale 0 0;
    .port_info 0 /INPUT 16 "A";
    .port_info 1 /INPUT 16 "B";
    .port_info 2 /INPUT 2 "ALU_FUN";
    .port_info 3 /INPUT 1 "CLK";
    .port_info 4 /INPUT 1 "RST";
    .port_info 5 /INPUT 1 "Shift_Enable";
    .port_info 6 /OUTPUT 16 "Shift_OUT";
    .port_info 7 /OUTPUT 1 "Shift_Flag";
P_000001f566a681b0 .param/l "SHLA" 1 7 19, C4<01>;
P_000001f566a681e8 .param/l "SHLB" 1 7 21, C4<11>;
P_000001f566a68220 .param/l "SHRA" 1 7 18, C4<00>;
P_000001f566a68258 .param/l "SHRB" 1 7 20, C4<10>;
P_000001f566a68290 .param/l "Width" 0 7 1, C4<00000000000000000000000000010000>;
v000001f566af20c0_0 .net "A", 15 0, o000001f566a9cf98;  alias, 0 drivers
v000001f566af2700_0 .net "ALU_FUN", 1 0, L_000001f566af3170;  1 drivers
v000001f566af28e0_0 .net "B", 15 0, o000001f566a9d088;  alias, 0 drivers
v000001f566af2f20_0 .net "CLK", 0 0, o000001f566a9d0b8;  alias, 0 drivers
v000001f566af2fc0_0 .net "RST", 0 0, o000001f566a9d0e8;  alias, 0 drivers
v000001f566af3670_0 .net "Shift_Enable", 0 0, v000001f566af2de0_0;  alias, 1 drivers
v000001f566af4110_0 .var "Shift_Flag", 0 0;
v000001f566af41b0_0 .var "Shift_OUT", 15 0;
    .scope S_000001f566a78560;
T_0 ;
    %wait E_000001f566a6c6a0;
    %pushi/vec4 0, 0, 1;
    %store/vec4 v000001f566af2ac0_0, 0, 1;
    %pushi/vec4 0, 0, 1;
    %store/vec4 v000001f566af2200_0, 0, 1;
    %pushi/vec4 0, 0, 1;
    %store/vec4 v000001f566af2340_0, 0, 1;
    %pushi/vec4 0, 0, 1;
    %store/vec4 v000001f566af2de0_0, 0, 1;
    %load/vec4 v000001f566af2980_0;
    %dup/vec4;
    %pushi/vec4 0, 0, 2;
    %cmp/u;
    %jmp/1 T_0.0, 6;
    %dup/vec4;
    %pushi/vec4 1, 0, 2;
    %cmp/u;
    %jmp/1 T_0.1, 6;
    %dup/vec4;
    %pushi/vec4 2, 0, 2;
    %cmp/u;
    %jmp/1 T_0.2, 6;
    %dup/vec4;
    %pushi/vec4 3, 0, 2;
    %cmp/u;
    %jmp/1 T_0.3, 6;
    %jmp T_0.4;
T_0.0 ;
    %pushi/vec4 1, 0, 1;
    %store/vec4 v000001f566af2ac0_0, 0, 1;
    %jmp T_0.4;
T_0.1 ;
    %pushi/vec4 1, 0, 1;
    %store/vec4 v000001f566af2200_0, 0, 1;
    %jmp T_0.4;
T_0.2 ;
    %pushi/vec4 1, 0, 1;
    %store/vec4 v000001f566af2340_0, 0, 1;
    %jmp T_0.4;
T_0.3 ;
    %pushi/vec4 1, 0, 1;
    %store/vec4 v000001f566af2de0_0, 0, 1;
    %jmp T_0.4;
T_0.4 ;
    %pop/vec4 1;
    %jmp T_0;
    .thread T_0, $push;
    .scope S_000001f566a7e460;
T_1 ;
    %wait E_000001f566a6d3e0;
    %load/vec4 v000001f566a78290_0;
    %nor/r;
    %flag_set/vec4 8;
    %jmp/0xz  T_1.0, 8;
    %pushi/vec4 0, 0, 32;
    %assign/vec4 v000001f566a70aa0_0, 0;
    %pushi/vec4 0, 0, 1;
    %assign/vec4 v000001f566a70a00_0, 0;
    %jmp T_1.1;
T_1.0 ;
    %load/vec4 v000001f566a43120_0;
    %flag_set/vec4 8;
    %jmp/0xz  T_1.2, 8;
    %load/vec4 v000001f566a71c90_0;
    %dup/vec4;
    %pushi/vec4 0, 0, 2;
    %cmp/u;
    %jmp/1 T_1.4, 6;
    %dup/vec4;
    %pushi/vec4 1, 0, 2;
    %cmp/u;
    %jmp/1 T_1.5, 6;
    %dup/vec4;
    %pushi/vec4 2, 0, 2;
    %cmp/u;
    %jmp/1 T_1.6, 6;
    %dup/vec4;
    %pushi/vec4 3, 0, 2;
    %cmp/u;
    %jmp/1 T_1.7, 6;
    %jmp T_1.8;
T_1.4 ;
    %load/vec4 v000001f566a70be0_0;
    %pad/s 32;
    %load/vec4 v000001f566a7e5f0_0;
    %pad/s 32;
    %add;
    %assign/vec4 v000001f566a70aa0_0, 0;
    %jmp T_1.8;
T_1.5 ;
    %load/vec4 v000001f566a70be0_0;
    %pad/s 32;
    %load/vec4 v000001f566a7e5f0_0;
    %pad/s 32;
    %sub;
    %assign/vec4 v000001f566a70aa0_0, 0;
    %jmp T_1.8;
T_1.6 ;
    %load/vec4 v000001f566a70be0_0;
    %pad/s 32;
    %load/vec4 v000001f566a7e5f0_0;
    %pad/s 32;
    %mul;
    %assign/vec4 v000001f566a70aa0_0, 0;
    %jmp T_1.8;
T_1.7 ;
    %load/vec4 v000001f566a70be0_0;
    %pad/s 32;
    %load/vec4 v000001f566a7e5f0_0;
    %pad/s 32;
    %div/s;
    %assign/vec4 v000001f566a70aa0_0, 0;
    %jmp T_1.8;
T_1.8 ;
    %pop/vec4 1;
    %pushi/vec4 1, 0, 1;
    %assign/vec4 v000001f566a70a00_0, 0;
    %jmp T_1.3;
T_1.2 ;
    %pushi/vec4 0, 0, 32;
    %assign/vec4 v000001f566a70aa0_0, 0;
    %pushi/vec4 0, 0, 1;
    %assign/vec4 v000001f566a70a00_0, 0;
T_1.3 ;
T_1.1 ;
    %jmp T_1;
    .thread T_1;
    .scope S_000001f566a83db0;
T_2 ;
    %wait E_000001f566a6d3e0;
    %load/vec4 v000001f566af2d40_0;
    %nor/r;
    %flag_set/vec4 8;
    %jmp/0xz  T_2.0, 8;
    %pushi/vec4 0, 0, 16;
    %assign/vec4 v000001f566af2ca0_0, 0;
    %pushi/vec4 0, 0, 1;
    %assign/vec4 v000001f566af2b60_0, 0;
    %jmp T_2.1;
T_2.0 ;
    %load/vec4 v000001f566af2480_0;
    %flag_set/vec4 8;
    %jmp/0xz  T_2.2, 8;
    %load/vec4 v000001f566af2660_0;
    %dup/vec4;
    %pushi/vec4 0, 0, 2;
    %cmp/u;
    %jmp/1 T_2.4, 6;
    %dup/vec4;
    %pushi/vec4 1, 0, 2;
    %cmp/u;
    %jmp/1 T_2.5, 6;
    %dup/vec4;
    %pushi/vec4 2, 0, 2;
    %cmp/u;
    %jmp/1 T_2.6, 6;
    %dup/vec4;
    %pushi/vec4 3, 0, 2;
    %cmp/u;
    %jmp/1 T_2.7, 6;
    %jmp T_2.8;
T_2.4 ;
    %load/vec4 v000001f566af23e0_0;
    %load/vec4 v000001f566af2160_0;
    %and;
    %assign/vec4 v000001f566af2ca0_0, 0;
    %jmp T_2.8;
T_2.5 ;
    %load/vec4 v000001f566af23e0_0;
    %load/vec4 v000001f566af2160_0;
    %or;
    %assign/vec4 v000001f566af2ca0_0, 0;
    %jmp T_2.8;
T_2.6 ;
    %load/vec4 v000001f566af23e0_0;
    %load/vec4 v000001f566af2160_0;
    %and;
    %inv;
    %assign/vec4 v000001f566af2ca0_0, 0;
    %jmp T_2.8;
T_2.7 ;
    %load/vec4 v000001f566af23e0_0;
    %load/vec4 v000001f566af2160_0;
    %or;
    %inv;
    %assign/vec4 v000001f566af2ca0_0, 0;
    %jmp T_2.8;
T_2.8 ;
    %pop/vec4 1;
    %pushi/vec4 1, 0, 1;
    %assign/vec4 v000001f566af2b60_0, 0;
    %jmp T_2.3;
T_2.2 ;
    %pushi/vec4 0, 0, 16;
    %assign/vec4 v000001f566af2ca0_0, 0;
    %pushi/vec4 0, 0, 1;
    %assign/vec4 v000001f566af2b60_0, 0;
T_2.3 ;
T_2.1 ;
    %jmp T_2;
    .thread T_2;
    .scope S_000001f566a78330;
T_3 ;
    %wait E_000001f566a6d3e0;
    %load/vec4 v000001f566af22a0_0;
    %nor/r;
    %flag_set/vec4 8;
    %jmp/0xz  T_3.0, 8;
    %pushi/vec4 0, 0, 16;
    %assign/vec4 v000001f566af2c00_0, 0;
    %pushi/vec4 0, 0, 1;
    %assign/vec4 v000001f566af2a20_0, 0;
    %jmp T_3.1;
T_3.0 ;
    %load/vec4 v000001f566af2840_0;
    %flag_set/vec4 8;
    %jmp/0xz  T_3.2, 8;
    %load/vec4 v000001f566af2520_0;
    %dup/vec4;
    %pushi/vec4 0, 0, 2;
    %cmp/u;
    %jmp/1 T_3.4, 6;
    %dup/vec4;
    %pushi/vec4 1, 0, 2;
    %cmp/u;
    %jmp/1 T_3.5, 6;
    %dup/vec4;
    %pushi/vec4 2, 0, 2;
    %cmp/u;
    %jmp/1 T_3.6, 6;
    %dup/vec4;
    %pushi/vec4 3, 0, 2;
    %cmp/u;
    %jmp/1 T_3.7, 6;
    %jmp T_3.8;
T_3.4 ;
    %pushi/vec4 0, 0, 16;
    %assign/vec4 v000001f566af2c00_0, 0;
    %jmp T_3.8;
T_3.5 ;
    %load/vec4 v000001f566a784c0_0;
    %load/vec4 v000001f566af27a0_0;
    %cmp/e;
    %jmp/0xz  T_3.9, 4;
    %pushi/vec4 1, 0, 16;
    %assign/vec4 v000001f566af2c00_0, 0;
    %jmp T_3.10;
T_3.9 ;
    %pushi/vec4 0, 0, 16;
    %assign/vec4 v000001f566af2c00_0, 0;
T_3.10 ;
    %jmp T_3.8;
T_3.6 ;
    %load/vec4 v000001f566af27a0_0;
    %load/vec4 v000001f566a784c0_0;
    %cmp/u;
    %jmp/0xz  T_3.11, 5;
    %pushi/vec4 2, 0, 16;
    %assign/vec4 v000001f566af2c00_0, 0;
    %jmp T_3.12;
T_3.11 ;
    %pushi/vec4 0, 0, 16;
    %assign/vec4 v000001f566af2c00_0, 0;
T_3.12 ;
    %jmp T_3.8;
T_3.7 ;
    %load/vec4 v000001f566a784c0_0;
    %load/vec4 v000001f566af27a0_0;
    %cmp/u;
    %jmp/0xz  T_3.13, 5;
    %pushi/vec4 3, 0, 16;
    %assign/vec4 v000001f566af2c00_0, 0;
    %jmp T_3.14;
T_3.13 ;
    %pushi/vec4 0, 0, 16;
    %assign/vec4 v000001f566af2c00_0, 0;
T_3.14 ;
    %jmp T_3.8;
T_3.8 ;
    %pop/vec4 1;
    %pushi/vec4 1, 0, 1;
    %assign/vec4 v000001f566af2a20_0, 0;
    %jmp T_3.3;
T_3.2 ;
    %pushi/vec4 0, 0, 16;
    %assign/vec4 v000001f566af2c00_0, 0;
    %pushi/vec4 0, 0, 1;
    %assign/vec4 v000001f566af2a20_0, 0;
T_3.3 ;
T_3.1 ;
    %jmp T_3;
    .thread T_3;
    .scope S_000001f566a83f40;
T_4 ;
    %wait E_000001f566a6d3e0;
    %load/vec4 v000001f566af2fc0_0;
    %nor/r;
    %flag_set/vec4 8;
    %jmp/0xz  T_4.0, 8;
    %pushi/vec4 0, 0, 16;
    %assign/vec4 v000001f566af41b0_0, 0;
    %pushi/vec4 0, 0, 1;
    %assign/vec4 v000001f566af4110_0, 0;
    %jmp T_4.1;
T_4.0 ;
    %load/vec4 v000001f566af3670_0;
    %flag_set/vec4 8;
    %jmp/0xz  T_4.2, 8;
    %load/vec4 v000001f566af2700_0;
    %dup/vec4;
    %pushi/vec4 0, 0, 2;
    %cmp/u;
    %jmp/1 T_4.4, 6;
    %dup/vec4;
    %pushi/vec4 1, 0, 2;
    %cmp/u;
    %jmp/1 T_4.5, 6;
    %dup/vec4;
    %pushi/vec4 2, 0, 2;
    %cmp/u;
    %jmp/1 T_4.6, 6;
    %dup/vec4;
    %pushi/vec4 0, 0, 2;
    %cmp/u;
    %jmp/1 T_4.7, 6;
    %jmp T_4.8;
T_4.4 ;
    %load/vec4 v000001f566af20c0_0;
    %ix/load 4, 1, 0;
    %flag_set/imm 4, 0;
    %shiftr 4;
    %assign/vec4 v000001f566af41b0_0, 0;
    %jmp T_4.8;
T_4.5 ;
    %load/vec4 v000001f566af20c0_0;
    %ix/load 4, 1, 0;
    %flag_set/imm 4, 0;
    %shiftl 4;
    %assign/vec4 v000001f566af41b0_0, 0;
    %jmp T_4.8;
T_4.6 ;
    %load/vec4 v000001f566af28e0_0;
    %ix/load 4, 1, 0;
    %flag_set/imm 4, 0;
    %shiftr 4;
    %assign/vec4 v000001f566af41b0_0, 0;
    %jmp T_4.8;
T_4.7 ;
    %load/vec4 v000001f566af28e0_0;
    %ix/load 4, 1, 0;
    %flag_set/imm 4, 0;
    %shiftl 4;
    %assign/vec4 v000001f566af41b0_0, 0;
    %jmp T_4.8;
T_4.8 ;
    %pop/vec4 1;
    %pushi/vec4 1, 0, 1;
    %assign/vec4 v000001f566af4110_0, 0;
    %jmp T_4.3;
T_4.2 ;
    %pushi/vec4 0, 0, 16;
    %assign/vec4 v000001f566af41b0_0, 0;
    %pushi/vec4 0, 0, 1;
    %assign/vec4 v000001f566af4110_0, 0;
T_4.3 ;
T_4.1 ;
    %jmp T_4;
    .thread T_4;
# The file index is used to find the file name in the following table.
:file_names 8;
    "N/A";
    "<interactive>";
    "ALU_TOP.v";
    "./ARITHMATIC_UNIT.v";
    "./CMP_UNIT.v";
    "./Decoder.v";
    "./LOGIC_UNIT.v";
    "./SHIFT_UNIT.v";
