#! /c/Source/iverilog-install/bin/vvp
:ivl_version "12.0 (devel)" "(s20150603-1539-g2693dd32b)";
:ivl_delay_selection "TYPICAL";
:vpi_time_precision + 0;
:vpi_module "C:\iverilog\lib\ivl\system.vpi";
:vpi_module "C:\iverilog\lib\ivl\vhdl_sys.vpi";
:vpi_module "C:\iverilog\lib\ivl\vhdl_textio.vpi";
:vpi_module "C:\iverilog\lib\ivl\v2005_math.vpi";
:vpi_module "C:\iverilog\lib\ivl\va_math.vpi";
S_0000028a29d7bc90 .scope module, "BIT_SYNC" "BIT_SYNC" 2 1;
 .timescale 0 0;
    .port_info 0 /INPUT 1 "ASYNC";
    .port_info 1 /INPUT 1 "CLK";
    .port_info 2 /INPUT 1 "RST";
    .port_info 3 /OUTPUT 1 "SYNC";
P_0000028a29d93270 .param/l "BUS_WIDTH" 0 2 4, +C4<00000000000000000000000000000001>;
P_0000028a29d932a8 .param/l "NUM_STAGES" 0 2 3, +C4<00000000000000000000000000000010>;
o0000028a29dc8f98 .functor BUFZ 1, C4<z>; HiZ drive
v0000028a29d93120_0 .net "ASYNC", 0 0, o0000028a29dc8f98;  0 drivers
o0000028a29dc8fc8 .functor BUFZ 1, C4<z>; HiZ drive
v0000028a29d92f30_0 .net "CLK", 0 0, o0000028a29dc8fc8;  0 drivers
o0000028a29dc8ff8 .functor BUFZ 1, C4<z>; HiZ drive
v0000028a29d7be20_0 .net "RST", 0 0, o0000028a29dc8ff8;  0 drivers
v0000028a29d7bec0_0 .var "SYNC", 0 0;
v0000028a29dc4630_0 .var/i "i", 31 0;
v0000028a29dc46d0 .array "sync_reg", 0 0, 1 0;
v0000028a29dc46d0_0 .array/port v0000028a29dc46d0, 0;
E_0000028a29d7ae00 .event anyedge, v0000028a29dc46d0_0;
E_0000028a29d7b3c0/0 .event negedge, v0000028a29d7be20_0;
E_0000028a29d7b3c0/1 .event posedge, v0000028a29d92f30_0;
E_0000028a29d7b3c0 .event/or E_0000028a29d7b3c0/0, E_0000028a29d7b3c0/1;
    .scope S_0000028a29d7bc90;
T_0 ;
    %wait E_0000028a29d7b3c0;
    %load/vec4 v0000028a29d7be20_0;
    %nor/r;
    %flag_set/vec4 8;
    %jmp/0xz  T_0.0, 8;
    %pushi/vec4 0, 0, 32;
    %store/vec4 v0000028a29dc4630_0, 0, 32;
T_0.2 ;
    %load/vec4 v0000028a29dc4630_0;
    %cmpi/s 1, 0, 32;
    %jmp/0xz T_0.3, 5;
    %pushi/vec4 0, 0, 2;
    %ix/getv/s 3, v0000028a29dc4630_0;
    %ix/load 4, 0, 0; Constant delay
    %assign/vec4/a/d v0000028a29dc46d0, 0, 4;
    %load/vec4 v0000028a29dc4630_0;
    %addi 1, 0, 32;
    %store/vec4 v0000028a29dc4630_0, 0, 32;
    %jmp T_0.2;
T_0.3 ;
    %jmp T_0.1;
T_0.0 ;
    %pushi/vec4 0, 0, 32;
    %store/vec4 v0000028a29dc4630_0, 0, 32;
T_0.4 ;
    %load/vec4 v0000028a29dc4630_0;
    %cmpi/s 1, 0, 32;
    %jmp/0xz T_0.5, 5;
    %ix/getv/s 4, v0000028a29dc4630_0;
    %load/vec4a v0000028a29dc46d0, 4;
    %parti/s 1, 0, 2;
    %load/vec4 v0000028a29d93120_0;
    %load/vec4 v0000028a29dc4630_0;
    %part/s 1;
    %concat/vec4; draw_concat_vec4
    %ix/getv/s 3, v0000028a29dc4630_0;
    %ix/load 4, 0, 0; Constant delay
    %assign/vec4/a/d v0000028a29dc46d0, 0, 4;
    %load/vec4 v0000028a29dc4630_0;
    %addi 1, 0, 32;
    %store/vec4 v0000028a29dc4630_0, 0, 32;
    %jmp T_0.4;
T_0.5 ;
T_0.1 ;
    %jmp T_0;
    .thread T_0;
    .scope S_0000028a29d7bc90;
T_1 ;
    %wait E_0000028a29d7ae00;
    %pushi/vec4 0, 0, 32;
    %store/vec4 v0000028a29dc4630_0, 0, 32;
T_1.0 ;
    %load/vec4 v0000028a29dc4630_0;
    %cmpi/s 1, 0, 32;
    %jmp/0xz T_1.1, 5;
    %ix/getv/s 4, v0000028a29dc4630_0;
    %load/vec4a v0000028a29dc46d0, 4;
    %parti/s 1, 1, 2;
    %ix/getv/s 4, v0000028a29dc4630_0;
    %store/vec4 v0000028a29d7bec0_0, 4, 1;
    %load/vec4 v0000028a29dc4630_0;
    %addi 1, 0, 32;
    %store/vec4 v0000028a29dc4630_0, 0, 32;
    %jmp T_1.0;
T_1.1 ;
    %jmp T_1;
    .thread T_1, $push;
# The file index is used to find the file name in the following table.
:file_names 3;
    "N/A";
    "<interactive>";
    "BIT_SYNC.v";
