#! /c/Source/iverilog-install/bin/vvp
:ivl_version "12.0 (devel)" "(s20150603-1539-g2693dd32b)";
:ivl_delay_selection "TYPICAL";
:vpi_time_precision + 0;
:vpi_module "C:\iverilog\lib\ivl\system.vpi";
:vpi_module "C:\iverilog\lib\ivl\vhdl_sys.vpi";
:vpi_module "C:\iverilog\lib\ivl\vhdl_textio.vpi";
:vpi_module "C:\iverilog\lib\ivl\v2005_math.vpi";
:vpi_module "C:\iverilog\lib\ivl\va_math.vpi";
S_000001a7af662c40 .scope module, "Decoder" "Decoder" 2 1;
 .timescale 0 0;
    .port_info 0 /INPUT 2 "ALU_FUN";
    .port_info 1 /OUTPUT 1 "Arith_Enable";
    .port_info 2 /OUTPUT 1 "Logic_Enable";
    .port_info 3 /OUTPUT 1 "CMP_Enable";
    .port_info 4 /OUTPUT 1 "Shift_Enable";
P_000001a7af662dd0 .param/l "Arith" 1 2 15, C4<00>;
P_000001a7af662e08 .param/l "CMP" 1 2 17, C4<10>;
P_000001a7af662e40 .param/l "Logic" 1 2 16, C4<01>;
P_000001a7af662e78 .param/l "Shift" 1 2 18, C4<11>;
o000001a7af696fb8 .functor BUFZ 2, C4<zz>; HiZ drive
v000001a7af694de0_0 .net "ALU_FUN", 1 0, o000001a7af696fb8;  0 drivers
v000001a7af6632c0_0 .var "Arith_Enable", 0 0;
v000001a7af662ec0_0 .var "CMP_Enable", 0 0;
v000001a7af64b940_0 .var "Logic_Enable", 0 0;
v000001a7af64b9e0_0 .var "Shift_Enable", 0 0;
E_000001a7af64c930 .event anyedge, v000001a7af694de0_0;
    .scope S_000001a7af662c40;
T_0 ;
    %wait E_000001a7af64c930;
    %pushi/vec4 0, 0, 1;
    %store/vec4 v000001a7af6632c0_0, 0, 1;
    %pushi/vec4 0, 0, 1;
    %store/vec4 v000001a7af64b940_0, 0, 1;
    %pushi/vec4 0, 0, 1;
    %store/vec4 v000001a7af662ec0_0, 0, 1;
    %pushi/vec4 0, 0, 1;
    %store/vec4 v000001a7af64b9e0_0, 0, 1;
    %load/vec4 v000001a7af694de0_0;
    %dup/vec4;
    %pushi/vec4 0, 0, 2;
    %cmp/u;
    %jmp/1 T_0.0, 6;
    %dup/vec4;
    %pushi/vec4 1, 0, 2;
    %cmp/u;
    %jmp/1 T_0.1, 6;
    %dup/vec4;
    %pushi/vec4 2, 0, 2;
    %cmp/u;
    %jmp/1 T_0.2, 6;
    %dup/vec4;
    %pushi/vec4 3, 0, 2;
    %cmp/u;
    %jmp/1 T_0.3, 6;
    %jmp T_0.4;
T_0.0 ;
    %pushi/vec4 1, 0, 1;
    %store/vec4 v000001a7af6632c0_0, 0, 1;
    %jmp T_0.4;
T_0.1 ;
    %pushi/vec4 1, 0, 1;
    %store/vec4 v000001a7af64b940_0, 0, 1;
    %jmp T_0.4;
T_0.2 ;
    %pushi/vec4 1, 0, 1;
    %store/vec4 v000001a7af662ec0_0, 0, 1;
    %jmp T_0.4;
T_0.3 ;
    %pushi/vec4 1, 0, 1;
    %store/vec4 v000001a7af64b9e0_0, 0, 1;
    %jmp T_0.4;
T_0.4 ;
    %pop/vec4 1;
    %jmp T_0;
    .thread T_0, $push;
# The file index is used to find the file name in the following table.
:file_names 3;
    "N/A";
    "<interactive>";
    "Decoder.v";
