#! /c/Source/iverilog-install/bin/vvp
:ivl_version "12.0 (devel)" "(s20150603-1539-g2693dd32b)";
:ivl_delay_selection "TYPICAL";
:vpi_time_precision + 0;
:vpi_module "C:\iverilog\lib\ivl\system.vpi";
:vpi_module "C:\iverilog\lib\ivl\vhdl_sys.vpi";
:vpi_module "C:\iverilog\lib\ivl\vhdl_textio.vpi";
:vpi_module "C:\iverilog\lib\ivl\v2005_math.vpi";
:vpi_module "C:\iverilog\lib\ivl\va_math.vpi";
S_000001b9f537b850 .scope module, "FIFO_rptr_rempty" "FIFO_rptr_rempty" 2 1;
 .timescale 0 0;
    .port_info 0 /INPUT 1 "Rinc";
    .port_info 1 /INPUT 1 "Rclk";
    .port_info 2 /INPUT 1 "Rrst";
    .port_info 3 /INPUT 4 "R2q_wptr";
    .port_info 4 /OUTPUT 3 "Radder";
    .port_info 5 /OUTPUT 1 "Rempty";
    .port_info 6 /OUTPUT 1 "Rempty_flag";
    .port_info 7 /OUTPUT 4 "Rptr";
P_000001b9f5438c00 .param/l "Address_width" 0 2 2, +C4<00000000000000000000000000000011>;
o000001b9f543afd8 .functor BUFZ 4, C4<zzzz>; HiZ drive
v000001b9f537bcc0_0 .net "R2q_wptr", 3 0, o000001b9f543afd8;  0 drivers
v000001b9f5402ef0_0 .net "Radder", 2 0, L_000001b9f5482700;  1 drivers
v000001b9f537bd60_0 .var "Rbin_current", 3 0;
v000001b9f537be00_0 .var "Rbin_next", 3 0;
o000001b9f543b098 .functor BUFZ 1, C4<z>; HiZ drive
v000001b9f537bea0_0 .net "Rclk", 0 0, o000001b9f543b098;  0 drivers
v000001b9f537bf40_0 .var "Rempty", 0 0;
v000001b9f5481850_0 .var "Rempty_flag", 0 0;
v000001b9f54818f0_0 .var "Rgray_next", 3 0;
o000001b9f543b158 .functor BUFZ 1, C4<z>; HiZ drive
v000001b9f5481990_0 .net "Rinc", 0 0, o000001b9f543b158;  0 drivers
v000001b9f5481a30_0 .var "Rptr", 3 0;
o000001b9f543b1b8 .functor BUFZ 1, C4<z>; HiZ drive
v000001b9f5481ad0_0 .net "Rrst", 0 0, o000001b9f543b1b8;  0 drivers
v000001b9f5481b70_0 .var "Wptr_sync1", 3 0;
v000001b9f54822a0_0 .var "Wptr_sync2", 3 0;
E_000001b9f54389c0/0 .event negedge, v000001b9f5481ad0_0;
E_000001b9f54389c0/1 .event posedge, v000001b9f537bea0_0;
E_000001b9f54389c0 .event/or E_000001b9f54389c0/0, E_000001b9f54389c0/1;
E_000001b9f5438780 .event posedge, v000001b9f537bea0_0;
E_000001b9f5438a80 .event anyedge, v000001b9f537bd60_0, v000001b9f5481990_0, v000001b9f537bf40_0, v000001b9f537be00_0;
L_000001b9f5482700 .part v000001b9f537bd60_0, 0, 3;
    .scope S_000001b9f537b850;
T_0 ;
    %wait E_000001b9f5438a80;
    %load/vec4 v000001b9f537bd60_0;
    %load/vec4 v000001b9f5481990_0;
    %pad/u 4;
    %load/vec4 v000001b9f537bf40_0;
    %pad/u 4;
    %inv;
    %and;
    %add;
    %store/vec4 v000001b9f537be00_0, 0, 4;
    %load/vec4 v000001b9f537be00_0;
    %ix/load 4, 1, 0;
    %flag_set/imm 4, 0;
    %shiftr 4;
    %load/vec4 v000001b9f537be00_0;
    %xor;
    %store/vec4 v000001b9f54818f0_0, 0, 4;
    %jmp T_0;
    .thread T_0, $push;
    .scope S_000001b9f537b850;
T_1 ;
    %wait E_000001b9f54389c0;
    %load/vec4 v000001b9f5481ad0_0;
    %nor/r;
    %flag_set/vec4 8;
    %jmp/0xz  T_1.0, 8;
    %pushi/vec4 0, 0, 4;
    %assign/vec4 v000001b9f537bd60_0, 0;
    %pushi/vec4 0, 0, 4;
    %assign/vec4 v000001b9f5481a30_0, 0;
    %jmp T_1.1;
T_1.0 ;
    %load/vec4 v000001b9f537be00_0;
    %assign/vec4 v000001b9f537bd60_0, 0;
    %load/vec4 v000001b9f54818f0_0;
    %assign/vec4 v000001b9f5481a30_0, 0;
T_1.1 ;
    %jmp T_1;
    .thread T_1;
    .scope S_000001b9f537b850;
T_2 ;
    %wait E_000001b9f5438780;
    %load/vec4 v000001b9f537bcc0_0;
    %assign/vec4 v000001b9f5481b70_0, 0;
    %load/vec4 v000001b9f5481b70_0;
    %assign/vec4 v000001b9f54822a0_0, 0;
    %jmp T_2;
    .thread T_2;
    .scope S_000001b9f537b850;
T_3 ;
    %wait E_000001b9f54389c0;
    %load/vec4 v000001b9f5481ad0_0;
    %nor/r;
    %flag_set/vec4 8;
    %jmp/0xz  T_3.0, 8;
    %pushi/vec4 1, 0, 1;
    %assign/vec4 v000001b9f537bf40_0, 0;
    %pushi/vec4 1, 0, 1;
    %assign/vec4 v000001b9f5481850_0, 0;
    %jmp T_3.1;
T_3.0 ;
    %load/vec4 v000001b9f54818f0_0;
    %load/vec4 v000001b9f54822a0_0;
    %cmp/e;
    %flag_get/vec4 4;
    %assign/vec4 v000001b9f537bf40_0, 0;
    %load/vec4 v000001b9f54818f0_0;
    %load/vec4 v000001b9f54822a0_0;
    %cmp/e;
    %flag_get/vec4 4;
    %assign/vec4 v000001b9f5481850_0, 0;
T_3.1 ;
    %jmp T_3;
    .thread T_3;
# The file index is used to find the file name in the following table.
:file_names 3;
    "N/A";
    "<interactive>";
    "FIFO_rptr_rempty_tb.v";
