#! /c/Source/iverilog-install/bin/vvp
:ivl_version "12.0 (devel)" "(s20150603-1539-g2693dd32b)";
:ivl_delay_selection "TYPICAL";
:vpi_time_precision + 0;
:vpi_module "C:\iverilog\lib\ivl\system.vpi";
:vpi_module "C:\iverilog\lib\ivl\vhdl_sys.vpi";
:vpi_module "C:\iverilog\lib\ivl\vhdl_textio.vpi";
:vpi_module "C:\iverilog\lib\ivl\v2005_math.vpi";
:vpi_module "C:\iverilog\lib\ivl\va_math.vpi";
S_00000173c7afb420 .scope module, "FIFO_wprt_wfull" "FIFO_wprt_wfull" 2 1;
 .timescale 0 0;
    .port_info 0 /INPUT 1 "Wrst";
    .port_info 1 /INPUT 1 "Winc";
    .port_info 2 /INPUT 1 "Wclk";
    .port_info 3 /INPUT 4 "Wq2_rptr";
    .port_info 4 /OUTPUT 3 "Wadder";
    .port_info 5 /OUTPUT 4 "Wptr";
    .port_info 6 /OUTPUT 1 "Wfull";
P_00000173c79f9130 .param/l "Address_width" 0 2 2, +C4<00000000000000000000000000000011>;
L_00000173c79c3320 .functor BUFZ 3, v00000173c79f2e10_0, C4<000>, C4<000>, C4<000>;
v00000173c79c2b30_0 .net "Wadder", 2 0, L_00000173c79c3320;  1 drivers
v00000173c79f2e10_0 .var "Wadder_binary_current", 2 0;
v00000173c79f2eb0_0 .var "Wadder_binary_next", 2 0;
v00000173c79f2f50_0 .var "Wadder_gray_next", 2 0;
o00000173c79fb058 .functor BUFZ 1, C4<z>; HiZ drive
v00000173c79f2ff0_0 .net "Wclk", 0 0, o00000173c79fb058;  0 drivers
v00000173c79f3090_0 .var "Wfull", 0 0;
o00000173c79fb0b8 .functor BUFZ 1, C4<z>; HiZ drive
v00000173c79f3130_0 .net "Winc", 0 0, o00000173c79fb0b8;  0 drivers
v00000173c79f31d0_0 .var "Wptr", 3 0;
o00000173c79fb118 .functor BUFZ 4, C4<zzzz>; HiZ drive
v00000173c79f3270_0 .net "Wq2_rptr", 3 0, o00000173c79fb118;  0 drivers
o00000173c79fb148 .functor BUFZ 1, C4<z>; HiZ drive
v00000173c79f3310_0 .net "Wrst", 0 0, o00000173c79fb148;  0 drivers
E_00000173c79f9170/0 .event negedge, v00000173c79f3310_0;
E_00000173c79f9170/1 .event posedge, v00000173c79f2ff0_0;
E_00000173c79f9170 .event/or E_00000173c79f9170/0, E_00000173c79f9170/1;
E_00000173c79f9570 .event anyedge, v00000173c79f2e10_0, v00000173c79f3130_0, v00000173c79f3090_0, v00000173c79f2eb0_0;
    .scope S_00000173c7afb420;
T_0 ;
    %wait E_00000173c79f9570;
    %load/vec4 v00000173c79f2e10_0;
    %load/vec4 v00000173c79f3130_0;
    %pad/u 3;
    %load/vec4 v00000173c79f3090_0;
    %pad/u 3;
    %inv;
    %and;
    %add;
    %store/vec4 v00000173c79f2eb0_0, 0, 3;
    %load/vec4 v00000173c79f2eb0_0;
    %ix/load 4, 1, 0;
    %flag_set/imm 4, 0;
    %shiftr 4;
    %load/vec4 v00000173c79f2eb0_0;
    %xor;
    %store/vec4 v00000173c79f2f50_0, 0, 3;
    %jmp T_0;
    .thread T_0, $push;
    .scope S_00000173c7afb420;
T_1 ;
    %wait E_00000173c79f9170;
    %load/vec4 v00000173c79f3310_0;
    %nor/r;
    %flag_set/vec4 8;
    %jmp/0xz  T_1.0, 8;
    %pushi/vec4 0, 0, 3;
    %assign/vec4 v00000173c79f2e10_0, 0;
    %pushi/vec4 0, 0, 4;
    %assign/vec4 v00000173c79f31d0_0, 0;
    %jmp T_1.1;
T_1.0 ;
    %load/vec4 v00000173c79f2eb0_0;
    %assign/vec4 v00000173c79f2e10_0, 0;
    %load/vec4 v00000173c79f2f50_0;
    %pad/u 4;
    %assign/vec4 v00000173c79f31d0_0, 0;
T_1.1 ;
    %jmp T_1;
    .thread T_1;
    .scope S_00000173c7afb420;
T_2 ;
    %wait E_00000173c79f9170;
    %load/vec4 v00000173c79f3310_0;
    %nor/r;
    %flag_set/vec4 8;
    %jmp/0xz  T_2.0, 8;
    %pushi/vec4 0, 0, 1;
    %assign/vec4 v00000173c79f3090_0, 0;
    %jmp T_2.1;
T_2.0 ;
    %load/vec4 v00000173c79f3270_0;
    %parti/s 1, 3, 3;
    %cmpi/ne 1, 1, 1;
    %flag_get/vec4 4;
    %jmp/0 T_2.3, 4;
    %load/vec4 v00000173c79f2f50_0;
    %parti/s 1, 2, 3;
    %load/vec4 v00000173c79f3270_0;
    %parti/s 1, 2, 3;
    %cmp/ne;
    %flag_get/vec4 4;
    %and;
T_2.3;
    %flag_set/vec4 8;
    %flag_get/vec4 8;
    %jmp/0 T_2.2, 8;
    %load/vec4 v00000173c79f2f50_0;
    %parti/s 2, 0, 2;
    %load/vec4 v00000173c79f3270_0;
    %parti/s 2, 0, 2;
    %cmp/e;
    %flag_get/vec4 4;
    %and;
T_2.2;
    %assign/vec4 v00000173c79f3090_0, 0;
T_2.1 ;
    %jmp T_2;
    .thread T_2;
# The file index is used to find the file name in the following table.
:file_names 3;
    "N/A";
    "<interactive>";
    "FIFO_wprt_wfull.v";
