#! /c/Source/iverilog-install/bin/vvp
:ivl_version "12.0 (devel)" "(s20150603-1539-g2693dd32b)";
:ivl_delay_selection "TYPICAL";
:vpi_time_precision + 0;
:vpi_module "C:\iverilog\lib\ivl\system.vpi";
:vpi_module "C:\iverilog\lib\ivl\vhdl_sys.vpi";
:vpi_module "C:\iverilog\lib\ivl\vhdl_textio.vpi";
:vpi_module "C:\iverilog\lib\ivl\v2005_math.vpi";
:vpi_module "C:\iverilog\lib\ivl\va_math.vpi";
S_0000027aa1992c40 .scope module, "Door" "Door" 2 1;
 .timescale 0 0;
    .port_info 0 /INPUT 1 "UP_Max";
    .port_info 1 /INPUT 1 "Activate";
    .port_info 2 /INPUT 1 "DN_Max";
    .port_info 3 /INPUT 1 "CLK";
    .port_info 4 /INPUT 1 "RST";
    .port_info 5 /OUTPUT 1 "UP_M";
    .port_info 6 /OUTPUT 1 "DN_M";
P_0000027aa1992dd0 .param/l "IDLE" 1 2 14, C4<00>;
P_0000027aa1992e08 .param/l "MV_Dn" 1 2 16, C4<11>;
P_0000027aa1992e40 .param/l "MV_Up" 1 2 15, C4<01>;
o0000027aa19cafd8 .functor BUFZ 1, C4<z>; HiZ drive
v0000027aa1992e80_0 .net "Activate", 0 0, o0000027aa19cafd8;  0 drivers
o0000027aa19cb008 .functor BUFZ 1, C4<z>; HiZ drive
v0000027aa1aabe50_0 .net "CLK", 0 0, o0000027aa19cb008;  0 drivers
v0000027aa1aabef0_0 .var "Current_state", 1 0;
v0000027aa19c4990_0 .var "DN_M", 0 0;
o0000027aa19cb098 .functor BUFZ 1, C4<z>; HiZ drive
v0000027aa19c4a30_0 .net "DN_Max", 0 0, o0000027aa19cb098;  0 drivers
v0000027aa19c4ad0_0 .var "Next_state", 1 0;
o0000027aa19cb0f8 .functor BUFZ 1, C4<z>; HiZ drive
v0000027aa19c4b70_0 .net "RST", 0 0, o0000027aa19cb0f8;  0 drivers
v0000027aa19c4c10_0 .var "UP_M", 0 0;
o0000027aa19cb158 .functor BUFZ 1, C4<z>; HiZ drive
v0000027aa1a0d840_0 .net "UP_Max", 0 0, o0000027aa19cb158;  0 drivers
E_0000027aa1aa8dd0 .event anyedge, v0000027aa1aabef0_0;
E_0000027aa1aa8950 .event anyedge, v0000027aa1aabef0_0, v0000027aa1992e80_0, v0000027aa1a0d840_0, v0000027aa19c4a30_0;
E_0000027aa1aa8990/0 .event negedge, v0000027aa19c4b70_0;
E_0000027aa1aa8990/1 .event posedge, v0000027aa1aabe50_0;
E_0000027aa1aa8990 .event/or E_0000027aa1aa8990/0, E_0000027aa1aa8990/1;
    .scope S_0000027aa1992c40;
T_0 ;
    %wait E_0000027aa1aa8990;
    %load/vec4 v0000027aa19c4b70_0;
    %nor/r;
    %flag_set/vec4 8;
    %jmp/0xz  T_0.0, 8;
    %pushi/vec4 0, 0, 2;
    %assign/vec4 v0000027aa1aabef0_0, 0;
    %jmp T_0.1;
T_0.0 ;
    %load/vec4 v0000027aa19c4ad0_0;
    %assign/vec4 v0000027aa1aabef0_0, 0;
T_0.1 ;
    %jmp T_0;
    .thread T_0;
    .scope S_0000027aa1992c40;
T_1 ;
    %wait E_0000027aa1aa8950;
    %load/vec4 v0000027aa1aabef0_0;
    %dup/vec4;
    %pushi/vec4 0, 0, 2;
    %cmp/u;
    %jmp/1 T_1.0, 6;
    %dup/vec4;
    %pushi/vec4 1, 0, 2;
    %cmp/u;
    %jmp/1 T_1.1, 6;
    %dup/vec4;
    %pushi/vec4 3, 0, 2;
    %cmp/u;
    %jmp/1 T_1.2, 6;
    %pushi/vec4 0, 0, 2;
    %store/vec4 v0000027aa19c4ad0_0, 0, 2;
    %jmp T_1.4;
T_1.0 ;
    %load/vec4 v0000027aa1992e80_0;
    %nor/r;
    %flag_set/vec4 8;
    %jmp/0xz  T_1.5, 8;
    %pushi/vec4 0, 0, 2;
    %store/vec4 v0000027aa19c4ad0_0, 0, 2;
    %jmp T_1.6;
T_1.5 ;
    %load/vec4 v0000027aa1a0d840_0;
    %nor/r;
    %flag_set/vec4 8;
    %jmp/0xz  T_1.7, 8;
    %pushi/vec4 1, 0, 2;
    %store/vec4 v0000027aa19c4ad0_0, 0, 2;
    %jmp T_1.8;
T_1.7 ;
    %load/vec4 v0000027aa19c4a30_0;
    %nor/r;
    %flag_set/vec4 8;
    %jmp/0xz  T_1.9, 8;
    %pushi/vec4 3, 0, 2;
    %store/vec4 v0000027aa19c4ad0_0, 0, 2;
    %jmp T_1.10;
T_1.9 ;
    %pushi/vec4 0, 0, 2;
    %store/vec4 v0000027aa19c4ad0_0, 0, 2;
T_1.10 ;
T_1.8 ;
T_1.6 ;
    %jmp T_1.4;
T_1.1 ;
    %load/vec4 v0000027aa1a0d840_0;
    %flag_set/vec4 8;
    %jmp/0xz  T_1.11, 8;
    %pushi/vec4 0, 0, 2;
    %store/vec4 v0000027aa19c4ad0_0, 0, 2;
    %jmp T_1.12;
T_1.11 ;
    %pushi/vec4 1, 0, 2;
    %store/vec4 v0000027aa19c4ad0_0, 0, 2;
T_1.12 ;
    %jmp T_1.4;
T_1.2 ;
    %load/vec4 v0000027aa19c4a30_0;
    %flag_set/vec4 8;
    %jmp/0xz  T_1.13, 8;
    %pushi/vec4 0, 0, 2;
    %store/vec4 v0000027aa19c4ad0_0, 0, 2;
    %jmp T_1.14;
T_1.13 ;
    %pushi/vec4 3, 0, 2;
    %store/vec4 v0000027aa19c4ad0_0, 0, 2;
T_1.14 ;
    %jmp T_1.4;
T_1.4 ;
    %pop/vec4 1;
    %jmp T_1;
    .thread T_1, $push;
    .scope S_0000027aa1992c40;
T_2 ;
    %wait E_0000027aa1aa8dd0;
    %load/vec4 v0000027aa1aabef0_0;
    %dup/vec4;
    %pushi/vec4 0, 0, 2;
    %cmp/u;
    %jmp/1 T_2.0, 6;
    %dup/vec4;
    %pushi/vec4 1, 0, 2;
    %cmp/u;
    %jmp/1 T_2.1, 6;
    %dup/vec4;
    %pushi/vec4 3, 0, 2;
    %cmp/u;
    %jmp/1 T_2.2, 6;
    %pushi/vec4 0, 0, 1;
    %store/vec4 v0000027aa19c4c10_0, 0, 1;
    %pushi/vec4 0, 0, 1;
    %store/vec4 v0000027aa19c4990_0, 0, 1;
    %jmp T_2.4;
T_2.0 ;
    %pushi/vec4 0, 0, 1;
    %store/vec4 v0000027aa19c4c10_0, 0, 1;
    %pushi/vec4 0, 0, 1;
    %store/vec4 v0000027aa19c4990_0, 0, 1;
    %jmp T_2.4;
T_2.1 ;
    %pushi/vec4 1, 0, 1;
    %store/vec4 v0000027aa19c4c10_0, 0, 1;
    %pushi/vec4 0, 0, 1;
    %store/vec4 v0000027aa19c4990_0, 0, 1;
    %jmp T_2.4;
T_2.2 ;
    %pushi/vec4 0, 0, 1;
    %store/vec4 v0000027aa19c4c10_0, 0, 1;
    %pushi/vec4 1, 0, 1;
    %store/vec4 v0000027aa19c4990_0, 0, 1;
    %jmp T_2.4;
T_2.4 ;
    %pop/vec4 1;
    %jmp T_2;
    .thread T_2, $push;
# The file index is used to find the file name in the following table.
:file_names 3;
    "N/A";
    "<interactive>";
    "Door.v";
