#! /c/Source/iverilog-install/bin/vvp
:ivl_version "12.0 (devel)" "(s20150603-1539-g2693dd32b)";
:ivl_delay_selection "TYPICAL";
:vpi_time_precision - 12;
:vpi_module "C:\iverilog\lib\ivl\system.vpi";
:vpi_module "C:\iverilog\lib\ivl\vhdl_sys.vpi";
:vpi_module "C:\iverilog\lib\ivl\vhdl_textio.vpi";
:vpi_module "C:\iverilog\lib\ivl\v2005_math.vpi";
:vpi_module "C:\iverilog\lib\ivl\va_math.vpi";
S_0000024993f27080 .scope module, "Door_tb" "Door_tb" 2 3;
 .timescale -9 -12;
P_0000024993f2ad00 .param/l "Clock_period" 0 2 6, C4<00000000000000000000000000010100>;
v0000024993f95160_0 .var "Activate_tb", 0 0;
v0000024993f95200_0 .var "CLK_tb", 0 0;
v0000024993f336b0_0 .net "DN_M_tb", 0 0, v0000024993f02cb0_0;  1 drivers
v0000024993f34010_0 .var "DN_Max_tb", 0 0;
v0000024993f340b0_0 .var "RST_tb", 0 0;
v0000024993f334d0_0 .net "UP_M_tb", 0 0, v0000024993f02f30_0;  1 drivers
v0000024993f33570_0 .var "UP_Max_tb", 0 0;
v0000024993f33430_0 .var "direction", 0 0;
S_0000024993ee9590 .scope module, "DUT" "Door" 2 121, 3 1 0, S_0000024993f27080;
 .timescale -9 -12;
    .port_info 0 /INPUT 1 "UP_Max";
    .port_info 1 /INPUT 1 "Activate";
    .port_info 2 /INPUT 1 "DN_Max";
    .port_info 3 /INPUT 1 "CLK";
    .port_info 4 /INPUT 1 "RST";
    .port_info 5 /OUTPUT 1 "UP_M";
    .port_info 6 /OUTPUT 1 "DN_M";
P_0000024993ee9720 .param/l "IDLE" 1 3 14, C4<00>;
P_0000024993ee9758 .param/l "MV_Dn" 1 3 16, C4<11>;
P_0000024993ee9790 .param/l "MV_Up" 1 3 15, C4<01>;
v0000024993f25260_0 .net "Activate", 0 0, v0000024993f95160_0;  1 drivers
v0000024993f02b70_0 .net "CLK", 0 0, v0000024993f95200_0;  1 drivers
v0000024993f02c10_0 .var "Current_state", 1 0;
v0000024993f02cb0_0 .var "DN_M", 0 0;
v0000024993f02d50_0 .net "DN_Max", 0 0, v0000024993f34010_0;  1 drivers
v0000024993f02df0_0 .var "Next_state", 1 0;
v0000024993f02e90_0 .net "RST", 0 0, v0000024993f340b0_0;  1 drivers
v0000024993f02f30_0 .var "UP_M", 0 0;
v0000024993f94850_0 .net "UP_Max", 0 0, v0000024993f33570_0;  1 drivers
E_0000024993f2a6c0 .event anyedge, v0000024993f02c10_0;
E_0000024993f2a880 .event anyedge, v0000024993f02c10_0, v0000024993f25260_0, v0000024993f94850_0, v0000024993f02d50_0;
E_0000024993f2a8c0/0 .event negedge, v0000024993f02e90_0;
E_0000024993f2a8c0/1 .event posedge, v0000024993f02b70_0;
E_0000024993f2a8c0 .event/or E_0000024993f2a8c0/0, E_0000024993f2a8c0/1;
S_0000024993f948f0 .scope task, "check_output" "check_output" 2 99, 2 99 0, S_0000024993f27080;
 .timescale -9 -12;
v0000024993f94a80_0 .var "expected", 0 0;
TD_Door_tb.check_output ;
    %load/vec4 v0000024993f94a80_0;
    %flag_set/vec4 8;
    %jmp/0xz  T_0.0, 8;
    %load/vec4 v0000024993f33570_0;
    %flag_set/vec4 9;
    %flag_get/vec4 9;
    %jmp/0 T_0.4, 9;
    %load/vec4 v0000024993f34010_0;
    %nor/r;
    %and;
T_0.4;
    %flag_set/vec4 8;
    %jmp/0xz  T_0.2, 8;
    %vpi_call 2 104 "$display", "The door has fully opened successfully" {0 0 0};
    %jmp T_0.3;
T_0.2 ;
    %vpi_call 2 106 "$display", "The door was expected to be opened but there is a problem" {0 0 0};
T_0.3 ;
T_0.0 ;
    %load/vec4 v0000024993f94a80_0;
    %nor/r;
    %flag_set/vec4 8;
    %jmp/0xz  T_0.5, 8;
    %load/vec4 v0000024993f33570_0;
    %nor/r;
    %flag_set/vec4 9;
    %flag_get/vec4 9;
    %jmp/0 T_0.9, 9;
    %load/vec4 v0000024993f34010_0;
    %and;
T_0.9;
    %flag_set/vec4 8;
    %jmp/0xz  T_0.7, 8;
    %vpi_call 2 112 "$display", "The door has fully closed successfully" {0 0 0};
    %jmp T_0.8;
T_0.7 ;
    %vpi_call 2 114 "$display", "The door was expected to be closed but there is a problem" {0 0 0};
T_0.8 ;
T_0.5 ;
    %end;
S_0000024993f94b20 .scope task, "close_the_door" "close_the_door" 2 86, 2 86 0, S_0000024993f27080;
 .timescale -9 -12;
E_0000024993f2b080 .event posedge, v0000024993f02b70_0;
TD_Door_tb.close_the_door ;
    %pushi/vec4 1, 0, 1;
    %store/vec4 v0000024993f95160_0, 0, 1;
    %pushi/vec4 0, 0, 1;
    %store/vec4 v0000024993f33570_0, 0, 1;
    %wait E_0000024993f2b080;
    %pushi/vec4 0, 0, 1;
    %store/vec4 v0000024993f95160_0, 0, 1;
    %delay 200000, 0;
    %pushi/vec4 1, 0, 1;
    %store/vec4 v0000024993f34010_0, 0, 1;
    %pushi/vec4 0, 0, 1;
    %store/vec4 v0000024993f33430_0, 0, 1;
    %end;
S_0000024993f94cb0 .scope task, "initialize" "initialize" 2 55, 2 55 0, S_0000024993f27080;
 .timescale -9 -12;
TD_Door_tb.initialize ;
    %pushi/vec4 0, 0, 1;
    %store/vec4 v0000024993f33570_0, 0, 1;
    %pushi/vec4 0, 0, 1;
    %store/vec4 v0000024993f95160_0, 0, 1;
    %pushi/vec4 0, 0, 1;
    %store/vec4 v0000024993f34010_0, 0, 1;
    %end;
S_0000024993f94e40 .scope task, "open_the_door" "open_the_door" 2 73, 2 73 0, S_0000024993f27080;
 .timescale -9 -12;
TD_Door_tb.open_the_door ;
    %pushi/vec4 1, 0, 1;
    %store/vec4 v0000024993f95160_0, 0, 1;
    %pushi/vec4 0, 0, 1;
    %store/vec4 v0000024993f34010_0, 0, 1;
    %wait E_0000024993f2b080;
    %pushi/vec4 0, 0, 1;
    %store/vec4 v0000024993f95160_0, 0, 1;
    %delay 200000, 0;
    %pushi/vec4 1, 0, 1;
    %store/vec4 v0000024993f33570_0, 0, 1;
    %pushi/vec4 1, 0, 1;
    %store/vec4 v0000024993f33430_0, 0, 1;
    %end;
S_0000024993f94fd0 .scope task, "reset" "reset" 2 63, 2 63 0, S_0000024993f27080;
 .timescale -9 -12;
TD_Door_tb.reset ;
    %pushi/vec4 1, 0, 1;
    %store/vec4 v0000024993f340b0_0, 0, 1;
    %delay 20000, 0;
    %pushi/vec4 0, 0, 1;
    %store/vec4 v0000024993f340b0_0, 0, 1;
    %delay 20000, 0;
    %pushi/vec4 1, 0, 1;
    %store/vec4 v0000024993f340b0_0, 0, 1;
    %end;
    .scope S_0000024993ee9590;
T_5 ;
    %wait E_0000024993f2a8c0;
    %load/vec4 v0000024993f02e90_0;
    %nor/r;
    %flag_set/vec4 8;
    %jmp/0xz  T_5.0, 8;
    %pushi/vec4 0, 0, 2;
    %assign/vec4 v0000024993f02c10_0, 0;
    %jmp T_5.1;
T_5.0 ;
    %load/vec4 v0000024993f02df0_0;
    %assign/vec4 v0000024993f02c10_0, 0;
T_5.1 ;
    %jmp T_5;
    .thread T_5;
    .scope S_0000024993ee9590;
T_6 ;
    %wait E_0000024993f2a880;
    %load/vec4 v0000024993f02c10_0;
    %dup/vec4;
    %pushi/vec4 0, 0, 2;
    %cmp/u;
    %jmp/1 T_6.0, 6;
    %dup/vec4;
    %pushi/vec4 1, 0, 2;
    %cmp/u;
    %jmp/1 T_6.1, 6;
    %dup/vec4;
    %pushi/vec4 3, 0, 2;
    %cmp/u;
    %jmp/1 T_6.2, 6;
    %pushi/vec4 0, 0, 2;
    %store/vec4 v0000024993f02df0_0, 0, 2;
    %jmp T_6.4;
T_6.0 ;
    %load/vec4 v0000024993f25260_0;
    %nor/r;
    %flag_set/vec4 8;
    %jmp/0xz  T_6.5, 8;
    %pushi/vec4 0, 0, 2;
    %store/vec4 v0000024993f02df0_0, 0, 2;
    %jmp T_6.6;
T_6.5 ;
    %load/vec4 v0000024993f94850_0;
    %nor/r;
    %flag_set/vec4 8;
    %jmp/0xz  T_6.7, 8;
    %pushi/vec4 1, 0, 2;
    %store/vec4 v0000024993f02df0_0, 0, 2;
    %jmp T_6.8;
T_6.7 ;
    %load/vec4 v0000024993f02d50_0;
    %nor/r;
    %flag_set/vec4 8;
    %jmp/0xz  T_6.9, 8;
    %pushi/vec4 3, 0, 2;
    %store/vec4 v0000024993f02df0_0, 0, 2;
    %jmp T_6.10;
T_6.9 ;
    %pushi/vec4 0, 0, 2;
    %store/vec4 v0000024993f02df0_0, 0, 2;
T_6.10 ;
T_6.8 ;
T_6.6 ;
    %jmp T_6.4;
T_6.1 ;
    %load/vec4 v0000024993f94850_0;
    %flag_set/vec4 8;
    %jmp/0xz  T_6.11, 8;
    %pushi/vec4 0, 0, 2;
    %store/vec4 v0000024993f02df0_0, 0, 2;
    %jmp T_6.12;
T_6.11 ;
    %pushi/vec4 1, 0, 2;
    %store/vec4 v0000024993f02df0_0, 0, 2;
T_6.12 ;
    %jmp T_6.4;
T_6.2 ;
    %load/vec4 v0000024993f02d50_0;
    %flag_set/vec4 8;
    %jmp/0xz  T_6.13, 8;
    %pushi/vec4 0, 0, 2;
    %store/vec4 v0000024993f02df0_0, 0, 2;
    %jmp T_6.14;
T_6.13 ;
    %pushi/vec4 3, 0, 2;
    %store/vec4 v0000024993f02df0_0, 0, 2;
T_6.14 ;
    %jmp T_6.4;
T_6.4 ;
    %pop/vec4 1;
    %jmp T_6;
    .thread T_6, $push;
    .scope S_0000024993ee9590;
T_7 ;
    %wait E_0000024993f2a6c0;
    %load/vec4 v0000024993f02c10_0;
    %dup/vec4;
    %pushi/vec4 0, 0, 2;
    %cmp/u;
    %jmp/1 T_7.0, 6;
    %dup/vec4;
    %pushi/vec4 1, 0, 2;
    %cmp/u;
    %jmp/1 T_7.1, 6;
    %dup/vec4;
    %pushi/vec4 3, 0, 2;
    %cmp/u;
    %jmp/1 T_7.2, 6;
    %pushi/vec4 0, 0, 1;
    %store/vec4 v0000024993f02f30_0, 0, 1;
    %pushi/vec4 0, 0, 1;
    %store/vec4 v0000024993f02cb0_0, 0, 1;
    %jmp T_7.4;
T_7.0 ;
    %pushi/vec4 0, 0, 1;
    %store/vec4 v0000024993f02f30_0, 0, 1;
    %pushi/vec4 0, 0, 1;
    %store/vec4 v0000024993f02cb0_0, 0, 1;
    %jmp T_7.4;
T_7.1 ;
    %pushi/vec4 1, 0, 1;
    %store/vec4 v0000024993f02f30_0, 0, 1;
    %pushi/vec4 0, 0, 1;
    %store/vec4 v0000024993f02cb0_0, 0, 1;
    %jmp T_7.4;
T_7.2 ;
    %pushi/vec4 0, 0, 1;
    %store/vec4 v0000024993f02f30_0, 0, 1;
    %pushi/vec4 1, 0, 1;
    %store/vec4 v0000024993f02cb0_0, 0, 1;
    %jmp T_7.4;
T_7.4 ;
    %pop/vec4 1;
    %jmp T_7;
    .thread T_7, $push;
    .scope S_0000024993f27080;
T_8 ;
    %pushi/vec4 0, 0, 1;
    %store/vec4 v0000024993f95200_0, 0, 1;
    %delay 20000, 0;
    %pushi/vec4 1, 0, 1;
    %store/vec4 v0000024993f95200_0, 0, 1;
    %delay 20000, 0;
    %jmp T_8;
    .thread T_8;
    .scope S_0000024993f27080;
T_9 ;
    %vpi_call 2 36 "$dumpfile", "Door.vcd" {0 0 0};
    %vpi_call 2 37 "$dumpvars" {0 0 0};
    %fork TD_Door_tb.initialize, S_0000024993f94cb0;
    %join;
    %fork TD_Door_tb.reset, S_0000024993f94fd0;
    %join;
    %fork TD_Door_tb.open_the_door, S_0000024993f94e40;
    %join;
    %delay 20000, 0;
    %load/vec4 v0000024993f33430_0;
    %store/vec4 v0000024993f94a80_0, 0, 1;
    %fork TD_Door_tb.check_output, S_0000024993f948f0;
    %join;
    %delay 20000, 0;
    %fork TD_Door_tb.close_the_door, S_0000024993f94b20;
    %join;
    %load/vec4 v0000024993f33430_0;
    %store/vec4 v0000024993f94a80_0, 0, 1;
    %fork TD_Door_tb.check_output, S_0000024993f948f0;
    %join;
    %vpi_call 2 52 "$finish" {0 0 0};
    %end;
    .thread T_9;
# The file index is used to find the file name in the following table.
:file_names 4;
    "N/A";
    "<interactive>";
    "Door_tb.v";
    "./Door.v";
