#! /c/Source/iverilog-install/bin/vvp
:ivl_version "12.0 (devel)" "(s20150603-1539-g2693dd32b)";
:ivl_delay_selection "TYPICAL";
:vpi_time_precision + 0;
:vpi_module "C:\iverilog\lib\ivl\system.vpi";
:vpi_module "C:\iverilog\lib\ivl\vhdl_sys.vpi";
:vpi_module "C:\iverilog\lib\ivl\vhdl_textio.vpi";
:vpi_module "C:\iverilog\lib\ivl\v2005_math.vpi";
:vpi_module "C:\iverilog\lib\ivl\va_math.vpi";
S_0000022a0eab2c40 .scope module, "ARITHMATIC_UNIT" "ARITHMATIC_UNIT" 2 1;
 .timescale 0 0;
    .port_info 0 /INPUT 8 "A";
    .port_info 1 /INPUT 8 "B";
    .port_info 2 /INPUT 2 "ALU_FUN";
    .port_info 3 /INPUT 1 "CLK";
    .port_info 4 /INPUT 1 "RST";
    .port_info 5 /INPUT 1 "Arith_Enable";
    .port_info 6 /OUTPUT 8 "Arith_OUT";
    .port_info 7 /OUTPUT 1 "Arith_Flag";
P_0000022a0eab2dd0 .param/l "ADD" 1 2 19, C4<00>;
P_0000022a0eab2e08 .param/l "DIV" 1 2 22, C4<11>;
P_0000022a0eab2e40 .param/l "Input_data_width" 0 2 2, C4<00000000000000000000000000001000>;
P_0000022a0eab2e78 .param/l "MUL" 1 2 21, C4<10>;
P_0000022a0eab2eb0 .param/l "Output_data_width" 0 2 2, C4<00000000000000000000000000001000>;
P_0000022a0eab2ee8 .param/l "SUB" 1 2 20, C4<01>;
o0000022a0eaeaf68 .functor BUFZ 8, C4<zzzzzzzz>; HiZ drive
v0000022a0eab2f30_0 .net/s "A", 7 0, o0000022a0eaeaf68;  0 drivers
o0000022a0eaeaf98 .functor BUFZ 2, C4<zz>; HiZ drive
v0000022a0eab3120_0 .net "ALU_FUN", 1 0, o0000022a0eaeaf98;  0 drivers
o0000022a0eaeafc8 .functor BUFZ 1, C4<z>; HiZ drive
v0000022a0ea9bc10_0 .net "Arith_Enable", 0 0, o0000022a0eaeafc8;  0 drivers
v0000022a0ea9bcb0_0 .var "Arith_Flag", 0 0;
v0000022a0ea9bd50_0 .var/s "Arith_OUT", 7 0;
o0000022a0eaeb058 .functor BUFZ 8, C4<zzzzzzzz>; HiZ drive
v0000022a0ea9bdf0_0 .net/s "B", 7 0, o0000022a0eaeb058;  0 drivers
o0000022a0eaeb088 .functor BUFZ 1, C4<z>; HiZ drive
v0000022a0ea9be90_0 .net "CLK", 0 0, o0000022a0eaeb088;  0 drivers
o0000022a0eaeb0b8 .functor BUFZ 1, C4<z>; HiZ drive
v0000022a0ea9bf30_0 .net "RST", 0 0, o0000022a0eaeb0b8;  0 drivers
v0000022a0eae29a0_0 .var/s "x", 7 0;
E_0000022a0eae8550/0 .event negedge, v0000022a0ea9bf30_0;
E_0000022a0eae8550/1 .event posedge, v0000022a0ea9be90_0;
E_0000022a0eae8550 .event/or E_0000022a0eae8550/0, E_0000022a0eae8550/1;
    .scope S_0000022a0eab2c40;
T_0 ;
    %wait E_0000022a0eae8550;
    %load/vec4 v0000022a0ea9bf30_0;
    %nor/r;
    %flag_set/vec4 8;
    %jmp/0xz  T_0.0, 8;
    %pushi/vec4 0, 0, 8;
    %assign/vec4 v0000022a0ea9bd50_0, 0;
    %pushi/vec4 0, 0, 1;
    %assign/vec4 v0000022a0ea9bcb0_0, 0;
    %pushi/vec4 0, 0, 8;
    %assign/vec4 v0000022a0eae29a0_0, 0;
    %jmp T_0.1;
T_0.0 ;
    %load/vec4 v0000022a0ea9bc10_0;
    %flag_set/vec4 8;
    %jmp/0xz  T_0.2, 8;
    %load/vec4 v0000022a0eab3120_0;
    %dup/vec4;
    %pushi/vec4 0, 0, 2;
    %cmp/u;
    %jmp/1 T_0.4, 6;
    %dup/vec4;
    %pushi/vec4 1, 0, 2;
    %cmp/u;
    %jmp/1 T_0.5, 6;
    %dup/vec4;
    %pushi/vec4 2, 0, 2;
    %cmp/u;
    %jmp/1 T_0.6, 6;
    %dup/vec4;
    %pushi/vec4 3, 0, 2;
    %cmp/u;
    %jmp/1 T_0.7, 6;
    %jmp T_0.8;
T_0.4 ;
    %load/vec4 v0000022a0eab2f30_0;
    %load/vec4 v0000022a0ea9bdf0_0;
    %add;
    %assign/vec4 v0000022a0ea9bd50_0, 0;
    %jmp T_0.8;
T_0.5 ;
    %load/vec4 v0000022a0eab2f30_0;
    %load/vec4 v0000022a0ea9bdf0_0;
    %sub;
    %assign/vec4 v0000022a0ea9bd50_0, 0;
    %jmp T_0.8;
T_0.6 ;
    %load/vec4 v0000022a0eab2f30_0;
    %load/vec4 v0000022a0ea9bdf0_0;
    %mul;
    %assign/vec4 v0000022a0ea9bd50_0, 0;
    %jmp T_0.8;
T_0.7 ;
    %load/vec4 v0000022a0eab2f30_0;
    %load/vec4 v0000022a0ea9bdf0_0;
    %div/s;
    %assign/vec4 v0000022a0ea9bd50_0, 0;
    %jmp T_0.8;
T_0.8 ;
    %pop/vec4 1;
    %load/vec4 v0000022a0ea9bd50_0;
    %load/vec4 v0000022a0eae29a0_0;
    %cmp/ne;
    %flag_get/vec4 4;
    %assign/vec4 v0000022a0ea9bcb0_0, 0;
    %jmp T_0.3;
T_0.2 ;
    %pushi/vec4 0, 0, 8;
    %assign/vec4 v0000022a0ea9bd50_0, 0;
    %pushi/vec4 0, 0, 1;
    %assign/vec4 v0000022a0ea9bcb0_0, 0;
T_0.3 ;
T_0.1 ;
    %jmp T_0;
    .thread T_0;
# The file index is used to find the file name in the following table.
:file_names 3;
    "N/A";
    "<interactive>";
    "ARITHMATIC_UNIT.V";
