#! /c/Source/iverilog-install/bin/vvp
:ivl_version "12.0 (devel)" "(s20150603-1539-g2693dd32b)";
:ivl_delay_selection "TYPICAL";
:vpi_time_precision - 12;
:vpi_module "C:\iverilog\lib\ivl\system.vpi";
:vpi_module "C:\iverilog\lib\ivl\vhdl_sys.vpi";
:vpi_module "C:\iverilog\lib\ivl\vhdl_textio.vpi";
:vpi_module "C:\iverilog\lib\ivl\v2005_math.vpi";
:vpi_module "C:\iverilog\lib\ivl\va_math.vpi";
S_000002c05f562120 .scope module, "ASYNC_FIFO_tb" "ASYNC_FIFO_tb" 2 3;
 .timescale -9 -12;
P_000002c05f561e00 .param/l "Address_width" 0 2 10, +C4<00000000000000000000000000000011>;
P_000002c05f561e38 .param/l "Data_width" 0 2 8, +C4<00000000000000000000000000001000>;
P_000002c05f561e70 .param/l "Depth" 0 2 9, +C4<00000000000000000000000000001000>;
P_000002c05f561ea8 .param/l "NUM_STAGES" 0 2 11, +C4<00000000000000000000000000000010>;
P_000002c05f561ee0 .param/l "Rperiod" 0 2 6, +C4<00000000000000000000000000011001>;
P_000002c05f561f18 .param/l "Wperiod" 0 2 5, +C4<00000000000000000000000000001010>;
v000002c05f603c20_0 .var "Rclk_tb", 0 0;
v000002c05f602640_0 .net "Rdata_tb", 7 0, v000002c05f602780_0;  1 drivers
v000002c05f6083b0_0 .net "Rempty_tb", 0 0, v000002c05f603720_0;  1 drivers
v000002c05f607e10_0 .var "Rinc_tb", 0 0;
v000002c05f6075f0_0 .var/i "Rindex", 31 0;
v000002c05f608590_0 .var "Rrst_tb", 0 0;
v000002c05f6081d0_0 .var "Wclk_tb", 0 0;
v000002c05f608270_0 .net "Wfull_tb", 0 0, v000002c05f604120_0;  1 drivers
v000002c05f607550_0 .var "Winc_tb", 0 0;
v000002c05f606c90_0 .var/i "Windex", 31 0;
v000002c05f608630_0 .var "Wrdata_tb", 7 0;
v000002c05f6077d0_0 .var "Wrst_tb", 0 0;
v000002c05f607af0_0 .var "done", 0 0;
v000002c05f6074b0 .array "expected_output", 0 7, 7 0;
v000002c05f608090_0 .var/i "i", 31 0;
S_000002c05f4abdd0 .scope module, "FIFOASYNC" "ASYNC_FIFO" 2 185, 3 6 0, S_000002c05f562120;
 .timescale 0 0;
    .port_info 0 /INPUT 1 "Winc";
    .port_info 1 /INPUT 1 "Wrst";
    .port_info 2 /INPUT 1 "Wclk";
    .port_info 3 /INPUT 1 "Rinc";
    .port_info 4 /INPUT 1 "Rrst";
    .port_info 5 /INPUT 1 "Rclk";
    .port_info 6 /INPUT 8 "Wrdata";
    .port_info 7 /OUTPUT 1 "Wfull";
    .port_info 8 /OUTPUT 1 "Rempty";
    .port_info 9 /OUTPUT 8 "Rdata";
P_000002c05f5a8c10 .param/l "Address_width" 0 3 10, +C4<00000000000000000000000000000011>;
P_000002c05f5a8c48 .param/l "Data_width" 0 3 8, +C4<00000000000000000000000000001000>;
P_000002c05f5a8c80 .param/l "Depth" 0 3 9, +C4<00000000000000000000000000001000>;
P_000002c05f5a8cb8 .param/l "NUM_STAGES" 0 3 11, +C4<00000000000000000000000000000010>;
v000002c05f602dc0_0 .net "R2q_wptr_internal", 3 0, v000002c05f59e170_0;  1 drivers
v000002c05f602d20_0 .net "Radder_internal", 2 0, L_000002c05f607190;  1 drivers
v000002c05f603360_0 .net "Rclk", 0 0, v000002c05f603c20_0;  1 drivers
v000002c05f603180_0 .net "Rdata", 7 0, v000002c05f602780_0;  alias, 1 drivers
v000002c05f602f00_0 .net "Rempty", 0 0, v000002c05f603720_0;  alias, 1 drivers
v000002c05f6030e0_0 .net "Rempty_flag_internal", 0 0, v000002c05f6034a0_0;  1 drivers
v000002c05f6032c0_0 .net "Rinc", 0 0, v000002c05f607e10_0;  1 drivers
v000002c05f603540_0 .net "Rptr_internal", 3 0, v000002c05f603e00_0;  1 drivers
v000002c05f6035e0_0 .net "Rrst", 0 0, v000002c05f608590_0;  1 drivers
v000002c05f603680_0 .net "Wadder_internal", 2 0, L_000002c05f6086d0;  1 drivers
v000002c05f603fe0_0 .net "Wclk", 0 0, v000002c05f6081d0_0;  1 drivers
v000002c05f602460_0 .net "Wclken_internal", 0 0, v000002c05f59e670_0;  1 drivers
v000002c05f603860_0 .net "Wfull", 0 0, v000002c05f604120_0;  alias, 1 drivers
v000002c05f6039a0_0 .net "Winc", 0 0, v000002c05f607550_0;  1 drivers
v000002c05f602500_0 .net "Wptr_internal", 3 0, v000002c05f602be0_0;  1 drivers
v000002c05f6025a0_0 .net "Wq2_rptr_internal", 3 0, v000002c05f59e990_0;  1 drivers
v000002c05f604080_0 .net "Wrdata", 7 0, v000002c05f608630_0;  1 drivers
v000002c05f602280_0 .net "Wrst", 0 0, v000002c05f6077d0_0;  1 drivers
S_000002c05f5a8f40 .scope module, "BIT_W2q_rptr" "BIT_SYNC" 3 97, 4 1 0, S_000002c05f4abdd0;
 .timescale 0 0;
    .port_info 0 /INPUT 4 "ASYNC";
    .port_info 1 /INPUT 1 "CLK";
    .port_info 2 /INPUT 1 "RST";
    .port_info 3 /OUTPUT 4 "SYNC";
P_000002c05f58d140 .param/l "BUS_WIDTH" 0 4 4, +C4<000000000000000000000000000000100>;
P_000002c05f58d178 .param/l "NUM_STAGES" 0 4 3, +C4<00000000000000000000000000000010>;
v000002c05f59e5d0_0 .net "ASYNC", 3 0, v000002c05f603e00_0;  alias, 1 drivers
v000002c05f59e710_0 .net "CLK", 0 0, v000002c05f6081d0_0;  alias, 1 drivers
v000002c05f59e530_0 .net "RST", 0 0, v000002c05f6077d0_0;  alias, 1 drivers
v000002c05f59e990_0 .var "SYNC", 3 0;
v000002c05f59e490_0 .var/i "i", 31 0;
v000002c05f59ecb0 .array "sync_reg", 0 3, 1 0;
v000002c05f59ecb0_0 .array/port v000002c05f59ecb0, 0;
v000002c05f59ecb0_1 .array/port v000002c05f59ecb0, 1;
v000002c05f59ecb0_2 .array/port v000002c05f59ecb0, 2;
v000002c05f59ecb0_3 .array/port v000002c05f59ecb0, 3;
E_000002c05f5a6ac0 .event anyedge, v000002c05f59ecb0_0, v000002c05f59ecb0_1, v000002c05f59ecb0_2, v000002c05f59ecb0_3;
E_000002c05f5a7080/0 .event negedge, v000002c05f59e530_0;
E_000002c05f5a7080/1 .event posedge, v000002c05f59e710_0;
E_000002c05f5a7080 .event/or E_000002c05f5a7080/0, E_000002c05f5a7080/1;
S_000002c05f5a90d0 .scope module, "BIT_r2q_wptr" "BIT_SYNC" 3 110, 4 1 0, S_000002c05f4abdd0;
 .timescale 0 0;
    .port_info 0 /INPUT 4 "ASYNC";
    .port_info 1 /INPUT 1 "CLK";
    .port_info 2 /INPUT 1 "RST";
    .port_info 3 /OUTPUT 4 "SYNC";
P_000002c05f58d1c0 .param/l "BUS_WIDTH" 0 4 4, +C4<000000000000000000000000000000100>;
P_000002c05f58d1f8 .param/l "NUM_STAGES" 0 4 3, +C4<00000000000000000000000000000010>;
v000002c05f59ea30_0 .net "ASYNC", 3 0, v000002c05f602be0_0;  alias, 1 drivers
v000002c05f59ef30_0 .net "CLK", 0 0, v000002c05f603c20_0;  alias, 1 drivers
v000002c05f59e2b0_0 .net "RST", 0 0, v000002c05f608590_0;  alias, 1 drivers
v000002c05f59e170_0 .var "SYNC", 3 0;
v000002c05f59ead0_0 .var/i "i", 31 0;
v000002c05f59e350 .array "sync_reg", 0 3, 1 0;
v000002c05f59e350_0 .array/port v000002c05f59e350, 0;
v000002c05f59e350_1 .array/port v000002c05f59e350, 1;
v000002c05f59e350_2 .array/port v000002c05f59e350, 2;
v000002c05f59e350_3 .array/port v000002c05f59e350, 3;
E_000002c05f5a72c0 .event anyedge, v000002c05f59e350_0, v000002c05f59e350_1, v000002c05f59e350_2, v000002c05f59e350_3;
E_000002c05f5a6d80/0 .event negedge, v000002c05f59e2b0_0;
E_000002c05f5a6d80/1 .event posedge, v000002c05f59ef30_0;
E_000002c05f5a6d80 .event/or E_000002c05f5a6d80/0, E_000002c05f5a6d80/1;
S_000002c05f56afd0 .scope module, "Clogic" "Comb_logic" 3 53, 5 1 0, S_000002c05f4abdd0;
 .timescale 0 0;
    .port_info 0 /INPUT 1 "Winc";
    .port_info 1 /INPUT 1 "Wfull";
    .port_info 2 /OUTPUT 1 "Wclken";
v000002c05f59e670_0 .var "Wclken", 0 0;
v000002c05f59e7b0_0 .net "Wfull", 0 0, v000002c05f604120_0;  alias, 1 drivers
v000002c05f59ed50_0 .net "Winc", 0 0, v000002c05f607550_0;  alias, 1 drivers
E_000002c05f5a6dc0 .event anyedge, v000002c05f59ed50_0, v000002c05f59e7b0_0;
S_000002c05f56b160 .scope module, "FIFO_MEM" "FIFO_MEMORY" 3 66, 6 1 0, S_000002c05f4abdd0;
 .timescale 0 0;
    .port_info 0 /INPUT 8 "Wrdata";
    .port_info 1 /INPUT 3 "Wadder";
    .port_info 2 /INPUT 1 "Wclken";
    .port_info 3 /INPUT 1 "Wclk";
    .port_info 4 /OUTPUT 8 "Rdata";
    .port_info 5 /INPUT 3 "Radder";
    .port_info 6 /INPUT 1 "Rempty_flag";
    .port_info 7 /INPUT 1 "Rclk";
P_000002c05f5648a0 .param/l "Address_width" 0 6 5, +C4<00000000000000000000000000000011>;
P_000002c05f5648d8 .param/l "Data_width" 0 6 3, +C4<00000000000000000000000000001000>;
P_000002c05f564910 .param/l "Depth" 0 6 4, +C4<00000000000000000000000000001000>;
v000002c05f59eb70 .array "MEM", 0 7, 7 0;
v000002c05f59ec10_0 .net "Radder", 2 0, L_000002c05f607190;  alias, 1 drivers
v000002c05f59edf0_0 .net "Rclk", 0 0, v000002c05f603c20_0;  alias, 1 drivers
v000002c05f602780_0 .var "Rdata", 7 0;
v000002c05f603d60_0 .net "Rempty_flag", 0 0, v000002c05f6034a0_0;  alias, 1 drivers
v000002c05f603900_0 .net "Wadder", 2 0, L_000002c05f6086d0;  alias, 1 drivers
v000002c05f6037c0_0 .net "Wclk", 0 0, v000002c05f6081d0_0;  alias, 1 drivers
v000002c05f602e60_0 .net "Wclken", 0 0, v000002c05f59e670_0;  alias, 1 drivers
v000002c05f603220_0 .net "Wrdata", 7 0, v000002c05f608630_0;  alias, 1 drivers
E_000002c05f5a6e00 .event posedge, v000002c05f59ef30_0;
E_000002c05f5a70c0 .event posedge, v000002c05f59e710_0;
S_000002c05f569c50 .scope module, "FIFO_RPTRREMPTY" "FIFO_rptr_rempty" 3 80, 7 1 0, S_000002c05f4abdd0;
 .timescale 0 0;
    .port_info 0 /INPUT 1 "Rinc";
    .port_info 1 /INPUT 1 "Rclk";
    .port_info 2 /INPUT 1 "Rrst";
    .port_info 3 /INPUT 4 "R2q_wptr";
    .port_info 4 /OUTPUT 3 "Radder";
    .port_info 5 /OUTPUT 1 "Rempty";
    .port_info 6 /OUTPUT 1 "Rempty_flag";
    .port_info 7 /OUTPUT 4 "Rptr";
P_000002c05f5a4580 .param/l "Address_width" 0 7 1, +C4<00000000000000000000000000000011>;
v000002c05f602960_0 .net "R2q_wptr", 3 0, v000002c05f59e170_0;  alias, 1 drivers
v000002c05f603a40_0 .net "Radder", 2 0, L_000002c05f607190;  alias, 1 drivers
v000002c05f602fa0_0 .var "Radder_binary_current", 3 0;
v000002c05f602c80_0 .var "Radder_binary_next", 3 0;
v000002c05f602aa0_0 .var "Radder_gray_next", 3 0;
v000002c05f603400_0 .net "Rclk", 0 0, v000002c05f603c20_0;  alias, 1 drivers
v000002c05f603720_0 .var "Rempty", 0 0;
v000002c05f6034a0_0 .var "Rempty_flag", 0 0;
v000002c05f6028c0_0 .net "Rinc", 0 0, v000002c05f607e10_0;  alias, 1 drivers
v000002c05f603e00_0 .var "Rptr", 3 0;
v000002c05f603cc0_0 .net "Rrst", 0 0, v000002c05f608590_0;  alias, 1 drivers
E_000002c05f5a3ec0 .event anyedge, v000002c05f602fa0_0, v000002c05f6028c0_0, v000002c05f603720_0, v000002c05f602c80_0;
L_000002c05f607190 .part v000002c05f602fa0_0, 0, 3;
S_000002c05f569de0 .scope module, "FIFO_WPTRFULL" "FIFO_wptr_wfull" 3 42, 8 1 0, S_000002c05f4abdd0;
 .timescale 0 0;
    .port_info 0 /INPUT 1 "Wrst";
    .port_info 1 /INPUT 1 "Winc";
    .port_info 2 /INPUT 1 "Wclk";
    .port_info 3 /INPUT 4 "Wq2_rptr";
    .port_info 4 /OUTPUT 3 "Wadder";
    .port_info 5 /OUTPUT 4 "Wptr";
    .port_info 6 /OUTPUT 1 "Wfull";
P_000002c05f5a45c0 .param/l "Address_width" 0 8 2, +C4<00000000000000000000000000000011>;
v000002c05f6026e0_0 .var "Rptr_sync1", 3 0;
v000002c05f602820_0 .var "Rptr_sync2", 3 0;
v000002c05f602320_0 .net "Wadder", 2 0, L_000002c05f6086d0;  alias, 1 drivers
v000002c05f6023c0_0 .var "Wbin_current", 3 0;
v000002c05f603040_0 .var "Wbin_next", 3 0;
v000002c05f603ea0_0 .net "Wclk", 0 0, v000002c05f6081d0_0;  alias, 1 drivers
v000002c05f604120_0 .var "Wfull", 0 0;
v000002c05f602b40_0 .var "Wgray_next", 3 0;
v000002c05f602a00_0 .net "Winc", 0 0, v000002c05f607550_0;  alias, 1 drivers
v000002c05f602be0_0 .var "Wptr", 3 0;
v000002c05f603f40_0 .net "Wq2_rptr", 3 0, v000002c05f59e990_0;  alias, 1 drivers
v000002c05f603ae0_0 .net "Wrst", 0 0, v000002c05f6077d0_0;  alias, 1 drivers
E_000002c05f5a3b80 .event anyedge, v000002c05f6023c0_0, v000002c05f59ed50_0, v000002c05f59e7b0_0, v000002c05f603040_0;
L_000002c05f6086d0 .part v000002c05f6023c0_0, 0, 3;
S_000002c05f5791c0 .scope task, "initialize" "initialize" 2 50, 2 50 0, S_000002c05f562120;
 .timescale -9 -12;
TD_ASYNC_FIFO_tb.initialize ;
    %pushi/vec4 0, 0, 1;
    %store/vec4 v000002c05f607550_0, 0, 1;
    %pushi/vec4 1, 0, 1;
    %store/vec4 v000002c05f6077d0_0, 0, 1;
    %pushi/vec4 0, 0, 1;
    %store/vec4 v000002c05f607e10_0, 0, 1;
    %pushi/vec4 1, 0, 1;
    %store/vec4 v000002c05f608590_0, 0, 1;
    %pushi/vec4 0, 0, 8;
    %store/vec4 v000002c05f608630_0, 0, 8;
    %end;
S_000002c05f579350 .scope task, "read" "read" 2 89, 2 89 0, S_000002c05f562120;
 .timescale -9 -12;
TD_ASYNC_FIFO_tb.read ;
    %wait E_000002c05f5a6e00;
    %load/vec4 v000002c05f6083b0_0;
    %nor/r;
    %flag_set/vec4 8;
    %jmp/0xz  T_1.0, 8;
    %pushi/vec4 1, 0, 1;
    %store/vec4 v000002c05f607e10_0, 0, 1;
    %wait E_000002c05f5a6e00;
    %pushi/vec4 0, 0, 1;
    %store/vec4 v000002c05f607e10_0, 0, 1;
    %load/vec4 v000002c05f602640_0;
    %ix/getv/s 4, v000002c05f6075f0_0;
    %load/vec4a v000002c05f6074b0, 4;
    %cmp/ne;
    %jmp/0xz  T_1.2, 4;
    %vpi_call 2 99 "$display", "There is an error with reading the data" {0 0 0};
T_1.2 ;
    %load/vec4 v000002c05f6075f0_0;
    %addi 1, 0, 32;
    %store/vec4 v000002c05f6075f0_0, 0, 32;
T_1.0 ;
    %end;
S_000002c05f5864e0 .scope task, "reset" "reset" 2 60, 2 60 0, S_000002c05f562120;
 .timescale -9 -12;
TD_ASYNC_FIFO_tb.reset ;
    %pushi/vec4 0, 0, 1;
    %store/vec4 v000002c05f6077d0_0, 0, 1;
    %pushi/vec4 0, 0, 1;
    %store/vec4 v000002c05f608590_0, 0, 1;
    %wait E_000002c05f5a6e00;
    %pushi/vec4 1, 0, 1;
    %store/vec4 v000002c05f6077d0_0, 0, 1;
    %pushi/vec4 1, 0, 1;
    %store/vec4 v000002c05f608590_0, 0, 1;
    %wait E_000002c05f5a6e00;
    %pushi/vec4 0, 0, 32;
    %store/vec4 v000002c05f606c90_0, 0, 32;
    %pushi/vec4 0, 0, 32;
    %store/vec4 v000002c05f6075f0_0, 0, 32;
    %end;
S_000002c05f586670 .scope task, "write" "write" 2 73, 2 73 0, S_000002c05f562120;
 .timescale -9 -12;
v000002c05f603b80_0 .var "data", 7 0;
TD_ASYNC_FIFO_tb.write ;
    %wait E_000002c05f5a70c0;
    %load/vec4 v000002c05f608270_0;
    %nor/r;
    %flag_set/vec4 8;
    %jmp/0xz  T_3.4, 8;
    %load/vec4 v000002c05f603b80_0;
    %store/vec4 v000002c05f608630_0, 0, 8;
    %load/vec4 v000002c05f603b80_0;
    %ix/getv/s 4, v000002c05f606c90_0;
    %store/vec4a v000002c05f6074b0, 4, 0;
    %load/vec4 v000002c05f606c90_0;
    %addi 1, 0, 32;
    %store/vec4 v000002c05f606c90_0, 0, 32;
    %pushi/vec4 1, 0, 1;
    %store/vec4 v000002c05f607550_0, 0, 1;
    %wait E_000002c05f5a70c0;
    %pushi/vec4 0, 0, 1;
    %store/vec4 v000002c05f607550_0, 0, 1;
T_3.4 ;
    %end;
    .scope S_000002c05f569de0;
T_4 ;
    %wait E_000002c05f5a3b80;
    %load/vec4 v000002c05f6023c0_0;
    %load/vec4 v000002c05f602a00_0;
    %pad/u 4;
    %load/vec4 v000002c05f604120_0;
    %pad/u 4;
    %inv;
    %and;
    %add;
    %store/vec4 v000002c05f603040_0, 0, 4;
    %load/vec4 v000002c05f603040_0;
    %ix/load 4, 1, 0;
    %flag_set/imm 4, 0;
    %shiftr 4;
    %load/vec4 v000002c05f603040_0;
    %xor;
    %store/vec4 v000002c05f602b40_0, 0, 4;
    %jmp T_4;
    .thread T_4, $push;
    .scope S_000002c05f569de0;
T_5 ;
    %wait E_000002c05f5a7080;
    %load/vec4 v000002c05f603ae0_0;
    %nor/r;
    %flag_set/vec4 8;
    %jmp/0xz  T_5.0, 8;
    %pushi/vec4 0, 0, 4;
    %assign/vec4 v000002c05f6023c0_0, 0;
    %pushi/vec4 0, 0, 4;
    %assign/vec4 v000002c05f602be0_0, 0;
    %jmp T_5.1;
T_5.0 ;
    %load/vec4 v000002c05f603040_0;
    %assign/vec4 v000002c05f6023c0_0, 0;
    %load/vec4 v000002c05f602b40_0;
    %assign/vec4 v000002c05f602be0_0, 0;
T_5.1 ;
    %jmp T_5;
    .thread T_5;
    .scope S_000002c05f569de0;
T_6 ;
    %wait E_000002c05f5a70c0;
    %load/vec4 v000002c05f603f40_0;
    %assign/vec4 v000002c05f6026e0_0, 0;
    %load/vec4 v000002c05f6026e0_0;
    %assign/vec4 v000002c05f602820_0, 0;
    %jmp T_6;
    .thread T_6;
    .scope S_000002c05f569de0;
T_7 ;
    %wait E_000002c05f5a7080;
    %load/vec4 v000002c05f603ae0_0;
    %nor/r;
    %flag_set/vec4 8;
    %jmp/0xz  T_7.0, 8;
    %pushi/vec4 0, 0, 1;
    %assign/vec4 v000002c05f604120_0, 0;
    %jmp T_7.1;
T_7.0 ;
    %load/vec4 v000002c05f602b40_0;
    %parti/s 1, 3, 3;
    %load/vec4 v000002c05f602820_0;
    %parti/s 1, 3, 3;
    %cmp/ne;
    %flag_get/vec4 4;
    %jmp/0 T_7.3, 4;
    %load/vec4 v000002c05f602b40_0;
    %parti/s 1, 2, 3;
    %load/vec4 v000002c05f602820_0;
    %parti/s 1, 2, 3;
    %cmp/ne;
    %flag_get/vec4 4;
    %and;
T_7.3;
    %flag_set/vec4 8;
    %flag_get/vec4 8;
    %jmp/0 T_7.2, 8;
    %load/vec4 v000002c05f602b40_0;
    %parti/s 2, 0, 2;
    %load/vec4 v000002c05f602820_0;
    %parti/s 2, 0, 2;
    %cmp/e;
    %flag_get/vec4 4;
    %and;
T_7.2;
    %assign/vec4 v000002c05f604120_0, 0;
T_7.1 ;
    %jmp T_7;
    .thread T_7;
    .scope S_000002c05f56afd0;
T_8 ;
    %wait E_000002c05f5a6dc0;
    %load/vec4 v000002c05f59ed50_0;
    %load/vec4 v000002c05f59e7b0_0;
    %inv;
    %and;
    %store/vec4 v000002c05f59e670_0, 0, 1;
    %jmp T_8;
    .thread T_8, $push;
    .scope S_000002c05f56b160;
T_9 ;
    %wait E_000002c05f5a70c0;
    %load/vec4 v000002c05f602e60_0;
    %flag_set/vec4 8;
    %jmp/0xz  T_9.0, 8;
    %load/vec4 v000002c05f603220_0;
    %load/vec4 v000002c05f603900_0;
    %pad/u 5;
    %ix/vec4 3;
    %ix/load 4, 0, 0; Constant delay
    %assign/vec4/a/d v000002c05f59eb70, 0, 4;
T_9.0 ;
    %jmp T_9;
    .thread T_9;
    .scope S_000002c05f56b160;
T_10 ;
    %wait E_000002c05f5a6e00;
    %load/vec4 v000002c05f603d60_0;
    %nor/r;
    %flag_set/vec4 8;
    %jmp/0xz  T_10.0, 8;
    %load/vec4 v000002c05f59ec10_0;
    %pad/u 5;
    %ix/vec4 4;
    %load/vec4a v000002c05f59eb70, 4;
    %assign/vec4 v000002c05f602780_0, 0;
T_10.0 ;
    %jmp T_10;
    .thread T_10;
    .scope S_000002c05f569c50;
T_11 ;
    %wait E_000002c05f5a3ec0;
    %load/vec4 v000002c05f602fa0_0;
    %load/vec4 v000002c05f6028c0_0;
    %pad/u 4;
    %load/vec4 v000002c05f603720_0;
    %pad/u 4;
    %inv;
    %and;
    %add;
    %store/vec4 v000002c05f602c80_0, 0, 4;
    %load/vec4 v000002c05f602c80_0;
    %ix/load 4, 1, 0;
    %flag_set/imm 4, 0;
    %shiftr 4;
    %load/vec4 v000002c05f602c80_0;
    %xor;
    %store/vec4 v000002c05f602aa0_0, 0, 4;
    %jmp T_11;
    .thread T_11, $push;
    .scope S_000002c05f569c50;
T_12 ;
    %wait E_000002c05f5a6d80;
    %load/vec4 v000002c05f603cc0_0;
    %nor/r;
    %flag_set/vec4 8;
    %jmp/0xz  T_12.0, 8;
    %pushi/vec4 0, 0, 4;
    %assign/vec4 v000002c05f602fa0_0, 0;
    %pushi/vec4 0, 0, 4;
    %assign/vec4 v000002c05f603e00_0, 0;
    %jmp T_12.1;
T_12.0 ;
    %load/vec4 v000002c05f602c80_0;
    %assign/vec4 v000002c05f602fa0_0, 0;
    %load/vec4 v000002c05f602aa0_0;
    %assign/vec4 v000002c05f603e00_0, 0;
T_12.1 ;
    %jmp T_12;
    .thread T_12;
    .scope S_000002c05f569c50;
T_13 ;
    %wait E_000002c05f5a6d80;
    %load/vec4 v000002c05f603cc0_0;
    %nor/r;
    %flag_set/vec4 8;
    %jmp/0xz  T_13.0, 8;
    %pushi/vec4 1, 0, 1;
    %assign/vec4 v000002c05f603720_0, 0;
    %jmp T_13.1;
T_13.0 ;
    %load/vec4 v000002c05f602aa0_0;
    %load/vec4 v000002c05f602960_0;
    %cmp/e;
    %flag_get/vec4 4;
    %assign/vec4 v000002c05f603720_0, 0;
    %load/vec4 v000002c05f602aa0_0;
    %load/vec4 v000002c05f602960_0;
    %cmp/e;
    %flag_get/vec4 4;
    %assign/vec4 v000002c05f6034a0_0, 0;
T_13.1 ;
    %jmp T_13;
    .thread T_13;
    .scope S_000002c05f5a8f40;
T_14 ;
    %wait E_000002c05f5a7080;
    %load/vec4 v000002c05f59e530_0;
    %nor/r;
    %flag_set/vec4 8;
    %jmp/0xz  T_14.0, 8;
    %pushi/vec4 0, 0, 32;
    %store/vec4 v000002c05f59e490_0, 0, 32;
T_14.2 ;
    %load/vec4 v000002c05f59e490_0;
    %pad/s 33;
    %cmpi/s 3, 0, 33;
    %flag_or 5, 4;
    %jmp/0xz T_14.3, 5;
    %pushi/vec4 0, 0, 2;
    %ix/getv/s 3, v000002c05f59e490_0;
    %ix/load 4, 0, 0; Constant delay
    %assign/vec4/a/d v000002c05f59ecb0, 0, 4;
    %load/vec4 v000002c05f59e490_0;
    %addi 1, 0, 32;
    %store/vec4 v000002c05f59e490_0, 0, 32;
    %jmp T_14.2;
T_14.3 ;
    %jmp T_14.1;
T_14.0 ;
    %pushi/vec4 0, 0, 32;
    %store/vec4 v000002c05f59e490_0, 0, 32;
T_14.4 ;
    %load/vec4 v000002c05f59e490_0;
    %pad/s 33;
    %cmpi/s 3, 0, 33;
    %flag_or 5, 4;
    %jmp/0xz T_14.5, 5;
    %ix/getv/s 4, v000002c05f59e490_0;
    %load/vec4a v000002c05f59ecb0, 4;
    %parti/s 1, 0, 2;
    %load/vec4 v000002c05f59e5d0_0;
    %load/vec4 v000002c05f59e490_0;
    %part/s 1;
    %concat/vec4; draw_concat_vec4
    %ix/getv/s 3, v000002c05f59e490_0;
    %ix/load 4, 0, 0; Constant delay
    %assign/vec4/a/d v000002c05f59ecb0, 0, 4;
    %load/vec4 v000002c05f59e490_0;
    %addi 1, 0, 32;
    %store/vec4 v000002c05f59e490_0, 0, 32;
    %jmp T_14.4;
T_14.5 ;
T_14.1 ;
    %jmp T_14;
    .thread T_14;
    .scope S_000002c05f5a8f40;
T_15 ;
    %wait E_000002c05f5a6ac0;
    %pushi/vec4 0, 0, 32;
    %store/vec4 v000002c05f59e490_0, 0, 32;
T_15.0 ;
    %load/vec4 v000002c05f59e490_0;
    %pad/s 33;
    %cmpi/s 3, 0, 33;
    %flag_or 5, 4;
    %jmp/0xz T_15.1, 5;
    %ix/getv/s 4, v000002c05f59e490_0;
    %load/vec4a v000002c05f59ecb0, 4;
    %parti/s 1, 1, 2;
    %ix/getv/s 4, v000002c05f59e490_0;
    %store/vec4 v000002c05f59e990_0, 4, 1;
    %load/vec4 v000002c05f59e490_0;
    %addi 1, 0, 32;
    %store/vec4 v000002c05f59e490_0, 0, 32;
    %jmp T_15.0;
T_15.1 ;
    %jmp T_15;
    .thread T_15, $push;
    .scope S_000002c05f5a90d0;
T_16 ;
    %wait E_000002c05f5a6d80;
    %load/vec4 v000002c05f59e2b0_0;
    %nor/r;
    %flag_set/vec4 8;
    %jmp/0xz  T_16.0, 8;
    %pushi/vec4 0, 0, 32;
    %store/vec4 v000002c05f59ead0_0, 0, 32;
T_16.2 ;
    %load/vec4 v000002c05f59ead0_0;
    %pad/s 33;
    %cmpi/s 3, 0, 33;
    %flag_or 5, 4;
    %jmp/0xz T_16.3, 5;
    %pushi/vec4 0, 0, 2;
    %ix/getv/s 3, v000002c05f59ead0_0;
    %ix/load 4, 0, 0; Constant delay
    %assign/vec4/a/d v000002c05f59e350, 0, 4;
    %load/vec4 v000002c05f59ead0_0;
    %addi 1, 0, 32;
    %store/vec4 v000002c05f59ead0_0, 0, 32;
    %jmp T_16.2;
T_16.3 ;
    %jmp T_16.1;
T_16.0 ;
    %pushi/vec4 0, 0, 32;
    %store/vec4 v000002c05f59ead0_0, 0, 32;
T_16.4 ;
    %load/vec4 v000002c05f59ead0_0;
    %pad/s 33;
    %cmpi/s 3, 0, 33;
    %flag_or 5, 4;
    %jmp/0xz T_16.5, 5;
    %ix/getv/s 4, v000002c05f59ead0_0;
    %load/vec4a v000002c05f59e350, 4;
    %parti/s 1, 0, 2;
    %load/vec4 v000002c05f59ea30_0;
    %load/vec4 v000002c05f59ead0_0;
    %part/s 1;
    %concat/vec4; draw_concat_vec4
    %ix/getv/s 3, v000002c05f59ead0_0;
    %ix/load 4, 0, 0; Constant delay
    %assign/vec4/a/d v000002c05f59e350, 0, 4;
    %load/vec4 v000002c05f59ead0_0;
    %addi 1, 0, 32;
    %store/vec4 v000002c05f59ead0_0, 0, 32;
    %jmp T_16.4;
T_16.5 ;
T_16.1 ;
    %jmp T_16;
    .thread T_16;
    .scope S_000002c05f5a90d0;
T_17 ;
    %wait E_000002c05f5a72c0;
    %pushi/vec4 0, 0, 32;
    %store/vec4 v000002c05f59ead0_0, 0, 32;
T_17.0 ;
    %load/vec4 v000002c05f59ead0_0;
    %pad/s 33;
    %cmpi/s 3, 0, 33;
    %flag_or 5, 4;
    %jmp/0xz T_17.1, 5;
    %ix/getv/s 4, v000002c05f59ead0_0;
    %load/vec4a v000002c05f59e350, 4;
    %parti/s 1, 1, 2;
    %ix/getv/s 4, v000002c05f59ead0_0;
    %store/vec4 v000002c05f59e170_0, 4, 1;
    %load/vec4 v000002c05f59ead0_0;
    %addi 1, 0, 32;
    %store/vec4 v000002c05f59ead0_0, 0, 32;
    %jmp T_17.0;
T_17.1 ;
    %jmp T_17;
    .thread T_17, $push;
    .scope S_000002c05f562120;
T_18 ;
    %pushi/vec4 0, 0, 1;
    %store/vec4 v000002c05f607af0_0, 0, 1;
    %end;
    .thread T_18;
    .scope S_000002c05f562120;
T_19 ;
    %pushi/vec4 0, 0, 1;
    %store/vec4 v000002c05f6081d0_0, 0, 1;
    %delay 5000, 0;
    %pushi/vec4 1, 0, 1;
    %store/vec4 v000002c05f6081d0_0, 0, 1;
    %delay 5000, 0;
    %jmp T_19;
    .thread T_19;
    .scope S_000002c05f562120;
T_20 ;
    %pushi/vec4 0, 0, 1;
    %store/vec4 v000002c05f603c20_0, 0, 1;
    %delay 12500, 0;
    %pushi/vec4 1, 0, 1;
    %store/vec4 v000002c05f603c20_0, 0, 1;
    %delay 12500, 0;
    %jmp T_20;
    .thread T_20;
    .scope S_000002c05f562120;
T_21 ;
    %vpi_call 2 110 "$dumpfile", "ASYNC_FIFO.vcd" {0 0 0};
    %vpi_call 2 111 "$dumpvars" {0 0 0};
    %fork TD_ASYNC_FIFO_tb.initialize, S_000002c05f5791c0;
    %join;
    %fork TD_ASYNC_FIFO_tb.reset, S_000002c05f5864e0;
    %join;
    %vpi_call 2 115 "$display", "Test case 1: trying to fill FIFO to its maximum value" {0 0 0};
    %pushi/vec4 1, 0, 32;
    %store/vec4 v000002c05f608090_0, 0, 32;
T_21.0 ;
    %load/vec4 v000002c05f608090_0;
    %cmpi/s 8, 0, 32;
    %flag_or 5, 4;
    %jmp/0xz T_21.1, 5;
    %pushi/vec4 10, 0, 32;
    %load/vec4 v000002c05f608090_0;
    %add;
    %pad/u 8;
    %store/vec4 v000002c05f603b80_0, 0, 8;
    %fork TD_ASYNC_FIFO_tb.write, S_000002c05f586670;
    %join;
    %load/vec4 v000002c05f608090_0;
    %addi 1, 0, 32;
    %store/vec4 v000002c05f608090_0, 0, 32;
    %jmp T_21.0;
T_21.1 ;
    %load/vec4 v000002c05f6081d0_0;
    %pad/u 64;
    %muli 1000, 0, 64;
    %ix/vec4 4;
    %delayx 4;
    %vpi_call 2 121 "$display", "Number of writes=%0d ,Wfull=%0b , Wempty=%0b", v000002c05f606c90_0, v000002c05f608270_0, v000002c05f6083b0_0 {0 0 0};
    %vpi_call 2 123 "$display", "Test case 2 : trying to store a data when the FIFO is full" {0 0 0};
    %pushi/vec4 20, 0, 8;
    %store/vec4 v000002c05f603b80_0, 0, 8;
    %fork TD_ASYNC_FIFO_tb.write, S_000002c05f586670;
    %join;
    %load/vec4 v000002c05f6081d0_0;
    %pad/u 64;
    %muli 1000, 0, 64;
    %ix/vec4 4;
    %delayx 4;
    %vpi_call 2 126 "$display", "Wfull=%0b , Wempty=%0b", v000002c05f608270_0, v000002c05f6083b0_0 {0 0 0};
    %end;
    .thread T_21;
    .scope S_000002c05f562120;
T_22 ;
    %delay 300000, 0;
    %vpi_call 2 135 "$display", "Test case 3: trying to read all the contents in the FIFO " {0 0 0};
T_22.0 ;
    %load/vec4 v000002c05f6083b0_0;
    %nor/r;
    %flag_set/vec4 9;
    %flag_get/vec4 9;
    %jmp/0 T_22.2, 9;
    %load/vec4 v000002c05f6075f0_0;
    %load/vec4 v000002c05f606c90_0;
    %cmp/s;
    %flag_get/vec4 5;
    %and;
T_22.2;
    %flag_set/vec4 8;
    %jmp/0xz T_22.1, 8;
    %fork TD_ASYNC_FIFO_tb.read, S_000002c05f579350;
    %join;
    %jmp T_22.0;
T_22.1 ;
    %load/vec4 v000002c05f603c20_0;
    %pad/u 64;
    %muli 1000, 0, 64;
    %ix/vec4 4;
    %delayx 4;
    %vpi_call 2 139 "$display", "Number of Reads=%0d ,Wfull=%0b , Wempty=%0b", v000002c05f6075f0_0, v000002c05f608270_0, v000002c05f6083b0_0 {0 0 0};
    %vpi_call 2 143 "$display", "Test case 4: trying to read when the FIFO is empty" {0 0 0};
    %fork TD_ASYNC_FIFO_tb.read, S_000002c05f579350;
    %join;
    %load/vec4 v000002c05f603c20_0;
    %pad/u 64;
    %muli 1000, 0, 64;
    %ix/vec4 4;
    %delayx 4;
    %vpi_call 2 146 "$display", "Wfull=%0b , Wempty=%0b", v000002c05f608270_0, v000002c05f6083b0_0 {0 0 0};
    %vpi_call 2 150 "$display", "Test case 5: trying to read and write simultaneously" {0 0 0};
    %fork TD_ASYNC_FIFO_tb.reset, S_000002c05f5864e0;
    %join;
    %pushi/vec4 0, 0, 1;
    %store/vec4 v000002c05f607af0_0, 0, 1;
    %fork t_1, S_000002c05f562120;
    %fork t_2, S_000002c05f562120;
    %join;
    %join;
    %jmp t_0;
t_1 ;
    %pushi/vec4 1, 0, 32;
    %store/vec4 v000002c05f608090_0, 0, 32;
T_22.3 ;
    %load/vec4 v000002c05f608090_0;
    %cmpi/s 8, 0, 32;
    %flag_or 5, 4;
    %jmp/0xz T_22.4, 5;
    %pushi/vec4 50, 0, 32;
    %load/vec4 v000002c05f608090_0;
    %add;
    %pad/u 8;
    %store/vec4 v000002c05f603b80_0, 0, 8;
    %fork TD_ASYNC_FIFO_tb.write, S_000002c05f586670;
    %join;
    %load/vec4 v000002c05f608090_0;
    %addi 1, 0, 32;
    %store/vec4 v000002c05f608090_0, 0, 32;
    %jmp T_22.3;
T_22.4 ;
    %end;
t_2 ;
T_22.5 ;
    %load/vec4 v000002c05f607af0_0;
    %nor/r;
    %flag_set/vec4 8;
    %jmp/0xz T_22.6, 8;
    %fork TD_ASYNC_FIFO_tb.read, S_000002c05f579350;
    %join;
    %load/vec4 v000002c05f6075f0_0;
    %cmpi/e 8, 0, 32;
    %jmp/0xz  T_22.7, 4;
    %pushi/vec4 1, 0, 1;
    %store/vec4 v000002c05f607af0_0, 0, 1;
    %jmp T_22.8;
T_22.7 ;
    %fork TD_ASYNC_FIFO_tb.read, S_000002c05f579350;
    %join;
T_22.8 ;
    %jmp T_22.5;
T_22.6 ;
    %end;
    .scope S_000002c05f562120;
t_0 ;
    %wait E_000002c05f5a6e00;
    %vpi_call 2 170 "$display", "Number of Reads=%0d , Number of writes=%0d , Wfull=%0b , Wempty=%0b", v000002c05f6075f0_0, v000002c05f606c90_0, v000002c05f608270_0, v000002c05f6083b0_0 {0 0 0};
    %delay 100000, 0;
    %vpi_call 2 173 "$finish" {0 0 0};
    %end;
    .thread T_22;
# The file index is used to find the file name in the following table.
:file_names 9;
    "N/A";
    "<interactive>";
    "ASYNC_FIFO_tb.v";
    "./ASYNC_FIFO.v";
    "./BIT_SYNC.v";
    "./Comb_logic.v";
    "./FIFO_MEMORY.v";
    "./FIFO_rptr_rempty.v";
    "./FIFO_wprt_wfull.v";
