#! /c/Source/iverilog-install/bin/vvp
:ivl_version "12.0 (devel)" "(s20150603-1539-g2693dd32b)";
:ivl_delay_selection "TYPICAL";
:vpi_time_precision + 0;
:vpi_module "C:\iverilog\lib\ivl\system.vpi";
:vpi_module "C:\iverilog\lib\ivl\vhdl_sys.vpi";
:vpi_module "C:\iverilog\lib\ivl\vhdl_textio.vpi";
:vpi_module "C:\iverilog\lib\ivl\v2005_math.vpi";
:vpi_module "C:\iverilog\lib\ivl\va_math.vpi";
S_00000196b0e42c40 .scope module, "FIFO_MEMORY" "FIFO_MEMORY" 2 1;
 .timescale 0 0;
    .port_info 0 /INPUT 8 "Wrdata";
    .port_info 1 /INPUT 3 "Wadder";
    .port_info 2 /INPUT 1 "Wclken";
    .port_info 3 /INPUT 1 "Wclk";
    .port_info 4 /OUTPUT 8 "Rdata";
    .port_info 5 /INPUT 3 "Radder";
    .port_info 6 /INPUT 1 "Rempty_flag";
    .port_info 7 /INPUT 1 "Rclk";
P_00000196b0e42dd0 .param/l "Address_width" 0 2 5, +C4<00000000000000000000000000000011>;
P_00000196b0e42e08 .param/l "Data_width" 0 2 3, +C4<00000000000000000000000000001000>;
P_00000196b0e42e40 .param/l "Depth" 0 2 4, +C4<00000000000000000000000000001000>;
v00000196b0e42e80 .array "MEM", 0 7, 7 0;
o00000196b0e76fd8 .functor BUFZ 3, C4<zzz>; HiZ drive
v00000196b0e42f20_0 .net "Radder", 2 0, o00000196b0e76fd8;  0 drivers
o00000196b0e77008 .functor BUFZ 1, C4<z>; HiZ drive
v00000196b0f7bc70_0 .net "Rclk", 0 0, o00000196b0e77008;  0 drivers
v00000196b0f7bd10_0 .var "Rdata", 7 0;
o00000196b0e77068 .functor BUFZ 1, C4<z>; HiZ drive
v00000196b0f7bdb0_0 .net "Rempty_flag", 0 0, o00000196b0e77068;  0 drivers
o00000196b0e77098 .functor BUFZ 3, C4<zzz>; HiZ drive
v00000196b0f7be50_0 .net "Wadder", 2 0, o00000196b0e77098;  0 drivers
o00000196b0e770c8 .functor BUFZ 1, C4<z>; HiZ drive
v00000196b0f7bef0_0 .net "Wclk", 0 0, o00000196b0e770c8;  0 drivers
o00000196b0e770f8 .functor BUFZ 1, C4<z>; HiZ drive
v00000196b0e72e00_0 .net "Wclken", 0 0, o00000196b0e770f8;  0 drivers
o00000196b0e77128 .functor BUFZ 8, C4<zzzzzzzz>; HiZ drive
v00000196b0e72ea0_0 .net "Wrdata", 7 0, o00000196b0e77128;  0 drivers
E_00000196b0f7c130 .event posedge, v00000196b0f7bc70_0;
E_00000196b0f7c8b0 .event posedge, v00000196b0f7bef0_0;
    .scope S_00000196b0e42c40;
T_0 ;
    %wait E_00000196b0f7c8b0;
    %load/vec4 v00000196b0e72e00_0;
    %flag_set/vec4 8;
    %jmp/0xz  T_0.0, 8;
    %load/vec4 v00000196b0e72ea0_0;
    %load/vec4 v00000196b0f7be50_0;
    %pad/u 5;
    %ix/vec4 3;
    %ix/load 4, 0, 0; Constant delay
    %assign/vec4/a/d v00000196b0e42e80, 0, 4;
T_0.0 ;
    %jmp T_0;
    .thread T_0;
    .scope S_00000196b0e42c40;
T_1 ;
    %wait E_00000196b0f7c130;
    %load/vec4 v00000196b0f7bdb0_0;
    %nor/r;
    %flag_set/vec4 8;
    %jmp/0xz  T_1.0, 8;
    %load/vec4 v00000196b0e42f20_0;
    %pad/u 5;
    %ix/vec4 4;
    %load/vec4a v00000196b0e42e80, 4;
    %assign/vec4 v00000196b0f7bd10_0, 0;
T_1.0 ;
    %jmp T_1;
    .thread T_1;
# The file index is used to find the file name in the following table.
:file_names 3;
    "N/A";
    "<interactive>";
    "FIFO_MEMORY.v";
