#! /c/Source/iverilog-install/bin/vvp
:ivl_version "12.0 (devel)" "(s20150603-1539-g2693dd32b)";
:ivl_delay_selection "TYPICAL";
:vpi_time_precision + 0;
:vpi_module "C:\iverilog\lib\ivl\system.vpi";
:vpi_module "C:\iverilog\lib\ivl\vhdl_sys.vpi";
:vpi_module "C:\iverilog\lib\ivl\vhdl_textio.vpi";
:vpi_module "C:\iverilog\lib\ivl\v2005_math.vpi";
:vpi_module "C:\iverilog\lib\ivl\va_math.vpi";
S_0000017f3cb6b780 .scope module, "FIFO_wptr_wfull" "FIFO_wptr_wfull" 2 1;
 .timescale 0 0;
    .port_info 0 /INPUT 1 "Wrst";
    .port_info 1 /INPUT 1 "Winc";
    .port_info 2 /INPUT 1 "Wclk";
    .port_info 3 /INPUT 4 "Wq2_rptr";
    .port_info 4 /OUTPUT 3 "Wadder";
    .port_info 5 /OUTPUT 4 "Wptr";
    .port_info 6 /OUTPUT 1 "Wfull";
P_0000017f3cbb8d10 .param/l "Address_width" 0 2 2, +C4<00000000000000000000000000000011>;
v0000017f3cb6bbf0_0 .var "Rptr_sync1", 3 0;
v0000017f3cb82f30_0 .var "Rptr_sync2", 3 0;
v0000017f3cb6bc90_0 .net "Wadder", 2 0, L_0000017f3cbffa50;  1 drivers
v0000017f3cb6bd30_0 .var "Wbin_current", 3 0;
v0000017f3cb6bdd0_0 .var "Wbin_next", 3 0;
o0000017f3cbba078 .functor BUFZ 1, C4<z>; HiZ drive
v0000017f3cb6be70_0 .net "Wclk", 0 0, o0000017f3cbba078;  0 drivers
v0000017f3cb6bf10_0 .var "Wfull", 0 0;
v0000017f3cbb4630_0 .var "Wgray_next", 3 0;
o0000017f3cbba108 .functor BUFZ 1, C4<z>; HiZ drive
v0000017f3cbb46d0_0 .net "Winc", 0 0, o0000017f3cbba108;  0 drivers
v0000017f3cbb4770_0 .var "Wptr", 3 0;
o0000017f3cbba168 .functor BUFZ 4, C4<zzzz>; HiZ drive
v0000017f3cbb4810_0 .net "Wq2_rptr", 3 0, o0000017f3cbba168;  0 drivers
o0000017f3cbba198 .functor BUFZ 1, C4<z>; HiZ drive
v0000017f3cbb48b0_0 .net "Wrst", 0 0, o0000017f3cbba198;  0 drivers
E_0000017f3cbb8fd0/0 .event negedge, v0000017f3cbb48b0_0;
E_0000017f3cbb8fd0/1 .event posedge, v0000017f3cb6be70_0;
E_0000017f3cbb8fd0 .event/or E_0000017f3cbb8fd0/0, E_0000017f3cbb8fd0/1;
E_0000017f3cbb8410 .event posedge, v0000017f3cb6be70_0;
E_0000017f3cbb5490 .event anyedge, v0000017f3cb6bd30_0, v0000017f3cbb46d0_0, v0000017f3cb6bf10_0, v0000017f3cb6bdd0_0;
L_0000017f3cbffa50 .part v0000017f3cb6bd30_0, 0, 3;
    .scope S_0000017f3cb6b780;
T_0 ;
    %wait E_0000017f3cbb5490;
    %load/vec4 v0000017f3cb6bd30_0;
    %load/vec4 v0000017f3cbb46d0_0;
    %pad/u 4;
    %load/vec4 v0000017f3cb6bf10_0;
    %pad/u 4;
    %inv;
    %and;
    %add;
    %store/vec4 v0000017f3cb6bdd0_0, 0, 4;
    %load/vec4 v0000017f3cb6bdd0_0;
    %ix/load 4, 1, 0;
    %flag_set/imm 4, 0;
    %shiftr 4;
    %load/vec4 v0000017f3cb6bdd0_0;
    %xor;
    %store/vec4 v0000017f3cbb4630_0, 0, 4;
    %jmp T_0;
    .thread T_0, $push;
    .scope S_0000017f3cb6b780;
T_1 ;
    %wait E_0000017f3cbb8fd0;
    %load/vec4 v0000017f3cbb48b0_0;
    %nor/r;
    %flag_set/vec4 8;
    %jmp/0xz  T_1.0, 8;
    %pushi/vec4 0, 0, 4;
    %assign/vec4 v0000017f3cb6bd30_0, 0;
    %pushi/vec4 0, 0, 4;
    %assign/vec4 v0000017f3cbb4770_0, 0;
    %jmp T_1.1;
T_1.0 ;
    %load/vec4 v0000017f3cb6bdd0_0;
    %assign/vec4 v0000017f3cb6bd30_0, 0;
    %load/vec4 v0000017f3cbb4630_0;
    %assign/vec4 v0000017f3cbb4770_0, 0;
T_1.1 ;
    %jmp T_1;
    .thread T_1;
    .scope S_0000017f3cb6b780;
T_2 ;
    %wait E_0000017f3cbb8410;
    %load/vec4 v0000017f3cbb4810_0;
    %assign/vec4 v0000017f3cb6bbf0_0, 0;
    %load/vec4 v0000017f3cb6bbf0_0;
    %assign/vec4 v0000017f3cb82f30_0, 0;
    %jmp T_2;
    .thread T_2;
    .scope S_0000017f3cb6b780;
T_3 ;
    %wait E_0000017f3cbb8fd0;
    %load/vec4 v0000017f3cbb48b0_0;
    %nor/r;
    %flag_set/vec4 8;
    %jmp/0xz  T_3.0, 8;
    %pushi/vec4 0, 0, 1;
    %assign/vec4 v0000017f3cb6bf10_0, 0;
    %jmp T_3.1;
T_3.0 ;
    %load/vec4 v0000017f3cbb4630_0;
    %parti/s 1, 3, 3;
    %load/vec4 v0000017f3cb82f30_0;
    %parti/s 1, 3, 3;
    %cmp/ne;
    %flag_get/vec4 4;
    %jmp/0 T_3.3, 4;
    %load/vec4 v0000017f3cbb4630_0;
    %parti/s 1, 2, 3;
    %load/vec4 v0000017f3cb82f30_0;
    %parti/s 1, 2, 3;
    %cmp/ne;
    %flag_get/vec4 4;
    %and;
T_3.3;
    %flag_set/vec4 8;
    %flag_get/vec4 8;
    %jmp/0 T_3.2, 8;
    %load/vec4 v0000017f3cbb4630_0;
    %parti/s 2, 0, 2;
    %load/vec4 v0000017f3cb82f30_0;
    %parti/s 2, 0, 2;
    %cmp/e;
    %flag_get/vec4 4;
    %and;
T_3.2;
    %assign/vec4 v0000017f3cb6bf10_0, 0;
T_3.1 ;
    %jmp T_3;
    .thread T_3;
# The file index is used to find the file name in the following table.
:file_names 3;
    "N/A";
    "<interactive>";
    "FIFO_wprt_wfull.v";
