#! /c/Source/iverilog-install/bin/vvp
:ivl_version "12.0 (devel)" "(s20150603-1539-g2693dd32b)";
:ivl_delay_selection "TYPICAL";
:vpi_time_precision + 0;
:vpi_module "C:\iverilog\lib\ivl\system.vpi";
:vpi_module "C:\iverilog\lib\ivl\vhdl_sys.vpi";
:vpi_module "C:\iverilog\lib\ivl\vhdl_textio.vpi";
:vpi_module "C:\iverilog\lib\ivl\v2005_math.vpi";
:vpi_module "C:\iverilog\lib\ivl\va_math.vpi";
S_000001d6fac42ad0 .scope module, "mux_2x1_en" "mux_2x1_en" 2 1;
 .timescale 0 0;
    .port_info 0 /INPUT 1 "i0";
    .port_info 1 /INPUT 1 "i1";
    .port_info 2 /INPUT 1 "s";
    .port_info 3 /INPUT 1 "en";
    .port_info 4 /OUTPUT 1 "out";
o000001d6fac76fa8 .functor BUFZ 1, C4<z>; HiZ drive
v000001d6fac43240_0 .net "en", 0 0, o000001d6fac76fa8;  0 drivers
o000001d6fac76fd8 .functor BUFZ 1, C4<z>; HiZ drive
v000001d6fac42c60_0 .net "i0", 0 0, o000001d6fac76fd8;  0 drivers
o000001d6fac77008 .functor BUFZ 1, C4<z>; HiZ drive
v000001d6fac42d00_0 .net "i1", 0 0, o000001d6fac77008;  0 drivers
v000001d6fac42da0_0 .var "out", 0 0;
o000001d6fac77068 .functor BUFZ 1, C4<z>; HiZ drive
v000001d6fabbe7c0_0 .net "s", 0 0, o000001d6fac77068;  0 drivers
E_000001d6fac75300 .event anyedge, v000001d6fac43240_0, v000001d6fabbe7c0_0, v000001d6fac42d00_0, v000001d6fac42c60_0;
    .scope S_000001d6fac42ad0;
T_0 ;
    %wait E_000001d6fac75300;
    %load/vec4 v000001d6fac43240_0;
    %flag_set/vec4 8;
    %jmp/0xz  T_0.0, 8;
    %load/vec4 v000001d6fabbe7c0_0;
    %flag_set/vec4 8;
    %jmp/0 T_0.2, 8;
    %load/vec4 v000001d6fac42d00_0;
    %jmp/1 T_0.3, 8;
T_0.2 ; End of true expr.
    %load/vec4 v000001d6fac42c60_0;
    %jmp/0 T_0.3, 8;
 ; End of false expr.
    %blend;
T_0.3;
    %store/vec4 v000001d6fac42da0_0, 0, 1;
    %jmp T_0.1;
T_0.0 ;
    %pushi/vec4 0, 0, 1;
    %store/vec4 v000001d6fac42da0_0, 0, 1;
T_0.1 ;
    %jmp T_0;
    .thread T_0, $push;
# The file index is used to find the file name in the following table.
:file_names 3;
    "N/A";
    "<interactive>";
    "2x1_en_mux.v";
