#! /c/Source/iverilog-install/bin/vvp
:ivl_version "12.0 (devel)" "(s20150603-1539-g2693dd32b)";
:ivl_delay_selection "TYPICAL";
:vpi_time_precision + 0;
:vpi_module "C:\iverilog\lib\ivl\system.vpi";
:vpi_module "C:\iverilog\lib\ivl\vhdl_sys.vpi";
:vpi_module "C:\iverilog\lib\ivl\vhdl_textio.vpi";
:vpi_module "C:\iverilog\lib\ivl\v2005_math.vpi";
:vpi_module "C:\iverilog\lib\ivl\va_math.vpi";
S_0000024605776c30 .scope module, "adder_8bit" "adder_8bit" 2 1;
 .timescale 0 0;
    .port_info 0 /INPUT 8 "a";
    .port_info 1 /INPUT 8 "b";
    .port_info 2 /OUTPUT 8 "sum";
o0000024605776dc8 .functor BUFZ 8, C4<zzzzzzzz>; HiZ drive
v0000024605743190_0 .net "a", 7 0, o0000024605776dc8;  0 drivers
o0000024605776df8 .functor BUFZ 8, C4<zzzzzzzz>; HiZ drive
v0000024605742dc0_0 .net "b", 7 0, o0000024605776df8;  0 drivers
v000002460585e870_0 .net "sum", 7 0, L_000002460585e910;  1 drivers
L_000002460585e910 .arith/sum 8, o0000024605776dc8, o0000024605776df8;
# The file index is used to find the file name in the following table.
:file_names 3;
    "N/A";
    "<interactive>";
    "adder.v";
