#! /c/Source/iverilog-install/bin/vvp
:ivl_version "12.0 (devel)" "(s20150603-1539-g2693dd32b)";
:ivl_delay_selection "TYPICAL";
:vpi_time_precision + 0;
:vpi_module "C:\iverilog\lib\ivl\system.vpi";
:vpi_module "C:\iverilog\lib\ivl\vhdl_sys.vpi";
:vpi_module "C:\iverilog\lib\ivl\vhdl_textio.vpi";
:vpi_module "C:\iverilog\lib\ivl\v2005_math.vpi";
:vpi_module "C:\iverilog\lib\ivl\va_math.vpi";
S_0000025bac6c4ce0 .scope module, "Control_Unit" "Control_Unit" 2 1;
 .timescale 0 0;
    .port_info 0 /INPUT 1 "clk";
    .port_info 1 /INPUT 1 "rst";
    .port_info 2 /INPUT 8 "opcode";
    .port_info 3 /INPUT 4 "flags";
    .port_info 4 /INPUT 1 "INTR_in";
    .port_info 5 /OUTPUT 2 "old_rb";
    .port_info 6 /OUTPUT 2 "MUX_RDATA_Sel";
    .port_info 7 /OUTPUT 2 "MUX_DMEM_WD_Sel";
    .port_info 8 /OUTPUT 2 "MUX_DMEM_A_Sel";
    .port_info 9 /OUTPUT 1 "MUX_OUT_Sel";
    .port_info 10 /OUTPUT 2 "PC_Sel";
    .port_info 11 /OUTPUT 2 "ADDR_Sel";
    .port_info 12 /OUTPUT 1 "branch_taken_E";
    .port_info 13 /OUTPUT 1 "is_2byte_D";
    .port_info 14 /OUTPUT 1 "F_Save";
    .port_info 15 /OUTPUT 1 "F_Restore";
    .port_info 16 /OUTPUT 1 "SP_Sel";
    .port_info 17 /OUTPUT 1 "RD2_Sel";
    .port_info 18 /OUTPUT 1 "OUT_PORT_sel";
    .port_info 19 /OUTPUT 1 "wr_en_dmem";
    .port_info 20 /OUTPUT 1 "rd_en";
    .port_info 21 /OUTPUT 1 "wr_en_regf";
    .port_info 22 /OUTPUT 1 "is_ret";
    .port_info 23 /OUTPUT 6 "alu_control";
P_0000025bac60bf50 .param/l "IDLE" 1 2 43, C4<00>;
P_0000025bac60bf88 .param/l "SECOND_BYTE" 1 2 43, C4<01>;
v0000025bac693020_0 .var "ADDR_Sel", 1 0;
v0000025bac693240_0 .var "F_Restore", 0 0;
v0000025bac6c4e70_0 .var "F_Save", 0 0;
o0000025bac7128c8 .functor BUFZ 1, C4<z>; HiZ drive
v0000025bac692b50_0 .net "INTR_in", 0 0, o0000025bac7128c8;  0 drivers
v0000025bac692bf0_0 .var "MUX_DMEM_A_Sel", 1 0;
v0000025bac692c90_0 .var "MUX_DMEM_WD_Sel", 1 0;
v0000025bac692d30_0 .var "MUX_OUT_Sel", 0 0;
v0000025bac769d10_0 .var "MUX_RDATA_Sel", 1 0;
v0000025bac769db0_0 .var "OUT_PORT_sel", 0 0;
v0000025bac769e50_0 .var "PC_Sel", 1 0;
v0000025bac769ef0_0 .var "RD2_Sel", 0 0;
v0000025bac769f90_0 .var "SP_Sel", 0 0;
v0000025bac76a030_0 .var "alu_control", 5 0;
v0000025bac76a940_0 .var "branch_taken_E", 0 0;
o0000025bac712ad8 .functor BUFZ 1, C4<z>; HiZ drive
v0000025bac76a8a0_0 .net "clk", 0 0, o0000025bac712ad8;  0 drivers
v0000025bac76a760_0 .var "current_state", 1 0;
o0000025bac712b38 .functor BUFZ 4, C4<zzzz>; HiZ drive
v0000025bac76a800_0 .net "flags", 3 0, o0000025bac712b38;  0 drivers
v0000025bac76ae40_0 .var "instr_brx", 1 0;
v0000025bac76a9e0_0 .var "instr_opcode", 3 0;
v0000025bac76aee0_0 .var "instr_ra", 1 0;
v0000025bac76a3a0_0 .var "instr_rb", 1 0;
v0000025bac76aa80_0 .var "is_2byte_D", 0 0;
v0000025bac76a260_0 .var "is_ret", 0 0;
v0000025bac76a120_0 .var "next_state", 1 0;
v0000025bac76ab20_0 .var "old_rb", 1 0;
o0000025bac712ce8 .functor BUFZ 8, C4<zzzzzzzz>; HiZ drive
v0000025bac76abc0_0 .net "opcode", 7 0, o0000025bac712ce8;  0 drivers
v0000025bac76a1c0_0 .var "rd_en", 0 0;
o0000025bac712d48 .functor BUFZ 1, C4<z>; HiZ drive
v0000025bac76ac60_0 .net "rst", 0 0, o0000025bac712d48;  0 drivers
v0000025bac76a6c0_0 .var "storage", 7 0;
v0000025bac76a4e0_0 .var "wr_en_dmem", 0 0;
v0000025bac76b020_0 .var "wr_en_regf", 0 0;
E_0000025bac70e780/0 .event anyedge, v0000025bac76abc0_0, v0000025bac76a760_0, v0000025bac76ac60_0, v0000025bac692b50_0;
E_0000025bac70e780/1 .event anyedge, v0000025bac76a9e0_0, v0000025bac76aee0_0, v0000025bac76ae40_0, v0000025bac76a800_0;
E_0000025bac70e780/2 .event anyedge, v0000025bac76a6c0_0;
E_0000025bac70e780 .event/or E_0000025bac70e780/0, E_0000025bac70e780/1, E_0000025bac70e780/2;
E_0000025bac70e080/0 .event negedge, v0000025bac76ac60_0;
E_0000025bac70e080/1 .event posedge, v0000025bac76a8a0_0;
E_0000025bac70e080 .event/or E_0000025bac70e080/0, E_0000025bac70e080/1;
    .scope S_0000025bac6c4ce0;
T_0 ;
    %wait E_0000025bac70e080;
    %load/vec4 v0000025bac76ac60_0;
    %inv;
    %flag_set/vec4 8;
    %jmp/0xz  T_0.0, 8;
    %pushi/vec4 0, 0, 2;
    %assign/vec4 v0000025bac76a760_0, 0;
    %jmp T_0.1;
T_0.0 ;
    %load/vec4 v0000025bac76a120_0;
    %assign/vec4 v0000025bac76a760_0, 0;
T_0.1 ;
    %jmp T_0;
    .thread T_0;
    .scope S_0000025bac6c4ce0;
T_1 ;
    %wait E_0000025bac70e780;
    %pushi/vec4 0, 0, 2;
    %store/vec4 v0000025bac76a120_0, 0, 2;
    %load/vec4 v0000025bac76abc0_0;
    %parti/s 4, 4, 4;
    %store/vec4 v0000025bac76a9e0_0, 0, 4;
    %load/vec4 v0000025bac76abc0_0;
    %parti/s 2, 2, 3;
    %store/vec4 v0000025bac76aee0_0, 0, 2;
    %load/vec4 v0000025bac76abc0_0;
    %parti/s 2, 0, 2;
    %store/vec4 v0000025bac76a3a0_0, 0, 2;
    %load/vec4 v0000025bac76abc0_0;
    %parti/s 2, 2, 3;
    %store/vec4 v0000025bac76ae40_0, 0, 2;
    %load/vec4 v0000025bac76a760_0;
    %dup/vec4;
    %pushi/vec4 0, 0, 2;
    %cmp/u;
    %jmp/1 T_1.0, 6;
    %dup/vec4;
    %pushi/vec4 1, 0, 2;
    %cmp/u;
    %jmp/1 T_1.1, 6;
    %pushi/vec4 0, 0, 2;
    %store/vec4 v0000025bac76a120_0, 0, 2;
    %jmp T_1.3;
T_1.0 ;
    %load/vec4 v0000025bac76ac60_0;
    %inv;
    %flag_set/vec4 8;
    %jmp/0xz  T_1.4, 8;
    %pushi/vec4 0, 0, 2;
    %store/vec4 v0000025bac76ab20_0, 0, 2;
    %pushi/vec4 0, 0, 2;
    %store/vec4 v0000025bac769d10_0, 0, 2;
    %pushi/vec4 0, 0, 2;
    %store/vec4 v0000025bac692c90_0, 0, 2;
    %pushi/vec4 0, 0, 2;
    %store/vec4 v0000025bac692bf0_0, 0, 2;
    %pushi/vec4 0, 0, 1;
    %store/vec4 v0000025bac692d30_0, 0, 1;
    %pushi/vec4 1, 0, 2;
    %store/vec4 v0000025bac769e50_0, 0, 2;
    %pushi/vec4 0, 0, 2;
    %store/vec4 v0000025bac693020_0, 0, 2;
    %pushi/vec4 0, 0, 1;
    %store/vec4 v0000025bac76a4e0_0, 0, 1;
    %pushi/vec4 0, 0, 1;
    %store/vec4 v0000025bac76a1c0_0, 0, 1;
    %pushi/vec4 0, 0, 1;
    %store/vec4 v0000025bac76b020_0, 0, 1;
    %pushi/vec4 0, 0, 1;
    %store/vec4 v0000025bac76a260_0, 0, 1;
    %pushi/vec4 0, 0, 6;
    %store/vec4 v0000025bac76a030_0, 0, 6;
    %pushi/vec4 0, 0, 1;
    %store/vec4 v0000025bac76a940_0, 0, 1;
    %pushi/vec4 0, 0, 1;
    %store/vec4 v0000025bac6c4e70_0, 0, 1;
    %pushi/vec4 0, 0, 1;
    %store/vec4 v0000025bac693240_0, 0, 1;
    %pushi/vec4 0, 0, 1;
    %store/vec4 v0000025bac769f90_0, 0, 1;
    %pushi/vec4 0, 0, 8;
    %store/vec4 v0000025bac76a6c0_0, 0, 8;
    %pushi/vec4 0, 0, 1;
    %store/vec4 v0000025bac769ef0_0, 0, 1;
    %pushi/vec4 0, 0, 1;
    %store/vec4 v0000025bac769db0_0, 0, 1;
    %jmp T_1.5;
T_1.4 ;
    %load/vec4 v0000025bac692b50_0;
    %flag_set/vec4 8;
    %jmp/0xz  T_1.6, 8;
    %pushi/vec4 0, 0, 2;
    %store/vec4 v0000025bac76ab20_0, 0, 2;
    %pushi/vec4 0, 0, 2;
    %store/vec4 v0000025bac769d10_0, 0, 2;
    %pushi/vec4 3, 0, 2;
    %store/vec4 v0000025bac692c90_0, 0, 2;
    %pushi/vec4 1, 0, 2;
    %store/vec4 v0000025bac692bf0_0, 0, 2;
    %pushi/vec4 2, 0, 2;
    %store/vec4 v0000025bac769e50_0, 0, 2;
    %pushi/vec4 2, 0, 2;
    %store/vec4 v0000025bac693020_0, 0, 2;
    %pushi/vec4 1, 0, 1;
    %store/vec4 v0000025bac76a4e0_0, 0, 1;
    %pushi/vec4 0, 0, 1;
    %store/vec4 v0000025bac76a1c0_0, 0, 1;
    %pushi/vec4 1, 0, 1;
    %store/vec4 v0000025bac76b020_0, 0, 1;
    %pushi/vec4 0, 0, 1;
    %store/vec4 v0000025bac76a260_0, 0, 1;
    %pushi/vec4 32, 0, 6;
    %store/vec4 v0000025bac76a030_0, 0, 6;
    %pushi/vec4 0, 0, 1;
    %store/vec4 v0000025bac76a940_0, 0, 1;
    %pushi/vec4 1, 0, 1;
    %store/vec4 v0000025bac6c4e70_0, 0, 1;
    %pushi/vec4 0, 0, 1;
    %store/vec4 v0000025bac769f90_0, 0, 1;
    %jmp T_1.7;
T_1.6 ;
    %load/vec4 v0000025bac76a9e0_0;
    %pad/u 32;
    %cmpi/e 12, 0, 32;
    %jmp/0xz  T_1.8, 4;
    %load/vec4 v0000025bac76abc0_0;
    %store/vec4 v0000025bac76a6c0_0, 0, 8;
    %pushi/vec4 1, 0, 2;
    %store/vec4 v0000025bac76a120_0, 0, 2;
    %pushi/vec4 1, 0, 1;
    %store/vec4 v0000025bac76aa80_0, 0, 1;
    %pushi/vec4 0, 0, 2;
    %store/vec4 v0000025bac769d10_0, 0, 2;
    %pushi/vec4 0, 0, 2;
    %store/vec4 v0000025bac692c90_0, 0, 2;
    %pushi/vec4 0, 0, 2;
    %store/vec4 v0000025bac692bf0_0, 0, 2;
    %pushi/vec4 0, 0, 1;
    %store/vec4 v0000025bac692d30_0, 0, 1;
    %pushi/vec4 0, 0, 2;
    %store/vec4 v0000025bac769e50_0, 0, 2;
    %pushi/vec4 0, 0, 2;
    %store/vec4 v0000025bac693020_0, 0, 2;
    %pushi/vec4 0, 0, 1;
    %store/vec4 v0000025bac76a4e0_0, 0, 1;
    %pushi/vec4 0, 0, 1;
    %store/vec4 v0000025bac76a1c0_0, 0, 1;
    %pushi/vec4 0, 0, 1;
    %store/vec4 v0000025bac76b020_0, 0, 1;
    %pushi/vec4 0, 0, 1;
    %store/vec4 v0000025bac76a260_0, 0, 1;
    %pushi/vec4 0, 0, 6;
    %store/vec4 v0000025bac76a030_0, 0, 6;
    %pushi/vec4 0, 0, 1;
    %store/vec4 v0000025bac76a940_0, 0, 1;
    %pushi/vec4 0, 0, 1;
    %store/vec4 v0000025bac6c4e70_0, 0, 1;
    %pushi/vec4 0, 0, 1;
    %store/vec4 v0000025bac693240_0, 0, 1;
    %pushi/vec4 0, 0, 1;
    %store/vec4 v0000025bac769f90_0, 0, 1;
    %pushi/vec4 0, 0, 1;
    %store/vec4 v0000025bac769ef0_0, 0, 1;
    %pushi/vec4 0, 0, 1;
    %store/vec4 v0000025bac769db0_0, 0, 1;
    %jmp T_1.9;
T_1.8 ;
    %load/vec4 v0000025bac76a9e0_0;
    %dup/vec4;
    %pushi/vec4 0, 0, 4;
    %cmp/u;
    %jmp/1 T_1.10, 6;
    %dup/vec4;
    %pushi/vec4 1, 0, 4;
    %cmp/u;
    %jmp/1 T_1.11, 6;
    %dup/vec4;
    %pushi/vec4 2, 0, 4;
    %cmp/u;
    %jmp/1 T_1.12, 6;
    %dup/vec4;
    %pushi/vec4 3, 0, 4;
    %cmp/u;
    %jmp/1 T_1.13, 6;
    %dup/vec4;
    %pushi/vec4 4, 0, 4;
    %cmp/u;
    %jmp/1 T_1.14, 6;
    %dup/vec4;
    %pushi/vec4 5, 0, 4;
    %cmp/u;
    %jmp/1 T_1.15, 6;
    %dup/vec4;
    %pushi/vec4 6, 0, 4;
    %cmp/u;
    %jmp/1 T_1.16, 6;
    %dup/vec4;
    %pushi/vec4 7, 0, 4;
    %cmp/u;
    %jmp/1 T_1.17, 6;
    %dup/vec4;
    %pushi/vec4 8, 0, 4;
    %cmp/u;
    %jmp/1 T_1.18, 6;
    %dup/vec4;
    %pushi/vec4 9, 0, 4;
    %cmp/u;
    %jmp/1 T_1.19, 6;
    %dup/vec4;
    %pushi/vec4 10, 0, 4;
    %cmp/u;
    %jmp/1 T_1.20, 6;
    %dup/vec4;
    %pushi/vec4 11, 0, 4;
    %cmp/u;
    %jmp/1 T_1.21, 6;
    %dup/vec4;
    %pushi/vec4 13, 0, 4;
    %cmp/u;
    %jmp/1 T_1.22, 6;
    %dup/vec4;
    %pushi/vec4 14, 0, 4;
    %cmp/u;
    %jmp/1 T_1.23, 6;
    %pushi/vec4 0, 0, 2;
    %store/vec4 v0000025bac769e50_0, 0, 2;
    %pushi/vec4 0, 0, 1;
    %store/vec4 v0000025bac76a4e0_0, 0, 1;
    %pushi/vec4 0, 0, 1;
    %store/vec4 v0000025bac76a1c0_0, 0, 1;
    %pushi/vec4 0, 0, 1;
    %store/vec4 v0000025bac76b020_0, 0, 1;
    %pushi/vec4 0, 0, 1;
    %store/vec4 v0000025bac76a260_0, 0, 1;
    %pushi/vec4 0, 0, 6;
    %store/vec4 v0000025bac76a030_0, 0, 6;
    %pushi/vec4 0, 0, 1;
    %store/vec4 v0000025bac769ef0_0, 0, 1;
    %jmp T_1.25;
T_1.10 ;
    %pushi/vec4 0, 0, 6;
    %store/vec4 v0000025bac76a030_0, 0, 6;
    %pushi/vec4 0, 0, 2;
    %store/vec4 v0000025bac769e50_0, 0, 2;
    %jmp T_1.25;
T_1.11 ;
    %pushi/vec4 1, 0, 6;
    %store/vec4 v0000025bac76a030_0, 0, 6;
    %pushi/vec4 0, 0, 2;
    %store/vec4 v0000025bac693020_0, 0, 2;
    %pushi/vec4 1, 0, 2;
    %store/vec4 v0000025bac769d10_0, 0, 2;
    %pushi/vec4 1, 0, 1;
    %store/vec4 v0000025bac76b020_0, 0, 1;
    %pushi/vec4 0, 0, 2;
    %store/vec4 v0000025bac769e50_0, 0, 2;
    %jmp T_1.25;
T_1.12 ;
    %pushi/vec4 2, 0, 6;
    %store/vec4 v0000025bac76a030_0, 0, 6;
    %pushi/vec4 1, 0, 1;
    %store/vec4 v0000025bac692d30_0, 0, 1;
    %pushi/vec4 0, 0, 2;
    %store/vec4 v0000025bac693020_0, 0, 2;
    %pushi/vec4 2, 0, 2;
    %store/vec4 v0000025bac769d10_0, 0, 2;
    %pushi/vec4 1, 0, 1;
    %store/vec4 v0000025bac76b020_0, 0, 1;
    %pushi/vec4 0, 0, 2;
    %store/vec4 v0000025bac769e50_0, 0, 2;
    %jmp T_1.25;
T_1.13 ;
    %pushi/vec4 3, 0, 6;
    %store/vec4 v0000025bac76a030_0, 0, 6;
    %pushi/vec4 1, 0, 1;
    %store/vec4 v0000025bac692d30_0, 0, 1;
    %pushi/vec4 0, 0, 2;
    %store/vec4 v0000025bac693020_0, 0, 2;
    %pushi/vec4 2, 0, 2;
    %store/vec4 v0000025bac769d10_0, 0, 2;
    %pushi/vec4 1, 0, 1;
    %store/vec4 v0000025bac76b020_0, 0, 1;
    %pushi/vec4 0, 0, 2;
    %store/vec4 v0000025bac769e50_0, 0, 2;
    %jmp T_1.25;
T_1.14 ;
    %pushi/vec4 4, 0, 6;
    %store/vec4 v0000025bac76a030_0, 0, 6;
    %pushi/vec4 1, 0, 1;
    %store/vec4 v0000025bac692d30_0, 0, 1;
    %pushi/vec4 0, 0, 2;
    %store/vec4 v0000025bac693020_0, 0, 2;
    %pushi/vec4 2, 0, 2;
    %store/vec4 v0000025bac769d10_0, 0, 2;
    %pushi/vec4 1, 0, 1;
    %store/vec4 v0000025bac76b020_0, 0, 1;
    %pushi/vec4 0, 0, 2;
    %store/vec4 v0000025bac769e50_0, 0, 2;
    %jmp T_1.25;
T_1.15 ;
    %pushi/vec4 5, 0, 6;
    %store/vec4 v0000025bac76a030_0, 0, 6;
    %pushi/vec4 1, 0, 1;
    %store/vec4 v0000025bac692d30_0, 0, 1;
    %pushi/vec4 0, 0, 2;
    %store/vec4 v0000025bac693020_0, 0, 2;
    %pushi/vec4 2, 0, 2;
    %store/vec4 v0000025bac769d10_0, 0, 2;
    %pushi/vec4 1, 0, 1;
    %store/vec4 v0000025bac76b020_0, 0, 1;
    %pushi/vec4 0, 0, 2;
    %store/vec4 v0000025bac769e50_0, 0, 2;
    %jmp T_1.25;
T_1.16 ;
    %load/vec4 v0000025bac76aee0_0;
    %dup/vec4;
    %pushi/vec4 0, 0, 2;
    %cmp/u;
    %jmp/1 T_1.26, 6;
    %dup/vec4;
    %pushi/vec4 1, 0, 2;
    %cmp/u;
    %jmp/1 T_1.27, 6;
    %dup/vec4;
    %pushi/vec4 2, 0, 2;
    %cmp/u;
    %jmp/1 T_1.28, 6;
    %dup/vec4;
    %pushi/vec4 3, 0, 2;
    %cmp/u;
    %jmp/1 T_1.29, 6;
    %jmp T_1.30;
T_1.26 ;
    %pushi/vec4 10, 0, 6;
    %store/vec4 v0000025bac76a030_0, 0, 6;
    %pushi/vec4 1, 0, 1;
    %store/vec4 v0000025bac692d30_0, 0, 1;
    %pushi/vec4 1, 0, 2;
    %store/vec4 v0000025bac693020_0, 0, 2;
    %pushi/vec4 2, 0, 2;
    %store/vec4 v0000025bac769d10_0, 0, 2;
    %pushi/vec4 1, 0, 1;
    %store/vec4 v0000025bac76b020_0, 0, 1;
    %jmp T_1.30;
T_1.27 ;
    %pushi/vec4 11, 0, 6;
    %store/vec4 v0000025bac76a030_0, 0, 6;
    %pushi/vec4 1, 0, 1;
    %store/vec4 v0000025bac692d30_0, 0, 1;
    %pushi/vec4 1, 0, 2;
    %store/vec4 v0000025bac693020_0, 0, 2;
    %pushi/vec4 2, 0, 2;
    %store/vec4 v0000025bac769d10_0, 0, 2;
    %pushi/vec4 1, 0, 1;
    %store/vec4 v0000025bac76b020_0, 0, 1;
    %jmp T_1.30;
T_1.28 ;
    %pushi/vec4 8, 0, 6;
    %store/vec4 v0000025bac76a030_0, 0, 6;
    %jmp T_1.30;
T_1.29 ;
    %pushi/vec4 9, 0, 6;
    %store/vec4 v0000025bac76a030_0, 0, 6;
    %jmp T_1.30;
T_1.30 ;
    %pop/vec4 1;
    %pushi/vec4 0, 0, 2;
    %store/vec4 v0000025bac769e50_0, 0, 2;
    %jmp T_1.25;
T_1.17 ;
    %load/vec4 v0000025bac76aee0_0;
    %dup/vec4;
    %pushi/vec4 0, 0, 2;
    %cmp/u;
    %jmp/1 T_1.31, 6;
    %dup/vec4;
    %pushi/vec4 1, 0, 2;
    %cmp/u;
    %jmp/1 T_1.32, 6;
    %dup/vec4;
    %pushi/vec4 2, 0, 2;
    %cmp/u;
    %jmp/1 T_1.33, 6;
    %dup/vec4;
    %pushi/vec4 3, 0, 2;
    %cmp/u;
    %jmp/1 T_1.34, 6;
    %jmp T_1.35;
T_1.31 ;
    %pushi/vec4 10, 0, 6;
    %store/vec4 v0000025bac76a030_0, 0, 6;
    %pushi/vec4 1, 0, 2;
    %store/vec4 v0000025bac692c90_0, 0, 2;
    %pushi/vec4 1, 0, 2;
    %store/vec4 v0000025bac692bf0_0, 0, 2;
    %pushi/vec4 1, 0, 1;
    %store/vec4 v0000025bac76a4e0_0, 0, 1;
    %pushi/vec4 0, 0, 2;
    %store/vec4 v0000025bac769e50_0, 0, 2;
    %jmp T_1.35;
T_1.32 ;
    %pushi/vec4 11, 0, 6;
    %store/vec4 v0000025bac76a030_0, 0, 6;
    %pushi/vec4 1, 0, 1;
    %store/vec4 v0000025bac769f90_0, 0, 1;
    %pushi/vec4 2, 0, 2;
    %store/vec4 v0000025bac692bf0_0, 0, 2;
    %pushi/vec4 0, 0, 1;
    %store/vec4 v0000025bac692d30_0, 0, 1;
    %pushi/vec4 1, 0, 1;
    %store/vec4 v0000025bac76a1c0_0, 0, 1;
    %pushi/vec4 1, 0, 1;
    %store/vec4 v0000025bac76b020_0, 0, 1;
    %pushi/vec4 1, 0, 2;
    %store/vec4 v0000025bac693020_0, 0, 2;
    %pushi/vec4 0, 0, 2;
    %store/vec4 v0000025bac769e50_0, 0, 2;
    %jmp T_1.35;
T_1.33 ;
    %pushi/vec4 12, 0, 6;
    %store/vec4 v0000025bac76a030_0, 0, 6;
    %pushi/vec4 0, 0, 2;
    %store/vec4 v0000025bac769e50_0, 0, 2;
    %pushi/vec4 1, 0, 1;
    %store/vec4 v0000025bac769db0_0, 0, 1;
    %jmp T_1.35;
T_1.34 ;
    %pushi/vec4 13, 0, 6;
    %store/vec4 v0000025bac76a030_0, 0, 6;
    %pushi/vec4 1, 0, 1;
    %store/vec4 v0000025bac76b020_0, 0, 1;
    %pushi/vec4 1, 0, 2;
    %store/vec4 v0000025bac769d10_0, 0, 2;
    %pushi/vec4 1, 0, 2;
    %store/vec4 v0000025bac693020_0, 0, 2;
    %pushi/vec4 0, 0, 2;
    %store/vec4 v0000025bac769e50_0, 0, 2;
    %jmp T_1.35;
T_1.35 ;
    %pop/vec4 1;
    %jmp T_1.25;
T_1.18 ;
    %load/vec4 v0000025bac76aee0_0;
    %dup/vec4;
    %pushi/vec4 0, 0, 2;
    %cmp/u;
    %jmp/1 T_1.36, 6;
    %dup/vec4;
    %pushi/vec4 1, 0, 2;
    %cmp/u;
    %jmp/1 T_1.37, 6;
    %dup/vec4;
    %pushi/vec4 2, 0, 2;
    %cmp/u;
    %jmp/1 T_1.38, 6;
    %dup/vec4;
    %pushi/vec4 3, 0, 2;
    %cmp/u;
    %jmp/1 T_1.39, 6;
    %jmp T_1.40;
T_1.36 ;
    %pushi/vec4 14, 0, 6;
    %store/vec4 v0000025bac76a030_0, 0, 6;
    %pushi/vec4 1, 0, 1;
    %store/vec4 v0000025bac76b020_0, 0, 1;
    %pushi/vec4 1, 0, 2;
    %store/vec4 v0000025bac693020_0, 0, 2;
    %pushi/vec4 1, 0, 1;
    %store/vec4 v0000025bac692d30_0, 0, 1;
    %pushi/vec4 2, 0, 2;
    %store/vec4 v0000025bac769d10_0, 0, 2;
    %pushi/vec4 0, 0, 1;
    %store/vec4 v0000025bac76a4e0_0, 0, 1;
    %pushi/vec4 0, 0, 1;
    %store/vec4 v0000025bac76a1c0_0, 0, 1;
    %pushi/vec4 0, 0, 1;
    %store/vec4 v0000025bac769ef0_0, 0, 1;
    %jmp T_1.40;
T_1.37 ;
    %pushi/vec4 15, 0, 6;
    %store/vec4 v0000025bac76a030_0, 0, 6;
    %pushi/vec4 1, 0, 1;
    %store/vec4 v0000025bac76b020_0, 0, 1;
    %pushi/vec4 1, 0, 2;
    %store/vec4 v0000025bac693020_0, 0, 2;
    %pushi/vec4 1, 0, 1;
    %store/vec4 v0000025bac692d30_0, 0, 1;
    %pushi/vec4 2, 0, 2;
    %store/vec4 v0000025bac769d10_0, 0, 2;
    %pushi/vec4 0, 0, 1;
    %store/vec4 v0000025bac76a4e0_0, 0, 1;
    %pushi/vec4 0, 0, 1;
    %store/vec4 v0000025bac76a1c0_0, 0, 1;
    %pushi/vec4 0, 0, 1;
    %store/vec4 v0000025bac76a260_0, 0, 1;
    %pushi/vec4 0, 0, 1;
    %store/vec4 v0000025bac769ef0_0, 0, 1;
    %jmp T_1.40;
T_1.38 ;
    %pushi/vec4 16, 0, 6;
    %store/vec4 v0000025bac76a030_0, 0, 6;
    %pushi/vec4 1, 0, 1;
    %store/vec4 v0000025bac76b020_0, 0, 1;
    %pushi/vec4 1, 0, 2;
    %store/vec4 v0000025bac693020_0, 0, 2;
    %pushi/vec4 1, 0, 1;
    %store/vec4 v0000025bac692d30_0, 0, 1;
    %pushi/vec4 2, 0, 2;
    %store/vec4 v0000025bac769d10_0, 0, 2;
    %pushi/vec4 0, 0, 1;
    %store/vec4 v0000025bac76a4e0_0, 0, 1;
    %pushi/vec4 0, 0, 1;
    %store/vec4 v0000025bac76a1c0_0, 0, 1;
    %pushi/vec4 0, 0, 1;
    %store/vec4 v0000025bac76a260_0, 0, 1;
    %pushi/vec4 0, 0, 1;
    %store/vec4 v0000025bac769ef0_0, 0, 1;
    %jmp T_1.40;
T_1.39 ;
    %pushi/vec4 17, 0, 6;
    %store/vec4 v0000025bac76a030_0, 0, 6;
    %pushi/vec4 1, 0, 1;
    %store/vec4 v0000025bac76b020_0, 0, 1;
    %pushi/vec4 1, 0, 2;
    %store/vec4 v0000025bac693020_0, 0, 2;
    %pushi/vec4 1, 0, 1;
    %store/vec4 v0000025bac692d30_0, 0, 1;
    %pushi/vec4 2, 0, 2;
    %store/vec4 v0000025bac769d10_0, 0, 2;
    %pushi/vec4 0, 0, 1;
    %store/vec4 v0000025bac76a4e0_0, 0, 1;
    %pushi/vec4 0, 0, 1;
    %store/vec4 v0000025bac76a1c0_0, 0, 1;
    %pushi/vec4 0, 0, 1;
    %store/vec4 v0000025bac76a260_0, 0, 1;
    %pushi/vec4 0, 0, 1;
    %store/vec4 v0000025bac769ef0_0, 0, 1;
    %jmp T_1.40;
T_1.40 ;
    %pop/vec4 1;
    %pushi/vec4 0, 0, 2;
    %store/vec4 v0000025bac769e50_0, 0, 2;
    %jmp T_1.25;
T_1.19 ;
    %pushi/vec4 0, 0, 1;
    %store/vec4 v0000025bac76a940_0, 0, 1;
    %load/vec4 v0000025bac76ae40_0;
    %dup/vec4;
    %pushi/vec4 0, 0, 2;
    %cmp/u;
    %jmp/1 T_1.41, 6;
    %dup/vec4;
    %pushi/vec4 1, 0, 2;
    %cmp/u;
    %jmp/1 T_1.42, 6;
    %dup/vec4;
    %pushi/vec4 2, 0, 2;
    %cmp/u;
    %jmp/1 T_1.43, 6;
    %dup/vec4;
    %pushi/vec4 3, 0, 2;
    %cmp/u;
    %jmp/1 T_1.44, 6;
    %jmp T_1.45;
T_1.41 ;
    %pushi/vec4 18, 0, 6;
    %store/vec4 v0000025bac76a030_0, 0, 6;
    %load/vec4 v0000025bac76a800_0;
    %parti/s 1, 3, 3;
    %cmpi/e 1, 0, 1;
    %jmp/0xz  T_1.46, 4;
    %pushi/vec4 23, 0, 6;
    %store/vec4 v0000025bac76a030_0, 0, 6;
    %pushi/vec4 1, 0, 1;
    %store/vec4 v0000025bac692d30_0, 0, 1;
    %pushi/vec4 3, 0, 2;
    %store/vec4 v0000025bac769e50_0, 0, 2;
    %pushi/vec4 0, 0, 1;
    %store/vec4 v0000025bac76a260_0, 0, 1;
    %pushi/vec4 1, 0, 1;
    %store/vec4 v0000025bac76a940_0, 0, 1;
    %jmp T_1.47;
T_1.46 ;
    %pushi/vec4 0, 0, 2;
    %store/vec4 v0000025bac769e50_0, 0, 2;
T_1.47 ;
    %jmp T_1.45;
T_1.42 ;
    %pushi/vec4 19, 0, 6;
    %store/vec4 v0000025bac76a030_0, 0, 6;
    %load/vec4 v0000025bac76a800_0;
    %parti/s 1, 2, 3;
    %cmpi/e 1, 0, 1;
    %jmp/0xz  T_1.48, 4;
    %pushi/vec4 23, 0, 6;
    %store/vec4 v0000025bac76a030_0, 0, 6;
    %pushi/vec4 1, 0, 1;
    %store/vec4 v0000025bac692d30_0, 0, 1;
    %pushi/vec4 3, 0, 2;
    %store/vec4 v0000025bac769e50_0, 0, 2;
    %pushi/vec4 0, 0, 1;
    %store/vec4 v0000025bac76a260_0, 0, 1;
    %pushi/vec4 1, 0, 1;
    %store/vec4 v0000025bac76a940_0, 0, 1;
    %jmp T_1.49;
T_1.48 ;
    %pushi/vec4 0, 0, 2;
    %store/vec4 v0000025bac769e50_0, 0, 2;
T_1.49 ;
    %jmp T_1.45;
T_1.43 ;
    %pushi/vec4 20, 0, 6;
    %store/vec4 v0000025bac76a030_0, 0, 6;
    %load/vec4 v0000025bac76a800_0;
    %parti/s 1, 1, 2;
    %cmpi/e 1, 0, 1;
    %jmp/0xz  T_1.50, 4;
    %pushi/vec4 23, 0, 6;
    %store/vec4 v0000025bac76a030_0, 0, 6;
    %pushi/vec4 1, 0, 1;
    %store/vec4 v0000025bac692d30_0, 0, 1;
    %pushi/vec4 3, 0, 2;
    %store/vec4 v0000025bac769e50_0, 0, 2;
    %pushi/vec4 0, 0, 1;
    %store/vec4 v0000025bac76a260_0, 0, 1;
    %pushi/vec4 1, 0, 1;
    %store/vec4 v0000025bac76a940_0, 0, 1;
    %jmp T_1.51;
T_1.50 ;
    %pushi/vec4 0, 0, 2;
    %store/vec4 v0000025bac769e50_0, 0, 2;
T_1.51 ;
    %jmp T_1.45;
T_1.44 ;
    %pushi/vec4 21, 0, 6;
    %store/vec4 v0000025bac76a030_0, 0, 6;
    %load/vec4 v0000025bac76a800_0;
    %parti/s 1, 0, 2;
    %cmpi/e 1, 0, 1;
    %jmp/0xz  T_1.52, 4;
    %pushi/vec4 23, 0, 6;
    %store/vec4 v0000025bac76a030_0, 0, 6;
    %pushi/vec4 1, 0, 1;
    %store/vec4 v0000025bac692d30_0, 0, 1;
    %pushi/vec4 3, 0, 2;
    %store/vec4 v0000025bac769e50_0, 0, 2;
    %pushi/vec4 0, 0, 1;
    %store/vec4 v0000025bac76a260_0, 0, 1;
    %pushi/vec4 1, 0, 1;
    %store/vec4 v0000025bac76a940_0, 0, 1;
    %jmp T_1.53;
T_1.52 ;
    %pushi/vec4 0, 0, 2;
    %store/vec4 v0000025bac769e50_0, 0, 2;
T_1.53 ;
    %jmp T_1.45;
T_1.45 ;
    %pop/vec4 1;
    %jmp T_1.25;
T_1.20 ;
    %pushi/vec4 22, 0, 6;
    %store/vec4 v0000025bac76a030_0, 0, 6;
    %load/vec4 v0000025bac76a800_0;
    %parti/s 1, 3, 3;
    %cmpi/ne 0, 0, 1;
    %jmp/0xz  T_1.54, 4;
    %pushi/vec4 3, 0, 2;
    %store/vec4 v0000025bac769e50_0, 0, 2;
    %pushi/vec4 1, 0, 1;
    %store/vec4 v0000025bac76a940_0, 0, 1;
    %jmp T_1.55;
T_1.54 ;
    %pushi/vec4 0, 0, 2;
    %store/vec4 v0000025bac769e50_0, 0, 2;
T_1.55 ;
    %pushi/vec4 2, 0, 2;
    %store/vec4 v0000025bac769d10_0, 0, 2;
    %pushi/vec4 1, 0, 1;
    %store/vec4 v0000025bac692d30_0, 0, 1;
    %pushi/vec4 1, 0, 1;
    %store/vec4 v0000025bac76b020_0, 0, 1;
    %pushi/vec4 0, 0, 2;
    %store/vec4 v0000025bac693020_0, 0, 2;
    %jmp T_1.25;
T_1.21 ;
    %load/vec4 v0000025bac76ae40_0;
    %dup/vec4;
    %pushi/vec4 0, 0, 2;
    %cmp/u;
    %jmp/1 T_1.56, 6;
    %dup/vec4;
    %pushi/vec4 1, 0, 2;
    %cmp/u;
    %jmp/1 T_1.57, 6;
    %dup/vec4;
    %pushi/vec4 2, 0, 2;
    %cmp/u;
    %jmp/1 T_1.58, 6;
    %dup/vec4;
    %pushi/vec4 3, 0, 2;
    %cmp/u;
    %jmp/1 T_1.59, 6;
    %jmp T_1.60;
T_1.56 ;
    %pushi/vec4 23, 0, 6;
    %store/vec4 v0000025bac76a030_0, 0, 6;
    %pushi/vec4 1, 0, 1;
    %store/vec4 v0000025bac692d30_0, 0, 1;
    %pushi/vec4 3, 0, 2;
    %store/vec4 v0000025bac769e50_0, 0, 2;
    %pushi/vec4 0, 0, 1;
    %store/vec4 v0000025bac76a260_0, 0, 1;
    %pushi/vec4 1, 0, 1;
    %store/vec4 v0000025bac76a940_0, 0, 1;
    %pushi/vec4 0, 0, 1;
    %store/vec4 v0000025bac76a4e0_0, 0, 1;
    %pushi/vec4 0, 0, 1;
    %store/vec4 v0000025bac76a1c0_0, 0, 1;
    %pushi/vec4 0, 0, 1;
    %store/vec4 v0000025bac76b020_0, 0, 1;
    %pushi/vec4 0, 0, 1;
    %store/vec4 v0000025bac6c4e70_0, 0, 1;
    %pushi/vec4 0, 0, 1;
    %store/vec4 v0000025bac693240_0, 0, 1;
    %pushi/vec4 0, 0, 1;
    %store/vec4 v0000025bac769ef0_0, 0, 1;
    %jmp T_1.60;
T_1.57 ;
    %pushi/vec4 24, 0, 6;
    %store/vec4 v0000025bac76a030_0, 0, 6;
    %pushi/vec4 1, 0, 1;
    %store/vec4 v0000025bac692d30_0, 0, 1;
    %pushi/vec4 3, 0, 2;
    %store/vec4 v0000025bac769e50_0, 0, 2;
    %pushi/vec4 0, 0, 1;
    %store/vec4 v0000025bac76a260_0, 0, 1;
    %pushi/vec4 1, 0, 1;
    %store/vec4 v0000025bac76a940_0, 0, 1;
    %pushi/vec4 0, 0, 2;
    %store/vec4 v0000025bac769d10_0, 0, 2;
    %pushi/vec4 1, 0, 2;
    %store/vec4 v0000025bac692bf0_0, 0, 2;
    %pushi/vec4 2, 0, 2;
    %store/vec4 v0000025bac692c90_0, 0, 2;
    %pushi/vec4 2, 0, 2;
    %store/vec4 v0000025bac693020_0, 0, 2;
    %pushi/vec4 1, 0, 1;
    %store/vec4 v0000025bac76a4e0_0, 0, 1;
    %pushi/vec4 0, 0, 1;
    %store/vec4 v0000025bac76a1c0_0, 0, 1;
    %pushi/vec4 1, 0, 1;
    %store/vec4 v0000025bac76b020_0, 0, 1;
    %pushi/vec4 0, 0, 1;
    %store/vec4 v0000025bac769f90_0, 0, 1;
    %pushi/vec4 0, 0, 1;
    %store/vec4 v0000025bac6c4e70_0, 0, 1;
    %pushi/vec4 0, 0, 1;
    %store/vec4 v0000025bac693240_0, 0, 1;
    %pushi/vec4 0, 0, 1;
    %store/vec4 v0000025bac769ef0_0, 0, 1;
    %jmp T_1.60;
T_1.58 ;
    %pushi/vec4 0, 0, 2;
    %store/vec4 v0000025bac769d10_0, 0, 2;
    %pushi/vec4 2, 0, 2;
    %store/vec4 v0000025bac692bf0_0, 0, 2;
    %pushi/vec4 0, 0, 1;
    %store/vec4 v0000025bac692d30_0, 0, 1;
    %pushi/vec4 3, 0, 2;
    %store/vec4 v0000025bac769e50_0, 0, 2;
    %pushi/vec4 2, 0, 2;
    %store/vec4 v0000025bac693020_0, 0, 2;
    %pushi/vec4 0, 0, 1;
    %store/vec4 v0000025bac76a4e0_0, 0, 1;
    %pushi/vec4 1, 0, 1;
    %store/vec4 v0000025bac76a1c0_0, 0, 1;
    %pushi/vec4 1, 0, 1;
    %store/vec4 v0000025bac76b020_0, 0, 1;
    %pushi/vec4 1, 0, 1;
    %store/vec4 v0000025bac76a260_0, 0, 1;
    %pushi/vec4 25, 0, 6;
    %store/vec4 v0000025bac76a030_0, 0, 6;
    %pushi/vec4 0, 0, 1;
    %store/vec4 v0000025bac76a940_0, 0, 1;
    %pushi/vec4 0, 0, 1;
    %store/vec4 v0000025bac6c4e70_0, 0, 1;
    %pushi/vec4 0, 0, 1;
    %store/vec4 v0000025bac693240_0, 0, 1;
    %pushi/vec4 1, 0, 1;
    %store/vec4 v0000025bac769f90_0, 0, 1;
    %pushi/vec4 0, 0, 1;
    %store/vec4 v0000025bac769ef0_0, 0, 1;
    %jmp T_1.60;
T_1.59 ;
    %pushi/vec4 0, 0, 2;
    %store/vec4 v0000025bac769d10_0, 0, 2;
    %pushi/vec4 2, 0, 2;
    %store/vec4 v0000025bac692bf0_0, 0, 2;
    %pushi/vec4 0, 0, 1;
    %store/vec4 v0000025bac692d30_0, 0, 1;
    %pushi/vec4 3, 0, 2;
    %store/vec4 v0000025bac769e50_0, 0, 2;
    %pushi/vec4 2, 0, 2;
    %store/vec4 v0000025bac693020_0, 0, 2;
    %pushi/vec4 0, 0, 1;
    %store/vec4 v0000025bac76a4e0_0, 0, 1;
    %pushi/vec4 1, 0, 1;
    %store/vec4 v0000025bac76a1c0_0, 0, 1;
    %pushi/vec4 1, 0, 1;
    %store/vec4 v0000025bac76b020_0, 0, 1;
    %pushi/vec4 1, 0, 1;
    %store/vec4 v0000025bac76a260_0, 0, 1;
    %pushi/vec4 26, 0, 6;
    %store/vec4 v0000025bac76a030_0, 0, 6;
    %pushi/vec4 0, 0, 1;
    %store/vec4 v0000025bac76a940_0, 0, 1;
    %pushi/vec4 0, 0, 1;
    %store/vec4 v0000025bac6c4e70_0, 0, 1;
    %pushi/vec4 1, 0, 1;
    %store/vec4 v0000025bac693240_0, 0, 1;
    %pushi/vec4 1, 0, 1;
    %store/vec4 v0000025bac769f90_0, 0, 1;
    %pushi/vec4 0, 0, 1;
    %store/vec4 v0000025bac769ef0_0, 0, 1;
    %jmp T_1.60;
T_1.60 ;
    %pop/vec4 1;
    %jmp T_1.25;
T_1.22 ;
    %pushi/vec4 2, 0, 2;
    %store/vec4 v0000025bac769d10_0, 0, 2;
    %pushi/vec4 0, 0, 2;
    %store/vec4 v0000025bac692bf0_0, 0, 2;
    %pushi/vec4 0, 0, 1;
    %store/vec4 v0000025bac692d30_0, 0, 1;
    %pushi/vec4 0, 0, 2;
    %store/vec4 v0000025bac769e50_0, 0, 2;
    %pushi/vec4 1, 0, 2;
    %store/vec4 v0000025bac693020_0, 0, 2;
    %pushi/vec4 0, 0, 1;
    %store/vec4 v0000025bac76a4e0_0, 0, 1;
    %pushi/vec4 1, 0, 1;
    %store/vec4 v0000025bac76a1c0_0, 0, 1;
    %pushi/vec4 1, 0, 1;
    %store/vec4 v0000025bac76b020_0, 0, 1;
    %pushi/vec4 0, 0, 1;
    %store/vec4 v0000025bac76a260_0, 0, 1;
    %pushi/vec4 30, 0, 6;
    %store/vec4 v0000025bac76a030_0, 0, 6;
    %pushi/vec4 0, 0, 1;
    %store/vec4 v0000025bac76a940_0, 0, 1;
    %pushi/vec4 0, 0, 1;
    %store/vec4 v0000025bac769ef0_0, 0, 1;
    %jmp T_1.25;
T_1.23 ;
    %pushi/vec4 1, 0, 2;
    %store/vec4 v0000025bac692c90_0, 0, 2;
    %pushi/vec4 0, 0, 2;
    %store/vec4 v0000025bac692bf0_0, 0, 2;
    %pushi/vec4 0, 0, 2;
    %store/vec4 v0000025bac769e50_0, 0, 2;
    %pushi/vec4 1, 0, 1;
    %store/vec4 v0000025bac76a4e0_0, 0, 1;
    %pushi/vec4 0, 0, 1;
    %store/vec4 v0000025bac76a1c0_0, 0, 1;
    %pushi/vec4 0, 0, 1;
    %store/vec4 v0000025bac76b020_0, 0, 1;
    %pushi/vec4 0, 0, 1;
    %store/vec4 v0000025bac76a260_0, 0, 1;
    %pushi/vec4 31, 0, 6;
    %store/vec4 v0000025bac76a030_0, 0, 6;
    %pushi/vec4 0, 0, 1;
    %store/vec4 v0000025bac76a940_0, 0, 1;
    %pushi/vec4 0, 0, 1;
    %store/vec4 v0000025bac769ef0_0, 0, 1;
    %jmp T_1.25;
T_1.25 ;
    %pop/vec4 1;
T_1.9 ;
T_1.7 ;
T_1.5 ;
    %jmp T_1.3;
T_1.1 ;
    %load/vec4 v0000025bac76a6c0_0;
    %parti/s 4, 4, 4;
    %store/vec4 v0000025bac76a9e0_0, 0, 4;
    %load/vec4 v0000025bac76a6c0_0;
    %parti/s 2, 2, 3;
    %store/vec4 v0000025bac76aee0_0, 0, 2;
    %load/vec4 v0000025bac76a6c0_0;
    %parti/s 2, 0, 2;
    %store/vec4 v0000025bac76a3a0_0, 0, 2;
    %pushi/vec4 0, 0, 2;
    %store/vec4 v0000025bac76a120_0, 0, 2;
    %load/vec4 v0000025bac76a6c0_0;
    %parti/s 2, 0, 2;
    %store/vec4 v0000025bac76ab20_0, 0, 2;
    %pushi/vec4 0, 0, 2;
    %store/vec4 v0000025bac769e50_0, 0, 2;
    %load/vec4 v0000025bac76aee0_0;
    %cmpi/e 0, 0, 2;
    %jmp/0xz  T_1.61, 4;
    %pushi/vec4 3, 0, 2;
    %store/vec4 v0000025bac769d10_0, 0, 2;
    %pushi/vec4 1, 0, 1;
    %store/vec4 v0000025bac692d30_0, 0, 1;
    %pushi/vec4 3, 0, 2;
    %store/vec4 v0000025bac693020_0, 0, 2;
    %pushi/vec4 0, 0, 1;
    %store/vec4 v0000025bac76a4e0_0, 0, 1;
    %pushi/vec4 0, 0, 1;
    %store/vec4 v0000025bac76a1c0_0, 0, 1;
    %pushi/vec4 1, 0, 1;
    %store/vec4 v0000025bac76b020_0, 0, 1;
    %pushi/vec4 0, 0, 1;
    %store/vec4 v0000025bac76a260_0, 0, 1;
    %pushi/vec4 27, 0, 6;
    %store/vec4 v0000025bac76a030_0, 0, 6;
    %pushi/vec4 0, 0, 1;
    %store/vec4 v0000025bac76a940_0, 0, 1;
    %pushi/vec4 0, 0, 1;
    %store/vec4 v0000025bac6c4e70_0, 0, 1;
    %pushi/vec4 0, 0, 1;
    %store/vec4 v0000025bac693240_0, 0, 1;
    %pushi/vec4 0, 0, 1;
    %store/vec4 v0000025bac769ef0_0, 0, 1;
    %jmp T_1.62;
T_1.61 ;
    %load/vec4 v0000025bac76aee0_0;
    %cmpi/e 1, 0, 2;
    %jmp/0xz  T_1.63, 4;
    %pushi/vec4 2, 0, 2;
    %store/vec4 v0000025bac769d10_0, 0, 2;
    %pushi/vec4 3, 0, 2;
    %store/vec4 v0000025bac692bf0_0, 0, 2;
    %pushi/vec4 0, 0, 1;
    %store/vec4 v0000025bac692d30_0, 0, 1;
    %pushi/vec4 3, 0, 2;
    %store/vec4 v0000025bac693020_0, 0, 2;
    %pushi/vec4 0, 0, 1;
    %store/vec4 v0000025bac76a4e0_0, 0, 1;
    %pushi/vec4 1, 0, 1;
    %store/vec4 v0000025bac76a1c0_0, 0, 1;
    %pushi/vec4 1, 0, 1;
    %store/vec4 v0000025bac76b020_0, 0, 1;
    %pushi/vec4 0, 0, 1;
    %store/vec4 v0000025bac76a260_0, 0, 1;
    %pushi/vec4 28, 0, 6;
    %store/vec4 v0000025bac76a030_0, 0, 6;
    %pushi/vec4 0, 0, 1;
    %store/vec4 v0000025bac76a940_0, 0, 1;
    %pushi/vec4 0, 0, 1;
    %store/vec4 v0000025bac6c4e70_0, 0, 1;
    %pushi/vec4 0, 0, 1;
    %store/vec4 v0000025bac693240_0, 0, 1;
    %pushi/vec4 0, 0, 1;
    %store/vec4 v0000025bac769ef0_0, 0, 1;
    %jmp T_1.64;
T_1.63 ;
    %load/vec4 v0000025bac76aee0_0;
    %cmpi/e 2, 0, 2;
    %jmp/0xz  T_1.65, 4;
    %pushi/vec4 1, 0, 2;
    %store/vec4 v0000025bac692c90_0, 0, 2;
    %pushi/vec4 3, 0, 2;
    %store/vec4 v0000025bac692bf0_0, 0, 2;
    %pushi/vec4 1, 0, 1;
    %store/vec4 v0000025bac76a4e0_0, 0, 1;
    %pushi/vec4 0, 0, 1;
    %store/vec4 v0000025bac76a1c0_0, 0, 1;
    %pushi/vec4 0, 0, 1;
    %store/vec4 v0000025bac76b020_0, 0, 1;
    %pushi/vec4 0, 0, 1;
    %store/vec4 v0000025bac76a260_0, 0, 1;
    %pushi/vec4 29, 0, 6;
    %store/vec4 v0000025bac76a030_0, 0, 6;
    %pushi/vec4 0, 0, 1;
    %store/vec4 v0000025bac76a940_0, 0, 1;
    %pushi/vec4 0, 0, 1;
    %store/vec4 v0000025bac6c4e70_0, 0, 1;
    %pushi/vec4 0, 0, 1;
    %store/vec4 v0000025bac693240_0, 0, 1;
    %pushi/vec4 1, 0, 1;
    %store/vec4 v0000025bac769ef0_0, 0, 1;
T_1.65 ;
T_1.64 ;
T_1.62 ;
    %jmp T_1.3;
T_1.3 ;
    %pop/vec4 1;
    %jmp T_1;
    .thread T_1, $push;
# The file index is used to find the file name in the following table.
:file_names 3;
    "N/A";
    "<interactive>";
    "CU.v";
