#! /c/Source/iverilog-install/bin/vvp
:ivl_version "12.0 (devel)" "(s20150603-1539-g2693dd32b)";
:ivl_delay_selection "TYPICAL";
:vpi_time_precision + 0;
:vpi_module "C:\iverilog\lib\ivl\system.vpi";
:vpi_module "C:\iverilog\lib\ivl\vhdl_sys.vpi";
:vpi_module "C:\iverilog\lib\ivl\vhdl_textio.vpi";
:vpi_module "C:\iverilog\lib\ivl\v2005_math.vpi";
:vpi_module "C:\iverilog\lib\ivl\va_math.vpi";
S_000002921a4429c0 .scope module, "ID_EX_Reg" "ID_EX_Reg" 2 1;
 .timescale 0 0;
    .port_info 0 /INPUT 1 "clk";
    .port_info 1 /INPUT 1 "reset";
    .port_info 2 /INPUT 1 "flush_E";
    .port_info 3 /INPUT 6 "alu_control";
    .port_info 4 /INPUT 1 "wr_en_regf";
    .port_info 5 /INPUT 1 "wr_en_dmem";
    .port_info 6 /INPUT 1 "rd_en";
    .port_info 7 /INPUT 1 "rd2_sel";
    .port_info 8 /INPUT 1 "mux_out_sel";
    .port_info 9 /INPUT 1 "mux_dmem_a_sel";
    .port_info 10 /INPUT 1 "mux_dmem_wd_sel";
    .port_info 11 /INPUT 1 "mux_rdata_sel";
    .port_info 12 /INPUT 1 "f_save";
    .port_info 13 /INPUT 1 "f_restore";
    .port_info 14 /INPUT 1 "is_ret";
    .port_info 15 /INPUT 1 "branch_taken_E";
    .port_info 16 /INPUT 1 "out_port_sel";
    .port_info 17 /INPUT 16 "RD1";
    .port_info 18 /INPUT 16 "RD2";
    .port_info 19 /INPUT 16 "imm";
    .port_info 20 /INPUT 16 "pc_reg";
    .port_info 21 /INPUT 16 "pc_plus_1";
    .port_info 22 /INPUT 2 "RA";
    .port_info 23 /INPUT 2 "RB";
    .port_info 24 /INPUT 2 "ADDER";
    .port_info 25 /INPUT 2 "old_rb";
    .port_info 26 /INPUT 16 "instr_in";
    .port_info 27 /INPUT 8 "sp";
    .port_info 28 /INPUT 8 "sp_plus_1_or_2";
    .port_info 29 /INPUT 8 "IN_PORT";
    .port_info 30 /OUTPUT 6 "alu_control_E";
    .port_info 31 /OUTPUT 1 "wr_en_regf_E";
    .port_info 32 /OUTPUT 1 "wr_en_dmem_E";
    .port_info 33 /OUTPUT 1 "rd_en_E";
    .port_info 34 /OUTPUT 1 "rd2_sel_E";
    .port_info 35 /OUTPUT 1 "mux_out_sel_E";
    .port_info 36 /OUTPUT 1 "mux_dmem_a_sel_E";
    .port_info 37 /OUTPUT 1 "mux_dmem_wd_sel_E";
    .port_info 38 /OUTPUT 1 "mux_rdata_sel_E";
    .port_info 39 /OUTPUT 1 "f_save_E";
    .port_info 40 /OUTPUT 1 "f_restore_E";
    .port_info 41 /OUTPUT 1 "is_ret_E";
    .port_info 42 /OUTPUT 1 "branch_taken_E_out";
    .port_info 43 /OUTPUT 1 "out_port_sel_E";
    .port_info 44 /OUTPUT 16 "RD1_E";
    .port_info 45 /OUTPUT 16 "RD2_E";
    .port_info 46 /OUTPUT 16 "imm_E";
    .port_info 47 /OUTPUT 16 "pc_reg_E";
    .port_info 48 /OUTPUT 16 "pc_plus_1_E";
    .port_info 49 /OUTPUT 2 "RA_E";
    .port_info 50 /OUTPUT 2 "RB_E";
    .port_info 51 /OUTPUT 2 "ADDER_E";
    .port_info 52 /OUTPUT 2 "old_rb_E";
    .port_info 53 /OUTPUT 16 "instr_out";
    .port_info 54 /OUTPUT 16 "sp_E";
    .port_info 55 /OUTPUT 16 "sp_plus_1_or_2_E";
    .port_info 56 /OUTPUT 8 "IN_PORT_E";
o000002921a489f98 .functor BUFZ 2, C4<zz>; HiZ drive
v000002921a443000_0 .net "ADDER", 1 0, o000002921a489f98;  0 drivers
v000002921a47f670_0 .var "ADDER_E", 1 0;
o000002921a489ff8 .functor BUFZ 8, C4<zzzzzzzz>; HiZ drive
v000002921a442d20_0 .net "IN_PORT", 7 0, o000002921a489ff8;  0 drivers
v000002921a473bb0_0 .var "IN_PORT_E", 7 0;
o000002921a48a058 .functor BUFZ 2, C4<zz>; HiZ drive
v000002921a473c50_0 .net "RA", 1 0, o000002921a48a058;  0 drivers
v000002921a473cf0_0 .var "RA_E", 1 0;
o000002921a48a0b8 .functor BUFZ 2, C4<zz>; HiZ drive
v000002921a473d90_0 .net "RB", 1 0, o000002921a48a0b8;  0 drivers
v000002921a473e30_0 .var "RB_E", 1 0;
o000002921a48a118 .functor BUFZ 16, C4<zzzzzzzzzzzzzzzz>; HiZ drive
v000002921a473ed0_0 .net "RD1", 15 0, o000002921a48a118;  0 drivers
v000002921a473f70_0 .var "RD1_E", 15 0;
o000002921a48a178 .functor BUFZ 16, C4<zzzzzzzzzzzzzzzz>; HiZ drive
v000002921a474010_0 .net "RD2", 15 0, o000002921a48a178;  0 drivers
v000002921a4740b0_0 .var "RD2_E", 15 0;
o000002921a48a1d8 .functor BUFZ 6, C4<zzzzzz>; HiZ drive
v000002921a474150_0 .net "alu_control", 5 0, o000002921a48a1d8;  0 drivers
v000002921a4741f0_0 .var "alu_control_E", 5 0;
o000002921a48a238 .functor BUFZ 1, C4<z>; HiZ drive
v000002921a474290_0 .net "branch_taken_E", 0 0, o000002921a48a238;  0 drivers
v000002921a4d5be0_0 .var "branch_taken_E_out", 0 0;
o000002921a48a298 .functor BUFZ 1, C4<z>; HiZ drive
v000002921a4d5e60_0 .net "clk", 0 0, o000002921a48a298;  0 drivers
o000002921a48a2c8 .functor BUFZ 1, C4<z>; HiZ drive
v000002921a4d5f00_0 .net "f_restore", 0 0, o000002921a48a2c8;  0 drivers
v000002921a4d5fa0_0 .var "f_restore_E", 0 0;
o000002921a48a328 .functor BUFZ 1, C4<z>; HiZ drive
v000002921a4d51e0_0 .net "f_save", 0 0, o000002921a48a328;  0 drivers
v000002921a4d5780_0 .var "f_save_E", 0 0;
o000002921a48a388 .functor BUFZ 1, C4<z>; HiZ drive
v000002921a4d5dc0_0 .net "flush_E", 0 0, o000002921a48a388;  0 drivers
o000002921a48a3b8 .functor BUFZ 16, C4<zzzzzzzzzzzzzzzz>; HiZ drive
v000002921a4d50a0_0 .net "imm", 15 0, o000002921a48a3b8;  0 drivers
v000002921a4d5aa0_0 .var "imm_E", 15 0;
o000002921a48a418 .functor BUFZ 16, C4<zzzzzzzzzzzzzzzz>; HiZ drive
v000002921a4d5140_0 .net "instr_in", 15 0, o000002921a48a418;  0 drivers
v000002921a4d5a00_0 .var "instr_out", 15 0;
o000002921a48a478 .functor BUFZ 1, C4<z>; HiZ drive
v000002921a4d5280_0 .net "is_ret", 0 0, o000002921a48a478;  0 drivers
v000002921a4d5b40_0 .var "is_ret_E", 0 0;
o000002921a48a4d8 .functor BUFZ 1, C4<z>; HiZ drive
v000002921a4d5d20_0 .net "mux_dmem_a_sel", 0 0, o000002921a48a4d8;  0 drivers
v000002921a4d5460_0 .var "mux_dmem_a_sel_E", 0 0;
o000002921a48a538 .functor BUFZ 1, C4<z>; HiZ drive
v000002921a4d5320_0 .net "mux_dmem_wd_sel", 0 0, o000002921a48a538;  0 drivers
v000002921a4d53c0_0 .var "mux_dmem_wd_sel_E", 0 0;
o000002921a48a598 .functor BUFZ 1, C4<z>; HiZ drive
v000002921a4d58c0_0 .net "mux_out_sel", 0 0, o000002921a48a598;  0 drivers
v000002921a4d5820_0 .var "mux_out_sel_E", 0 0;
o000002921a48a5f8 .functor BUFZ 1, C4<z>; HiZ drive
v000002921a4d5640_0 .net "mux_rdata_sel", 0 0, o000002921a48a5f8;  0 drivers
v000002921a4d5500_0 .var "mux_rdata_sel_E", 0 0;
o000002921a48a658 .functor BUFZ 2, C4<zz>; HiZ drive
v000002921a4d5c80_0 .net "old_rb", 1 0, o000002921a48a658;  0 drivers
v000002921a4d55a0_0 .var "old_rb_E", 1 0;
o000002921a48a6b8 .functor BUFZ 1, C4<z>; HiZ drive
v000002921a4d5960_0 .net "out_port_sel", 0 0, o000002921a48a6b8;  0 drivers
v000002921a4d56e0_0 .var "out_port_sel_E", 0 0;
o000002921a48a718 .functor BUFZ 16, C4<zzzzzzzzzzzzzzzz>; HiZ drive
v000002921a4d6290_0 .net "pc_plus_1", 15 0, o000002921a48a718;  0 drivers
v000002921a4d7f50_0 .var "pc_plus_1_E", 15 0;
o000002921a48a778 .functor BUFZ 16, C4<zzzzzzzzzzzzzzzz>; HiZ drive
v000002921a4d65b0_0 .net "pc_reg", 15 0, o000002921a48a778;  0 drivers
v000002921a4d6330_0 .var "pc_reg_E", 15 0;
o000002921a48a7d8 .functor BUFZ 1, C4<z>; HiZ drive
v000002921a4d6fb0_0 .net "rd2_sel", 0 0, o000002921a48a7d8;  0 drivers
v000002921a4d7190_0 .var "rd2_sel_E", 0 0;
o000002921a48a838 .functor BUFZ 1, C4<z>; HiZ drive
v000002921a4d63d0_0 .net "rd_en", 0 0, o000002921a48a838;  0 drivers
v000002921a4d6dd0_0 .var "rd_en_E", 0 0;
o000002921a48a898 .functor BUFZ 1, C4<z>; HiZ drive
v000002921a4d6470_0 .net "reset", 0 0, o000002921a48a898;  0 drivers
o000002921a48a8c8 .functor BUFZ 8, C4<zzzzzzzz>; HiZ drive
v000002921a4d6510_0 .net "sp", 7 0, o000002921a48a8c8;  0 drivers
v000002921a4d7d70_0 .var "sp_E", 15 0;
o000002921a48a928 .functor BUFZ 8, C4<zzzzzzzz>; HiZ drive
v000002921a4d7730_0 .net "sp_plus_1_or_2", 7 0, o000002921a48a928;  0 drivers
v000002921a4d7050_0 .var "sp_plus_1_or_2_E", 15 0;
o000002921a48a988 .functor BUFZ 1, C4<z>; HiZ drive
v000002921a4d6650_0 .net "wr_en_dmem", 0 0, o000002921a48a988;  0 drivers
v000002921a4d6bf0_0 .var "wr_en_dmem_E", 0 0;
o000002921a48a9e8 .functor BUFZ 1, C4<z>; HiZ drive
v000002921a4d7690_0 .net "wr_en_regf", 0 0, o000002921a48a9e8;  0 drivers
v000002921a4d7eb0_0 .var "wr_en_regf_E", 0 0;
E_000002921a46a230/0 .event negedge, v000002921a4d6470_0;
E_000002921a46a230/1 .event posedge, v000002921a4d5e60_0;
E_000002921a46a230 .event/or E_000002921a46a230/0, E_000002921a46a230/1;
    .scope S_000002921a4429c0;
T_0 ;
    %wait E_000002921a46a230;
    %load/vec4 v000002921a4d6470_0;
    %inv;
    %flag_set/vec4 8;
    %jmp/1 T_0.2, 8;
    %load/vec4 v000002921a4d5dc0_0;
    %flag_set/vec4 9;
    %flag_or 8, 9;
T_0.2;
    %jmp/0xz  T_0.0, 8;
    %pushi/vec4 0, 0, 6;
    %assign/vec4 v000002921a4741f0_0, 0;
    %pushi/vec4 0, 0, 1;
    %assign/vec4 v000002921a4d7eb0_0, 0;
    %pushi/vec4 0, 0, 1;
    %assign/vec4 v000002921a4d6bf0_0, 0;
    %pushi/vec4 0, 0, 1;
    %assign/vec4 v000002921a4d6dd0_0, 0;
    %pushi/vec4 0, 0, 1;
    %assign/vec4 v000002921a4d7190_0, 0;
    %pushi/vec4 0, 0, 1;
    %assign/vec4 v000002921a4d5820_0, 0;
    %pushi/vec4 0, 0, 1;
    %assign/vec4 v000002921a4d5460_0, 0;
    %pushi/vec4 0, 0, 1;
    %assign/vec4 v000002921a4d53c0_0, 0;
    %pushi/vec4 0, 0, 1;
    %assign/vec4 v000002921a4d5500_0, 0;
    %pushi/vec4 0, 0, 1;
    %assign/vec4 v000002921a4d5780_0, 0;
    %pushi/vec4 0, 0, 1;
    %assign/vec4 v000002921a4d5fa0_0, 0;
    %pushi/vec4 0, 0, 1;
    %assign/vec4 v000002921a4d5b40_0, 0;
    %pushi/vec4 0, 0, 1;
    %assign/vec4 v000002921a4d5be0_0, 0;
    %pushi/vec4 0, 0, 1;
    %assign/vec4 v000002921a4d56e0_0, 0;
    %pushi/vec4 0, 0, 16;
    %assign/vec4 v000002921a473f70_0, 0;
    %pushi/vec4 0, 0, 16;
    %assign/vec4 v000002921a4740b0_0, 0;
    %pushi/vec4 0, 0, 16;
    %assign/vec4 v000002921a4d5aa0_0, 0;
    %pushi/vec4 0, 0, 16;
    %assign/vec4 v000002921a4d6330_0, 0;
    %pushi/vec4 0, 0, 16;
    %assign/vec4 v000002921a4d7f50_0, 0;
    %pushi/vec4 0, 0, 2;
    %assign/vec4 v000002921a473cf0_0, 0;
    %pushi/vec4 0, 0, 2;
    %assign/vec4 v000002921a473e30_0, 0;
    %pushi/vec4 0, 0, 2;
    %assign/vec4 v000002921a47f670_0, 0;
    %pushi/vec4 0, 0, 2;
    %assign/vec4 v000002921a4d55a0_0, 0;
    %pushi/vec4 0, 0, 16;
    %assign/vec4 v000002921a4d5a00_0, 0;
    %pushi/vec4 0, 0, 16;
    %assign/vec4 v000002921a4d7d70_0, 0;
    %pushi/vec4 0, 0, 16;
    %assign/vec4 v000002921a4d7050_0, 0;
    %pushi/vec4 0, 0, 8;
    %assign/vec4 v000002921a473bb0_0, 0;
    %jmp T_0.1;
T_0.0 ;
    %load/vec4 v000002921a474150_0;
    %assign/vec4 v000002921a4741f0_0, 0;
    %load/vec4 v000002921a4d7690_0;
    %assign/vec4 v000002921a4d7eb0_0, 0;
    %load/vec4 v000002921a4d6650_0;
    %assign/vec4 v000002921a4d6bf0_0, 0;
    %load/vec4 v000002921a4d63d0_0;
    %assign/vec4 v000002921a4d6dd0_0, 0;
    %load/vec4 v000002921a4d6fb0_0;
    %assign/vec4 v000002921a4d7190_0, 0;
    %load/vec4 v000002921a4d58c0_0;
    %assign/vec4 v000002921a4d5820_0, 0;
    %load/vec4 v000002921a4d5d20_0;
    %assign/vec4 v000002921a4d5460_0, 0;
    %load/vec4 v000002921a4d5320_0;
    %assign/vec4 v000002921a4d53c0_0, 0;
    %load/vec4 v000002921a4d5640_0;
    %assign/vec4 v000002921a4d5500_0, 0;
    %load/vec4 v000002921a4d51e0_0;
    %assign/vec4 v000002921a4d5780_0, 0;
    %load/vec4 v000002921a4d5f00_0;
    %assign/vec4 v000002921a4d5fa0_0, 0;
    %load/vec4 v000002921a4d5280_0;
    %assign/vec4 v000002921a4d5b40_0, 0;
    %load/vec4 v000002921a474290_0;
    %assign/vec4 v000002921a4d5be0_0, 0;
    %load/vec4 v000002921a4d5960_0;
    %assign/vec4 v000002921a4d56e0_0, 0;
    %load/vec4 v000002921a473ed0_0;
    %assign/vec4 v000002921a473f70_0, 0;
    %load/vec4 v000002921a474010_0;
    %assign/vec4 v000002921a4740b0_0, 0;
    %load/vec4 v000002921a4d50a0_0;
    %assign/vec4 v000002921a4d5aa0_0, 0;
    %load/vec4 v000002921a4d65b0_0;
    %assign/vec4 v000002921a4d6330_0, 0;
    %load/vec4 v000002921a4d6290_0;
    %assign/vec4 v000002921a4d7f50_0, 0;
    %load/vec4 v000002921a473c50_0;
    %assign/vec4 v000002921a473cf0_0, 0;
    %load/vec4 v000002921a473d90_0;
    %assign/vec4 v000002921a473e30_0, 0;
    %load/vec4 v000002921a443000_0;
    %assign/vec4 v000002921a47f670_0, 0;
    %load/vec4 v000002921a4d5c80_0;
    %assign/vec4 v000002921a4d55a0_0, 0;
    %load/vec4 v000002921a4d5140_0;
    %assign/vec4 v000002921a4d5a00_0, 0;
    %load/vec4 v000002921a4d6510_0;
    %pad/u 16;
    %assign/vec4 v000002921a4d7d70_0, 0;
    %load/vec4 v000002921a4d7730_0;
    %pad/u 16;
    %assign/vec4 v000002921a4d7050_0, 0;
    %load/vec4 v000002921a442d20_0;
    %assign/vec4 v000002921a473bb0_0, 0;
T_0.1 ;
    %jmp T_0;
    .thread T_0;
# The file index is used to find the file name in the following table.
:file_names 3;
    "N/A";
    "<interactive>";
    "Decode_Execute_Register.v";
