#! /c/Source/iverilog-install/bin/vvp
:ivl_version "12.0 (devel)" "(s20150603-1539-g2693dd32b)";
:ivl_delay_selection "TYPICAL";
:vpi_time_precision + 0;
:vpi_module "C:\iverilog\lib\ivl\system.vpi";
:vpi_module "C:\iverilog\lib\ivl\vhdl_sys.vpi";
:vpi_module "C:\iverilog\lib\ivl\vhdl_textio.vpi";
:vpi_module "C:\iverilog\lib\ivl\v2005_math.vpi";
:vpi_module "C:\iverilog\lib\ivl\va_math.vpi";
S_0000018ee4d72ad0 .scope module, "IF_ID_Reg" "IF_ID_Reg" 2 1;
 .timescale 0 0;
    .port_info 0 /INPUT 1 "clk";
    .port_info 1 /INPUT 1 "reset";
    .port_info 2 /INPUT 1 "stall_D";
    .port_info 3 /INPUT 1 "flush_D";
    .port_info 4 /INPUT 16 "instr_in";
    .port_info 5 /INPUT 16 "pc_reg_in";
    .port_info 6 /INPUT 16 "pc_plus_1_in";
    .port_info 7 /OUTPUT 16 "instr_out";
    .port_info 8 /OUTPUT 16 "pc_reg_out";
    .port_info 9 /OUTPUT 16 "pc_plus_1_out";
o0000018ee4da7fd8 .functor BUFZ 1, C4<z>; HiZ drive
v0000018ee4d73000_0 .net "clk", 0 0, o0000018ee4da7fd8;  0 drivers
o0000018ee4da8008 .functor BUFZ 1, C4<z>; HiZ drive
v0000018ee4d72d10_0 .net "flush_D", 0 0, o0000018ee4da8008;  0 drivers
o0000018ee4da8038 .functor BUFZ 16, C4<zzzzzzzzzzzzzzzz>; HiZ drive
v0000018ee4d5bdd0_0 .net "instr_in", 15 0, o0000018ee4da8038;  0 drivers
v0000018ee4d5be70_0 .var "instr_out", 15 0;
o0000018ee4da8098 .functor BUFZ 16, C4<zzzzzzzzzzzzzzzz>; HiZ drive
v0000018ee4d5bf10_0 .net "pc_plus_1_in", 15 0, o0000018ee4da8098;  0 drivers
v0000018ee4decc40_0 .var "pc_plus_1_out", 15 0;
o0000018ee4da80f8 .functor BUFZ 16, C4<zzzzzzzzzzzzzzzz>; HiZ drive
v0000018ee4decce0_0 .net "pc_reg_in", 15 0, o0000018ee4da80f8;  0 drivers
v0000018ee4decd80_0 .var "pc_reg_out", 15 0;
o0000018ee4da8158 .functor BUFZ 1, C4<z>; HiZ drive
v0000018ee4dece20_0 .net "reset", 0 0, o0000018ee4da8158;  0 drivers
o0000018ee4da8188 .functor BUFZ 1, C4<z>; HiZ drive
v0000018ee4decec0_0 .net "stall_D", 0 0, o0000018ee4da8188;  0 drivers
E_0000018ee4d5caf0/0 .event negedge, v0000018ee4dece20_0;
E_0000018ee4d5caf0/1 .event posedge, v0000018ee4d73000_0;
E_0000018ee4d5caf0 .event/or E_0000018ee4d5caf0/0, E_0000018ee4d5caf0/1;
    .scope S_0000018ee4d72ad0;
T_0 ;
    %wait E_0000018ee4d5caf0;
    %load/vec4 v0000018ee4dece20_0;
    %inv;
    %flag_set/vec4 8;
    %jmp/0xz  T_0.0, 8;
    %pushi/vec4 0, 0, 16;
    %assign/vec4 v0000018ee4d5be70_0, 0;
    %pushi/vec4 0, 0, 16;
    %assign/vec4 v0000018ee4decd80_0, 0;
    %pushi/vec4 0, 0, 16;
    %assign/vec4 v0000018ee4decc40_0, 0;
    %jmp T_0.1;
T_0.0 ;
    %load/vec4 v0000018ee4d72d10_0;
    %flag_set/vec4 8;
    %jmp/0xz  T_0.2, 8;
    %pushi/vec4 0, 0, 16;
    %assign/vec4 v0000018ee4d5be70_0, 0;
    %pushi/vec4 0, 0, 16;
    %assign/vec4 v0000018ee4decd80_0, 0;
    %pushi/vec4 0, 0, 16;
    %assign/vec4 v0000018ee4decc40_0, 0;
    %jmp T_0.3;
T_0.2 ;
    %load/vec4 v0000018ee4decec0_0;
    %flag_set/vec4 8;
    %jmp/0xz  T_0.4, 8;
    %load/vec4 v0000018ee4d5bdd0_0;
    %assign/vec4 v0000018ee4d5be70_0, 0;
    %load/vec4 v0000018ee4decce0_0;
    %assign/vec4 v0000018ee4decd80_0, 0;
    %load/vec4 v0000018ee4d5bf10_0;
    %assign/vec4 v0000018ee4decc40_0, 0;
T_0.4 ;
T_0.3 ;
T_0.1 ;
    %jmp T_0;
    .thread T_0;
# The file index is used to find the file name in the following table.
:file_names 3;
    "N/A";
    "<interactive>";
    "Fetch_Decode_Register.v";
