#! /c/Source/iverilog-install/bin/vvp
:ivl_version "12.0 (devel)" "(s20150603-1539-g2693dd32b)";
:ivl_delay_selection "TYPICAL";
:vpi_time_precision + 0;
:vpi_module "C:\iverilog\lib\ivl\system.vpi";
:vpi_module "C:\iverilog\lib\ivl\vhdl_sys.vpi";
:vpi_module "C:\iverilog\lib\ivl\vhdl_textio.vpi";
:vpi_module "C:\iverilog\lib\ivl\v2005_math.vpi";
:vpi_module "C:\iverilog\lib\ivl\va_math.vpi";
S_000002c574cbbe20 .scope module, "Register_file" "Register_file" 2 1;
 .timescale 0 0;
    .port_info 0 /INPUT 1 "clk";
    .port_info 1 /INPUT 1 "rst";
    .port_info 2 /INPUT 2 "RA";
    .port_info 3 /INPUT 2 "RB";
    .port_info 4 /INPUT 2 "ADDER";
    .port_info 5 /INPUT 8 "RDATA";
    .port_info 6 /INPUT 1 "wr_en";
    .port_info 7 /OUTPUT 8 "RD1";
    .port_info 8 /OUTPUT 8 "RD2";
L_000002c574cd3240 .functor BUFZ 8, L_000002c574cb9d80, C4<00000000>, C4<00000000>, C4<00000000>;
L_000002c574cd2dc0 .functor BUFZ 8, L_000002c574d50c70, C4<00000000>, C4<00000000>, C4<00000000>;
o000002c574d07fd8 .functor BUFZ 2, C4<zz>; HiZ drive
v000002c574cb8e80_0 .net "ADDER", 1 0, o000002c574d07fd8;  0 drivers
v000002c574cb9060 .array "R", 3 0, 7 0;
o000002c574d080c8 .functor BUFZ 2, C4<zz>; HiZ drive
v000002c574cb9100_0 .net "RA", 1 0, o000002c574d080c8;  0 drivers
o000002c574d080f8 .functor BUFZ 2, C4<zz>; HiZ drive
v000002c574cb9560_0 .net "RB", 1 0, o000002c574d080f8;  0 drivers
v000002c574cb9240_0 .net "RD1", 7 0, L_000002c574cd3240;  1 drivers
v000002c574cb91a0_0 .net "RD2", 7 0, L_000002c574cd2dc0;  1 drivers
o000002c574d08188 .functor BUFZ 8, C4<zzzzzzzz>; HiZ drive
v000002c574cb9600_0 .net "RDATA", 7 0, o000002c574d08188;  0 drivers
v000002c574cb99c0_0 .net "SP", 0 0, L_000002c574d50950;  1 drivers
v000002c574cb9420_0 .net *"_ivl_0", 7 0, L_000002c574cb9d80;  1 drivers
v000002c574cb96a0_0 .net *"_ivl_10", 3 0, L_000002c574d51210;  1 drivers
L_000002c574d528c0 .functor BUFT 1, C4<00>, C4<0>, C4<0>, C4<0>;
v000002c574cb9a60_0 .net *"_ivl_13", 1 0, L_000002c574d528c0;  1 drivers
v000002c574cb9740_0 .net *"_ivl_2", 3 0, L_000002c574d517b0;  1 drivers
L_000002c574d52878 .functor BUFT 1, C4<00>, C4<0>, C4<0>, C4<0>;
v000002c574cb97e0_0 .net *"_ivl_5", 1 0, L_000002c574d52878;  1 drivers
v000002c574cb9880_0 .net *"_ivl_8", 7 0, L_000002c574d50c70;  1 drivers
o000002c574d08308 .functor BUFZ 1, C4<z>; HiZ drive
v000002c574cb9b00_0 .net "clk", 0 0, o000002c574d08308;  0 drivers
o000002c574d08338 .functor BUFZ 1, C4<z>; HiZ drive
v000002c574cb9c40_0 .net "rst", 0 0, o000002c574d08338;  0 drivers
o000002c574d08368 .functor BUFZ 1, C4<z>; HiZ drive
v000002c574cb9ce0_0 .net "wr_en", 0 0, o000002c574d08368;  0 drivers
E_000002c574cf7850/0 .event negedge, v000002c574cb9c40_0;
E_000002c574cf7850/1 .event posedge, v000002c574cb9b00_0;
E_000002c574cf7850 .event/or E_000002c574cf7850/0, E_000002c574cf7850/1;
L_000002c574cb9d80 .array/port v000002c574cb9060, L_000002c574d517b0;
L_000002c574d517b0 .concat [ 2 2 0 0], o000002c574d080c8, L_000002c574d52878;
L_000002c574d50c70 .array/port v000002c574cb9060, L_000002c574d51210;
L_000002c574d51210 .concat [ 2 2 0 0], o000002c574d080f8, L_000002c574d528c0;
v000002c574cb9060_3 .array/port v000002c574cb9060, 3;
L_000002c574d50950 .part v000002c574cb9060_3, 0, 1;
    .scope S_000002c574cbbe20;
T_0 ;
    %wait E_000002c574cf7850;
    %load/vec4 v000002c574cb9c40_0;
    %inv;
    %flag_set/vec4 8;
    %jmp/0xz  T_0.0, 8;
    %pushi/vec4 0, 0, 8;
    %ix/load 3, 0, 0;
    %flag_set/imm 4, 0;
    %ix/load 4, 0, 0; Constant delay
    %assign/vec4/a/d v000002c574cb9060, 0, 4;
    %pushi/vec4 0, 0, 8;
    %ix/load 3, 1, 0;
    %flag_set/imm 4, 0;
    %ix/load 4, 0, 0; Constant delay
    %assign/vec4/a/d v000002c574cb9060, 0, 4;
    %pushi/vec4 0, 0, 8;
    %ix/load 3, 2, 0;
    %flag_set/imm 4, 0;
    %ix/load 4, 0, 0; Constant delay
    %assign/vec4/a/d v000002c574cb9060, 0, 4;
    %pushi/vec4 255, 0, 8;
    %ix/load 3, 3, 0;
    %flag_set/imm 4, 0;
    %ix/load 4, 0, 0; Constant delay
    %assign/vec4/a/d v000002c574cb9060, 0, 4;
    %jmp T_0.1;
T_0.0 ;
    %load/vec4 v000002c574cb9ce0_0;
    %flag_set/vec4 8;
    %jmp/0xz  T_0.2, 8;
    %load/vec4 v000002c574cb9600_0;
    %load/vec4 v000002c574cb8e80_0;
    %pad/u 4;
    %ix/vec4 3;
    %ix/load 4, 0, 0; Constant delay
    %assign/vec4/a/d v000002c574cb9060, 0, 4;
T_0.2 ;
T_0.1 ;
    %jmp T_0;
    .thread T_0;
# The file index is used to find the file name in the following table.
:file_names 3;
    "N/A";
    "<interactive>";
    "Register_File.v";
