#! /c/Source/iverilog-install/bin/vvp
:ivl_version "12.0 (devel)" "(s20150603-1539-g2693dd32b)";
:ivl_delay_selection "TYPICAL";
:vpi_time_precision + 0;
:vpi_module "C:\iverilog\lib\ivl\system.vpi";
:vpi_module "C:\iverilog\lib\ivl\vhdl_sys.vpi";
:vpi_module "C:\iverilog\lib\ivl\vhdl_textio.vpi";
:vpi_module "C:\iverilog\lib\ivl\v2005_math.vpi";
:vpi_module "C:\iverilog\lib\ivl\va_math.vpi";
S_00000268f4a02b30 .scope module, "CRC" "CRC" 2 1;
 .timescale 0 0;
    .port_info 0 /INPUT 1 "DATA";
    .port_info 1 /INPUT 1 "ACTIVE";
    .port_info 2 /INPUT 1 "CLK";
    .port_info 3 /INPUT 1 "RST";
    .port_info 4 /OUTPUT 1 "CRC";
    .port_info 5 /OUTPUT 1 "Valid";
P_00000268f4a03390 .param/l "SEED" 0 2 15, C4<11011000>;
P_00000268f4a033c8 .param/l "taps" 0 2 23, C4<01000100>;
o00000268f4a3b068 .functor BUFZ 1, C4<z>; HiZ drive
L_00000268f4a27150 .functor XOR 1, o00000268f4a3b068, L_00000268f4a80210, C4<0>, C4<0>;
o00000268f4a3afa8 .functor BUFZ 1, C4<z>; HiZ drive
v00000268f4a03170_0 .net "ACTIVE", 0 0, o00000268f4a3afa8;  0 drivers
o00000268f4a3afd8 .functor BUFZ 1, C4<z>; HiZ drive
v00000268f4b1bd30_0 .net "CLK", 0 0, o00000268f4a3afd8;  0 drivers
v00000268f4b1bdd0_0 .var "CRC", 0 0;
v00000268f4b1be70_0 .var "CRC_counter", 2 0;
v00000268f4b1bf10_0 .net "DATA", 0 0, o00000268f4a3b068;  0 drivers
v00000268f4a02cc0_0 .var "DATA_counter", 4 0;
v00000268f4a02d60_0 .net "Feedback", 0 0, L_00000268f4a27150;  1 drivers
v00000268f4a02e00_0 .var "LFSR", 7 0;
o00000268f4a3b128 .functor BUFZ 1, C4<z>; HiZ drive
v00000268f4a02ea0_0 .net "RST", 0 0, o00000268f4a3b128;  0 drivers
v00000268f4a80030_0 .var "Valid", 0 0;
v00000268f4a800d0_0 .net *"_ivl_1", 0 0, L_00000268f4a80210;  1 drivers
v00000268f4a80170_0 .var/i "i", 31 0;
E_00000268f4a25c40/0 .event negedge, v00000268f4a02ea0_0;
E_00000268f4a25c40/1 .event posedge, v00000268f4b1bd30_0;
E_00000268f4a25c40 .event/or E_00000268f4a25c40/0, E_00000268f4a25c40/1;
L_00000268f4a80210 .part v00000268f4a02e00_0, 0, 1;
    .scope S_00000268f4a02b30;
T_0 ;
    %wait E_00000268f4a25c40;
    %load/vec4 v00000268f4a02ea0_0;
    %nor/r;
    %flag_set/vec4 8;
    %jmp/0xz  T_0.0, 8;
    %pushi/vec4 216, 0, 8;
    %assign/vec4 v00000268f4a02e00_0, 0;
    %pushi/vec4 0, 0, 1;
    %assign/vec4 v00000268f4b1bdd0_0, 0;
    %pushi/vec4 0, 0, 1;
    %assign/vec4 v00000268f4a80030_0, 0;
    %pushi/vec4 0, 0, 5;
    %assign/vec4 v00000268f4a02cc0_0, 0;
    %pushi/vec4 0, 0, 3;
    %assign/vec4 v00000268f4b1be70_0, 0;
    %jmp T_0.1;
T_0.0 ;
    %load/vec4 v00000268f4a03170_0;
    %flag_set/vec4 8;
    %jmp/0xz  T_0.2, 8;
    %load/vec4 v00000268f4a02d60_0;
    %ix/load 4, 7, 0;
    %ix/load 5, 0, 0;
    %flag_set/imm 4, 0;
    %assign/vec4/off/d v00000268f4a02e00_0, 4, 5;
    %load/vec4 v00000268f4a02cc0_0;
    %addi 1, 0, 5;
    %assign/vec4 v00000268f4a02cc0_0, 0;
    %pushi/vec4 6, 0, 32;
    %store/vec4 v00000268f4a80170_0, 0, 32;
T_0.4 ;
    %load/vec4 v00000268f4a80170_0;
    %cmpi/s 0, 0, 32;
    %flag_inv 5; GE is !LT
    %jmp/0xz T_0.5, 5;
    %pushi/vec4 68, 0, 8;
    %load/vec4 v00000268f4a80170_0;
    %part/s 1;
    %pad/u 32;
    %cmpi/e 1, 0, 32;
    %jmp/0xz  T_0.6, 4;
    %load/vec4 v00000268f4a02d60_0;
    %load/vec4 v00000268f4a02e00_0;
    %load/vec4 v00000268f4a80170_0;
    %addi 1, 0, 32;
    %part/s 1;
    %xor;
    %ix/load 5, 0, 0;
    %ix/getv/s 4, v00000268f4a80170_0;
    %assign/vec4/off/d v00000268f4a02e00_0, 4, 5;
    %jmp T_0.7;
T_0.6 ;
    %load/vec4 v00000268f4a02e00_0;
    %load/vec4 v00000268f4a80170_0;
    %addi 1, 0, 32;
    %part/s 1;
    %ix/load 5, 0, 0;
    %ix/getv/s 4, v00000268f4a80170_0;
    %assign/vec4/off/d v00000268f4a02e00_0, 4, 5;
T_0.7 ;
    %load/vec4 v00000268f4a80170_0;
    %subi 1, 0, 32;
    %store/vec4 v00000268f4a80170_0, 0, 32;
    %jmp T_0.4;
T_0.5 ;
    %pushi/vec4 0, 0, 1;
    %assign/vec4 v00000268f4a80030_0, 0;
    %pushi/vec4 0, 0, 3;
    %assign/vec4 v00000268f4b1be70_0, 0;
    %jmp T_0.3;
T_0.2 ;
    %load/vec4 v00000268f4a03170_0;
    %nor/r;
    %flag_set/vec4 10;
    %flag_get/vec4 10;
    %jmp/0 T_0.11, 10;
    %load/vec4 v00000268f4a02cc0_0;
    %pushi/vec4 0, 0, 5;
    %cmp/ne;
    %flag_get/vec4 4;
    %and;
T_0.11;
    %flag_set/vec4 9;
    %flag_get/vec4 9;
    %jmp/0 T_0.10, 9;
    %load/vec4 v00000268f4b1be70_0;
    %pad/u 32;
    %cmpi/u 8, 0, 32;
    %flag_get/vec4 5;
    %and;
T_0.10;
    %flag_set/vec4 8;
    %jmp/0xz  T_0.8, 8;
    %load/vec4 v00000268f4a02e00_0;
    %split/vec4 1;
    %assign/vec4 v00000268f4b1bdd0_0, 0;
    %ix/load 4, 0, 0;
    %ix/load 5, 0, 0;
    %flag_set/imm 4, 0;
    %assign/vec4/off/d v00000268f4a02e00_0, 4, 5;
    %pushi/vec4 1, 0, 1;
    %assign/vec4 v00000268f4a80030_0, 0;
    %load/vec4 v00000268f4b1be70_0;
    %addi 1, 0, 3;
    %assign/vec4 v00000268f4b1be70_0, 0;
    %load/vec4 v00000268f4b1be70_0;
    %pad/u 32;
    %cmpi/e 7, 0, 32;
    %jmp/0xz  T_0.12, 4;
    %pushi/vec4 0, 0, 5;
    %assign/vec4 v00000268f4a02cc0_0, 0;
T_0.12 ;
    %jmp T_0.9;
T_0.8 ;
    %pushi/vec4 0, 0, 1;
    %assign/vec4 v00000268f4a80030_0, 0;
T_0.9 ;
T_0.3 ;
T_0.1 ;
    %jmp T_0;
    .thread T_0;
# The file index is used to find the file name in the following table.
:file_names 3;
    "N/A";
    "<interactive>";
    "CRC.v";
