#! /c/Source/iverilog-install/bin/vvp
:ivl_version "12.0 (devel)" "(s20150603-1539-g2693dd32b)";
:ivl_delay_selection "TYPICAL";
:vpi_time_precision - 12;
:vpi_module "C:\iverilog\lib\ivl\system.vpi";
:vpi_module "C:\iverilog\lib\ivl\vhdl_sys.vpi";
:vpi_module "C:\iverilog\lib\ivl\vhdl_textio.vpi";
:vpi_module "C:\iverilog\lib\ivl\v2005_math.vpi";
:vpi_module "C:\iverilog\lib\ivl\va_math.vpi";
S_000002098cefb700 .scope module, "CRC_tbb" "CRC_tbb" 2 3;
 .timescale -9 -12;
P_000002098cef5f80 .param/l "Clock_period" 0 2 5, +C4<00000000000000000000000001100100>;
P_000002098cef5fb8 .param/l "LFSR_width" 0 2 7, +C4<00000000000000000000000000001000>;
P_000002098cef5ff0 .param/l "Number_of_test_cases" 0 2 6, C4<00000000000000000000000000001010>;
v000002098cf6ca20_0 .var "ACTIVE_tb", 0 0;
v000002098cf6cac0_0 .var "CLK_tb", 0 0;
v000002098cf6c200_0 .net "CRC_tb", 0 0, v000002098cf0aed0_0;  1 drivers
v000002098cf6c5c0_0 .var "DATA_tb", 0 0;
v000002098cf6cb60 .array "Expected_output", 0 9, 7 0;
v000002098cf6c480_0 .var "RST_tb", 0 0;
v000002098cf6c840 .array "Test_seeds", 0 9, 7 0;
v000002098cf6bf80_0 .net "Valid_tb", 0 0, v000002098cf6bad0_0;  1 drivers
v000002098cf6c700_0 .var/i "i", 31 0;
v000002098cf6c8e0_0 .var/i "oper", 31 0;
S_000002098cf0aca0 .scope module, "DUT" "CRC" 2 111, 3 1 0, S_000002098cefb700;
 .timescale 0 0;
    .port_info 0 /INPUT 1 "DATA";
    .port_info 1 /INPUT 1 "ACTIVE";
    .port_info 2 /INPUT 1 "CLK";
    .port_info 3 /INPUT 1 "RST";
    .port_info 4 /OUTPUT 1 "CRC";
    .port_info 5 /OUTPUT 1 "Valid";
P_000002098ced33d0 .param/l "SEED" 0 3 15, C4<11011000>;
P_000002098ced3408 .param/l "taps" 0 3 23, C4<01000100>;
L_000002098cf154e0 .functor XOR 1, v000002098cf6c5c0_0, L_000002098cf6c340, C4<0>, C4<0>;
v000002098ced31b0_0 .net "ACTIVE", 0 0, v000002098cf6ca20_0;  1 drivers
v000002098cf0ae30_0 .net "CLK", 0 0, v000002098cf6cac0_0;  1 drivers
v000002098cf0aed0_0 .var "CRC", 0 0;
v000002098cf0af70_0 .var "CRC_counter", 2 0;
v000002098cf0b010_0 .net "DATA", 0 0, v000002098cf6c5c0_0;  1 drivers
v000002098cf6b850_0 .var "DATA_counter", 4 0;
v000002098cf6b8f0_0 .net "Feedback", 0 0, L_000002098cf154e0;  1 drivers
v000002098cf6b990_0 .var "LFSR", 7 0;
v000002098cf6ba30_0 .net "RST", 0 0, v000002098cf6c480_0;  1 drivers
v000002098cf6bad0_0 .var "Valid", 0 0;
v000002098cf6bb70_0 .net *"_ivl_1", 0 0, L_000002098cf6c340;  1 drivers
v000002098cf6bda0_0 .var/i "i", 31 0;
E_000002098cef97d0/0 .event negedge, v000002098cf6ba30_0;
E_000002098cef97d0/1 .event posedge, v000002098cf0ae30_0;
E_000002098cef97d0 .event/or E_000002098cef97d0/0, E_000002098cef97d0/1;
L_000002098cf6c340 .part v000002098cf6b990_0, 0, 1;
S_000002098cf6cc20 .scope task, "Initialization" "Initialization" 2 57, 2 57 0, S_000002098cefb700;
 .timescale -9 -12;
TD_CRC_tbb.Initialization ;
    %pushi/vec4 0, 0, 1;
    %store/vec4 v000002098cf6cac0_0, 0, 1;
    %pushi/vec4 0, 0, 1;
    %store/vec4 v000002098cf6c480_0, 0, 1;
    %pushi/vec4 0, 0, 1;
    %store/vec4 v000002098cf6c5c0_0, 0, 1;
    %pushi/vec4 0, 0, 1;
    %store/vec4 v000002098cf6ca20_0, 0, 1;
    %end;
S_000002098cf6cdb0 .scope task, "Operation" "Operation" 2 77, 2 77 0, S_000002098cefb700;
 .timescale -9 -12;
v000002098cf6c160_0 .var "IN_Seed", 7 0;
TD_CRC_tbb.Operation ;
    %fork TD_CRC_tbb.Reset, S_000002098cf02b60;
    %join;
    %pushi/vec4 1, 0, 1;
    %store/vec4 v000002098cf6ca20_0, 0, 1;
    %pushi/vec4 0, 0, 32;
    %store/vec4 v000002098cf6c700_0, 0, 32;
T_1.0 ;
    %load/vec4 v000002098cf6c700_0;
    %cmpi/s 7, 0, 32;
    %flag_or 5, 4;
    %jmp/0xz T_1.1, 5;
    %load/vec4 v000002098cf6c160_0;
    %load/vec4 v000002098cf6c700_0;
    %part/s 1;
    %store/vec4 v000002098cf6c5c0_0, 0, 1;
    %delay 100000, 0;
    %load/vec4 v000002098cf6c700_0;
    %addi 1, 0, 32;
    %store/vec4 v000002098cf6c700_0, 0, 32;
    %jmp T_1.0;
T_1.1 ;
    %pushi/vec4 0, 0, 1;
    %store/vec4 v000002098cf6ca20_0, 0, 1;
    %end;
S_000002098cf02b60 .scope task, "Reset" "Reset" 2 66, 2 66 0, S_000002098cefb700;
 .timescale -9 -12;
TD_CRC_tbb.Reset ;
    %pushi/vec4 1, 0, 1;
    %store/vec4 v000002098cf6c480_0, 0, 1;
    %delay 50000, 0;
    %pushi/vec4 0, 0, 1;
    %store/vec4 v000002098cf6c480_0, 0, 1;
    %delay 50000, 0;
    %pushi/vec4 1, 0, 1;
    %store/vec4 v000002098cf6c480_0, 0, 1;
    %end;
S_000002098cf02cf0 .scope task, "check_CRC" "check_CRC" 2 90, 2 90 0, S_000002098cefb700;
 .timescale -9 -12;
v000002098cf6bd00_0 .var "OP_result", 7 0;
v000002098cf6c520_0 .var/i "Test_case_number", 31 0;
v000002098cf6c980_0 .var "expected_output", 7 0;
E_000002098cef9550 .event posedge, v000002098cf6bad0_0;
E_000002098cef9390 .event negedge, v000002098cf0ae30_0;
TD_CRC_tbb.check_CRC ;
    %delay 100000, 0;
    %wait E_000002098cef9550;
    %pushi/vec4 0, 0, 32;
    %store/vec4 v000002098cf6c700_0, 0, 32;
T_3.2 ;
    %load/vec4 v000002098cf6c700_0;
    %cmpi/s 8, 0, 32;
    %jmp/0xz T_3.3, 5;
    %wait E_000002098cef9390;
    %load/vec4 v000002098cf6c200_0;
    %ix/getv/s 4, v000002098cf6c700_0;
    %store/vec4 v000002098cf6bd00_0, 4, 1;
    %load/vec4 v000002098cf6c700_0;
    %addi 1, 0, 32;
    %store/vec4 v000002098cf6c700_0, 0, 32;
    %jmp T_3.2;
T_3.3 ;
    %load/vec4 v000002098cf6bd00_0;
    %load/vec4 v000002098cf6c980_0;
    %cmp/e;
    %jmp/0xz  T_3.4, 4;
    %vpi_call 2 101 "$display", "Test case %0d has succeeded", v000002098cf6c520_0 {0 0 0};
    %jmp T_3.5;
T_3.4 ;
    %vpi_call 2 103 "$display", "Test case %0d has failed", v000002098cf6c520_0 {0 0 0};
T_3.5 ;
    %pushi/vec4 0, 0, 1;
    %store/vec4 v000002098cf6ca20_0, 0, 1;
    %end;
    .scope S_000002098cf0aca0;
T_4 ;
    %wait E_000002098cef97d0;
    %load/vec4 v000002098cf6ba30_0;
    %nor/r;
    %flag_set/vec4 8;
    %jmp/0xz  T_4.0, 8;
    %pushi/vec4 216, 0, 8;
    %assign/vec4 v000002098cf6b990_0, 0;
    %pushi/vec4 0, 0, 1;
    %assign/vec4 v000002098cf0aed0_0, 0;
    %pushi/vec4 0, 0, 1;
    %assign/vec4 v000002098cf6bad0_0, 0;
    %pushi/vec4 0, 0, 5;
    %assign/vec4 v000002098cf6b850_0, 0;
    %pushi/vec4 0, 0, 3;
    %assign/vec4 v000002098cf0af70_0, 0;
    %jmp T_4.1;
T_4.0 ;
    %load/vec4 v000002098ced31b0_0;
    %flag_set/vec4 8;
    %jmp/0xz  T_4.2, 8;
    %load/vec4 v000002098cf6b8f0_0;
    %ix/load 4, 7, 0;
    %ix/load 5, 0, 0;
    %flag_set/imm 4, 0;
    %assign/vec4/off/d v000002098cf6b990_0, 4, 5;
    %load/vec4 v000002098cf6b850_0;
    %addi 1, 0, 5;
    %assign/vec4 v000002098cf6b850_0, 0;
    %pushi/vec4 6, 0, 32;
    %store/vec4 v000002098cf6bda0_0, 0, 32;
T_4.4 ;
    %load/vec4 v000002098cf6bda0_0;
    %cmpi/s 0, 0, 32;
    %flag_inv 5; GE is !LT
    %jmp/0xz T_4.5, 5;
    %pushi/vec4 68, 0, 8;
    %load/vec4 v000002098cf6bda0_0;
    %part/s 1;
    %pad/u 32;
    %cmpi/e 1, 0, 32;
    %jmp/0xz  T_4.6, 4;
    %load/vec4 v000002098cf6b8f0_0;
    %load/vec4 v000002098cf6b990_0;
    %load/vec4 v000002098cf6bda0_0;
    %addi 1, 0, 32;
    %part/s 1;
    %xor;
    %ix/load 5, 0, 0;
    %ix/getv/s 4, v000002098cf6bda0_0;
    %assign/vec4/off/d v000002098cf6b990_0, 4, 5;
    %jmp T_4.7;
T_4.6 ;
    %load/vec4 v000002098cf6b990_0;
    %load/vec4 v000002098cf6bda0_0;
    %addi 1, 0, 32;
    %part/s 1;
    %ix/load 5, 0, 0;
    %ix/getv/s 4, v000002098cf6bda0_0;
    %assign/vec4/off/d v000002098cf6b990_0, 4, 5;
T_4.7 ;
    %load/vec4 v000002098cf6bda0_0;
    %subi 1, 0, 32;
    %store/vec4 v000002098cf6bda0_0, 0, 32;
    %jmp T_4.4;
T_4.5 ;
    %pushi/vec4 0, 0, 1;
    %assign/vec4 v000002098cf6bad0_0, 0;
    %pushi/vec4 0, 0, 3;
    %assign/vec4 v000002098cf0af70_0, 0;
    %jmp T_4.3;
T_4.2 ;
    %load/vec4 v000002098ced31b0_0;
    %nor/r;
    %flag_set/vec4 10;
    %flag_get/vec4 10;
    %jmp/0 T_4.11, 10;
    %load/vec4 v000002098cf6b850_0;
    %pushi/vec4 0, 0, 5;
    %cmp/ne;
    %flag_get/vec4 4;
    %and;
T_4.11;
    %flag_set/vec4 9;
    %flag_get/vec4 9;
    %jmp/0 T_4.10, 9;
    %load/vec4 v000002098cf0af70_0;
    %pad/u 32;
    %cmpi/u 8, 0, 32;
    %flag_get/vec4 5;
    %and;
T_4.10;
    %flag_set/vec4 8;
    %jmp/0xz  T_4.8, 8;
    %load/vec4 v000002098cf6b990_0;
    %split/vec4 1;
    %assign/vec4 v000002098cf0aed0_0, 0;
    %ix/load 4, 0, 0;
    %ix/load 5, 0, 0;
    %flag_set/imm 4, 0;
    %assign/vec4/off/d v000002098cf6b990_0, 4, 5;
    %pushi/vec4 1, 0, 1;
    %assign/vec4 v000002098cf6bad0_0, 0;
    %load/vec4 v000002098cf0af70_0;
    %addi 1, 0, 3;
    %assign/vec4 v000002098cf0af70_0, 0;
    %load/vec4 v000002098cf0af70_0;
    %pad/u 32;
    %cmpi/e 7, 0, 32;
    %jmp/0xz  T_4.12, 4;
    %pushi/vec4 0, 0, 5;
    %assign/vec4 v000002098cf6b850_0, 0;
T_4.12 ;
    %jmp T_4.9;
T_4.8 ;
    %pushi/vec4 0, 0, 1;
    %assign/vec4 v000002098cf6bad0_0, 0;
T_4.9 ;
T_4.3 ;
T_4.1 ;
    %jmp T_4;
    .thread T_4;
    .scope S_000002098cefb700;
T_5 ;
    %pushi/vec4 0, 0, 1;
    %store/vec4 v000002098cf6cac0_0, 0, 1;
    %delay 50000, 0;
    %pushi/vec4 1, 0, 1;
    %store/vec4 v000002098cf6cac0_0, 0, 1;
    %delay 50000, 0;
    %jmp T_5;
    .thread T_5;
    .scope S_000002098cefb700;
T_6 ;
    %vpi_call 2 35 "$dumpfile", "CRC.vcd" {0 0 0};
    %vpi_call 2 36 "$dumpvars" {0 0 0};
    %fork TD_CRC_tbb.Initialization, S_000002098cf6cc20;
    %join;
    %vpi_call 2 40 "$readmemh", "DATA_h.txt", v000002098cf6c840 {0 0 0};
    %vpi_call 2 41 "$readmemh", "Expec_Out_h.txt", v000002098cf6cb60 {0 0 0};
    %pushi/vec4 0, 0, 32;
    %store/vec4 v000002098cf6c8e0_0, 0, 32;
T_6.0 ;
    %load/vec4 v000002098cf6c8e0_0;
    %cmpi/u 10, 0, 32;
    %jmp/0xz T_6.1, 5;
    %ix/getv/s 4, v000002098cf6c8e0_0;
    %load/vec4a v000002098cf6c840, 4;
    %store/vec4 v000002098cf6c160_0, 0, 8;
    %fork TD_CRC_tbb.Operation, S_000002098cf6cdb0;
    %join;
    %ix/getv/s 4, v000002098cf6c8e0_0;
    %load/vec4a v000002098cf6cb60, 4;
    %store/vec4 v000002098cf6c980_0, 0, 8;
    %load/vec4 v000002098cf6c8e0_0;
    %store/vec4 v000002098cf6c520_0, 0, 32;
    %fork TD_CRC_tbb.check_CRC, S_000002098cf02cf0;
    %join;
    %load/vec4 v000002098cf6c8e0_0;
    %addi 1, 0, 32;
    %store/vec4 v000002098cf6c8e0_0, 0, 32;
    %jmp T_6.0;
T_6.1 ;
    %delay 100000, 0;
    %vpi_call 2 52 "$finish" {0 0 0};
    %end;
    .thread T_6;
# The file index is used to find the file name in the following table.
:file_names 4;
    "N/A";
    "<interactive>";
    "CRC_tb.v";
    "./CRC.v";
