#! /c/Source/iverilog-install/bin/vvp
:ivl_version "12.0 (devel)" "(s20150603-1539-g2693dd32b)";
:ivl_delay_selection "TYPICAL";
:vpi_time_precision + 0;
:vpi_module "C:\iverilog\lib\ivl\system.vpi";
:vpi_module "C:\iverilog\lib\ivl\vhdl_sys.vpi";
:vpi_module "C:\iverilog\lib\ivl\vhdl_textio.vpi";
:vpi_module "C:\iverilog\lib\ivl\v2005_math.vpi";
:vpi_module "C:\iverilog\lib\ivl\va_math.vpi";
S_0000022cd6c42bf0 .scope module, "FSM" "FSM" 2 1;
 .timescale 0 0;
    .port_info 0 /INPUT 1 "Data_valid";
    .port_info 1 /INPUT 1 "PAR_EN";
    .port_info 2 /INPUT 1 "ser_done";
    .port_info 3 /INPUT 1 "CLK";
    .port_info 4 /INPUT 1 "RST";
    .port_info 5 /OUTPUT 2 "mux_sel";
    .port_info 6 /OUTPUT 1 "ser_en";
    .port_info 7 /OUTPUT 1 "busy";
P_0000022cd6c42d80 .param/l "IDLE" 1 2 21, C4<00001>;
P_0000022cd6c42db8 .param/l "Send_data" 1 2 23, C4<00100>;
P_0000022cd6c42df0 .param/l "Start_bit" 1 2 22, C4<00010>;
P_0000022cd6c42e28 .param/l "Stop_bit" 1 2 25, C4<10000>;
P_0000022cd6c42e60 .param/l "parity" 1 2 24, C4<01000>;
o0000022cd6c7dfd8 .functor BUFZ 1, C4<z>; HiZ drive
v0000022cd6c42ea0_0 .net "CLK", 0 0, o0000022cd6c7dfd8;  0 drivers
v0000022cd6cc0840_0 .var "Current_state", 4 0;
o0000022cd6c7e038 .functor BUFZ 1, C4<z>; HiZ drive
v0000022cd6cc08e0_0 .net "Data_valid", 0 0, o0000022cd6c7e038;  0 drivers
v0000022cd6cc0980_0 .var "Next_state", 4 0;
o0000022cd6c7e098 .functor BUFZ 1, C4<z>; HiZ drive
v0000022cd6cc0a20_0 .net "PAR_EN", 0 0, o0000022cd6c7e098;  0 drivers
o0000022cd6c7e0c8 .functor BUFZ 1, C4<z>; HiZ drive
v0000022cd6cc0ac0_0 .net "RST", 0 0, o0000022cd6c7e0c8;  0 drivers
v0000022cd6cc0b60_0 .var "busy", 0 0;
v0000022cd6c73d90_0 .var "mux_sel", 1 0;
o0000022cd6c7e158 .functor BUFZ 1, C4<z>; HiZ drive
v0000022cd6c73e30_0 .net "ser_done", 0 0, o0000022cd6c7e158;  0 drivers
v0000022cd6c73ed0_0 .var "ser_en", 0 0;
E_0000022cd6c7bae0 .event anyedge, v0000022cd6cc0840_0;
E_0000022cd6c75070 .event anyedge, v0000022cd6cc0840_0, v0000022cd6cc08e0_0, v0000022cd6c73e30_0, v0000022cd6cc0a20_0;
E_0000022cd6c754f0/0 .event negedge, v0000022cd6cc0ac0_0;
E_0000022cd6c754f0/1 .event posedge, v0000022cd6c42ea0_0;
E_0000022cd6c754f0 .event/or E_0000022cd6c754f0/0, E_0000022cd6c754f0/1;
    .scope S_0000022cd6c42bf0;
T_0 ;
    %wait E_0000022cd6c754f0;
    %load/vec4 v0000022cd6cc0ac0_0;
    %nor/r;
    %flag_set/vec4 8;
    %jmp/0xz  T_0.0, 8;
    %pushi/vec4 1, 0, 5;
    %assign/vec4 v0000022cd6cc0840_0, 0;
    %pushi/vec4 0, 0, 1;
    %assign/vec4 v0000022cd6cc0b60_0, 0;
    %pushi/vec4 0, 0, 1;
    %assign/vec4 v0000022cd6c73ed0_0, 0;
    %jmp T_0.1;
T_0.0 ;
    %load/vec4 v0000022cd6cc0980_0;
    %assign/vec4 v0000022cd6cc0840_0, 0;
T_0.1 ;
    %jmp T_0;
    .thread T_0;
    .scope S_0000022cd6c42bf0;
T_1 ;
    %wait E_0000022cd6c75070;
    %load/vec4 v0000022cd6cc0840_0;
    %dup/vec4;
    %pushi/vec4 1, 0, 5;
    %cmp/u;
    %jmp/1 T_1.0, 6;
    %dup/vec4;
    %pushi/vec4 2, 0, 5;
    %cmp/u;
    %jmp/1 T_1.1, 6;
    %dup/vec4;
    %pushi/vec4 4, 0, 5;
    %cmp/u;
    %jmp/1 T_1.2, 6;
    %dup/vec4;
    %pushi/vec4 8, 0, 5;
    %cmp/u;
    %jmp/1 T_1.3, 6;
    %dup/vec4;
    %pushi/vec4 16, 0, 5;
    %cmp/u;
    %jmp/1 T_1.4, 6;
    %pushi/vec4 1, 0, 5;
    %store/vec4 v0000022cd6cc0980_0, 0, 5;
    %jmp T_1.6;
T_1.0 ;
    %load/vec4 v0000022cd6cc08e0_0;
    %flag_set/vec4 8;
    %jmp/0xz  T_1.7, 8;
    %pushi/vec4 2, 0, 5;
    %store/vec4 v0000022cd6cc0980_0, 0, 5;
    %jmp T_1.8;
T_1.7 ;
    %pushi/vec4 1, 0, 5;
    %store/vec4 v0000022cd6cc0980_0, 0, 5;
T_1.8 ;
    %jmp T_1.6;
T_1.1 ;
    %pushi/vec4 4, 0, 5;
    %store/vec4 v0000022cd6cc0980_0, 0, 5;
    %jmp T_1.6;
T_1.2 ;
    %load/vec4 v0000022cd6c73e30_0;
    %flag_set/vec4 8;
    %jmp/0xz  T_1.9, 8;
    %load/vec4 v0000022cd6cc0a20_0;
    %flag_set/vec4 8;
    %jmp/0xz  T_1.11, 8;
    %pushi/vec4 8, 0, 5;
    %store/vec4 v0000022cd6cc0980_0, 0, 5;
    %jmp T_1.12;
T_1.11 ;
    %pushi/vec4 16, 0, 5;
    %store/vec4 v0000022cd6cc0980_0, 0, 5;
T_1.12 ;
    %jmp T_1.10;
T_1.9 ;
    %pushi/vec4 4, 0, 5;
    %store/vec4 v0000022cd6cc0980_0, 0, 5;
T_1.10 ;
    %jmp T_1.6;
T_1.3 ;
    %pushi/vec4 16, 0, 5;
    %store/vec4 v0000022cd6cc0980_0, 0, 5;
    %jmp T_1.6;
T_1.4 ;
    %pushi/vec4 1, 0, 5;
    %store/vec4 v0000022cd6cc0980_0, 0, 5;
    %jmp T_1.6;
T_1.6 ;
    %pop/vec4 1;
    %jmp T_1;
    .thread T_1, $push;
    .scope S_0000022cd6c42bf0;
T_2 ;
    %wait E_0000022cd6c7bae0;
    %pushi/vec4 0, 0, 1;
    %store/vec4 v0000022cd6c73ed0_0, 0, 1;
    %pushi/vec4 0, 0, 1;
    %store/vec4 v0000022cd6cc0b60_0, 0, 1;
    %pushi/vec4 1, 0, 2;
    %store/vec4 v0000022cd6c73d90_0, 0, 2;
    %load/vec4 v0000022cd6cc0840_0;
    %dup/vec4;
    %pushi/vec4 1, 0, 5;
    %cmp/u;
    %jmp/1 T_2.0, 6;
    %dup/vec4;
    %pushi/vec4 2, 0, 5;
    %cmp/u;
    %jmp/1 T_2.1, 6;
    %dup/vec4;
    %pushi/vec4 4, 0, 5;
    %cmp/u;
    %jmp/1 T_2.2, 6;
    %dup/vec4;
    %pushi/vec4 8, 0, 5;
    %cmp/u;
    %jmp/1 T_2.3, 6;
    %dup/vec4;
    %pushi/vec4 16, 0, 5;
    %cmp/u;
    %jmp/1 T_2.4, 6;
    %pushi/vec4 0, 0, 1;
    %store/vec4 v0000022cd6cc0b60_0, 0, 1;
    %pushi/vec4 1, 0, 2;
    %store/vec4 v0000022cd6c73d90_0, 0, 2;
    %jmp T_2.6;
T_2.0 ;
    %pushi/vec4 0, 0, 1;
    %store/vec4 v0000022cd6cc0b60_0, 0, 1;
    %pushi/vec4 1, 0, 2;
    %store/vec4 v0000022cd6c73d90_0, 0, 2;
    %jmp T_2.6;
T_2.1 ;
    %pushi/vec4 1, 0, 1;
    %store/vec4 v0000022cd6cc0b60_0, 0, 1;
    %pushi/vec4 0, 0, 2;
    %store/vec4 v0000022cd6c73d90_0, 0, 2;
    %jmp T_2.6;
T_2.2 ;
    %pushi/vec4 1, 0, 1;
    %store/vec4 v0000022cd6cc0b60_0, 0, 1;
    %pushi/vec4 2, 0, 2;
    %store/vec4 v0000022cd6c73d90_0, 0, 2;
    %pushi/vec4 1, 0, 1;
    %store/vec4 v0000022cd6c73ed0_0, 0, 1;
    %jmp T_2.6;
T_2.3 ;
    %pushi/vec4 1, 0, 1;
    %store/vec4 v0000022cd6cc0b60_0, 0, 1;
    %pushi/vec4 3, 0, 2;
    %store/vec4 v0000022cd6c73d90_0, 0, 2;
    %jmp T_2.6;
T_2.4 ;
    %pushi/vec4 1, 0, 1;
    %store/vec4 v0000022cd6cc0b60_0, 0, 1;
    %pushi/vec4 1, 0, 2;
    %store/vec4 v0000022cd6c73d90_0, 0, 2;
    %jmp T_2.6;
T_2.6 ;
    %pop/vec4 1;
    %jmp T_2;
    .thread T_2, $push;
# The file index is used to find the file name in the following table.
:file_names 3;
    "N/A";
    "<interactive>";
    "FSM.v";
