#! /c/Source/iverilog-install/bin/vvp
:ivl_version "12.0 (devel)" "(s20150603-1539-g2693dd32b)";
:ivl_delay_selection "TYPICAL";
:vpi_time_precision + 0;
:vpi_module "C:\iverilog\lib\ivl\system.vpi";
:vpi_module "C:\iverilog\lib\ivl\vhdl_sys.vpi";
:vpi_module "C:\iverilog\lib\ivl\vhdl_textio.vpi";
:vpi_module "C:\iverilog\lib\ivl\v2005_math.vpi";
:vpi_module "C:\iverilog\lib\ivl\va_math.vpi";
S_0000021ad1bd2c40 .scope module, "MUX" "MUX" 2 1;
 .timescale 0 0;
    .port_info 0 /INPUT 2 "mux_sel";
    .port_info 1 /INPUT 1 "ser_data";
    .port_info 2 /INPUT 1 "par_bit";
    .port_info 3 /INPUT 1 "CLK";
    .port_info 4 /OUTPUT 1 "MUX_OUT";
o0000021ad1c06fa8 .functor BUFZ 1, C4<z>; HiZ drive
v0000021ad1bd32c0_0 .net "CLK", 0 0, o0000021ad1c06fa8;  0 drivers
v0000021ad1bd2dd0_0 .var "MUX_OUT", 0 0;
o0000021ad1c07008 .functor BUFZ 2, C4<zz>; HiZ drive
v0000021ad1bd2e70_0 .net "mux_sel", 1 0, o0000021ad1c07008;  0 drivers
o0000021ad1c07038 .functor BUFZ 1, C4<z>; HiZ drive
v0000021ad1bd2f10_0 .net "par_bit", 0 0, o0000021ad1c07038;  0 drivers
o0000021ad1c07068 .functor BUFZ 1, C4<z>; HiZ drive
v0000021ad1bbe450_0 .net "ser_data", 0 0, o0000021ad1c07068;  0 drivers
E_0000021ad1bb8650 .event anyedge, v0000021ad1bd2e70_0, v0000021ad1bbe450_0, v0000021ad1bd2f10_0;
    .scope S_0000021ad1bd2c40;
T_0 ;
    %wait E_0000021ad1bb8650;
    %load/vec4 v0000021ad1bd2e70_0;
    %dup/vec4;
    %pushi/vec4 0, 0, 2;
    %cmp/u;
    %jmp/1 T_0.0, 6;
    %dup/vec4;
    %pushi/vec4 1, 0, 2;
    %cmp/u;
    %jmp/1 T_0.1, 6;
    %dup/vec4;
    %pushi/vec4 2, 0, 2;
    %cmp/u;
    %jmp/1 T_0.2, 6;
    %dup/vec4;
    %pushi/vec4 3, 0, 2;
    %cmp/u;
    %jmp/1 T_0.3, 6;
    %jmp T_0.4;
T_0.0 ;
    %pushi/vec4 0, 0, 1;
    %store/vec4 v0000021ad1bd2dd0_0, 0, 1;
    %jmp T_0.4;
T_0.1 ;
    %pushi/vec4 1, 0, 1;
    %store/vec4 v0000021ad1bd2dd0_0, 0, 1;
    %jmp T_0.4;
T_0.2 ;
    %load/vec4 v0000021ad1bbe450_0;
    %store/vec4 v0000021ad1bd2dd0_0, 0, 1;
    %jmp T_0.4;
T_0.3 ;
    %load/vec4 v0000021ad1bd2f10_0;
    %store/vec4 v0000021ad1bd2dd0_0, 0, 1;
    %jmp T_0.4;
T_0.4 ;
    %pop/vec4 1;
    %jmp T_0;
    .thread T_0, $push;
# The file index is used to find the file name in the following table.
:file_names 3;
    "N/A";
    "<interactive>";
    "MUX.v";
