#! /c/Source/iverilog-install/bin/vvp
:ivl_version "12.0 (devel)" "(s20150603-1539-g2693dd32b)";
:ivl_delay_selection "TYPICAL";
:vpi_time_precision + 0;
:vpi_module "C:\iverilog\lib\ivl\system.vpi";
:vpi_module "C:\iverilog\lib\ivl\vhdl_sys.vpi";
:vpi_module "C:\iverilog\lib\ivl\vhdl_textio.vpi";
:vpi_module "C:\iverilog\lib\ivl\v2005_math.vpi";
:vpi_module "C:\iverilog\lib\ivl\va_math.vpi";
S_000001d752b22b30 .scope module, "parity_calc" "parity_calc" 2 1;
 .timescale 0 0;
    .port_info 0 /INPUT 8 "P_DATA";
    .port_info 1 /INPUT 1 "Data_valid";
    .port_info 2 /INPUT 1 "PAR_TYP";
    .port_info 3 /OUTPUT 1 "par_bit";
o000001d752b56fd8 .functor BUFZ 1, C4<z>; HiZ drive
v000001d752b22cc0_0 .net "Data_valid", 0 0, o000001d752b56fd8;  0 drivers
o000001d752b57008 .functor BUFZ 1, C4<z>; HiZ drive
v000001d752b22d60_0 .net "PAR_TYP", 0 0, o000001d752b57008;  0 drivers
o000001d752b57038 .functor BUFZ 8, C4<zzzzzzzz>; HiZ drive
v000001d752b22e00_0 .net "P_DATA", 7 0, o000001d752b57038;  0 drivers
v000001d752b22ea0_0 .net "P_flag", 0 0, L_000001d752b9bce0;  1 drivers
v000001d752b9bc40_0 .var "par_bit", 0 0;
E_000001d752a9df50 .event anyedge, v000001d752b22cc0_0, v000001d752b22d60_0, v000001d752b22ea0_0;
L_000001d752b9bce0 .reduce/xor o000001d752b57038;
    .scope S_000001d752b22b30;
T_0 ;
    %wait E_000001d752a9df50;
    %load/vec4 v000001d752b22cc0_0;
    %nor/r;
    %flag_set/vec4 8;
    %jmp/0xz  T_0.0, 8;
    %pushi/vec4 0, 0, 1;
    %store/vec4 v000001d752b9bc40_0, 0, 1;
    %jmp T_0.1;
T_0.0 ;
    %load/vec4 v000001d752b22d60_0;
    %nor/r;
    %flag_set/vec4 8;
    %jmp/0xz  T_0.2, 8;
    %load/vec4 v000001d752b22ea0_0;
    %flag_set/vec4 8;
    %jmp/0xz  T_0.4, 8;
    %pushi/vec4 1, 0, 1;
    %store/vec4 v000001d752b9bc40_0, 0, 1;
    %jmp T_0.5;
T_0.4 ;
    %pushi/vec4 0, 0, 1;
    %store/vec4 v000001d752b9bc40_0, 0, 1;
T_0.5 ;
    %jmp T_0.3;
T_0.2 ;
    %load/vec4 v000001d752b22ea0_0;
    %flag_set/vec4 8;
    %jmp/0xz  T_0.6, 8;
    %pushi/vec4 0, 0, 1;
    %store/vec4 v000001d752b9bc40_0, 0, 1;
    %jmp T_0.7;
T_0.6 ;
    %pushi/vec4 1, 0, 1;
    %store/vec4 v000001d752b9bc40_0, 0, 1;
T_0.7 ;
T_0.3 ;
T_0.1 ;
    %jmp T_0;
    .thread T_0, $push;
# The file index is used to find the file name in the following table.
:file_names 3;
    "N/A";
    "<interactive>";
    "parity_calc.v";
