#! /c/Source/iverilog-install/bin/vvp
:ivl_version "12.0 (devel)" "(s20150603-1539-g2693dd32b)";
:ivl_delay_selection "TYPICAL";
:vpi_time_precision + 0;
:vpi_module "C:\iverilog\lib\ivl\system.vpi";
:vpi_module "C:\iverilog\lib\ivl\vhdl_sys.vpi";
:vpi_module "C:\iverilog\lib\ivl\vhdl_textio.vpi";
:vpi_module "C:\iverilog\lib\ivl\v2005_math.vpi";
:vpi_module "C:\iverilog\lib\ivl\va_math.vpi";
S_000001e502792b30 .scope module, "serializer" "serializer" 2 1;
 .timescale 0 0;
    .port_info 0 /INPUT 8 "P_DATA";
    .port_info 1 /INPUT 1 "ser_en";
    .port_info 2 /INPUT 1 "CLK";
    .port_info 3 /INPUT 1 "RST";
    .port_info 4 /OUTPUT 1 "ser_data";
    .port_info 5 /OUTPUT 1 "ser_done";
o000001e5027c8fa8 .functor BUFZ 1, C4<z>; HiZ drive
v000001e50270bf00_0 .net "CLK", 0 0, o000001e5027c8fa8;  0 drivers
o000001e5027c8fd8 .functor BUFZ 8, C4<zzzzzzzz>; HiZ drive
v000001e502792cc0_0 .net "P_DATA", 7 0, o000001e5027c8fd8;  0 drivers
o000001e5027c9008 .functor BUFZ 1, C4<z>; HiZ drive
v000001e502792d60_0 .net "RST", 0 0, o000001e5027c9008;  0 drivers
v000001e502792e00_0 .var "busy", 0 0;
v000001e502792ea0_0 .var "counter", 3 0;
v000001e502810430_0 .var "internal_reg", 7 0;
v000001e5028104d0_0 .var "ser_data", 0 0;
v000001e502810570_0 .var "ser_done", 0 0;
o000001e5027c9128 .functor BUFZ 1, C4<z>; HiZ drive
v000001e502810610_0 .net "ser_en", 0 0, o000001e5027c9128;  0 drivers
E_000001e50270aeb0/0 .event negedge, v000001e502792d60_0;
E_000001e50270aeb0/1 .event posedge, v000001e50270bf00_0;
E_000001e50270aeb0 .event/or E_000001e50270aeb0/0, E_000001e50270aeb0/1;
    .scope S_000001e502792b30;
T_0 ;
    %wait E_000001e50270aeb0;
    %load/vec4 v000001e502792d60_0;
    %nor/r;
    %flag_set/vec4 8;
    %jmp/0xz  T_0.0, 8;
    %pushi/vec4 1, 0, 1;
    %assign/vec4 v000001e5028104d0_0, 0;
    %pushi/vec4 0, 0, 1;
    %assign/vec4 v000001e502810570_0, 0;
    %pushi/vec4 0, 0, 8;
    %assign/vec4 v000001e502810430_0, 0;
    %pushi/vec4 0, 0, 4;
    %assign/vec4 v000001e502792ea0_0, 0;
    %pushi/vec4 0, 0, 1;
    %assign/vec4 v000001e502792e00_0, 0;
    %jmp T_0.1;
T_0.0 ;
    %load/vec4 v000001e502792e00_0;
    %nor/r;
    %flag_set/vec4 9;
    %flag_get/vec4 9;
    %jmp/0 T_0.4, 9;
    %load/vec4 v000001e502810610_0;
    %and;
T_0.4;
    %flag_set/vec4 8;
    %jmp/0xz  T_0.2, 8;
    %pushi/vec4 1, 0, 4;
    %assign/vec4 v000001e502792ea0_0, 0;
    %load/vec4 v000001e502792cc0_0;
    %assign/vec4 v000001e502810430_0, 0;
    %pushi/vec4 1, 0, 1;
    %assign/vec4 v000001e502792e00_0, 0;
    %pushi/vec4 0, 0, 1;
    %assign/vec4 v000001e502810570_0, 0;
    %load/vec4 v000001e502792cc0_0;
    %parti/s 1, 0, 2;
    %assign/vec4 v000001e5028104d0_0, 0;
    %jmp T_0.3;
T_0.2 ;
    %load/vec4 v000001e502792e00_0;
    %flag_set/vec4 8;
    %jmp/0xz  T_0.5, 8;
    %load/vec4 v000001e502792ea0_0;
    %pad/u 32;
    %cmpi/u 8, 0, 32;
    %jmp/0xz  T_0.7, 5;
    %load/vec4 v000001e502810430_0;
    %ix/load 4, 1, 0;
    %flag_set/imm 4, 0;
    %shiftr 4;
    %assign/vec4 v000001e502810430_0, 0;
    %load/vec4 v000001e502810430_0;
    %parti/s 1, 1, 2;
    %assign/vec4 v000001e5028104d0_0, 0;
    %load/vec4 v000001e502792ea0_0;
    %addi 1, 0, 4;
    %assign/vec4 v000001e502792ea0_0, 0;
    %pushi/vec4 0, 0, 1;
    %assign/vec4 v000001e502810570_0, 0;
    %jmp T_0.8;
T_0.7 ;
    %pushi/vec4 1, 0, 1;
    %assign/vec4 v000001e502810570_0, 0;
    %pushi/vec4 0, 0, 1;
    %assign/vec4 v000001e502792e00_0, 0;
    %pushi/vec4 1, 0, 1;
    %assign/vec4 v000001e5028104d0_0, 0;
T_0.8 ;
    %jmp T_0.6;
T_0.5 ;
    %pushi/vec4 1, 0, 1;
    %assign/vec4 v000001e5028104d0_0, 0;
T_0.6 ;
T_0.3 ;
T_0.1 ;
    %jmp T_0;
    .thread T_0;
# The file index is used to find the file name in the following table.
:file_names 3;
    "N/A";
    "<interactive>";
    "serializer.v";
