#! /c/Source/iverilog-install/bin/vvp
:ivl_version "12.0 (devel)" "(s20150603-1539-g2693dd32b)";
:ivl_delay_selection "TYPICAL";
:vpi_time_precision - 12;
:vpi_module "C:\iverilog\lib\ivl\system.vpi";
:vpi_module "C:\iverilog\lib\ivl\vhdl_sys.vpi";
:vpi_module "C:\iverilog\lib\ivl\vhdl_textio.vpi";
:vpi_module "C:\iverilog\lib\ivl\v2005_math.vpi";
:vpi_module "C:\iverilog\lib\ivl\va_math.vpi";
S_000001eb60276490 .scope module, "Up_Dn_Counter_tb" "Up_Dn_Counter_tb" 2 3;
 .timescale -9 -12;
v000001eb60252df0_0 .var "CLK_tb", 0 0;
v000001eb60252e90_0 .net "Counter_tb", 4 0, v000001eb60284e10_0;  1 drivers
v000001eb60252f30_0 .var "Down_tb", 0 0;
v000001eb60280170_0 .net "High_tb", 0 0, v000001eb6027c220_0;  1 drivers
v000001eb60280210_0 .var "IN_tb", 4 0;
v000001eb602802b0_0 .var "Load_tb", 0 0;
v000001eb60280350_0 .net "Low_tb", 0 0, v000001eb60252cb0_0;  1 drivers
v000001eb602eb4f0_0 .var "Up_tb", 0 0;
S_000001eb6023bdd0 .scope module, "DUT" "Up_Dn_Counter" 2 17, 3 1 0, S_000001eb60276490;
 .timescale -9 -12;
    .port_info 0 /INPUT 5 "IN";
    .port_info 1 /INPUT 1 "Load";
    .port_info 2 /INPUT 1 "Up";
    .port_info 3 /INPUT 1 "Down";
    .port_info 4 /INPUT 1 "CLK";
    .port_info 5 /OUTPUT 1 "High";
    .port_info 6 /OUTPUT 5 "Counter";
    .port_info 7 /OUTPUT 1 "Low";
v000001eb60253360_0 .net "CLK", 0 0, v000001eb60252df0_0;  1 drivers
v000001eb60284e10_0 .var "Counter", 4 0;
v000001eb60283b60_0 .net "Down", 0 0, v000001eb60252f30_0;  1 drivers
v000001eb6027c220_0 .var "High", 0 0;
v000001eb60252b70_0 .net "IN", 4 0, v000001eb60280210_0;  1 drivers
v000001eb60252c10_0 .net "Load", 0 0, v000001eb602802b0_0;  1 drivers
v000001eb60252cb0_0 .var "Low", 0 0;
v000001eb60252d50_0 .net "Up", 0 0, v000001eb602eb4f0_0;  1 drivers
E_000001eb60275c70 .event anyedge, v000001eb60284e10_0;
E_000001eb60275cb0 .event posedge, v000001eb60253360_0;
    .scope S_000001eb6023bdd0;
T_0 ;
    %wait E_000001eb60275cb0;
    %load/vec4 v000001eb60252c10_0;
    %cmpi/e 1, 0, 1;
    %jmp/0xz  T_0.0, 4;
    %load/vec4 v000001eb60252b70_0;
    %assign/vec4 v000001eb60284e10_0, 0;
    %jmp T_0.1;
T_0.0 ;
    %load/vec4 v000001eb60283b60_0;
    %cmpi/e 1, 0, 1;
    %flag_get/vec4 4;
    %jmp/0 T_0.4, 4;
    %load/vec4 v000001eb60252cb0_0;
    %nor/r;
    %and;
T_0.4;
    %flag_set/vec4 8;
    %jmp/0xz  T_0.2, 8;
    %load/vec4 v000001eb60284e10_0;
    %subi 1, 0, 5;
    %assign/vec4 v000001eb60284e10_0, 0;
    %jmp T_0.3;
T_0.2 ;
    %load/vec4 v000001eb60252d50_0;
    %cmpi/e 1, 0, 1;
    %flag_get/vec4 4;
    %jmp/0 T_0.7, 4;
    %load/vec4 v000001eb6027c220_0;
    %nor/r;
    %and;
T_0.7;
    %flag_set/vec4 8;
    %jmp/0xz  T_0.5, 8;
    %load/vec4 v000001eb60284e10_0;
    %addi 1, 0, 5;
    %assign/vec4 v000001eb60284e10_0, 0;
T_0.5 ;
T_0.3 ;
T_0.1 ;
    %jmp T_0;
    .thread T_0;
    .scope S_000001eb6023bdd0;
T_1 ;
    %wait E_000001eb60275c70;
    %load/vec4 v000001eb60284e10_0;
    %cmpi/e 31, 0, 5;
    %jmp/0xz  T_1.0, 4;
    %pushi/vec4 1, 0, 1;
    %store/vec4 v000001eb6027c220_0, 0, 1;
    %jmp T_1.1;
T_1.0 ;
    %pushi/vec4 0, 0, 1;
    %store/vec4 v000001eb6027c220_0, 0, 1;
T_1.1 ;
    %load/vec4 v000001eb60284e10_0;
    %cmpi/e 0, 0, 5;
    %jmp/0xz  T_1.2, 4;
    %pushi/vec4 1, 0, 1;
    %store/vec4 v000001eb60252cb0_0, 0, 1;
    %jmp T_1.3;
T_1.2 ;
    %pushi/vec4 0, 0, 1;
    %store/vec4 v000001eb60252cb0_0, 0, 1;
T_1.3 ;
    %jmp T_1;
    .thread T_1, $push;
    .scope S_000001eb60276490;
T_2 ;
    %delay 5000, 0;
    %load/vec4 v000001eb60252df0_0;
    %inv;
    %store/vec4 v000001eb60252df0_0, 0, 1;
    %jmp T_2;
    .thread T_2;
    .scope S_000001eb60276490;
T_3 ;
    %vpi_call 2 38 "$dumpfile", "Up_Dn_Counter.vcd" {0 0 0};
    %vpi_call 2 39 "$dumpvars" {0 0 0};
    %pushi/vec4 10, 0, 5;
    %store/vec4 v000001eb60280210_0, 0, 5;
    %pushi/vec4 0, 0, 1;
    %store/vec4 v000001eb602802b0_0, 0, 1;
    %pushi/vec4 0, 0, 1;
    %store/vec4 v000001eb602eb4f0_0, 0, 1;
    %pushi/vec4 0, 0, 1;
    %store/vec4 v000001eb60252f30_0, 0, 1;
    %pushi/vec4 0, 0, 1;
    %store/vec4 v000001eb60252df0_0, 0, 1;
    %vpi_call 2 46 "$display", "Test case 1: " {0 0 0};
    %delay 10000, 0;
    %pushi/vec4 1, 0, 1;
    %store/vec4 v000001eb602802b0_0, 0, 1;
    %delay 10000, 0;
    %load/vec4 v000001eb60252e90_0;
    %cmpi/e 10, 0, 5;
    %jmp/0xz  T_3.0, 4;
    %vpi_call 2 51 "$display", "Test case 1 has passed with counter value = 0x%0h at simulation time=%t", v000001eb60252e90_0, $time {0 0 0};
    %jmp T_3.1;
T_3.0 ;
    %vpi_call 2 53 "$display", "Test case 1 has failed with counter value = 0x%0h at simulation time=%t", v000001eb60252e90_0, $time {0 0 0};
T_3.1 ;
    %vpi_call 2 55 "$display", "Test case 2: " {0 0 0};
    %delay 10000, 0;
    %pushi/vec4 1, 0, 1;
    %store/vec4 v000001eb602802b0_0, 0, 1;
    %pushi/vec4 1, 0, 1;
    %store/vec4 v000001eb602eb4f0_0, 0, 1;
    %delay 10000, 0;
    %load/vec4 v000001eb60252e90_0;
    %cmpi/e 10, 0, 5;
    %jmp/0xz  T_3.2, 4;
    %vpi_call 2 60 "$display", "Test case 2 has passed with counter value = 0x%0h at simulation time=%t", v000001eb60252e90_0, $time {0 0 0};
    %jmp T_3.3;
T_3.2 ;
    %vpi_call 2 62 "$display", "Test case 2 has failed with counter value = 0x%0h at simulation time=%t", v000001eb60252e90_0, $time {0 0 0};
T_3.3 ;
    %vpi_call 2 64 "$display", "Test case 3: " {0 0 0};
    %delay 10000, 0;
    %pushi/vec4 1, 0, 1;
    %store/vec4 v000001eb602802b0_0, 0, 1;
    %pushi/vec4 1, 0, 1;
    %store/vec4 v000001eb60252f30_0, 0, 1;
    %delay 10000, 0;
    %load/vec4 v000001eb60252e90_0;
    %cmpi/e 10, 0, 5;
    %jmp/0xz  T_3.4, 4;
    %vpi_call 2 69 "$display", "Test case 3 has passed with counter value = 0x%0h at simulation time=%t", v000001eb60252e90_0, $time {0 0 0};
    %jmp T_3.5;
T_3.4 ;
    %vpi_call 2 71 "$display", "Test case 3 has failed with counter value = 0x%0h at simulation time=%t", v000001eb60252e90_0, $time {0 0 0};
T_3.5 ;
    %vpi_call 2 74 "$display", "Test case 4: " {0 0 0};
    %delay 10000, 0;
    %pushi/vec4 1, 0, 1;
    %store/vec4 v000001eb602eb4f0_0, 0, 1;
    %delay 10000, 0;
    %load/vec4 v000001eb60252e90_0;
    %cmpi/e 11, 0, 5;
    %jmp/0xz  T_3.6, 4;
    %vpi_call 2 79 "$display", "Test case 4 has passed with counter value = 0x%0h at simulation time=%t", v000001eb60252e90_0, $time {0 0 0};
    %jmp T_3.7;
T_3.6 ;
    %vpi_call 2 81 "$display", "Test case 4 has failed with counter value = 0x%0h at simulation time=%t", v000001eb60252e90_0, $time {0 0 0};
T_3.7 ;
    %vpi_call 2 83 "$display", "Test case 5: " {0 0 0};
    %delay 10000, 0;
    %pushi/vec4 1, 0, 1;
    %store/vec4 v000001eb602eb4f0_0, 0, 1;
    %pushi/vec4 1, 0, 1;
    %store/vec4 v000001eb60252f30_0, 0, 1;
    %delay 10000, 0;
    %load/vec4 v000001eb60252e90_0;
    %cmpi/e 10, 0, 5;
    %jmp/0xz  T_3.8, 4;
    %vpi_call 2 88 "$display", "Test case 5 has passed with counter value = 0x%0h at simulation time=%t", v000001eb60252e90_0, $time {0 0 0};
    %jmp T_3.9;
T_3.8 ;
    %vpi_call 2 90 "$display", "Test case 5 has failed with counter value = 0x%0h at simulation time=%t", v000001eb60252e90_0, $time {0 0 0};
T_3.9 ;
    %vpi_call 2 92 "$display", "Test case 6: " {0 0 0};
    %delay 10000, 0;
    %pushi/vec4 1, 0, 1;
    %store/vec4 v000001eb602eb4f0_0, 0, 1;
    %pushi/vec4 1, 0, 1;
    %store/vec4 v000001eb602802b0_0, 0, 1;
    %pushi/vec4 31, 0, 5;
    %store/vec4 v000001eb60280210_0, 0, 5;
    %delay 10000, 0;
    %load/vec4 v000001eb60252e90_0;
    %cmpi/e 31, 0, 5;
    %jmp/0xz  T_3.10, 4;
    %vpi_call 2 99 "$display", "Test case 6 has passed with Low flag value = %0b at simulation time=%t", v000001eb60280170_0, $time {0 0 0};
    %jmp T_3.11;
T_3.10 ;
    %vpi_call 2 101 "$display", "Test case 6 has failed with Low flag value = %0b at simulation time=%t", v000001eb60280170_0, $time {0 0 0};
T_3.11 ;
    %vpi_call 2 104 "$display", "Test case 7: " {0 0 0};
    %delay 10000, 0;
    %pushi/vec4 1, 0, 1;
    %store/vec4 v000001eb602eb4f0_0, 0, 1;
    %pushi/vec4 1, 0, 1;
    %store/vec4 v000001eb602802b0_0, 0, 1;
    %pushi/vec4 0, 0, 5;
    %store/vec4 v000001eb60280210_0, 0, 5;
    %delay 10000, 0;
    %load/vec4 v000001eb60252e90_0;
    %cmpi/e 0, 0, 5;
    %jmp/0xz  T_3.12, 4;
    %vpi_call 2 111 "$display", "Test case 7 has passed with High flag value = %0b at simulation time=%t", v000001eb60280350_0, $time {0 0 0};
    %jmp T_3.13;
T_3.12 ;
    %vpi_call 2 113 "$display", "Test case 7 has failed with High flag value = %0b at simulation time=%t", v000001eb60280350_0, $time {0 0 0};
T_3.13 ;
    %vpi_call 2 115 "$finish" {0 0 0};
    %end;
    .thread T_3;
# The file index is used to find the file name in the following table.
:file_names 4;
    "N/A";
    "<interactive>";
    "Up_Dn_Counter_tb.v";
    "./Up_Dn_Counter.v";
