#! /c/Source/iverilog-install/bin/vvp
:ivl_version "12.0 (devel)" "(s20150603-1539-g2693dd32b)";
:ivl_delay_selection "TYPICAL";
:vpi_time_precision + 0;
:vpi_module "C:\iverilog\lib\ivl\system.vpi";
:vpi_module "C:\iverilog\lib\ivl\vhdl_sys.vpi";
:vpi_module "C:\iverilog\lib\ivl\vhdl_textio.vpi";
:vpi_module "C:\iverilog\lib\ivl\v2005_math.vpi";
:vpi_module "C:\iverilog\lib\ivl\va_math.vpi";
S_0000017171a62c00 .scope module, "ALU8" "ALU8" 2 11;
 .timescale 0 0;
    .port_info 0 /INPUT 8 "A";
    .port_info 1 /INPUT 8 "B";
    .port_info 2 /INPUT 4 "OpCode";
    .port_info 3 /OUTPUT 8 "Result";
    .port_info 4 /OUTPUT 1 "C";
    .port_info 5 /OUTPUT 1 "OV";
    .port_info 6 /OUTPUT 1 "ZF";
P_0000017171a86510 .param/l "ADD_op" 1 2 24, C4<0000>;
P_0000017171a86548 .param/l "AND_OP" 1 2 26, C4<0010>;
P_0000017171a86580 .param/l "DEC_op" 1 2 31, C4<0111>;
P_0000017171a865b8 .param/l "INC_op" 1 2 30, C4<0110>;
P_0000017171a865f0 .param/l "NOT_op" 1 2 29, C4<0101>;
P_0000017171a86628 .param/l "OR_op" 1 2 27, C4<0011>;
P_0000017171a86660 .param/l "PASSA_op" 1 2 32, C4<1000>;
P_0000017171a86698 .param/l "PASSB_op" 1 2 33, C4<1001>;
P_0000017171a866d0 .param/l "SUB_op" 1 2 25, C4<0001>;
P_0000017171a86708 .param/l "XOR_op" 1 2 28, C4<0100>;
o0000017171a9bf88 .functor BUFZ 8, C4<zzzzzzzz>; HiZ drive
v0000017171a632c0_0 .net "A", 7 0, o0000017171a9bf88;  0 drivers
o0000017171a9bfb8 .functor BUFZ 8, C4<zzzzzzzz>; HiZ drive
v0000017171a94bd0_0 .net "B", 7 0, o0000017171a9bfb8;  0 drivers
v0000017171a62d90_0 .var "C", 0 0;
v0000017171a62e30_0 .var "OV", 0 0;
o0000017171a9c048 .functor BUFZ 4, C4<zzzz>; HiZ drive
v0000017171a62ed0_0 .net "OpCode", 3 0, o0000017171a9c048;  0 drivers
v0000017171ae5000_0 .var "Result", 7 0;
v0000017171ae50a0_0 .var "ZF", 0 0;
E_0000017171a85440 .event anyedge, v0000017171a62ed0_0, v0000017171a632c0_0, v0000017171a94bd0_0, v0000017171ae5000_0;
    .scope S_0000017171a62c00;
T_0 ;
    %wait E_0000017171a85440;
    %pushi/vec4 0, 0, 8;
    %store/vec4 v0000017171ae5000_0, 0, 8;
    %pushi/vec4 0, 0, 1;
    %store/vec4 v0000017171a62d90_0, 0, 1;
    %pushi/vec4 0, 0, 1;
    %store/vec4 v0000017171a62e30_0, 0, 1;
    %pushi/vec4 0, 0, 1;
    %store/vec4 v0000017171ae50a0_0, 0, 1;
    %load/vec4 v0000017171a62ed0_0;
    %dup/vec4;
    %pushi/vec4 0, 0, 4;
    %cmp/u;
    %jmp/1 T_0.0, 6;
    %dup/vec4;
    %pushi/vec4 1, 0, 4;
    %cmp/u;
    %jmp/1 T_0.1, 6;
    %dup/vec4;
    %pushi/vec4 3, 0, 4;
    %cmp/u;
    %jmp/1 T_0.2, 6;
    %dup/vec4;
    %pushi/vec4 4, 0, 4;
    %cmp/u;
    %jmp/1 T_0.3, 6;
    %dup/vec4;
    %pushi/vec4 5, 0, 4;
    %cmp/u;
    %jmp/1 T_0.4, 6;
    %dup/vec4;
    %pushi/vec4 6, 0, 4;
    %cmp/u;
    %jmp/1 T_0.5, 6;
    %dup/vec4;
    %pushi/vec4 7, 0, 4;
    %cmp/u;
    %jmp/1 T_0.6, 6;
    %dup/vec4;
    %pushi/vec4 8, 0, 4;
    %cmp/u;
    %jmp/1 T_0.7, 6;
    %dup/vec4;
    %pushi/vec4 9, 0, 4;
    %cmp/u;
    %jmp/1 T_0.8, 6;
    %pushi/vec4 0, 0, 8;
    %store/vec4 v0000017171ae5000_0, 0, 8;
    %pushi/vec4 0, 0, 1;
    %store/vec4 v0000017171a62d90_0, 0, 1;
    %jmp T_0.10;
T_0.0 ;
    %load/vec4 v0000017171a632c0_0;
    %pad/u 9;
    %load/vec4 v0000017171a94bd0_0;
    %pad/u 9;
    %add;
    %split/vec4 8;
    %store/vec4 v0000017171ae5000_0, 0, 8;
    %store/vec4 v0000017171a62d90_0, 0, 1;
    %load/vec4 v0000017171a632c0_0;
    %parti/s 1, 7, 4;
    %load/vec4 v0000017171a94bd0_0;
    %parti/s 1, 7, 4;
    %cmp/e;
    %flag_get/vec4 4;
    %jmp/0 T_0.11, 4;
    %load/vec4 v0000017171ae5000_0;
    %parti/s 1, 7, 4;
    %load/vec4 v0000017171a632c0_0;
    %parti/s 1, 7, 4;
    %cmp/ne;
    %flag_get/vec4 4;
    %and;
T_0.11;
    %store/vec4 v0000017171a62e30_0, 0, 1;
    %jmp T_0.10;
T_0.1 ;
    %load/vec4 v0000017171a632c0_0;
    %pad/u 9;
    %load/vec4 v0000017171a94bd0_0;
    %pad/u 9;
    %sub;
    %split/vec4 8;
    %store/vec4 v0000017171ae5000_0, 0, 8;
    %store/vec4 v0000017171a62d90_0, 0, 1;
    %load/vec4 v0000017171a632c0_0;
    %parti/s 1, 7, 4;
    %load/vec4 v0000017171a94bd0_0;
    %parti/s 1, 7, 4;
    %cmp/ne;
    %flag_get/vec4 4;
    %jmp/0 T_0.12, 4;
    %load/vec4 v0000017171ae5000_0;
    %parti/s 1, 7, 4;
    %load/vec4 v0000017171a632c0_0;
    %parti/s 1, 7, 4;
    %cmp/ne;
    %flag_get/vec4 4;
    %and;
T_0.12;
    %store/vec4 v0000017171a62e30_0, 0, 1;
    %jmp T_0.10;
T_0.2 ;
    %load/vec4 v0000017171a632c0_0;
    %load/vec4 v0000017171a94bd0_0;
    %or;
    %store/vec4 v0000017171ae5000_0, 0, 8;
    %jmp T_0.10;
T_0.3 ;
    %load/vec4 v0000017171a632c0_0;
    %load/vec4 v0000017171a94bd0_0;
    %xor;
    %store/vec4 v0000017171ae5000_0, 0, 8;
    %jmp T_0.10;
T_0.4 ;
    %load/vec4 v0000017171a632c0_0;
    %inv;
    %store/vec4 v0000017171ae5000_0, 0, 8;
    %jmp T_0.10;
T_0.5 ;
    %load/vec4 v0000017171a632c0_0;
    %pad/u 9;
    %addi 1, 0, 9;
    %split/vec4 8;
    %store/vec4 v0000017171ae5000_0, 0, 8;
    %store/vec4 v0000017171a62d90_0, 0, 1;
    %jmp T_0.10;
T_0.6 ;
    %load/vec4 v0000017171a632c0_0;
    %subi 1, 0, 8;
    %store/vec4 v0000017171ae5000_0, 0, 8;
    %jmp T_0.10;
T_0.7 ;
    %load/vec4 v0000017171a632c0_0;
    %store/vec4 v0000017171ae5000_0, 0, 8;
    %jmp T_0.10;
T_0.8 ;
    %load/vec4 v0000017171a94bd0_0;
    %store/vec4 v0000017171ae5000_0, 0, 8;
    %jmp T_0.10;
T_0.10 ;
    %pop/vec4 1;
    %load/vec4 v0000017171ae5000_0;
    %cmpi/e 0, 0, 8;
    %jmp/0xz  T_0.13, 4;
    %pushi/vec4 1, 0, 1;
    %store/vec4 v0000017171ae50a0_0, 0, 1;
T_0.13 ;
    %jmp T_0;
    .thread T_0, $push;
# The file index is used to find the file name in the following table.
:file_names 3;
    "N/A";
    "<interactive>";
    "ALU8.v";
