#! /c/Source/iverilog-install/bin/vvp
:ivl_version "12.0 (devel)" "(s20150603-1539-g2693dd32b)";
:ivl_delay_selection "TYPICAL";
:vpi_time_precision - 12;
:vpi_module "C:\iverilog\lib\ivl\system.vpi";
:vpi_module "C:\iverilog\lib\ivl\vhdl_sys.vpi";
:vpi_module "C:\iverilog\lib\ivl\vhdl_textio.vpi";
:vpi_module "C:\iverilog\lib\ivl\v2005_math.vpi";
:vpi_module "C:\iverilog\lib\ivl\va_math.vpi";
S_0000016db84b7b20 .scope module, "DATA_SYNC_tb" "DATA_SYNC_tb" 2 3;
 .timescale -9 -12;
P_0000016db84b78a0 .param/l "BUS_WIDTH" 0 2 8, +C4<00000000000000000000000000001000>;
P_0000016db84b78d8 .param/l "Clock_period" 0 2 5, +C4<00000000000000000000000000001010>;
P_0000016db84b7910 .param/l "NUM_STAGES" 0 2 7, +C4<00000000000000000000000000000010>;
v0000016db84c3480_0 .var "CLK_tb", 0 0;
v0000016db84c3340_0 .var "RST_tb", 0 0;
v0000016db84c3fc0_0 .var "bus_enable_tb", 0 0;
v0000016db84c4060_0 .net "enable_pulse_tb", 0 0, L_0000016db84cbdf0;  1 drivers
v0000016db84c3a20_0 .net "sync_bus_tb", 7 0, v0000016db84c3110_0;  1 drivers
v0000016db84c3ac0_0 .var "unsync_bus_tb", 7 0;
S_0000016db84c8a00 .scope module, "DSYNC" "DATA_SYNC" 2 77, 3 1 0, S_0000016db84b7b20;
 .timescale 0 0;
    .port_info 0 /INPUT 8 "unsync_bus";
    .port_info 1 /INPUT 1 "bus_enable";
    .port_info 2 /INPUT 1 "CLK";
    .port_info 3 /INPUT 1 "RST";
    .port_info 4 /OUTPUT 8 "sync_bus";
    .port_info 5 /OUTPUT 1 "enable_pulse";
P_0000016db84932b0 .param/l "BUS_WIDTH" 0 3 2, +C4<00000000000000000000000000001000>;
P_0000016db84932e8 .param/l "NUM_STAGES" 0 3 2, +C4<00000000000000000000000000000010>;
L_0000016db84cbbc0 .functor NOT 1, v0000016db84c2fd0_0, C4<0>, C4<0>, C4<0>;
L_0000016db84cbdf0 .functor AND 1, L_0000016db84cbbc0, L_0000016db84c3b60, C4<1>, C4<1>;
v0000016db8493140_0 .net "CLK", 0 0, v0000016db84c3480_0;  1 drivers
v0000016db8492f30_0 .net "RST", 0 0, v0000016db84c3340_0;  1 drivers
v0000016db84c8b90_0 .net *"_ivl_0", 0 0, L_0000016db84cbbc0;  1 drivers
v0000016db84c8c30_0 .net *"_ivl_3", 0 0, L_0000016db84c3b60;  1 drivers
v0000016db84c8cd0_0 .net "bus_enable", 0 0, v0000016db84c3fc0_0;  1 drivers
v0000016db84c8d70_0 .net "enable_pulse", 0 0, L_0000016db84cbdf0;  alias, 1 drivers
v0000016db84c2f30_0 .net "mux", 7 0, L_0000016db84c3e80;  1 drivers
v0000016db84c2fd0_0 .var "pulse_gen", 0 0;
v0000016db84c3070_0 .var "syn_reg", 1 0;
v0000016db84c3110_0 .var "sync_bus", 7 0;
v0000016db84c3f20_0 .net "unsync_bus", 7 0, v0000016db84c3ac0_0;  1 drivers
E_0000016db84b5820/0 .event negedge, v0000016db8492f30_0;
E_0000016db84b5820/1 .event posedge, v0000016db8493140_0;
E_0000016db84b5820 .event/or E_0000016db84b5820/0, E_0000016db84b5820/1;
L_0000016db84c3b60 .part v0000016db84c3070_0, 0, 1;
L_0000016db84c3e80 .functor MUXZ 8, v0000016db84c3110_0, v0000016db84c3ac0_0, L_0000016db84cbdf0, C4<>;
S_0000016db84c45c0 .scope task, "do_operation" "do_operation" 2 65, 2 65 0, S_0000016db84b7b20;
 .timescale -9 -12;
v0000016db84c3700_0 .var "data", 7 0;
v0000016db84c3520_0 .var "enable", 0 0;
E_0000016db84b5160 .event posedge, v0000016db8493140_0;
TD_DATA_SYNC_tb.do_operation ;
    %wait E_0000016db84b5160;
    %load/vec4 v0000016db84c3700_0;
    %store/vec4 v0000016db84c3ac0_0, 0, 8;
    %load/vec4 v0000016db84c3520_0;
    %store/vec4 v0000016db84c3fc0_0, 0, 1;
    %end;
S_0000016db84c4750 .scope task, "initialize" "initialize" 2 50, 2 50 0, S_0000016db84b7b20;
 .timescale -9 -12;
TD_DATA_SYNC_tb.initialize ;
    %pushi/vec4 0, 0, 8;
    %store/vec4 v0000016db84c3ac0_0, 0, 8;
    %pushi/vec4 0, 0, 1;
    %store/vec4 v0000016db84c3fc0_0, 0, 1;
    %end;
S_0000016db84c48e0 .scope task, "reset" "reset" 2 57, 2 57 0, S_0000016db84b7b20;
 .timescale -9 -12;
TD_DATA_SYNC_tb.reset ;
    %pushi/vec4 0, 0, 1;
    %store/vec4 v0000016db84c3340_0, 0, 1;
    %delay 10000, 0;
    %pushi/vec4 1, 0, 1;
    %store/vec4 v0000016db84c3340_0, 0, 1;
    %end;
    .scope S_0000016db84c8a00;
T_3 ;
    %wait E_0000016db84b5820;
    %load/vec4 v0000016db8492f30_0;
    %nor/r;
    %flag_set/vec4 8;
    %jmp/0xz  T_3.0, 8;
    %pushi/vec4 0, 0, 2;
    %assign/vec4 v0000016db84c3070_0, 0;
    %jmp T_3.1;
T_3.0 ;
    %load/vec4 v0000016db84c3070_0;
    %parti/s 1, 0, 2;
    %load/vec4 v0000016db84c8cd0_0;
    %concat/vec4; draw_concat_vec4
    %assign/vec4 v0000016db84c3070_0, 0;
T_3.1 ;
    %jmp T_3;
    .thread T_3;
    .scope S_0000016db84c8a00;
T_4 ;
    %wait E_0000016db84b5820;
    %load/vec4 v0000016db8492f30_0;
    %nor/r;
    %flag_set/vec4 8;
    %jmp/0xz  T_4.0, 8;
    %pushi/vec4 0, 0, 1;
    %assign/vec4 v0000016db84c2fd0_0, 0;
    %jmp T_4.1;
T_4.0 ;
    %load/vec4 v0000016db84c3070_0;
    %parti/s 1, 1, 2;
    %assign/vec4 v0000016db84c2fd0_0, 0;
T_4.1 ;
    %jmp T_4;
    .thread T_4;
    .scope S_0000016db84c8a00;
T_5 ;
    %wait E_0000016db84b5820;
    %load/vec4 v0000016db8492f30_0;
    %nor/r;
    %flag_set/vec4 8;
    %jmp/0xz  T_5.0, 8;
    %pushi/vec4 0, 0, 8;
    %assign/vec4 v0000016db84c3110_0, 0;
    %jmp T_5.1;
T_5.0 ;
    %load/vec4 v0000016db84c2f30_0;
    %assign/vec4 v0000016db84c3110_0, 0;
T_5.1 ;
    %jmp T_5;
    .thread T_5;
    .scope S_0000016db84b7b20;
T_6 ;
    %pushi/vec4 0, 0, 1;
    %store/vec4 v0000016db84c3480_0, 0, 1;
    %delay 5000, 0;
    %pushi/vec4 1, 0, 1;
    %store/vec4 v0000016db84c3480_0, 0, 1;
    %delay 5000, 0;
    %jmp T_6;
    .thread T_6;
    .scope S_0000016db84b7b20;
T_7 ;
    %vpi_call 2 29 "$dumpfile", "DATA_SYNC.vcd" {0 0 0};
    %vpi_call 2 30 "$dumpvars" {0 0 0};
    %fork TD_DATA_SYNC_tb.initialize, S_0000016db84c4750;
    %join;
    %fork TD_DATA_SYNC_tb.reset, S_0000016db84c48e0;
    %join;
    %pushi/vec4 171, 0, 8;
    %store/vec4 v0000016db84c3700_0, 0, 8;
    %pushi/vec4 1, 0, 1;
    %store/vec4 v0000016db84c3520_0, 0, 1;
    %fork TD_DATA_SYNC_tb.do_operation, S_0000016db84c45c0;
    %join;
    %delay 100000, 0;
    %fork TD_DATA_SYNC_tb.reset, S_0000016db84c48e0;
    %join;
    %pushi/vec4 205, 0, 8;
    %store/vec4 v0000016db84c3700_0, 0, 8;
    %pushi/vec4 1, 0, 1;
    %store/vec4 v0000016db84c3520_0, 0, 1;
    %fork TD_DATA_SYNC_tb.do_operation, S_0000016db84c45c0;
    %join;
    %delay 100000, 0;
    %vpi_call 2 45 "$finish" {0 0 0};
    %end;
    .thread T_7;
# The file index is used to find the file name in the following table.
:file_names 4;
    "N/A";
    "<interactive>";
    "DATA_SYNC_tb.v";
    "./DATA_SYNC.v";
