#! /c/Source/iverilog-install/bin/vvp
:ivl_version "12.0 (devel)" "(s20150603-1539-g2693dd32b)";
:ivl_delay_selection "TYPICAL";
:vpi_time_precision + 0;
:vpi_module "C:\iverilog\lib\ivl\system.vpi";
:vpi_module "C:\iverilog\lib\ivl\vhdl_sys.vpi";
:vpi_module "C:\iverilog\lib\ivl\vhdl_textio.vpi";
:vpi_module "C:\iverilog\lib\ivl\v2005_math.vpi";
:vpi_module "C:\iverilog\lib\ivl\va_math.vpi";
S_000001b4a29ab3e0 .scope module, "DATA_SYNC" "DATA_SYNC" 2 1;
 .timescale 0 0;
    .port_info 0 /INPUT 8 "unsync_bus";
    .port_info 1 /INPUT 1 "bus_enable";
    .port_info 2 /INPUT 1 "CLK";
    .port_info 3 /INPUT 1 "RST";
    .port_info 4 /OUTPUT 8 "sync_bus";
    .port_info 5 /OUTPUT 1 "enable_pulse";
P_000001b4a27c3290 .param/l "BUS_WIDTH" 0 2 2, +C4<00000000000000000000000000001000>;
P_000001b4a27c32c8 .param/l "NUM_STAGES" 0 2 2, +C4<00000000000000000000000000000010>;
L_000001b4a29aba30 .functor NOT 1, L_000001b4a28426e0, C4<0>, C4<0>, C4<0>;
L_000001b4a29ab870 .functor AND 1, L_000001b4a29aba30, L_000001b4a2841d80, C4<1>, C4<1>;
o000001b4a27fafb8 .functor BUFZ 1, C4<z>; HiZ drive
v000001b4a27c3120_0 .net "CLK", 0 0, o000001b4a27fafb8;  0 drivers
o000001b4a27fafe8 .functor BUFZ 1, C4<z>; HiZ drive
v000001b4a27c2f30_0 .net "RST", 0 0, o000001b4a27fafe8;  0 drivers
v000001b4a29aae20_0 .net *"_ivl_1", 0 0, L_000001b4a28426e0;  1 drivers
v000001b4a29aabf0_0 .net *"_ivl_2", 0 0, L_000001b4a29aba30;  1 drivers
v000001b4a29ab570_0 .net *"_ivl_5", 0 0, L_000001b4a2841d80;  1 drivers
o000001b4a27fb0a8 .functor BUFZ 1, C4<z>; HiZ drive
v000001b4a29ab610_0 .net "bus_enable", 0 0, o000001b4a27fb0a8;  0 drivers
v000001b4a2841830_0 .var "enable_pulse", 0 0;
v000001b4a28418d0_0 .net "mux", 7 0, L_000001b4a2842320;  1 drivers
v000001b4a2841970_0 .net "pulse_gen", 0 0, L_000001b4a29ab870;  1 drivers
v000001b4a2841a10_0 .var "syn_reg", 1 0;
v000001b4a2842820_0 .var "sync_bus", 7 0;
o000001b4a27fb1c8 .functor BUFZ 8, C4<zzzzzzzz>; HiZ drive
v000001b4a2841ce0_0 .net "unsync_bus", 7 0, o000001b4a27fb1c8;  0 drivers
v000001b4a2842140_0 .var "unsync_reg", 7 0;
E_000001b4a27f8aa0/0 .event negedge, v000001b4a27c2f30_0;
E_000001b4a27f8aa0/1 .event posedge, v000001b4a27c3120_0;
E_000001b4a27f8aa0 .event/or E_000001b4a27f8aa0/0, E_000001b4a27f8aa0/1;
L_000001b4a28426e0 .part v000001b4a2841a10_0, 1, 1;
L_000001b4a2841d80 .part v000001b4a2841a10_0, 0, 1;
L_000001b4a2842320 .functor MUXZ 8, v000001b4a2842820_0, v000001b4a2842140_0, L_000001b4a29ab870, C4<>;
    .scope S_000001b4a29ab3e0;
T_0 ;
    %wait E_000001b4a27f8aa0;
    %load/vec4 v000001b4a27c2f30_0;
    %nor/r;
    %flag_set/vec4 8;
    %jmp/0xz  T_0.0, 8;
    %pushi/vec4 0, 0, 2;
    %assign/vec4 v000001b4a2841a10_0, 0;
    %pushi/vec4 0, 0, 8;
    %assign/vec4 v000001b4a2842140_0, 0;
    %jmp T_0.1;
T_0.0 ;
    %load/vec4 v000001b4a2842140_0;
    %load/vec4 v000001b4a2841ce0_0;
    %cmp/ne;
    %jmp/0xz  T_0.2, 4;
    %pushi/vec4 0, 0, 2;
    %assign/vec4 v000001b4a2841a10_0, 0;
    %load/vec4 v000001b4a2841ce0_0;
    %assign/vec4 v000001b4a2842140_0, 0;
    %jmp T_0.3;
T_0.2 ;
    %load/vec4 v000001b4a2841a10_0;
    %parti/s 1, 0, 2;
    %load/vec4 v000001b4a29ab610_0;
    %concat/vec4; draw_concat_vec4
    %assign/vec4 v000001b4a2841a10_0, 0;
T_0.3 ;
T_0.1 ;
    %jmp T_0;
    .thread T_0;
    .scope S_000001b4a29ab3e0;
T_1 ;
    %wait E_000001b4a27f8aa0;
    %load/vec4 v000001b4a27c2f30_0;
    %nor/r;
    %flag_set/vec4 8;
    %jmp/0xz  T_1.0, 8;
    %pushi/vec4 0, 0, 1;
    %assign/vec4 v000001b4a2841830_0, 0;
    %jmp T_1.1;
T_1.0 ;
    %load/vec4 v000001b4a2841970_0;
    %assign/vec4 v000001b4a2841830_0, 0;
T_1.1 ;
    %jmp T_1;
    .thread T_1;
    .scope S_000001b4a29ab3e0;
T_2 ;
    %wait E_000001b4a27f8aa0;
    %load/vec4 v000001b4a27c2f30_0;
    %nor/r;
    %flag_set/vec4 8;
    %jmp/0xz  T_2.0, 8;
    %pushi/vec4 0, 0, 8;
    %assign/vec4 v000001b4a2842820_0, 0;
    %jmp T_2.1;
T_2.0 ;
    %load/vec4 v000001b4a28418d0_0;
    %assign/vec4 v000001b4a2842820_0, 0;
T_2.1 ;
    %jmp T_2;
    .thread T_2;
# The file index is used to find the file name in the following table.
:file_names 3;
    "N/A";
    "<interactive>";
    "DATA_SYNC.v";
